<?xml version="1.0" encoding="UTF-8"?>
<robot generator="Robot 3.2.1 (Python 3.8.3 on win32)" generated="20200724 16:41:48.805" rpa="false">
<suite id="s1" name="App Leader" source="D:\jiangbm\XFJ\API\App_Leader">
<suite id="s1-s1" name="CatLeaderView" source="D:\jiangbm\XFJ\API\App_Leader\CatLeaderView.robot">
<kw name="Create Session Common" library="Common" type="setup">
<kw name="Fapi Create Session" library="FATL.FapiKeywords">
<doc>Fapi Create Session: create a HTTP session to a server</doc>
<arguments>
<arg>${APPIF_ALIAS}</arg>
<arg>${APPIF_URL}</arg>
</arguments>
<msg timestamp="20200724 16:41:50.480" level="INFO">Creating Session using : alias=appif, url=https://api1.fjdaily.com/app_if, headers={'APITEST': '1'},                     cookies={}, auth=None, timeout=None, proxies=None, verify=False,                     debug=0 </msg>
<status status="PASS" starttime="20200724 16:41:50.479" endtime="20200724 16:41:50.481"></status>
</kw>
<status status="PASS" starttime="20200724 16:41:50.479" endtime="20200724 16:41:50.481"></status>
</kw>
<test id="s1-s1-t1" name="输入的父分类ID存在时，接口返回相关数据">
<kw name="Cat Leader View" library="LeaderCommon">
<doc>分类人物列表</doc>
<arguments>
<arg>${CATID0}</arg>
</arguments>
<kw name="Sign" library="authen">
<assign>
<var>${secretinfo}</var>
</assign>
<msg timestamp="20200724 16:41:51.230" level="INFO">${secretinfo} = {'authtoken': 'f40b800dd56643cab795cf3f2d5e0492', 'time': '1595580110488', 'sign': '11e32659ae9b8e5b9a0b160e0d958d17'}</msg>
<status status="PASS" starttime="20200724 16:41:50.489" endtime="20200724 16:41:51.230"></status>
</kw>
<kw name="Set Variable" library="BuiltIn">
<doc>Returns the given values which can then be assigned to a variables.</doc>
<arguments>
<arg>${secretinfo}[authtoken]</arg>
</arguments>
<assign>
<var>${authtoken}</var>
</assign>
<msg timestamp="20200724 16:41:51.231" level="INFO">${authtoken} = f40b800dd56643cab795cf3f2d5e0492</msg>
<status status="PASS" starttime="20200724 16:41:51.231" endtime="20200724 16:41:51.232"></status>
</kw>
<kw name="Set Variable" library="BuiltIn">
<doc>Returns the given values which can then be assigned to a variables.</doc>
<arguments>
<arg>${secretinfo}[time]</arg>
</arguments>
<assign>
<var>${time}</var>
</assign>
<msg timestamp="20200724 16:41:51.233" level="INFO">${time} = 1595580110488</msg>
<status status="PASS" starttime="20200724 16:41:51.232" endtime="20200724 16:41:51.233"></status>
</kw>
<kw name="Set Variable" library="BuiltIn">
<doc>Returns the given values which can then be assigned to a variables.</doc>
<arguments>
<arg>${secretinfo}[sign]</arg>
</arguments>
<assign>
<var>${sign}</var>
</assign>
<msg timestamp="20200724 16:41:51.234" level="INFO">${sign} = 11e32659ae9b8e5b9a0b160e0d958d17</msg>
<status status="PASS" starttime="20200724 16:41:51.234" endtime="20200724 16:41:51.235"></status>
</kw>
<kw name="Fapi Headers Set" library="FATL.FapiKeywords">
<doc>Adds the given ``key_value_pairs`` and ``items`` to HTTP request headers.</doc>
<arguments>
<arg>sign</arg>
<arg>${sign}</arg>
<arg>time</arg>
<arg>${time}</arg>
<arg>authtoken</arg>
<arg>${authtoken}</arg>
</arguments>
<status status="PASS" starttime="20200724 16:41:51.235" endtime="20200724 16:41:51.236"></status>
</kw>
<kw name="Fapi Params Set" library="FATL.FapiKeywords">
<doc>Adds the given ``key_value_pairs`` and ``items`` to HTTP request parameters.</doc>
<arguments>
<arg>siteId</arg>
<arg>${siteid}</arg>
<arg>catID</arg>
<arg>${catid}</arg>
<arg>page</arg>
<arg>${page}</arg>
<arg>curVersions</arg>
<arg>${CURVERSIONS}</arg>
</arguments>
<status status="PASS" starttime="20200724 16:41:51.237" endtime="20200724 16:41:51.238"></status>
</kw>
<kw name="Fapi Get" library="FATL.FapiKeywords">
<doc>Send a GET request on the session object found using the
given `alias`</doc>
<arguments>
<arg>${APPIF_ALIAS}</arg>
<arg>${CATLEADERVIEW_URI}</arg>
</arguments>
<msg timestamp="20200724 16:41:51.559" level="INFO">GET Request : url=https://api1.fjdaily.com/app_if/catleaderView?siteId=1&amp;catID=1&amp;page=0&amp;curVersions=1 
 path_url=/app_if/catleaderView?siteId=1&amp;catID=1&amp;page=0&amp;curVersions=1 
 headers={'User-Agent': 'python-requests/2.23.0', 'Accept-Encoding': 'gzip, deflate', 'Accept': '*/*', 'Connection': 'keep-alive', 'APITEST': '1', 'sign': '11e32659ae9b8e5b9a0b160e0d958d17', 'time': '1595580110488', 'authtoken': 'f40b800dd56643cab795cf3f2d5e0492'} 
 body=None 
 </msg>
<msg timestamp="20200724 16:41:51.559" level="INFO">GET Response : url=https://api1.fjdaily.com/app_if/catleaderView?siteId=1&amp;catID=1&amp;page=0&amp;curVersions=1 
 status=200, reason= 
 body={"status":0,"message":"success","data":{"list":[],"recommend":[]}} 
 </msg>
<msg timestamp="20200724 16:41:51.559" level="INFO">JSON string is : {</msg>
<msg timestamp="20200724 16:41:51.559" level="INFO">  "status": 0,</msg>
<msg timestamp="20200724 16:41:51.559" level="INFO">  "message": "success",</msg>
<msg timestamp="20200724 16:41:51.559" level="INFO">  "data": {</msg>
<msg timestamp="20200724 16:41:51.559" level="INFO">    "list": [],</msg>
<msg timestamp="20200724 16:41:51.559" level="INFO">    "recommend": []</msg>
<msg timestamp="20200724 16:41:51.559" level="INFO">  }</msg>
<msg timestamp="20200724 16:41:51.559" level="INFO">}</msg>
<status status="PASS" starttime="20200724 16:41:51.239" endtime="20200724 16:41:51.560"></status>
</kw>
<kw name="Fapi Data To Object" library="FATL.FapiKeywords">
<doc>Convert Fapi response content to python object</doc>
<assign>
<var>${data}</var>
</assign>
<msg timestamp="20200724 16:41:51.560" level="INFO">${data} = &lt;FATL.Json2Object.Dict2Object object at 0x04023FE8&gt;</msg>
<status status="PASS" starttime="20200724 16:41:51.560" endtime="20200724 16:41:51.560"></status>
</kw>
<kw name="Set Suite Variable" library="BuiltIn">
<doc>Makes a variable available everywhere within the scope of the current suite.</doc>
<arguments>
<arg>${response_data}</arg>
<arg>${data}</arg>
</arguments>
<msg timestamp="20200724 16:41:51.561" level="INFO">${response_data} = &lt;FATL.Json2Object.Dict2Object object at 0x04023FE8&gt;</msg>
<status status="PASS" starttime="20200724 16:41:51.560" endtime="20200724 16:41:51.561"></status>
</kw>
<status status="PASS" starttime="20200724 16:41:50.488" endtime="20200724 16:41:51.561"></status>
</kw>
<kw name="Fapi Status Should Be Succeed" library="FATL.FapiKeywords">
<doc>Fapi response status code should be 0 (means success)</doc>
<status status="PASS" starttime="20200724 16:41:51.562" endtime="20200724 16:41:51.562"></status>
</kw>
<kw name="Fapi Request Should Be Succeed" library="FATL.FapiKeywords">
<doc>Fapi HTTP response code should be 200 (means success)</doc>
<msg timestamp="20200724 16:41:51.563" level="INFO">HTTP response code is 200</msg>
<status status="PASS" starttime="20200724 16:41:51.562" endtime="20200724 16:41:51.563"></status>
</kw>
<tags>
<tag>作者：张鹏</tag>
<tag>冒烟集-新福建App</tag>
<tag>分类人物列表/人物（张进）</tag>
</tags>
<status status="PASS" starttime="20200724 16:41:50.481" endtime="20200724 16:41:51.563" critical="yes"></status>
</test>
<test id="s1-s1-t2" name="输入的父分类ID存在时但不存在子分类时，接口返回为空">
<kw name="Cat Leader View" library="LeaderCommon">
<doc>分类人物列表</doc>
<arguments>
<arg>${CATID1}</arg>
</arguments>
<kw name="Sign" library="authen">
<assign>
<var>${secretinfo}</var>
</assign>
<msg timestamp="20200724 16:41:52.755" level="INFO">${secretinfo} = {'authtoken': 'a9b7b747dc524beeb9b2313b129862e1', 'time': '1595580111571', 'sign': '1c6bf2693c0d490edcddc49599804591'}</msg>
<status status="PASS" starttime="20200724 16:41:51.572" endtime="20200724 16:41:52.755"></status>
</kw>
<kw name="Set Variable" library="BuiltIn">
<doc>Returns the given values which can then be assigned to a variables.</doc>
<arguments>
<arg>${secretinfo}[authtoken]</arg>
</arguments>
<assign>
<var>${authtoken}</var>
</assign>
<msg timestamp="20200724 16:41:52.756" level="INFO">${authtoken} = a9b7b747dc524beeb9b2313b129862e1</msg>
<status status="PASS" starttime="20200724 16:41:52.755" endtime="20200724 16:41:52.757"></status>
</kw>
<kw name="Set Variable" library="BuiltIn">
<doc>Returns the given values which can then be assigned to a variables.</doc>
<arguments>
<arg>${secretinfo}[time]</arg>
</arguments>
<assign>
<var>${time}</var>
</assign>
<msg timestamp="20200724 16:41:52.758" level="INFO">${time} = 1595580111571</msg>
<status status="PASS" starttime="20200724 16:41:52.757" endtime="20200724 16:41:52.758"></status>
</kw>
<kw name="Set Variable" library="BuiltIn">
<doc>Returns the given values which can then be assigned to a variables.</doc>
<arguments>
<arg>${secretinfo}[sign]</arg>
</arguments>
<assign>
<var>${sign}</var>
</assign>
<msg timestamp="20200724 16:41:52.759" level="INFO">${sign} = 1c6bf2693c0d490edcddc49599804591</msg>
<status status="PASS" starttime="20200724 16:41:52.758" endtime="20200724 16:41:52.759"></status>
</kw>
<kw name="Fapi Headers Set" library="FATL.FapiKeywords">
<doc>Adds the given ``key_value_pairs`` and ``items`` to HTTP request headers.</doc>
<arguments>
<arg>sign</arg>
<arg>${sign}</arg>
<arg>time</arg>
<arg>${time}</arg>
<arg>authtoken</arg>
<arg>${authtoken}</arg>
</arguments>
<status status="PASS" starttime="20200724 16:41:52.759" endtime="20200724 16:41:52.760"></status>
</kw>
<kw name="Fapi Params Set" library="FATL.FapiKeywords">
<doc>Adds the given ``key_value_pairs`` and ``items`` to HTTP request parameters.</doc>
<arguments>
<arg>siteId</arg>
<arg>${siteid}</arg>
<arg>catID</arg>
<arg>${catid}</arg>
<arg>page</arg>
<arg>${page}</arg>
<arg>curVersions</arg>
<arg>${CURVERSIONS}</arg>
</arguments>
<status status="PASS" starttime="20200724 16:41:52.760" endtime="20200724 16:41:52.761"></status>
</kw>
<kw name="Fapi Get" library="FATL.FapiKeywords">
<doc>Send a GET request on the session object found using the
given `alias`</doc>
<arguments>
<arg>${APPIF_ALIAS}</arg>
<arg>${CATLEADERVIEW_URI}</arg>
</arguments>
<msg timestamp="20200724 16:41:52.829" level="INFO">GET Request : url=https://api1.fjdaily.com/app_if/catleaderView?siteId=1&amp;catID=7&amp;page=0&amp;curVersions=1 
 path_url=/app_if/catleaderView?siteId=1&amp;catID=7&amp;page=0&amp;curVersions=1 
 headers={'User-Agent': 'python-requests/2.23.0', 'Accept-Encoding': 'gzip, deflate', 'Accept': '*/*', 'Connection': 'keep-alive', 'APITEST': '1', 'sign': '1c6bf2693c0d490edcddc49599804591', 'time': '1595580111571', 'authtoken': 'a9b7b747dc524beeb9b2313b129862e1', 'Cookie': 'HWWAFSESID=d78a58b007844429c3; HWWAFSESTIME=1595580110790'} 
 body=None 
 </msg>
<msg timestamp="20200724 16:41:52.829" level="INFO">GET Response : url=https://api1.fjdaily.com/app_if/catleaderView?siteId=1&amp;catID=7&amp;page=0&amp;curVersions=1 
 status=200, reason= 
 body={"status":0,"message":"success","data":{"list":[],"recommend":[]}} 
 </msg>
<msg timestamp="20200724 16:41:52.829" level="INFO">JSON string is : {</msg>
<msg timestamp="20200724 16:41:52.829" level="INFO">  "status": 0,</msg>
<msg timestamp="20200724 16:41:52.829" level="INFO">  "message": "success",</msg>
<msg timestamp="20200724 16:41:52.829" level="INFO">  "data": {</msg>
<msg timestamp="20200724 16:41:52.829" level="INFO">    "list": [],</msg>
<msg timestamp="20200724 16:41:52.830" level="INFO">    "recommend": []</msg>
<msg timestamp="20200724 16:41:52.830" level="INFO">  }</msg>
<msg timestamp="20200724 16:41:52.830" level="INFO">}</msg>
<status status="PASS" starttime="20200724 16:41:52.761" endtime="20200724 16:41:52.830"></status>
</kw>
<kw name="Fapi Data To Object" library="FATL.FapiKeywords">
<doc>Convert Fapi response content to python object</doc>
<assign>
<var>${data}</var>
</assign>
<msg timestamp="20200724 16:41:52.831" level="INFO">${data} = &lt;FATL.Json2Object.Dict2Object object at 0x04023C10&gt;</msg>
<status status="PASS" starttime="20200724 16:41:52.830" endtime="20200724 16:41:52.831"></status>
</kw>
<kw name="Set Suite Variable" library="BuiltIn">
<doc>Makes a variable available everywhere within the scope of the current suite.</doc>
<arguments>
<arg>${response_data}</arg>
<arg>${data}</arg>
</arguments>
<msg timestamp="20200724 16:41:52.832" level="INFO">${response_data} = &lt;FATL.Json2Object.Dict2Object object at 0x04023C10&gt;</msg>
<status status="PASS" starttime="20200724 16:41:52.831" endtime="20200724 16:41:52.832"></status>
</kw>
<status status="PASS" starttime="20200724 16:41:51.571" endtime="20200724 16:41:52.833"></status>
</kw>
<kw name="Fapi Data Field Count Should Be" library="FATL.FapiKeywords">
<doc>Element count specified by object pointer should be equal to the given `expectedValue`</doc>
<arguments>
<arg>${response_data.list}</arg>
<arg>${RESULT1}</arg>
</arguments>
<msg timestamp="20200724 16:41:52.834" level="INFO">Actual value is: 0</msg>
<status status="PASS" starttime="20200724 16:41:52.834" endtime="20200724 16:41:52.834"></status>
</kw>
<tags>
<tag>作者：张鹏</tag>
<tag>冒烟集-新福建App</tag>
<tag>分类人物列表/人物（张进）</tag>
</tags>
<status status="PASS" starttime="20200724 16:41:51.566" endtime="20200724 16:41:52.835" critical="yes"></status>
</test>
<kw name="Fapi Delete All Sessions" library="FATL.FapiKeywords" type="teardown">
<doc>Removes all the session objects</doc>
<msg timestamp="20200724 16:41:52.840" level="INFO">Delete All Sessions</msg>
<status status="PASS" starttime="20200724 16:41:52.840" endtime="20200724 16:41:52.840"></status>
</kw>
<doc>分类人物列表</doc>
<status status="PASS" starttime="20200724 16:41:48.848" endtime="20200724 16:41:52.840"></status>
</suite>
<suite id="s1-s2" name="Leader" source="D:\jiangbm\XFJ\API\App_Leader\Leader.robot">
<kw name="Create Session Common" library="Common" type="setup">
<kw name="Fapi Create Session" library="FATL.FapiKeywords">
<doc>Fapi Create Session: create a HTTP session to a server</doc>
<arguments>
<arg>${APPIF_ALIAS}</arg>
<arg>${APPIF_URL}</arg>
</arguments>
<msg timestamp="20200724 16:41:52.892" level="INFO">Creating Session using : alias=appif, url=https://api1.fjdaily.com/app_if, headers={'APITEST': '1', 'sign': '1c6bf2693c0d490edcddc49599804591', 'time': '1595580111571', 'authtoken': 'a9b7b747dc524beeb9b2313b129862e1'},                     cookies={}, auth=None, timeout=None, proxies=None, verify=False,                     debug=0 </msg>
<status status="PASS" starttime="20200724 16:41:52.891" endtime="20200724 16:41:52.892"></status>
</kw>
<status status="PASS" starttime="20200724 16:41:52.891" endtime="20200724 16:41:52.892"></status>
</kw>
<test id="s1-s2-t1" name="查看的人物详情存在时，接口返回相关信息">
<kw name="Leader" library="LeaderCommon">
<doc>人物详情</doc>
<arguments>
<arg>${ID0}</arg>
</arguments>
<kw name="Sign" library="authen">
<assign>
<var>${secretinfo}</var>
</assign>
<msg timestamp="20200724 16:41:53.682" level="INFO">${secretinfo} = {'authtoken': '1230dbf47e6344c8add3b4abd106598d', 'time': '1595580112894', 'sign': '37a164a900032c3d802f3a71c4bf0ae5'}</msg>
<status status="PASS" starttime="20200724 16:41:52.895" endtime="20200724 16:41:53.682"></status>
</kw>
<kw name="Set Variable" library="BuiltIn">
<doc>Returns the given values which can then be assigned to a variables.</doc>
<arguments>
<arg>${secretinfo}[authtoken]</arg>
</arguments>
<assign>
<var>${authtoken}</var>
</assign>
<msg timestamp="20200724 16:41:53.682" level="INFO">${authtoken} = 1230dbf47e6344c8add3b4abd106598d</msg>
<status status="PASS" starttime="20200724 16:41:53.682" endtime="20200724 16:41:53.682"></status>
</kw>
<kw name="Set Variable" library="BuiltIn">
<doc>Returns the given values which can then be assigned to a variables.</doc>
<arguments>
<arg>${secretinfo}[time]</arg>
</arguments>
<assign>
<var>${time}</var>
</assign>
<msg timestamp="20200724 16:41:53.683" level="INFO">${time} = 1595580112894</msg>
<status status="PASS" starttime="20200724 16:41:53.682" endtime="20200724 16:41:53.683"></status>
</kw>
<kw name="Set Variable" library="BuiltIn">
<doc>Returns the given values which can then be assigned to a variables.</doc>
<arguments>
<arg>${secretinfo}[sign]</arg>
</arguments>
<assign>
<var>${sign}</var>
</assign>
<msg timestamp="20200724 16:41:53.683" level="INFO">${sign} = 37a164a900032c3d802f3a71c4bf0ae5</msg>
<status status="PASS" starttime="20200724 16:41:53.683" endtime="20200724 16:41:53.683"></status>
</kw>
<kw name="Fapi Headers Set" library="FATL.FapiKeywords">
<doc>Adds the given ``key_value_pairs`` and ``items`` to HTTP request headers.</doc>
<arguments>
<arg>sign</arg>
<arg>${sign}</arg>
<arg>time</arg>
<arg>${time}</arg>
<arg>authtoken</arg>
<arg>${authtoken}</arg>
</arguments>
<status status="PASS" starttime="20200724 16:41:53.683" endtime="20200724 16:41:53.684"></status>
</kw>
<kw name="Fapi Params Set" library="FATL.FapiKeywords">
<doc>Adds the given ``key_value_pairs`` and ``items`` to HTTP request parameters.</doc>
<arguments>
<arg>id</arg>
<arg>${id}</arg>
<arg>siteId</arg>
<arg>${siteid}</arg>
<arg>curVersions</arg>
<arg>${CURVERSIONS}</arg>
</arguments>
<status status="PASS" starttime="20200724 16:41:53.684" endtime="20200724 16:41:53.684"></status>
</kw>
<kw name="Fapi Get" library="FATL.FapiKeywords">
<doc>Send a GET request on the session object found using the
given `alias`</doc>
<arguments>
<arg>${APPIF_ALIAS}</arg>
<arg>${LEADER_URI}</arg>
</arguments>
<msg timestamp="20200724 16:41:53.963" level="INFO">GET Request : url=https://api1.fjdaily.com/app_if/leader?id=18&amp;siteId=1&amp;curVersions=1 
 path_url=/app_if/leader?id=18&amp;siteId=1&amp;curVersions=1 
 headers={'User-Agent': 'python-requests/2.23.0', 'Accept-Encoding': 'gzip, deflate', 'Accept': '*/*', 'Connection': 'keep-alive', 'APITEST': '1', 'sign': '37a164a900032c3d802f3a71c4bf0ae5', 'time': '1595580112894', 'authtoken': '1230dbf47e6344c8add3b4abd106598d'} 
 body=None 
 </msg>
<msg timestamp="20200724 16:41:53.994" level="INFO">GET Response : url=https://api1.fjdaily.com/app_if/leader?id=18&amp;siteId=1&amp;curVersions=1 
 status=200, reason= 
 body={"status":0,"message":"success","data":{"id":18,"name":"于伟国","url":"https://img1.fjdaily.com/app/202007/03/835c1e7e-9ee4-4b79-ae88-2be6e3e80e31.jpg","duty":"中共十九届中央委员，省委书记，省人大常委会主任","description":"中共十九届中央委员，省委书记，省人大常委会主任","columnID":124,"details":"于伟国，男，汉族，1955年10月生，山东威海人（江苏太仓出生），1975年12月加入中国共产党，1973年1月参加工作，大学学历。现任中共十九届中央委员，省委书记，省人大常委会主任。\r\n\r\n1994年10月起任中央办公厅秘书局副局长级秘书；\r\n\r\n1995年8月起挂职任福建省厦门市市长助理；\r\n\r\n1999年5月起任厦门市副市长；\r\n\r\n1999年11月起任厦门市委常委、秘书长；\r\n\r\n2001年9月起任厦门市委常委、组织部部长；\r\n\r\n2002年5月起任厦门市委副书记、组织部部长；\r\n\r\n2005年1月起任省委组织部副部长（正厅长级）；\r\n\r\n2006年8月起任省委组织部部长；\r\n\r\n2006年11月起任省委常委、组织部部长；\r\n\r\n2009年6月起任省委常委，厦门市委书记；\r\n\r\n2010年1月起任省委常委，厦门市委书记、市人大常委会主任；\r\n\r\n2012年1月起任省委常委，厦门市委书记；\r\n\r\n2013年4月起任省委副书记，厦门市委书记；\r\n\r\n2013年5月起任省委副书记；\r\n\r\n2015年11月起任省委副书记，省政府党组书记、副省长、代省长；\r\n\r\n2016年1月起任省委副书记，省政府省长、党组书记；\r\n\r\n2017年10月起任省委书记，省政府省长、党组书记；\r\n\r\n2018年1月起任省委书记，省人大常委会主任。\r\n\r\n中共第十八届中央候补委员，第十九届中央委员。中共十七大、十八大、十九大代表。第十二届、十三届全国人大代表。第八届中共福建省委委员、常委，第九届中共福建省委委员、常委、副书记，第十届中共福建省委委员、常委、副书记、书记。福建省第十三届人大常委会主任。福建省第十次党代会代表。福建省第十三届人大代表。"}} 
 </msg>
<msg timestamp="20200724 16:41:53.995" level="INFO">JSON string is : {</msg>
<msg timestamp="20200724 16:41:53.995" level="INFO">  "status": 0,</msg>
<msg timestamp="20200724 16:41:53.995" level="INFO">  "message": "success",</msg>
<msg timestamp="20200724 16:41:53.995" level="INFO">  "data": {</msg>
<msg timestamp="20200724 16:41:53.995" level="INFO">    "id": 18,</msg>
<msg timestamp="20200724 16:41:53.995" level="INFO">    "name": "于伟国",</msg>
<msg timestamp="20200724 16:41:53.995" level="INFO">    "url": "https://img1.fjdaily.com/app/202007/03/835c1e7e-9ee4-4b79-ae88-2be6e3e80e31.jpg",</msg>
<msg timestamp="20200724 16:41:53.995" level="INFO">    "duty": "中共十九届中央委员，省委书记，省人大常委会主任",</msg>
<msg timestamp="20200724 16:41:53.995" level="INFO">    "description": "中共十九届中央委员，省委书记，省人大常委会主任",</msg>
<msg timestamp="20200724 16:41:53.995" level="INFO">    "columnID": 124,</msg>
<msg timestamp="20200724 16:41:53.995" level="INFO">    "details": "于伟国，男，汉族，1955年10月生，山东威海人（江苏太仓出生），1975年12月加入中国共产党，1973年1月参加工作，大学学历。现任中共十九届中央委员，省委书记，省人大常委会主任。\r\n\r\n1994年10月起任中央办公厅秘书局副局长级秘书；\r\n\r\n1995年8月起挂职任福建省厦门市市长助理；\r\n\r\n1999年5月起任厦门市副市长；\r\n\r\n1999年11月起任厦门市委常委、秘书长；\r\n\r\n2001年9月起任厦门市委常委、组织部部长；\r\n\r\n2002年5月起任厦门市委副书记、组织部部长；\r\n\r\n2005年1月起任省委组织部副部长（正厅长级）；\r\n\r\n2006年8月起任省委组织部部长；\r\n\r\n2006年11月起任省委常委、组织部部长；\r\n\r\n2009年6月起任省委常委，厦门市委书记；\r\n\r\n2010年1月起任省委常委，厦门市委书记、市人大常委会主任；\r\n\r\n2012年1月起任省委常委，厦门市委书记；\r\n\r\n2013年4月起任省委副书记，厦门市委书记；\r\n\r\n2013年5月起任省委副书记；\r\n\r\n2015年11月起任省委副书记，省政府党组书记、副省长、代省长；\r\n\r\n2016年1月起任省委副书记，省政府省长、党组书记；\r\n\r\n2017年10月起任省委书记，省政府省长、党组书记；\r\n\r\n2018年1月起任省委书记，省人大常委会主任。\r\n\r\n中共第十八届中央候补委员，第十九届中央委员。中共十七大、十八大、十九大代表。第十二届、十三届全国人大代表。第八届中共福建省委委员、常委，第九届中共福建省委委员、常委、副书记，第十届中共福建省委委员、常委、副书记、书记。福建省第十三届人大常委会主任。福建省第十次党代会代表。福建省第十三届人大代表。"</msg>
<msg timestamp="20200724 16:41:53.995" level="INFO">  }</msg>
<msg timestamp="20200724 16:41:53.995" level="INFO">}</msg>
<status status="PASS" starttime="20200724 16:41:53.684" endtime="20200724 16:41:53.995"></status>
</kw>
<kw name="Fapi Data To Object" library="FATL.FapiKeywords">
<doc>Convert Fapi response content to python object</doc>
<assign>
<var>${data}</var>
</assign>
<msg timestamp="20200724 16:41:53.996" level="INFO">${data} = &lt;FATL.Json2Object.Dict2Object object at 0x040239B8&gt;</msg>
<status status="PASS" starttime="20200724 16:41:53.995" endtime="20200724 16:41:53.996"></status>
</kw>
<kw name="Set Suite Variable" library="BuiltIn">
<doc>Makes a variable available everywhere within the scope of the current suite.</doc>
<arguments>
<arg>${response_data}</arg>
<arg>${data}</arg>
</arguments>
<msg timestamp="20200724 16:41:53.997" level="INFO">${response_data} = &lt;FATL.Json2Object.Dict2Object object at 0x040239B8&gt;</msg>
<status status="PASS" starttime="20200724 16:41:53.996" endtime="20200724 16:41:53.997"></status>
</kw>
<status status="PASS" starttime="20200724 16:41:52.895" endtime="20200724 16:41:53.997"></status>
</kw>
<kw name="Should Be Equal As Strings" library="BuiltIn">
<doc>Fails if objects are unequal after converting them to strings.</doc>
<arguments>
<arg>${response_data.name}</arg>
<arg>${RESULT}</arg>
</arguments>
<status status="PASS" starttime="20200724 16:41:53.998" endtime="20200724 16:41:53.998"></status>
</kw>
<tags>
<tag>人物详情/人物（张进）</tag>
<tag>作者：张鹏</tag>
<tag>冒烟集-新福建App</tag>
</tags>
<status status="PASS" starttime="20200724 16:41:52.892" endtime="20200724 16:41:53.998" critical="yes"></status>
</test>
<test id="s1-s2-t2" name="查看的人物详情存在时，接口为空，状态码为-1">
<kw name="Leader" library="LeaderCommon">
<doc>人物详情</doc>
<arguments>
<arg>${ID1}</arg>
</arguments>
<kw name="Sign" library="authen">
<assign>
<var>${secretinfo}</var>
</assign>
<msg timestamp="20200724 16:41:55.914" level="INFO">${secretinfo} = {'authtoken': '3379ed8d5db246a2a2ab026b1d8621d5', 'time': '1595580114003', 'sign': '63cd89e76fbe3a68085bb453a1b1a7f2'}</msg>
<status status="PASS" starttime="20200724 16:41:54.004" endtime="20200724 16:41:55.914"></status>
</kw>
<kw name="Set Variable" library="BuiltIn">
<doc>Returns the given values which can then be assigned to a variables.</doc>
<arguments>
<arg>${secretinfo}[authtoken]</arg>
</arguments>
<assign>
<var>${authtoken}</var>
</assign>
<msg timestamp="20200724 16:41:55.915" level="INFO">${authtoken} = 3379ed8d5db246a2a2ab026b1d8621d5</msg>
<status status="PASS" starttime="20200724 16:41:55.915" endtime="20200724 16:41:55.915"></status>
</kw>
<kw name="Set Variable" library="BuiltIn">
<doc>Returns the given values which can then be assigned to a variables.</doc>
<arguments>
<arg>${secretinfo}[time]</arg>
</arguments>
<assign>
<var>${time}</var>
</assign>
<msg timestamp="20200724 16:41:55.915" level="INFO">${time} = 1595580114003</msg>
<status status="PASS" starttime="20200724 16:41:55.915" endtime="20200724 16:41:55.915"></status>
</kw>
<kw name="Set Variable" library="BuiltIn">
<doc>Returns the given values which can then be assigned to a variables.</doc>
<arguments>
<arg>${secretinfo}[sign]</arg>
</arguments>
<assign>
<var>${sign}</var>
</assign>
<msg timestamp="20200724 16:41:55.916" level="INFO">${sign} = 63cd89e76fbe3a68085bb453a1b1a7f2</msg>
<status status="PASS" starttime="20200724 16:41:55.915" endtime="20200724 16:41:55.916"></status>
</kw>
<kw name="Fapi Headers Set" library="FATL.FapiKeywords">
<doc>Adds the given ``key_value_pairs`` and ``items`` to HTTP request headers.</doc>
<arguments>
<arg>sign</arg>
<arg>${sign}</arg>
<arg>time</arg>
<arg>${time}</arg>
<arg>authtoken</arg>
<arg>${authtoken}</arg>
</arguments>
<status status="PASS" starttime="20200724 16:41:55.916" endtime="20200724 16:41:55.916"></status>
</kw>
<kw name="Fapi Params Set" library="FATL.FapiKeywords">
<doc>Adds the given ``key_value_pairs`` and ``items`` to HTTP request parameters.</doc>
<arguments>
<arg>id</arg>
<arg>${id}</arg>
<arg>siteId</arg>
<arg>${siteid}</arg>
<arg>curVersions</arg>
<arg>${CURVERSIONS}</arg>
</arguments>
<status status="PASS" starttime="20200724 16:41:55.916" endtime="20200724 16:41:55.917"></status>
</kw>
<kw name="Fapi Get" library="FATL.FapiKeywords">
<doc>Send a GET request on the session object found using the
given `alias`</doc>
<arguments>
<arg>${APPIF_ALIAS}</arg>
<arg>${LEADER_URI}</arg>
</arguments>
<msg timestamp="20200724 16:41:55.969" level="INFO">GET Request : url=https://api1.fjdaily.com/app_if/leader?id=123&amp;siteId=1&amp;curVersions=1 
 path_url=/app_if/leader?id=123&amp;siteId=1&amp;curVersions=1 
 headers={'User-Agent': 'python-requests/2.23.0', 'Accept-Encoding': 'gzip, deflate', 'Accept': '*/*', 'Connection': 'keep-alive', 'APITEST': '1', 'sign': '63cd89e76fbe3a68085bb453a1b1a7f2', 'time': '1595580114003', 'authtoken': '3379ed8d5db246a2a2ab026b1d8621d5', 'Cookie': 'HWWAFSESID=d78a5a6007844429c3; HWWAFSESTIME=1595580110790'} 
 body=None 
 </msg>
<msg timestamp="20200724 16:41:55.969" level="INFO">GET Response : url=https://api1.fjdaily.com/app_if/leader?id=123&amp;siteId=1&amp;curVersions=1 
 status=200, reason= 
 body={"status":-1,"message":"Your server has down or target user not exist !","data":{}} 
 </msg>
<msg timestamp="20200724 16:41:55.969" level="INFO">JSON string is : {</msg>
<msg timestamp="20200724 16:41:55.970" level="INFO">  "status": -1,</msg>
<msg timestamp="20200724 16:41:55.970" level="INFO">  "message": "Your server has down or target user not exist !",</msg>
<msg timestamp="20200724 16:41:55.970" level="INFO">  "data": {}</msg>
<msg timestamp="20200724 16:41:55.970" level="INFO">}</msg>
<status status="PASS" starttime="20200724 16:41:55.917" endtime="20200724 16:41:55.970"></status>
</kw>
<kw name="Fapi Data To Object" library="FATL.FapiKeywords">
<doc>Convert Fapi response content to python object</doc>
<assign>
<var>${data}</var>
</assign>
<msg timestamp="20200724 16:41:55.970" level="INFO">${data} = &lt;FATL.Json2Object.Dict2Object object at 0x042C4130&gt;</msg>
<status status="PASS" starttime="20200724 16:41:55.970" endtime="20200724 16:41:55.970"></status>
</kw>
<kw name="Set Suite Variable" library="BuiltIn">
<doc>Makes a variable available everywhere within the scope of the current suite.</doc>
<arguments>
<arg>${response_data}</arg>
<arg>${data}</arg>
</arguments>
<msg timestamp="20200724 16:41:55.971" level="INFO">${response_data} = &lt;FATL.Json2Object.Dict2Object object at 0x042C4130&gt;</msg>
<status status="PASS" starttime="20200724 16:41:55.970" endtime="20200724 16:41:55.971"></status>
</kw>
<status status="PASS" starttime="20200724 16:41:54.003" endtime="20200724 16:41:55.971"></status>
</kw>
<kw name="Fapi Status Should Be" library="FATL.FapiKeywords">
<doc>Fapi response status code should be equal to the `expectedCode`</doc>
<arguments>
<arg>${STATUS}</arg>
</arguments>
<msg timestamp="20200724 16:41:55.972" level="INFO">Actual status code is: -1</msg>
<status status="PASS" starttime="20200724 16:41:55.971" endtime="20200724 16:41:55.972"></status>
</kw>
<tags>
<tag>人物详情/人物（张进）</tag>
<tag>作者：张鹏</tag>
<tag>冒烟集-新福建App</tag>
</tags>
<status status="PASS" starttime="20200724 16:41:54.000" endtime="20200724 16:41:55.972" critical="yes"></status>
</test>
<kw name="Fapi Delete All Sessions" library="FATL.FapiKeywords" type="teardown">
<doc>Removes all the session objects</doc>
<msg timestamp="20200724 16:41:55.974" level="INFO">Delete All Sessions</msg>
<status status="PASS" starttime="20200724 16:41:55.974" endtime="20200724 16:41:55.975"></status>
</kw>
<doc>人物详情</doc>
<status status="PASS" starttime="20200724 16:41:52.849" endtime="20200724 16:41:55.975"></status>
</suite>
<suite id="s1-s3" name="LeaderCats" source="D:\jiangbm\XFJ\API\App_Leader\LeaderCats.robot">
<kw name="Create Session Common" library="Common" type="setup">
<kw name="Fapi Create Session" library="FATL.FapiKeywords">
<doc>Fapi Create Session: create a HTTP session to a server</doc>
<arguments>
<arg>${APPIF_ALIAS}</arg>
<arg>${APPIF_URL}</arg>
</arguments>
<msg timestamp="20200724 16:41:56.027" level="INFO">Creating Session using : alias=appif, url=https://api1.fjdaily.com/app_if, headers={'APITEST': '1', 'sign': '63cd89e76fbe3a68085bb453a1b1a7f2', 'time': '1595580114003', 'authtoken': '3379ed8d5db246a2a2ab026b1d8621d5'},                     cookies={}, auth=None, timeout=None, proxies=None, verify=False,                     debug=0 </msg>
<status status="PASS" starttime="20200724 16:41:56.027" endtime="20200724 16:41:56.028"></status>
</kw>
<status status="PASS" starttime="20200724 16:41:56.026" endtime="20200724 16:41:56.028"></status>
</kw>
<test id="s1-s3-t1" name="输入的父分类ID存在时，接口返回相关数据">
<kw name="Leader Cats" library="LeaderCommon">
<doc>人物分类列表</doc>
<arguments>
<arg>${CATID0}</arg>
</arguments>
<kw name="Sign" library="authen">
<assign>
<var>${secretinfo}</var>
</assign>
<msg timestamp="20200724 16:41:56.677" level="INFO">${secretinfo} = {'authtoken': 'f62a26e7ed3c42998ed6051a05544744', 'time': '1595580116031', 'sign': 'f6afd0c1aae70c22faeb21bc4bb3edbc'}</msg>
<status status="PASS" starttime="20200724 16:41:56.032" endtime="20200724 16:41:56.677"></status>
</kw>
<kw name="Set Variable" library="BuiltIn">
<doc>Returns the given values which can then be assigned to a variables.</doc>
<arguments>
<arg>${secretinfo}[authtoken]</arg>
</arguments>
<assign>
<var>${authtoken}</var>
</assign>
<msg timestamp="20200724 16:41:56.678" level="INFO">${authtoken} = f62a26e7ed3c42998ed6051a05544744</msg>
<status status="PASS" starttime="20200724 16:41:56.677" endtime="20200724 16:41:56.678"></status>
</kw>
<kw name="Set Variable" library="BuiltIn">
<doc>Returns the given values which can then be assigned to a variables.</doc>
<arguments>
<arg>${secretinfo}[time]</arg>
</arguments>
<assign>
<var>${time}</var>
</assign>
<msg timestamp="20200724 16:41:56.678" level="INFO">${time} = 1595580116031</msg>
<status status="PASS" starttime="20200724 16:41:56.678" endtime="20200724 16:41:56.678"></status>
</kw>
<kw name="Set Variable" library="BuiltIn">
<doc>Returns the given values which can then be assigned to a variables.</doc>
<arguments>
<arg>${secretinfo}[sign]</arg>
</arguments>
<assign>
<var>${sign}</var>
</assign>
<msg timestamp="20200724 16:41:56.679" level="INFO">${sign} = f6afd0c1aae70c22faeb21bc4bb3edbc</msg>
<status status="PASS" starttime="20200724 16:41:56.679" endtime="20200724 16:41:56.680"></status>
</kw>
<kw name="Fapi Headers Set" library="FATL.FapiKeywords">
<doc>Adds the given ``key_value_pairs`` and ``items`` to HTTP request headers.</doc>
<arguments>
<arg>sign</arg>
<arg>${sign}</arg>
<arg>time</arg>
<arg>${time}</arg>
<arg>authtoken</arg>
<arg>${authtoken}</arg>
</arguments>
<status status="PASS" starttime="20200724 16:41:56.680" endtime="20200724 16:41:56.681"></status>
</kw>
<kw name="Fapi Params Set" library="FATL.FapiKeywords">
<doc>Adds the given ``key_value_pairs`` and ``items`` to HTTP request parameters.</doc>
<arguments>
<arg>siteId</arg>
<arg>${siteid}</arg>
<arg>catID</arg>
<arg>${catid}</arg>
<arg>curVersions</arg>
<arg>${CURVERSIONS}</arg>
</arguments>
<status status="PASS" starttime="20200724 16:41:56.681" endtime="20200724 16:41:56.682"></status>
</kw>
<kw name="Fapi Get" library="FATL.FapiKeywords">
<doc>Send a GET request on the session object found using the
given `alias`</doc>
<arguments>
<arg>${APPIF_ALIAS}</arg>
<arg>${LEADERCATS_URI}</arg>
</arguments>
<msg timestamp="20200724 16:41:56.894" level="INFO">GET Request : url=https://api1.fjdaily.com/app_if/leaderCats?siteId=1&amp;catID=1&amp;curVersions=1 
 path_url=/app_if/leaderCats?siteId=1&amp;catID=1&amp;curVersions=1 
 headers={'User-Agent': 'python-requests/2.23.0', 'Accept-Encoding': 'gzip, deflate', 'Accept': '*/*', 'Connection': 'keep-alive', 'APITEST': '1', 'sign': 'f6afd0c1aae70c22faeb21bc4bb3edbc', 'time': '1595580116031', 'authtoken': 'f62a26e7ed3c42998ed6051a05544744'} 
 body=None 
 </msg>
<msg timestamp="20200724 16:41:56.898" level="INFO">GET Response : url=https://api1.fjdaily.com/app_if/leaderCats?siteId=1&amp;catID=1&amp;curVersions=1 
 status=200, reason= 
 body={"status":0,"message":"success","data":{"cats":[{"catID":2,"catName":"屏山大院","catIcon":""},{"catID":4,"catName":"福州市","catIcon":""},{"catID":3,"catName":"厦门市","catIcon":"https://img1.fjdaily.com/app/resource/202004/30/3c0d5a2c-f42d-4aa5-b206-7507606cd3eb.jpg"},{"catID":6,"catName":"漳州市","catIcon":""},{"catID":7,"catName":"泉州市","catIcon":""},{"catID":8,"catName":"三明市","catIcon":""},{"catID":9,"catName":"莆田市","catIcon":""},{"catID":10,"catName":"南平市","catIcon":""},{"catID":11,"catName":"龙岩市","catIcon":""},{"catID":12,"catName":"宁德市","catIcon":""},{"catID":13,"catName":"平潭综合实验区","catIcon":""}]}} 
 </msg>
<msg timestamp="20200724 16:41:56.899" level="INFO">JSON string is : {</msg>
<msg timestamp="20200724 16:41:56.899" level="INFO">  "status": 0,</msg>
<msg timestamp="20200724 16:41:56.899" level="INFO">  "message": "success",</msg>
<msg timestamp="20200724 16:41:56.899" level="INFO">  "data": {</msg>
<msg timestamp="20200724 16:41:56.899" level="INFO">    "cats": [</msg>
<msg timestamp="20200724 16:41:56.899" level="INFO">      {</msg>
<msg timestamp="20200724 16:41:56.899" level="INFO">        "catID": 2,</msg>
<msg timestamp="20200724 16:41:56.899" level="INFO">        "catName": "屏山大院",</msg>
<msg timestamp="20200724 16:41:56.899" level="INFO">        "catIcon": ""</msg>
<msg timestamp="20200724 16:41:56.900" level="INFO">      },</msg>
<msg timestamp="20200724 16:41:56.900" level="INFO">      {</msg>
<msg timestamp="20200724 16:41:56.900" level="INFO">        "catID": 4,</msg>
<msg timestamp="20200724 16:41:56.900" level="INFO">        "catName": "福州市",</msg>
<msg timestamp="20200724 16:41:56.900" level="INFO">        "catIcon": ""</msg>
<msg timestamp="20200724 16:41:56.900" level="INFO">      },</msg>
<msg timestamp="20200724 16:41:56.900" level="INFO">      {</msg>
<msg timestamp="20200724 16:41:56.900" level="INFO">        "catID": 3,</msg>
<msg timestamp="20200724 16:41:56.900" level="INFO">        "catName": "厦门市",</msg>
<msg timestamp="20200724 16:41:56.900" level="INFO">        "catIcon": "https://img1.fjdaily.com/app/resource/202004/30/3c0d5a2c-f42d-4aa5-b206-7507606cd3eb.jpg"</msg>
<msg timestamp="20200724 16:41:56.900" level="INFO">      },</msg>
<msg timestamp="20200724 16:41:56.900" level="INFO">      {</msg>
<msg timestamp="20200724 16:41:56.900" level="INFO">        "catID": 6,</msg>
<msg timestamp="20200724 16:41:56.900" level="INFO">        "catName": "漳州市",</msg>
<msg timestamp="20200724 16:41:56.900" level="INFO">        "catIcon": ""</msg>
<msg timestamp="20200724 16:41:56.900" level="INFO">      },</msg>
<msg timestamp="20200724 16:41:56.900" level="INFO">      {</msg>
<msg timestamp="20200724 16:41:56.900" level="INFO">        "catID": 7,</msg>
<msg timestamp="20200724 16:41:56.900" level="INFO">        "catName": "泉州市",</msg>
<msg timestamp="20200724 16:41:56.900" level="INFO">        "catIcon": ""</msg>
<msg timestamp="20200724 16:41:56.900" level="INFO">      },</msg>
<msg timestamp="20200724 16:41:56.900" level="INFO">      {</msg>
<msg timestamp="20200724 16:41:56.900" level="INFO">        "catID": 8,</msg>
<msg timestamp="20200724 16:41:56.900" level="INFO">        "catName": "三明市",</msg>
<msg timestamp="20200724 16:41:56.900" level="INFO">        "catIcon": ""</msg>
<msg timestamp="20200724 16:41:56.900" level="INFO">      },</msg>
<msg timestamp="20200724 16:41:56.900" level="INFO">      {</msg>
<msg timestamp="20200724 16:41:56.900" level="INFO">        "catID": 9,</msg>
<msg timestamp="20200724 16:41:56.900" level="INFO">        "catName": "莆田市",</msg>
<msg timestamp="20200724 16:41:56.900" level="INFO">        "catIcon": ""</msg>
<msg timestamp="20200724 16:41:56.900" level="INFO">      },</msg>
<msg timestamp="20200724 16:41:56.900" level="INFO">      {</msg>
<msg timestamp="20200724 16:41:56.900" level="INFO">        "catID": 10,</msg>
<msg timestamp="20200724 16:41:56.900" level="INFO">        "catName": "南平市",</msg>
<msg timestamp="20200724 16:41:56.900" level="INFO">        "catIcon": ""</msg>
<msg timestamp="20200724 16:41:56.901" level="INFO">      },</msg>
<msg timestamp="20200724 16:41:56.901" level="INFO">      {</msg>
<msg timestamp="20200724 16:41:56.901" level="INFO">        "catID": 11,</msg>
<msg timestamp="20200724 16:41:56.901" level="INFO">        "catName": "龙岩市",</msg>
<msg timestamp="20200724 16:41:56.901" level="INFO">        "catIcon": ""</msg>
<msg timestamp="20200724 16:41:56.901" level="INFO">      },</msg>
<msg timestamp="20200724 16:41:56.901" level="INFO">      {</msg>
<msg timestamp="20200724 16:41:56.901" level="INFO">        "catID": 12,</msg>
<msg timestamp="20200724 16:41:56.901" level="INFO">        "catName": "宁德市",</msg>
<msg timestamp="20200724 16:41:56.901" level="INFO">        "catIcon": ""</msg>
<msg timestamp="20200724 16:41:56.901" level="INFO">      },</msg>
<msg timestamp="20200724 16:41:56.901" level="INFO">      {</msg>
<msg timestamp="20200724 16:41:56.901" level="INFO">        "catID": 13,</msg>
<msg timestamp="20200724 16:41:56.901" level="INFO">        "catName": "平潭综合实验区",</msg>
<msg timestamp="20200724 16:41:56.901" level="INFO">        "catIcon": ""</msg>
<msg timestamp="20200724 16:41:56.901" level="INFO">      }</msg>
<msg timestamp="20200724 16:41:56.901" level="INFO">    ]</msg>
<msg timestamp="20200724 16:41:56.901" level="INFO">  }</msg>
<msg timestamp="20200724 16:41:56.901" level="INFO">}</msg>
<status status="PASS" starttime="20200724 16:41:56.682" endtime="20200724 16:41:56.901"></status>
</kw>
<kw name="Fapi Data To Object" library="FATL.FapiKeywords">
<doc>Convert Fapi response content to python object</doc>
<assign>
<var>${data}</var>
</assign>
<msg timestamp="20200724 16:41:56.902" level="INFO">${data} = &lt;FATL.Json2Object.Dict2Object object at 0x04023808&gt;</msg>
<status status="PASS" starttime="20200724 16:41:56.901" endtime="20200724 16:41:56.902"></status>
</kw>
<kw name="Set Suite Variable" library="BuiltIn">
<doc>Makes a variable available everywhere within the scope of the current suite.</doc>
<arguments>
<arg>${response_data}</arg>
<arg>${data}</arg>
</arguments>
<msg timestamp="20200724 16:41:56.903" level="INFO">${response_data} = &lt;FATL.Json2Object.Dict2Object object at 0x04023808&gt;</msg>
<status status="PASS" starttime="20200724 16:41:56.902" endtime="20200724 16:41:56.903"></status>
</kw>
<status status="PASS" starttime="20200724 16:41:56.031" endtime="20200724 16:41:56.903"></status>
</kw>
<kw name="Should Be Equal As Strings" library="BuiltIn">
<doc>Fails if objects are unequal after converting them to strings.</doc>
<arguments>
<arg>${response_data.cats[0].catName}</arg>
<arg>${CATNAME}</arg>
</arguments>
<status status="PASS" starttime="20200724 16:41:56.903" endtime="20200724 16:41:56.904"></status>
</kw>
<tags>
<tag>人物分类列表/人物（张进）</tag>
<tag>作者：张鹏</tag>
<tag>冒烟集-新福建App</tag>
</tags>
<status status="PASS" starttime="20200724 16:41:56.028" endtime="20200724 16:41:56.904" critical="yes"></status>
</test>
<test id="s1-s3-t2" name="输入的父分类ID存在时但不存在子分类时，接口返回为空">
<kw name="Leader Cats" library="LeaderCommon">
<doc>人物分类列表</doc>
<arguments>
<arg>${CATID1}</arg>
</arguments>
<kw name="Sign" library="authen">
<assign>
<var>${secretinfo}</var>
</assign>
<msg timestamp="20200724 16:41:58.378" level="INFO">${secretinfo} = {'authtoken': 'd9fcc2dcd41248b8b8850201d1739bce', 'time': '1595580116910', 'sign': '589e95da3dd85202dbeb460cd4683bb2'}</msg>
<status status="PASS" starttime="20200724 16:41:56.910" endtime="20200724 16:41:58.378"></status>
</kw>
<kw name="Set Variable" library="BuiltIn">
<doc>Returns the given values which can then be assigned to a variables.</doc>
<arguments>
<arg>${secretinfo}[authtoken]</arg>
</arguments>
<assign>
<var>${authtoken}</var>
</assign>
<msg timestamp="20200724 16:41:58.378" level="INFO">${authtoken} = d9fcc2dcd41248b8b8850201d1739bce</msg>
<status status="PASS" starttime="20200724 16:41:58.378" endtime="20200724 16:41:58.378"></status>
</kw>
<kw name="Set Variable" library="BuiltIn">
<doc>Returns the given values which can then be assigned to a variables.</doc>
<arguments>
<arg>${secretinfo}[time]</arg>
</arguments>
<assign>
<var>${time}</var>
</assign>
<msg timestamp="20200724 16:41:58.379" level="INFO">${time} = 1595580116910</msg>
<status status="PASS" starttime="20200724 16:41:58.379" endtime="20200724 16:41:58.379"></status>
</kw>
<kw name="Set Variable" library="BuiltIn">
<doc>Returns the given values which can then be assigned to a variables.</doc>
<arguments>
<arg>${secretinfo}[sign]</arg>
</arguments>
<assign>
<var>${sign}</var>
</assign>
<msg timestamp="20200724 16:41:58.379" level="INFO">${sign} = 589e95da3dd85202dbeb460cd4683bb2</msg>
<status status="PASS" starttime="20200724 16:41:58.379" endtime="20200724 16:41:58.379"></status>
</kw>
<kw name="Fapi Headers Set" library="FATL.FapiKeywords">
<doc>Adds the given ``key_value_pairs`` and ``items`` to HTTP request headers.</doc>
<arguments>
<arg>sign</arg>
<arg>${sign}</arg>
<arg>time</arg>
<arg>${time}</arg>
<arg>authtoken</arg>
<arg>${authtoken}</arg>
</arguments>
<status status="PASS" starttime="20200724 16:41:58.379" endtime="20200724 16:41:58.380"></status>
</kw>
<kw name="Fapi Params Set" library="FATL.FapiKeywords">
<doc>Adds the given ``key_value_pairs`` and ``items`` to HTTP request parameters.</doc>
<arguments>
<arg>siteId</arg>
<arg>${siteid}</arg>
<arg>catID</arg>
<arg>${catid}</arg>
<arg>curVersions</arg>
<arg>${CURVERSIONS}</arg>
</arguments>
<status status="PASS" starttime="20200724 16:41:58.380" endtime="20200724 16:41:58.380"></status>
</kw>
<kw name="Fapi Get" library="FATL.FapiKeywords">
<doc>Send a GET request on the session object found using the
given `alias`</doc>
<arguments>
<arg>${APPIF_ALIAS}</arg>
<arg>${LEADERCATS_URI}</arg>
</arguments>
<msg timestamp="20200724 16:41:58.426" level="INFO">GET Request : url=https://api1.fjdaily.com/app_if/leaderCats?siteId=1&amp;catID=7&amp;curVersions=1 
 path_url=/app_if/leaderCats?siteId=1&amp;catID=7&amp;curVersions=1 
 headers={'User-Agent': 'python-requests/2.23.0', 'Accept-Encoding': 'gzip, deflate', 'Accept': '*/*', 'Connection': 'keep-alive', 'APITEST': '1', 'sign': '589e95da3dd85202dbeb460cd4683bb2', 'time': '1595580116910', 'authtoken': 'd9fcc2dcd41248b8b8850201d1739bce', 'Cookie': 'HWWAFSESID=953ba88c98ae3acf29; HWWAFSESTIME=1595580116478'} 
 body=None 
 </msg>
<msg timestamp="20200724 16:41:58.426" level="INFO">GET Response : url=https://api1.fjdaily.com/app_if/leaderCats?siteId=1&amp;catID=7&amp;curVersions=1 
 status=200, reason= 
 body={"status":0,"message":"success","data":{"cats":[]}} 
 </msg>
<msg timestamp="20200724 16:41:58.426" level="INFO">JSON string is : {</msg>
<msg timestamp="20200724 16:41:58.426" level="INFO">  "status": 0,</msg>
<msg timestamp="20200724 16:41:58.426" level="INFO">  "message": "success",</msg>
<msg timestamp="20200724 16:41:58.426" level="INFO">  "data": {</msg>
<msg timestamp="20200724 16:41:58.426" level="INFO">    "cats": []</msg>
<msg timestamp="20200724 16:41:58.426" level="INFO">  }</msg>
<msg timestamp="20200724 16:41:58.427" level="INFO">}</msg>
<status status="PASS" starttime="20200724 16:41:58.380" endtime="20200724 16:41:58.427"></status>
</kw>
<kw name="Fapi Data To Object" library="FATL.FapiKeywords">
<doc>Convert Fapi response content to python object</doc>
<assign>
<var>${data}</var>
</assign>
<msg timestamp="20200724 16:41:58.427" level="INFO">${data} = &lt;FATL.Json2Object.Dict2Object object at 0x042E42B0&gt;</msg>
<status status="PASS" starttime="20200724 16:41:58.427" endtime="20200724 16:41:58.427"></status>
</kw>
<kw name="Set Suite Variable" library="BuiltIn">
<doc>Makes a variable available everywhere within the scope of the current suite.</doc>
<arguments>
<arg>${response_data}</arg>
<arg>${data}</arg>
</arguments>
<msg timestamp="20200724 16:41:58.427" level="INFO">${response_data} = &lt;FATL.Json2Object.Dict2Object object at 0x042E42B0&gt;</msg>
<status status="PASS" starttime="20200724 16:41:58.427" endtime="20200724 16:41:58.428"></status>
</kw>
<status status="PASS" starttime="20200724 16:41:56.910" endtime="20200724 16:41:58.428"></status>
</kw>
<kw name="Fapi Data Field Count Should Be" library="FATL.FapiKeywords">
<doc>Element count specified by object pointer should be equal to the given `expectedValue`</doc>
<arguments>
<arg>${response_data.cats}</arg>
<arg>${RESULT}</arg>
</arguments>
<msg timestamp="20200724 16:41:58.428" level="INFO">Actual value is: 0</msg>
<status status="PASS" starttime="20200724 16:41:58.428" endtime="20200724 16:41:58.429"></status>
</kw>
<tags>
<tag>人物分类列表/人物（张进）</tag>
<tag>作者：张鹏</tag>
<tag>冒烟集-新福建App</tag>
</tags>
<status status="PASS" starttime="20200724 16:41:56.906" endtime="20200724 16:41:58.429" critical="yes"></status>
</test>
<kw name="Fapi Delete All Sessions" library="FATL.FapiKeywords" type="teardown">
<doc>Removes all the session objects</doc>
<msg timestamp="20200724 16:41:58.431" level="INFO">Delete All Sessions</msg>
<status status="PASS" starttime="20200724 16:41:58.431" endtime="20200724 16:41:58.431"></status>
</kw>
<doc>人物分类列表</doc>
<status status="PASS" starttime="20200724 16:41:55.978" endtime="20200724 16:41:58.431"></status>
</suite>
<suite id="s1-s4" name="LeaderView" source="D:\jiangbm\XFJ\API\App_Leader\LeaderView.robot">
<kw name="Create Session Common" library="Common" type="setup">
<kw name="Fapi Create Session" library="FATL.FapiKeywords">
<doc>Fapi Create Session: create a HTTP session to a server</doc>
<arguments>
<arg>${APPIF_ALIAS}</arg>
<arg>${APPIF_URL}</arg>
</arguments>
<msg timestamp="20200724 16:41:58.480" level="INFO">Creating Session using : alias=appif, url=https://api1.fjdaily.com/app_if, headers={'APITEST': '1', 'sign': '589e95da3dd85202dbeb460cd4683bb2', 'time': '1595580116910', 'authtoken': 'd9fcc2dcd41248b8b8850201d1739bce'},                     cookies={}, auth=None, timeout=None, proxies=None, verify=False,                     debug=0 </msg>
<status status="PASS" starttime="20200724 16:41:58.480" endtime="20200724 16:41:58.481"></status>
</kw>
<status status="PASS" starttime="20200724 16:41:58.480" endtime="20200724 16:41:58.481"></status>
</kw>
<test id="s1-s4-t1" name="查看人物列表下的稿件，接口仅返回领导简介">
<kw name="Leader View" library="LeaderCommon">
<doc>全部人物列表</doc>
<arguments>
<arg>${HASARTICLES1}</arg>
</arguments>
<kw name="Sign" library="authen">
<assign>
<var>${secretinfo}</var>
</assign>
<msg timestamp="20200724 16:41:59.138" level="INFO">${secretinfo} = {'authtoken': '89e019fceba1486aad9c6ce3e93f5e88', 'time': '1595580118483', 'sign': '3eb6e2868d0874a24051b29847508a36'}</msg>
<status status="PASS" starttime="20200724 16:41:58.484" endtime="20200724 16:41:59.138"></status>
</kw>
<kw name="Set Variable" library="BuiltIn">
<doc>Returns the given values which can then be assigned to a variables.</doc>
<arguments>
<arg>${secretinfo}[authtoken]</arg>
</arguments>
<assign>
<var>${authtoken}</var>
</assign>
<msg timestamp="20200724 16:41:59.139" level="INFO">${authtoken} = 89e019fceba1486aad9c6ce3e93f5e88</msg>
<status status="PASS" starttime="20200724 16:41:59.138" endtime="20200724 16:41:59.139"></status>
</kw>
<kw name="Set Variable" library="BuiltIn">
<doc>Returns the given values which can then be assigned to a variables.</doc>
<arguments>
<arg>${secretinfo}[time]</arg>
</arguments>
<assign>
<var>${time}</var>
</assign>
<msg timestamp="20200724 16:41:59.139" level="INFO">${time} = 1595580118483</msg>
<status status="PASS" starttime="20200724 16:41:59.139" endtime="20200724 16:41:59.139"></status>
</kw>
<kw name="Set Variable" library="BuiltIn">
<doc>Returns the given values which can then be assigned to a variables.</doc>
<arguments>
<arg>${secretinfo}[sign]</arg>
</arguments>
<assign>
<var>${sign}</var>
</assign>
<msg timestamp="20200724 16:41:59.139" level="INFO">${sign} = 3eb6e2868d0874a24051b29847508a36</msg>
<status status="PASS" starttime="20200724 16:41:59.139" endtime="20200724 16:41:59.139"></status>
</kw>
<kw name="Fapi Headers Set" library="FATL.FapiKeywords">
<doc>Adds the given ``key_value_pairs`` and ``items`` to HTTP request headers.</doc>
<arguments>
<arg>sign</arg>
<arg>${sign}</arg>
<arg>time</arg>
<arg>${time}</arg>
<arg>authtoken</arg>
<arg>${authtoken}</arg>
</arguments>
<status status="PASS" starttime="20200724 16:41:59.140" endtime="20200724 16:41:59.140"></status>
</kw>
<kw name="Fapi Params Set" library="FATL.FapiKeywords">
<doc>Adds the given ``key_value_pairs`` and ``items`` to HTTP request parameters.</doc>
<arguments>
<arg>start</arg>
<arg>${start}</arg>
<arg>count</arg>
<arg>${count}</arg>
<arg>siteId</arg>
<arg>${siteid}</arg>
<arg>hasArticles</arg>
<arg>${hasarticles}</arg>
<arg>curVersions</arg>
<arg>${CURVERSIONS}</arg>
</arguments>
<status status="PASS" starttime="20200724 16:41:59.140" endtime="20200724 16:41:59.140"></status>
</kw>
<kw name="Fapi Get" library="FATL.FapiKeywords">
<doc>Send a GET request on the session object found using the
given `alias`</doc>
<arguments>
<arg>${APPIF_ALIAS}</arg>
<arg>${LEADERVIEW_URI}</arg>
</arguments>
<msg timestamp="20200724 16:41:59.540" level="INFO">GET Request : url=https://api1.fjdaily.com/app_if/leaderView?start=0&amp;count=20&amp;siteId=1&amp;hasArticles=18&amp;curVersions=1 
 path_url=/app_if/leaderView?start=0&amp;count=20&amp;siteId=1&amp;hasArticles=18&amp;curVersions=1 
 headers={'User-Agent': 'python-requests/2.23.0', 'Accept-Encoding': 'gzip, deflate', 'Accept': '*/*', 'Connection': 'keep-alive', 'APITEST': '1', 'sign': '3eb6e2868d0874a24051b29847508a36', 'time': '1595580118483', 'authtoken': '89e019fceba1486aad9c6ce3e93f5e88'} 
 body=None 
 </msg>
<msg timestamp="20200724 16:41:59.837" level="INFO">GET Response : url=https://api1.fjdaily.com/app_if/leaderView?start=0&amp;count=20&amp;siteId=1&amp;hasArticles=18&amp;curVersions=1 
 status=200, reason= 
 body={"status":0,"message":"success","data":[{"id":18,"name":"于伟国","url":"https://img1.fjdaily.com/app/202007/03/835c1e7e-9ee4-4b79-ae88-2be6e3e80e31.jpg","duty":"中共十九届中央委员，省委书记，省人大常委会主任","description":"中共十九届中央委员，省委书记，省人大常委会主任","columnID":124,"groupID":0,"articles":[{"fileId":630477,"markLocked":false,"version":1594258173000,"isRel":0,"realPubTime":"2020-07-09 09:29:33.0","title":"建立健全稳定脱贫长效机制 全面建成小康社会一个都不掉队 省政协专题议政性常委会会议举行","textTitle":"建立健全稳定脱贫长效机制 全面建成小康社会一个都不掉队 省政协专题议政性常委会会议举行","attAbstract":"","textAbstract":"","arthorID":0,"arthorName":"","reporter":"","publishtime":"2020-07-03 22:21:36.0","articleType":0,"tag":"","trade":"","tradeID":"","colName":"首页~头条","columnCasName":"首页~头条","colID":1102,"colIcon":"https://img1.fjdaily.com/app/xy/202006/24/t2_(0X7X600X207)1a43b9b8-88b9-4e44-bd08-29d655ef85c0.png","mark":"","source":"福建日报微信","sourceUrl":"","multimediaLink":"","shareUrl":"https://img1.fjdaily.com/app/content/2020-07/03/content_630477.html","url":"https://share.fjdaily.com/displayTemplate/news/newsDetail/1102/630477.html?isView=true","urlPad":"https://img1.fjdaily.com/app/content/2020-07/03/content_630477.html","isBigPic":0,"bigPic":0,"isExclusive":0,"contentUrl":"https://api1.fjdaily.com/app_if/getArticleContent?articleId=630477","linkID":0,"linkType":0,"linkName":"","countClick":1976,"countClickInitial":0,"countClickReal":1904,"countClickFake":72,"countShareClick":0,"rssID":0,"rss":"","rssType":0,"discussClosed":"0","countDiscuss":1,"countPraise":6,"countShare":4,"extGroupID":0,"picType":1,"listType":0,"picFullScreen":0,"titleDisplay":0,"pubTimeDisplay":0,"shareClosed":0,"listTitle":"建立健全稳定脱贫长效机制 全面建成小康社会一个都不掉队 省政协专题议政性常委会会议举行","praiseType":0,"isrecommend":0,"subTitle":"","leadTitle":"","picurl":"图片存储;appcms/userfiles/imgCut/pic1593787910108.png","ext_sharepic":"图片存储;appcms/userfiles/imgCut/pic1593787910108.png","keylist":"","sectionids":"124;395;397;1102","newstype":0,"collectcount":0,"edittername":"黎夏昕","iorder":"-38060122.1630477000","sharePicUrl":"","shareTitle":"","shareContent":"","pic_list":["https://img1.fjdaily.com/app/images/2020-07/03/1593786006643c74fd84c-a01d-4fbb-9296-91aa3bbf451e.png","https://img1.fjdaily.com/app/images/2020-07/03/1593786007193b1ef0569-fc64-49e2-a4a0-279142d3b35e.png"],"pic_list_title":["https://img1.fjdaily.com/app/images/2020-07/03/pic1593787910108.png"],"emojiID":"","copyright":"0","shortTitle":"建立健全稳定脱贫长效机制 全面建成小康社会一个都不掉队 省政协专题议政性常委会会议举行","picBig":"https://img1.fjdaily.com/app/images/2020-07/03/pic1593787910108.png","pic0":"https://img1.fjdaily.com/app/images/2020-07/03/1593786006643c74fd84c-a01d-4fbb-9296-91aa3bbf451e.png","pic1":"https://img1.fjdaily.com/app/images/2020-07/03/1593786007193b1ef0569-fc64-49e2-a4a0-279142d3b35e.png","pic":[],"picCount":"2","isTop":false,"position":0,"linkTitle":""},{"fileId":630303,"markLocked":false,"version":1594616760000,"isRel":0,"realPubTime":"2020-07-13 13:06:00.0","title":"于伟国主持召开省委宣传思想工作领导小组会议","textTitle":"于伟国主持召开省委宣传思想工作领导小组会议","attAbstract":"","textAbstract":"","arthorID":0,"arthorName":"记者 周琳","reporter":"","publishtime":"2020-07-03 08:04:53.0","articleType":0,"tag":"","trade":"","tradeID":"","colName":"首页~头条","columnCasName":"首页~头条","colID":1102,"colIcon":"https://img1.fjdaily.com/app/xy/202006/24/t2_(0X7X600X207)1a43b9b8-88b9-4e44-bd08-29d655ef85c0.png","mark":"","source":"福建日报","sourceUrl":"","multimediaLink":"","shareUrl":"https://img1.fjdaily.com/app/content/2020-07/03/content_630303.html","url":"https://share.fjdaily.com/displayTemplate/news/newsDetail/1102/630303.html?isView=true","urlPad":"https://img1.fjdaily.com/app/content/2020-07/03/content_630303.html","isBigPic":0,"bigPic":0,"isExclusive":0,"contentUrl":"https://api1.fjdaily.com/app_if/getArticleContent?articleId=630303","linkID":0,"linkType":0,"linkName":"","countClick":5032,"countClickInitial":0,"countClickReal":2344,"countClickFake":2688,"countShareClick":156,"rssID":0,"rss":"","rssType":0,"discussClosed":"0","countDiscuss":0,"countPraise":15,"countShare":34,"extGroupID":0,"picType":1,"listType":0,"picFullScreen":0,"titleDisplay":0,"pubTimeDisplay":0,"shareClosed":0,"listTitle":"于伟国主持召开省委宣传思想工作领导小组会议","praiseType":0,"isrecommend":0,"subTitle":"","leadTitle":"","picurl":"图片存储;appcms/userfiles/imgCut/pic1593734678997.jpg","ext_sharepic":"图片存储;appcms/userfiles/imgCut/pic1593734678997.jpg","keylist":"","sectionids":"124;125;1102","newstype":0,"collectcount":0,"edittername":"陈雪莺","iorder":"-38050220.4630303000","sharePicUrl":"","shareTitle":"","shareContent":"","pic_list":[],"pic_list_title":["https://img1.fjdaily.com/app/images/2020-07/03/pic1593734678997.jpg"],"emojiID":"","copyright":"0","shortTitle":"于伟国主持召开省委宣传思想工作领导小组会议","picBig":"https://img1.fjdaily.com/app/images/2020-07/03/pic1593734678997.jpg","pic":[],"picCount":"0","isTop":false,"position":0,"linkTitle":""}]},{"id":41,"name":"王宁","url":"https://img1.fjdaily.com/app/202007/03/f3030802-99a2-4adf-9909-6ecc70e9fe3e.jpg","duty":"中共第十九届中央候补委员，省委副书记，省政府党组书记、副省长、代省长，福州市委书记，兼福州新区党工委书记。","description":"中共第十九届中央候补委员，省委副书记，省政府党组书记、副省长、代省长，福州市委书记，兼福州新区党工委书记。","columnID":125,"groupID":0,"articles":[{"fileId":631063,"markLocked":false,"version":1595467268000,"isRel":0,"realPubTime":"2020-07-23 09:21:08.0","title":"王宁到省发改委调研","textTitle":"王宁到省发改委调研","attAbstract":"","textAbstract":"","arthorID":0,"arthorName":"","reporter":"","publishtime":"2020-07-06 20:57:34.0","articleType":0,"tag":"","trade":"","tradeID":"","colName":"首页~头条","columnCasName":"首页~头条","colID":1102,"colIcon":"https://img1.fjdaily.com/app/xy/202006/24/t2_(0X7X600X207)1a43b9b8-88b9-4e44-bd08-29d655ef85c0.png","mark":"","source":"新福建","sourceUrl":"","multimediaLink":"","shareUrl":"https://img1.fjdaily.com/app/content/2020-07/06/content_631063.html","url":"https://share.fjdaily.com/displayTemplate/news/newsDetail/1102/631063.html?isView=true","urlPad":"https://img1.fjdaily.com/app/content/2020-07/06/content_631063.html","isBigPic":0,"bigPic":0,"isExclusive":0,"contentUrl":"https://api1.fjdaily.com/app_if/getArticleContent?articleId=631063","linkID":0,"linkType":0,"linkName":"","countClick":1897,"countClickInitial":0,"countClickReal":189,"countClickFake":1708,"countShareClick":24,"rssID":0,"rss":"","rssType":0,"discussClosed":"0","countDiscuss":0,"countPraise":9,"countShare":14,"extGroupID":0,"picType":1,"listType":0,"picFullScreen":0,"titleDisplay":0,"pubTimeDisplay":0,"shareClosed":0,"listTitle":"王宁到省发改委调研：争当全方位推动高质量发展超越的排头兵","praiseType":0,"isrecommend":0,"subTitle":"","leadTitle":"","picurl":"图片存储;appcms/userfiles/imgCut/pic1594037273266.jpg","ext_sharepic":"图片存储;appcms/userfiles/imgCut/pic1594037273266.jpg","keylist":"","sectionids":"125;1102","newstype":0,"collectcount":0,"edittername":"","iorder":"-38090105.7631063000","sharePicUrl":"","shareTitle":"","shareContent":"","pic_list":[],"pic_list_title":["https://img1.fjdaily.com/app/images/2020-07/06/pic1594037273266.jpg"],"emojiID":"","copyright":"0","shortTitle":"王宁到省发改委调研：争当全方位推动高质量发展超越的排头兵","picBig":"https://img1.fjdaily.com/app/images/2020-07/06/pic1594037273266.jpg","pic":[],"picCount":"0","isTop":false,"position":0,"linkTitle":""},{"fileId":630468,"markLocked":false,"version":1594258173000,"isRel":0,"realPubTime":"2020-07-09 09:29:33.0","title":"努力打造担当服务创新实干廉洁政府 2020年省政府第二次全体会议召开","textTitle":"努力打造担当服务创新实干廉洁政府 2020年省政府第二次全体会议召开","attAbstract":"","textAbstract":"","arthorID":0,"arthorName":"","reporter":"","publishtime":"2020-07-03 20:23:16.0","articleType":0,"tag":"","trade":"","tradeID":"","colName":"首页~头条","columnCasName":"首页~头条","colID":1102,"colIcon":"https://img1.fjdaily.com/app/xy/202006/24/t2_(0X7X600X207)1a43b9b8-88b9-4e44-bd08-29d655ef85c0.png","mark":"","source":"","sourceUrl":"","multimediaLink":"","shareUrl":"https://img1.fjdaily.com/app/content/2020-07/03/content_630468.html","url":"https://share.fjdaily.com/displayTemplate/news/newsDetail/1102/630468.html?isView=true","urlPad":"https://img1.fjdaily.com/app/content/2020-07/03/content_630468.html","isBigPic":0,"bigPic":0,"isExclusive":0,"contentUrl":"https://api1.fjdaily.com/app_if/getArticleContent?articleId=630468","linkID":0,"linkType":0,"linkName":"","countClick":163,"countClickInitial":0,"countClickReal":5,"countClickFake":158,"countShareClick":0,"rssID":0,"rss":"","rssType":0,"discussClosed":"0","countDiscuss":0,"countPraise":1,"countShare":0,"extGroupID":0,"picType":1,"listType":0,"picFullScreen":0,"titleDisplay":0,"pubTimeDisplay":0,"shareClosed":0,"listTitle":"2020年省政府第二次全体会议召开","praiseType":0,"isrecommend":0,"subTitle":"","leadTitle":"","picurl":"图片存储;appcms/userfiles/imgCut/pic1593778075224.jpg","ext_sharepic":"图片存储;appcms/userfiles/imgCut/pic1593778075224.jpg","keylist":"","sectionids":"125;1102","newstype":0,"collectcount":0,"edittername":"","iorder":"-38060102.3630467950","sharePicUrl":"","shareTitle":"","shareContent":"","pic_list":["https://img1.fjdaily.com/app/images/2020-07/03/68901593790264917_1593790279154.jpeg"],"pic_list_title":["https://img1.fjdaily.com/app/images/2020-07/03/pic1593778075224.jpg"],"emojiID":"","copyright":"0","shortTitle":"2020年省政府第二次全体会议召开","picBig":"https://img1.fjdaily.com/app/images/2020-07/03/pic1593778075224.jpg","pic0":"https://img1.fjdaily.com/app/images/2020-07/03/68901593790264917_1593790279154.jpeg","pic":[],"picCount":"1","isTop":false,"position":0,"linkTitle":""}]},{"id":121,"name":"崔玉英","url":"https://img1.fjdaily.com/app/202007/09/19576896-7940-40ae-ad1c-068e0a1194fe.png","duty":"省政协主席、党组书记","description":"省政协主席、党组书记","columnID":401,"groupID":0,"articles":[{"fileId":384831,"markLocked":false,"version":1593748481000,"isRel":0,"realPubTime":"2020-07-03 11:54:41.0","title":"省政协党组理论学习中心组召开学习（扩大）会议","textTitle":"省政协党组理论学习中心组召开学习（扩大）会议","attAbstract":"","textAbstract":"","arthorID":0,"arthorName":"","reporter":"","publishtime":"2020-06-22 08:13:51.0","articleType":0,"tag":"","trade":"","tradeID":"","colName":"首页~政情~听政","columnCasName":"首页~政情~听政","colID":1109,"colIcon":"","mark":"","source":"福建日报","sourceUrl":"","multimediaLink":"","shareUrl":"https://img1.fjdaily.com/app/content/2020... (set the log level to DEBUG or TRACE to see the full content) 
 </msg>
<msg timestamp="20200724 16:41:59.842" level="INFO">JSON string is : {</msg>
<msg timestamp="20200724 16:41:59.842" level="INFO">  "status": 0,</msg>
<msg timestamp="20200724 16:41:59.842" level="INFO">  "message": "success",</msg>
<msg timestamp="20200724 16:41:59.842" level="INFO">  "data": [</msg>
<msg timestamp="20200724 16:41:59.842" level="INFO">    {</msg>
<msg timestamp="20200724 16:41:59.842" level="INFO">      "id": 18,</msg>
<msg timestamp="20200724 16:41:59.842" level="INFO">      "name": "于伟国",</msg>
<msg timestamp="20200724 16:41:59.842" level="INFO">      "url": "https://img1.fjdaily.com/app/202007/03/835c1e7e-9ee4-4b79-ae88-2be6e3e80e31.jpg",</msg>
<msg timestamp="20200724 16:41:59.843" level="INFO">      "duty": "中共十九届中央委员，省委书记，省人大常委会主任",</msg>
<msg timestamp="20200724 16:41:59.843" level="INFO">      "description": "中共十九届中央委员，省委书记，省人大常委会主任",</msg>
<msg timestamp="20200724 16:41:59.843" level="INFO">      "columnID": 124,</msg>
<msg timestamp="20200724 16:41:59.843" level="INFO">      "groupID": 0,</msg>
<msg timestamp="20200724 16:41:59.843" level="INFO">      "articles": [</msg>
<msg timestamp="20200724 16:41:59.843" level="INFO">        {</msg>
<msg timestamp="20200724 16:41:59.843" level="INFO">          "fileId": 630477,</msg>
<msg timestamp="20200724 16:41:59.843" level="INFO">          "markLocked": false,</msg>
<msg timestamp="20200724 16:41:59.843" level="INFO">          "version": 1594258173000,</msg>
<msg timestamp="20200724 16:41:59.843" level="INFO">          "isRel": 0,</msg>
<msg timestamp="20200724 16:41:59.843" level="INFO">          "realPubTime": "2020-07-09 09:29:33.0",</msg>
<msg timestamp="20200724 16:41:59.843" level="INFO">          "title": "建立健全稳定脱贫长效机制 全面建成小康社会一个都不掉队 省政协专题议政性常委会会议举行",</msg>
<msg timestamp="20200724 16:41:59.843" level="INFO">          "textTitle": "建立健全稳定脱贫长效机制 全面建成小康社会一个都不掉队 省政协专题议政性常委会会议举行",</msg>
<msg timestamp="20200724 16:41:59.843" level="INFO">          "attAbstract": "",</msg>
<msg timestamp="20200724 16:41:59.843" level="INFO">          "textAbstract": "",</msg>
<msg timestamp="20200724 16:41:59.843" level="INFO">          "arthorID": 0,</msg>
<msg timestamp="20200724 16:41:59.843" level="INFO">          "arthorName": "",</msg>
<msg timestamp="20200724 16:41:59.843" level="INFO">          "reporter": "",</msg>
<msg timestamp="20200724 16:41:59.843" level="INFO">          "publishtime": "2020-07-03 22:21:36.0",</msg>
<msg timestamp="20200724 16:41:59.843" level="INFO">          "articleType": 0,</msg>
<msg timestamp="20200724 16:41:59.843" level="INFO">          "tag": "",</msg>
<msg timestamp="20200724 16:41:59.843" level="INFO">          "trade": "",</msg>
<msg timestamp="20200724 16:41:59.843" level="INFO">          "tradeID": "",</msg>
<msg timestamp="20200724 16:41:59.843" level="INFO">          "colName": "首页~头条",</msg>
<msg timestamp="20200724 16:41:59.843" level="INFO">          "columnCasName": "首页~头条",</msg>
<msg timestamp="20200724 16:41:59.843" level="INFO">          "colID": 1102,</msg>
<msg timestamp="20200724 16:41:59.843" level="INFO">          "colIcon": "https://img1.fjdaily.com/app/xy/202006/24/t2_(0X7X600X207)1a43b9b8-88b9-4e44-bd08-29d655ef85c0.png",</msg>
<msg timestamp="20200724 16:41:59.843" level="INFO">          "mark": "",</msg>
<msg timestamp="20200724 16:41:59.843" level="INFO">          "source": "福建日报微信",</msg>
<msg timestamp="20200724 16:41:59.843" level="INFO">          "sourceUrl": "",</msg>
<msg timestamp="20200724 16:41:59.843" level="INFO">          "multimediaLink": "",</msg>
<msg timestamp="20200724 16:41:59.843" level="INFO">          "shareUrl": "https://img1.fjdaily.com/app/content/2020-07/03/content_630477.html",</msg>
<msg timestamp="20200724 16:41:59.843" level="INFO">          "url": "https://share.fjdaily.com/displayTemplate/news/newsDetail/1102/630477.html?isView=true",</msg>
<msg timestamp="20200724 16:41:59.843" level="INFO">          "urlPad": "https://img1.fjdaily.com/app/content/2020-07/03/content_630477.html",</msg>
<msg timestamp="20200724 16:41:59.843" level="INFO">          "isBigPic": 0,</msg>
<msg timestamp="20200724 16:41:59.844" level="INFO">          "bigPic": 0,</msg>
<msg timestamp="20200724 16:41:59.844" level="INFO">          "isExclusive": 0,</msg>
<msg timestamp="20200724 16:41:59.844" level="INFO">          "contentUrl": "https://api1.fjdaily.com/app_if/getArticleContent?articleId=630477",</msg>
<msg timestamp="20200724 16:41:59.844" level="INFO">          "linkID": 0,</msg>
<msg timestamp="20200724 16:41:59.844" level="INFO">          "linkType": 0,</msg>
<msg timestamp="20200724 16:41:59.844" level="INFO">          "linkName": "",</msg>
<msg timestamp="20200724 16:41:59.844" level="INFO">          "countClick": 1976,</msg>
<msg timestamp="20200724 16:41:59.844" level="INFO">          "countClickInitial": 0,</msg>
<msg timestamp="20200724 16:41:59.844" level="INFO">          "countClickReal": 1904,</msg>
<msg timestamp="20200724 16:41:59.844" level="INFO">          "countClickFake": 72,</msg>
<msg timestamp="20200724 16:41:59.844" level="INFO">          "countShareClick": 0,</msg>
<msg timestamp="20200724 16:41:59.844" level="INFO">          "rssID": 0,</msg>
<msg timestamp="20200724 16:41:59.844" level="INFO">          "rss": "",</msg>
<msg timestamp="20200724 16:41:59.844" level="INFO">          "rssType": 0,</msg>
<msg timestamp="20200724 16:41:59.844" level="INFO">          "discussClosed": "0",</msg>
<msg timestamp="20200724 16:41:59.844" level="INFO">          "countDiscuss": 1,</msg>
<msg timestamp="20200724 16:41:59.844" level="INFO">          "countPraise": 6,</msg>
<msg timestamp="20200724 16:41:59.844" level="INFO">          "countShare": 4,</msg>
<msg timestamp="20200724 16:41:59.844" level="INFO">          "extGroupID": 0,</msg>
<msg timestamp="20200724 16:41:59.844" level="INFO">          "picType": 1,</msg>
<msg timestamp="20200724 16:41:59.844" level="INFO">          "listType": 0,</msg>
<msg timestamp="20200724 16:41:59.844" level="INFO">          "picFullScreen": 0,</msg>
<msg timestamp="20200724 16:41:59.844" level="INFO">          "titleDisplay": 0,</msg>
<msg timestamp="20200724 16:41:59.844" level="INFO">          "pubTimeDisplay": 0,</msg>
<msg timestamp="20200724 16:41:59.844" level="INFO">          "shareClosed": 0,</msg>
<msg timestamp="20200724 16:41:59.844" level="INFO">          "listTitle": "建立健全稳定脱贫长效机制 全面建成小康社会一个都不掉队 省政协专题议政性常委会会议举行",</msg>
<msg timestamp="20200724 16:41:59.844" level="INFO">          "praiseType": 0,</msg>
<msg timestamp="20200724 16:41:59.844" level="INFO">          "isrecommend": 0,</msg>
<msg timestamp="20200724 16:41:59.844" level="INFO">          "subTitle": "",</msg>
<msg timestamp="20200724 16:41:59.844" level="INFO">          "leadTitle": "",</msg>
<msg timestamp="20200724 16:41:59.844" level="INFO">          "picurl": "图片存储;appcms/userfiles/imgCut/pic1593787910108.png",</msg>
<msg timestamp="20200724 16:41:59.844" level="INFO">          "ext_sharepic": "图片存储;appcms/userfiles/imgCut/pic1593787910108.png",</msg>
<msg timestamp="20200724 16:41:59.844" level="INFO">          "keylist": "",</msg>
<msg timestamp="20200724 16:41:59.844" level="INFO">          "sectionids": "124;395;397;1102",</msg>
<msg timestamp="20200724 16:41:59.844" level="INFO">          "newstype": 0,</msg>
<msg timestamp="20200724 16:41:59.845" level="INFO">          "collectcount": 0,</msg>
<msg timestamp="20200724 16:41:59.845" level="INFO">          "edittername": "黎夏昕",</msg>
<msg timestamp="20200724 16:41:59.845" level="INFO">          "iorder": "-38060122.1630477000",</msg>
<msg timestamp="20200724 16:41:59.845" level="INFO">          "sharePicUrl": "",</msg>
<msg timestamp="20200724 16:41:59.845" level="INFO">          "shareTitle": "",</msg>
<msg timestamp="20200724 16:41:59.845" level="INFO">          "shareContent": "",</msg>
<msg timestamp="20200724 16:41:59.845" level="INFO">          "pic_list": [</msg>
<msg timestamp="20200724 16:41:59.845" level="INFO">            "https://img1.fjdaily.com/app/images/2020-07/03/1593786006643c74fd84c-a01d-4fbb-9296-91aa3bbf451e.png",</msg>
<msg timestamp="20200724 16:41:59.845" level="INFO">            "https://img1.fjdaily.com/app/images/2020-07/03/1593786007193b1ef0569-fc64-49e2-a4a0-279142d3b35e.png"</msg>
<msg timestamp="20200724 16:41:59.845" level="INFO">          ],</msg>
<msg timestamp="20200724 16:41:59.845" level="INFO">          "pic_list_title": [</msg>
<msg timestamp="20200724 16:41:59.845" level="INFO">            "https://img1.fjdaily.com/app/images/2020-07/03/pic1593787910108.png"</msg>
<msg timestamp="20200724 16:41:59.845" level="INFO">          ],</msg>
<msg timestamp="20200724 16:41:59.845" level="INFO">          "emojiID": "",</msg>
<msg timestamp="20200724 16:41:59.845" level="INFO">          "copyright": "0",</msg>
<msg timestamp="20200724 16:41:59.845" level="INFO">          "shortTitle": "建立健全稳定脱贫长效机制 全面建成小康社会一个都不掉队 省政协专题议政性常委会会议举行",</msg>
<msg timestamp="20200724 16:41:59.845" level="INFO">          "picBig": "https://img1.fjdaily.com/app/images/2020-07/03/pic1593787910108.png",</msg>
<msg timestamp="20200724 16:41:59.845" level="INFO">          "pic0": "https://img1.fjdaily.com/app/images/2020-07/03/1593786006643c74fd84c-a01d-4fbb-9296-91aa3bbf451e.png",</msg>
<msg timestamp="20200724 16:41:59.845" level="INFO">          "pic1": "https://img1.fjdaily.com/app/images/2020-07/03/1593786007193b1ef0569-fc64-49e2-a4a0-279142d3b35e.png",</msg>
<msg timestamp="20200724 16:41:59.845" level="INFO">          "pic": [],</msg>
<msg timestamp="20200724 16:41:59.845" level="INFO">          "picCount": "2",</msg>
<msg timestamp="20200724 16:41:59.845" level="INFO">          "isTop": false,</msg>
<msg timestamp="20200724 16:41:59.845" level="INFO">          "position": 0,</msg>
<msg timestamp="20200724 16:41:59.845" level="INFO">          "linkTitle": ""</msg>
<msg timestamp="20200724 16:41:59.845" level="INFO">        },</msg>
<msg timestamp="20200724 16:41:59.845" level="INFO">        {</msg>
<msg timestamp="20200724 16:41:59.845" level="INFO">          "fileId": 630303,</msg>
<msg timestamp="20200724 16:41:59.845" level="INFO">          "markLocked": false,</msg>
<msg timestamp="20200724 16:41:59.845" level="INFO">          "version": 1594616760000,</msg>
<msg timestamp="20200724 16:41:59.845" level="INFO">          "isRel": 0,</msg>
<msg timestamp="20200724 16:41:59.845" level="INFO">          "realPubTime": "2020-07-13 13:06:00.0",</msg>
<msg timestamp="20200724 16:41:59.845" level="INFO">          "title": "于伟国主持召开省委宣传思想工作领导小组会议",</msg>
<msg timestamp="20200724 16:41:59.846" level="INFO">          "textTitle": "于伟国主持召开省委宣传思想工作领导小组会议",</msg>
<msg timestamp="20200724 16:41:59.846" level="INFO">          "attAbstract": "",</msg>
<msg timestamp="20200724 16:41:59.846" level="INFO">          "textAbstract": "",</msg>
<msg timestamp="20200724 16:41:59.846" level="INFO">          "arthorID": 0,</msg>
<msg timestamp="20200724 16:41:59.846" level="INFO">          "arthorName": "记者 周琳",</msg>
<msg timestamp="20200724 16:41:59.846" level="INFO">          "reporter": "",</msg>
<msg timestamp="20200724 16:41:59.846" level="INFO">          "publishtime": "2020-07-03 08:04:53.0",</msg>
<msg timestamp="20200724 16:41:59.846" level="INFO">          "articleType": 0,</msg>
<msg timestamp="20200724 16:41:59.846" level="INFO">          "tag": "",</msg>
<msg timestamp="20200724 16:41:59.846" level="INFO">          "trade": "",</msg>
<msg timestamp="20200724 16:41:59.846" level="INFO">          "tradeID": "",</msg>
<msg timestamp="20200724 16:41:59.846" level="INFO">          "colName": "首页~头条",</msg>
<msg timestamp="20200724 16:41:59.846" level="INFO">          "columnCasName": "首页~头条",</msg>
<msg timestamp="20200724 16:41:59.846" level="INFO">          "colID": 1102,</msg>
<msg timestamp="20200724 16:41:59.846" level="INFO">          "colIcon": "https://img1.fjdaily.com/app/xy/202006/24/t2_(0X7X600X207)1a43b9b8-88b9-4e44-bd08-29d655ef85c0.png",</msg>
<msg timestamp="20200724 16:41:59.846" level="INFO">          "mark": "",</msg>
<msg timestamp="20200724 16:41:59.846" level="INFO">          "source": "福建日报",</msg>
<msg timestamp="20200724 16:41:59.846" level="INFO">          "sourceUrl": "",</msg>
<msg timestamp="20200724 16:41:59.846" level="INFO">          "multimediaLink": "",</msg>
<msg timestamp="20200724 16:41:59.846" level="INFO">          "shareUrl": "https://img1.fjdaily.com/app/content/2020-07/03/content_630303.html",</msg>
<msg timestamp="20200724 16:41:59.846" level="INFO">          "url": "https://share.fjdaily.com/displayTemplate/news/newsDetail/1102/630303.html?isView=true",</msg>
<msg timestamp="20200724 16:41:59.846" level="INFO">          "urlPad": "https://img1.fjdaily.com/app/content/2020-07/03/content_630303.html",</msg>
<msg timestamp="20200724 16:41:59.846" level="INFO">          "isBigPic": 0,</msg>
<msg timestamp="20200724 16:41:59.846" level="INFO">          "bigPic": 0,</msg>
<msg timestamp="20200724 16:41:59.846" level="INFO">          "isExclusive": 0,</msg>
<msg timestamp="20200724 16:41:59.846" level="INFO">          "contentUrl": "https://api1.fjdaily.com/app_if/getArticleContent?articleId=630303",</msg>
<msg timestamp="20200724 16:41:59.846" level="INFO">          "linkID": 0,</msg>
<msg timestamp="20200724 16:41:59.846" level="INFO">          "linkType": 0,</msg>
<msg timestamp="20200724 16:41:59.846" level="INFO">          "linkName": "",</msg>
<msg timestamp="20200724 16:41:59.846" level="INFO">          "countClick": 5032,</msg>
<msg timestamp="20200724 16:41:59.846" level="INFO">          "countClickInitial": 0,</msg>
<msg timestamp="20200724 16:41:59.846" level="INFO">          "countClickReal": 2344,</msg>
<msg timestamp="20200724 16:41:59.847" level="INFO">          "countClickFake": 2688,</msg>
<msg timestamp="20200724 16:41:59.847" level="INFO">          "countShareClick": 156,</msg>
<msg timestamp="20200724 16:41:59.847" level="INFO">          "rssID": 0,</msg>
<msg timestamp="20200724 16:41:59.847" level="INFO">          "rss": "",</msg>
<msg timestamp="20200724 16:41:59.847" level="INFO">          "rssType": 0,</msg>
<msg timestamp="20200724 16:41:59.847" level="INFO">          "discussClosed": "0",</msg>
<msg timestamp="20200724 16:41:59.847" level="INFO">          "countDiscuss": 0,</msg>
<msg timestamp="20200724 16:41:59.847" level="INFO">          "countPraise": 15,</msg>
<msg timestamp="20200724 16:41:59.847" level="INFO">          "countShare": 34,</msg>
<msg timestamp="20200724 16:41:59.847" level="INFO">          "extGroupID": 0,</msg>
<msg timestamp="20200724 16:41:59.847" level="INFO">          "picType": 1,</msg>
<msg timestamp="20200724 16:41:59.847" level="INFO">          "listType": 0,</msg>
<msg timestamp="20200724 16:41:59.847" level="INFO">          "picFullScreen": 0,</msg>
<msg timestamp="20200724 16:41:59.847" level="INFO">          "titleDisplay": 0,</msg>
<msg timestamp="20200724 16:41:59.847" level="INFO">          "pubTimeDisplay": 0,</msg>
<msg timestamp="20200724 16:41:59.847" level="INFO">          "shareClosed": 0,</msg>
<msg timestamp="20200724 16:41:59.847" level="INFO">          "listTitle": "于伟国主持召开省委宣传思想工作领导小组会议",</msg>
<msg timestamp="20200724 16:41:59.847" level="INFO">          "praiseType": 0,</msg>
<msg timestamp="20200724 16:41:59.847" level="INFO">          "isrecommend": 0,</msg>
<msg timestamp="20200724 16:41:59.847" level="INFO">          "subTitle": "",</msg>
<msg timestamp="20200724 16:41:59.847" level="INFO">          "leadTitle": "",</msg>
<msg timestamp="20200724 16:41:59.847" level="INFO">          "picurl": "图片存储;appcms/userfiles/imgCut/pic1593734678997.jpg",</msg>
<msg timestamp="20200724 16:41:59.847" level="INFO">          "ext_sharepic": "图片存储;appcms/userfiles/imgCut/pic1593734678997.jpg",</msg>
<msg timestamp="20200724 16:41:59.847" level="INFO">          "keylist": "",</msg>
<msg timestamp="20200724 16:41:59.847" level="INFO">          "sectionids": "124;125;1102",</msg>
<msg timestamp="20200724 16:41:59.847" level="INFO">          "newstype": 0,</msg>
<msg timestamp="20200724 16:41:59.847" level="INFO">          "collectcount": 0,</msg>
<msg timestamp="20200724 16:41:59.847" level="INFO">          "edittername": "陈雪莺",</msg>
<msg timestamp="20200724 16:41:59.847" level="INFO">          "iorder": "-38050220.4630303000",</msg>
<msg timestamp="20200724 16:41:59.847" level="INFO">          "sharePicUrl": "",</msg>
<msg timestamp="20200724 16:41:59.847" level="INFO">          "shareTitle": "",</msg>
<msg timestamp="20200724 16:41:59.847" level="INFO">          "shareContent": "",</msg>
<msg timestamp="20200724 16:41:59.847" level="INFO">          "pic_list": [],</msg>
<msg timestamp="20200724 16:41:59.848" level="INFO">          "pic_list_title": [</msg>
<msg timestamp="20200724 16:41:59.848" level="INFO">            "https://img1.fjdaily.com/app/images/2020-07/03/pic1593734678997.jpg"</msg>
<msg timestamp="20200724 16:41:59.848" level="INFO">          ],</msg>
<msg timestamp="20200724 16:41:59.848" level="INFO">          "emojiID": "",</msg>
<msg timestamp="20200724 16:41:59.848" level="INFO">          "copyright": "0",</msg>
<msg timestamp="20200724 16:41:59.848" level="INFO">          "shortTitle": "于伟国主持召开省委宣传思想工作领导小组会议",</msg>
<msg timestamp="20200724 16:41:59.848" level="INFO">          "picBig": "https://img1.fjdaily.com/app/images/2020-07/03/pic1593734678997.jpg",</msg>
<msg timestamp="20200724 16:41:59.848" level="INFO">          "pic": [],</msg>
<msg timestamp="20200724 16:41:59.848" level="INFO">          "picCount": "0",</msg>
<msg timestamp="20200724 16:41:59.848" level="INFO">          "isTop": false,</msg>
<msg timestamp="20200724 16:41:59.848" level="INFO">          "position": 0,</msg>
<msg timestamp="20200724 16:41:59.848" level="INFO">          "linkTitle": ""</msg>
<msg timestamp="20200724 16:41:59.848" level="INFO">        }</msg>
<msg timestamp="20200724 16:41:59.848" level="INFO">      ]</msg>
<msg timestamp="20200724 16:41:59.848" level="INFO">    },</msg>
<msg timestamp="20200724 16:41:59.848" level="INFO">    {</msg>
<msg timestamp="20200724 16:41:59.848" level="INFO">      "id": 41,</msg>
<msg timestamp="20200724 16:41:59.848" level="INFO">      "name": "王宁",</msg>
<msg timestamp="20200724 16:41:59.848" level="INFO">      "url": "https://img1.fjdaily.com/app/202007/03/f3030802-99a2-4adf-9909-6ecc70e9fe3e.jpg",</msg>
<msg timestamp="20200724 16:41:59.848" level="INFO">      "duty": "中共第十九届中央候补委员，省委副书记，省政府党组书记、副省长、代省长，福州市委书记，兼福州新区党工委书记。",</msg>
<msg timestamp="20200724 16:41:59.848" level="INFO">      "description": "中共第十九届中央候补委员，省委副书记，省政府党组书记、副省长、代省长，福州市委书记，兼福州新区党工委书记。",</msg>
<msg timestamp="20200724 16:41:59.848" level="INFO">      "columnID": 125,</msg>
<msg timestamp="20200724 16:41:59.848" level="INFO">      "groupID": 0,</msg>
<msg timestamp="20200724 16:41:59.848" level="INFO">      "articles": [</msg>
<msg timestamp="20200724 16:41:59.848" level="INFO">        {</msg>
<msg timestamp="20200724 16:41:59.848" level="INFO">          "fileId": 631063,</msg>
<msg timestamp="20200724 16:41:59.848" level="INFO">          "markLocked": false,</msg>
<msg timestamp="20200724 16:41:59.848" level="INFO">          "version": 1595467268000,</msg>
[...]
<msg timestamp="20200724 16:41:59.893" level="INFO">          "picFullScreen": 0,</msg>
<msg timestamp="20200724 16:41:59.893" level="INFO">          "titleDisplay": 0,</msg>
<msg timestamp="20200724 16:41:59.893" level="INFO">          "pubTimeDisplay": 0,</msg>
<msg timestamp="20200724 16:41:59.893" level="INFO">          "shareClosed": 0,</msg>
<msg timestamp="20200724 16:41:59.893" level="INFO">          "listTitle": "夏日炎炎，于伟国唐登杰现场推动重点项目建设",</msg>
<msg timestamp="20200724 16:41:59.893" level="INFO">          "praiseType": 0,</msg>
<msg timestamp="20200724 16:41:59.894" level="INFO">          "isrecommend": 0,</msg>
<msg timestamp="20200724 16:41:59.894" level="INFO">          "subTitle": "",</msg>
<msg timestamp="20200724 16:41:59.894" level="INFO">          "leadTitle": "",</msg>
<msg timestamp="20200724 16:41:59.894" level="INFO">          "picurl": "图片存储;appcms/userfiles/imgCut/pic1592953763889.jpg",</msg>
<msg timestamp="20200724 16:41:59.894" level="INFO">          "ext_sharepic": "图片存储;appcms/userfiles/imgCut/pic1592953763889.jpg",</msg>
<msg timestamp="20200724 16:41:59.894" level="INFO">          "keylist": "",</msg>
<msg timestamp="20200724 16:41:59.894" level="INFO">          "sectionids": "397;1102",</msg>
<msg timestamp="20200724 16:41:59.894" level="INFO">          "newstype": 0,</msg>
<msg timestamp="20200724 16:41:59.894" level="INFO">          "collectcount": 0,</msg>
<msg timestamp="20200724 16:41:59.894" level="INFO">          "edittername": "汪炜娜",</msg>
<msg timestamp="20200724 16:41:59.894" level="INFO">          "iorder": "-37960212.4385355000",</msg>
<msg timestamp="20200724 16:41:59.894" level="INFO">          "sharePicUrl": "",</msg>
<msg timestamp="20200724 16:41:59.894" level="INFO">          "shareTitle": "",</msg>
<msg timestamp="20200724 16:41:59.894" level="INFO">          "shareContent": "",</msg>
<msg timestamp="20200724 16:41:59.894" level="INFO">          "pic_list": [],</msg>
<msg timestamp="20200724 16:41:59.894" level="INFO">          "pic_list_title": [</msg>
<msg timestamp="20200724 16:41:59.894" level="INFO">            "https://img1.fjdaily.com/app/images/2020-06/24/pic1592953763889.jpg"</msg>
<msg timestamp="20200724 16:41:59.894" level="INFO">          ],</msg>
<msg timestamp="20200724 16:41:59.894" level="INFO">          "emojiID": "",</msg>
<msg timestamp="20200724 16:41:59.894" level="INFO">          "copyright": "0",</msg>
<msg timestamp="20200724 16:41:59.894" level="INFO">          "shortTitle": "夏日炎炎，于伟国唐登杰现场推动重点项目建设",</msg>
<msg timestamp="20200724 16:41:59.894" level="INFO">          "picBig": "https://img1.fjdaily.com/app/images/2020-06/24/pic1592953763889.jpg",</msg>
<msg timestamp="20200724 16:41:59.894" level="INFO">          "pic": [],</msg>
<msg timestamp="20200724 16:41:59.894" level="INFO">          "picCount": "0",</msg>
<msg timestamp="20200724 16:41:59.894" level="INFO">          "isTop": false,</msg>
<msg timestamp="20200724 16:41:59.894" level="INFO">          "position": 0,</msg>
<msg timestamp="20200724 16:41:59.894" level="INFO">          "linkTitle": ""</msg>
<msg timestamp="20200724 16:41:59.894" level="INFO">        }</msg>
<msg timestamp="20200724 16:41:59.894" level="INFO">      ]</msg>
<msg timestamp="20200724 16:41:59.894" level="INFO">    }</msg>
<msg timestamp="20200724 16:41:59.894" level="INFO">  ]</msg>
<msg timestamp="20200724 16:41:59.894" level="INFO">}</msg>
<status status="PASS" starttime="20200724 16:41:59.140" endtime="20200724 16:41:59.894"></status>
</kw>
<kw name="Fapi Data To Object" library="FATL.FapiKeywords">
<doc>Convert Fapi response content to python object</doc>
<assign>
<var>${data}</var>
</assign>
<msg timestamp="20200724 16:41:59.896" level="INFO">${data} = [&lt;FATL.Json2Object.Dict2Object object at 0x042D1B20&gt;, &lt;FATL.Json2Object.Dict2Object object at 0x042D14F0&gt;, &lt;FATL.Json2Object.Dict2Object object at 0x042D10D0&gt;, &lt;FATL.Json2Object.Dict2Object object at ...</msg>
<status status="PASS" starttime="20200724 16:41:59.895" endtime="20200724 16:41:59.896"></status>
</kw>
<kw name="Set Suite Variable" library="BuiltIn">
<doc>Makes a variable available everywhere within the scope of the current suite.</doc>
<arguments>
<arg>${response_data}</arg>
<arg>${data}</arg>
</arguments>
<msg timestamp="20200724 16:41:59.897" level="INFO">${response_data} = [&lt;FATL.Json2Object.Dict2Object object at 0x042D1B20&gt;, &lt;FATL.Json2Object.Dict2Object object at 0x042D14F0&gt;, &lt;FATL.Json2Object.Dict2Object object at 0x042D10D0&gt;, &lt;FATL.Json2Object.Dict2Object object at ...</msg>
<status status="PASS" starttime="20200724 16:41:59.896" endtime="20200724 16:41:59.897"></status>
</kw>
<status status="PASS" starttime="20200724 16:41:58.484" endtime="20200724 16:41:59.897"></status>
</kw>
<kw name="Should Be Equal As Strings" library="BuiltIn">
<doc>Fails if objects are unequal after converting them to strings.</doc>
<arguments>
<arg>${response_data[0].duty}</arg>
<arg>${RESULT1}</arg>
</arguments>
<status status="PASS" starttime="20200724 16:41:59.897" endtime="20200724 16:41:59.898"></status>
</kw>
<tags>
<tag>作者：张鹏</tag>
<tag>全部人物列表/人物（张进）</tag>
<tag>冒烟集-新福建App</tag>
</tags>
<status status="PASS" starttime="20200724 16:41:58.481" endtime="20200724 16:41:59.898" critical="yes"></status>
</test>
<kw name="Fapi Delete All Sessions" library="FATL.FapiKeywords" type="teardown">
<doc>Removes all the session objects</doc>
<msg timestamp="20200724 16:41:59.900" level="INFO">Delete All Sessions</msg>
<status status="PASS" starttime="20200724 16:41:59.900" endtime="20200724 16:41:59.901"></status>
</kw>
<doc>全部人物列表</doc>
<status status="PASS" starttime="20200724 16:41:58.434" endtime="20200724 16:41:59.901"></status>
</suite>
<suite id="s1-s5" name="RegionLeaderView" source="D:\jiangbm\XFJ\API\App_Leader\RegionLeaderView.robot">
<kw name="Create Session Common" library="Common" type="setup">
<kw name="Fapi Create Session" library="FATL.FapiKeywords">
<doc>Fapi Create Session: create a HTTP session to a server</doc>
<arguments>
<arg>${APPIF_ALIAS}</arg>
<arg>${APPIF_URL}</arg>
</arguments>
<msg timestamp="20200724 16:41:59.942" level="INFO">Creating Session using : alias=appif, url=https://api1.fjdaily.com/app_if, headers={'APITEST': '1', 'sign': '3eb6e2868d0874a24051b29847508a36', 'time': '1595580118483', 'authtoken': '89e019fceba1486aad9c6ce3e93f5e88'},                     cookies={}, auth=None, timeout=None, proxies=None, verify=False,                     debug=0 </msg>
<status status="PASS" starttime="20200724 16:41:59.942" endtime="20200724 16:41:59.943"></status>
</kw>
<status status="PASS" starttime="20200724 16:41:59.942" endtime="20200724 16:41:59.943"></status>
</kw>
<test id="s1-s5-t1" name="地区分类下有人物信息,接口返回当前地区下的所有人物信息">
<kw name="Region Leader View" library="LeaderCommon">
<doc>地区人物列表</doc>
<arguments>
<arg>${REGIONID0}</arg>
</arguments>
<kw name="Sign" library="authen">
<assign>
<var>${secretinfo}</var>
</assign>
<msg timestamp="20200724 16:42:00.583" level="INFO">${secretinfo} = {'authtoken': '1bb282a65fa4497fa1df9769f95b54bb', 'time': '1595580119946', 'sign': 'ea7abda6ea186cd841e21858bc978c91'}</msg>
<status status="PASS" starttime="20200724 16:41:59.947" endtime="20200724 16:42:00.583"></status>
</kw>
<kw name="Set Variable" library="BuiltIn">
<doc>Returns the given values which can then be assigned to a variables.</doc>
<arguments>
<arg>${secretinfo}[authtoken]</arg>
</arguments>
<assign>
<var>${authtoken}</var>
</assign>
<msg timestamp="20200724 16:42:00.583" level="INFO">${authtoken} = 1bb282a65fa4497fa1df9769f95b54bb</msg>
<status status="PASS" starttime="20200724 16:42:00.583" endtime="20200724 16:42:00.583"></status>
</kw>
<kw name="Set Variable" library="BuiltIn">
<doc>Returns the given values which can then be assigned to a variables.</doc>
<arguments>
<arg>${secretinfo}[time]</arg>
</arguments>
<assign>
<var>${time}</var>
</assign>
<msg timestamp="20200724 16:42:00.584" level="INFO">${time} = 1595580119946</msg>
<status status="PASS" starttime="20200724 16:42:00.584" endtime="20200724 16:42:00.584"></status>
</kw>
<kw name="Set Variable" library="BuiltIn">
<doc>Returns the given values which can then be assigned to a variables.</doc>
<arguments>
<arg>${secretinfo}[sign]</arg>
</arguments>
<assign>
<var>${sign}</var>
</assign>
<msg timestamp="20200724 16:42:00.584" level="INFO">${sign} = ea7abda6ea186cd841e21858bc978c91</msg>
<status status="PASS" starttime="20200724 16:42:00.584" endtime="20200724 16:42:00.585"></status>
</kw>
<kw name="Fapi Headers Set" library="FATL.FapiKeywords">
<doc>Adds the given ``key_value_pairs`` and ``items`` to HTTP request headers.</doc>
<arguments>
<arg>sign</arg>
<arg>${sign}</arg>
<arg>time</arg>
<arg>${time}</arg>
<arg>authtoken</arg>
<arg>${authtoken}</arg>
</arguments>
<status status="PASS" starttime="20200724 16:42:00.585" endtime="20200724 16:42:00.585"></status>
</kw>
<kw name="Fapi Params Set" library="FATL.FapiKeywords">
<doc>Adds the given ``key_value_pairs`` and ``items`` to HTTP request parameters.</doc>
<arguments>
<arg>regionID</arg>
<arg>${regionid}</arg>
<arg>siteId</arg>
<arg>${siteid}</arg>
<arg>curVersions</arg>
<arg>${CURVERSIONS}</arg>
</arguments>
<status status="PASS" starttime="20200724 16:42:00.585" endtime="20200724 16:42:00.586"></status>
</kw>
<kw name="Fapi Get" library="FATL.FapiKeywords">
<doc>Send a GET request on the session object found using the
given `alias`</doc>
<arguments>
<arg>${APPIF_ALIAS}</arg>
<arg>${REGIONLEADERVIEW_URI}</arg>
</arguments>
<msg timestamp="20200724 16:42:00.900" level="INFO">GET Request : url=https://api1.fjdaily.com/app_if/regionleaderView?regionID=195&amp;siteId=1&amp;curVersions=1 
 path_url=/app_if/regionleaderView?regionID=195&amp;siteId=1&amp;curVersions=1 
 headers={'User-Agent': 'python-requests/2.23.0', 'Accept-Encoding': 'gzip, deflate', 'Accept': '*/*', 'Connection': 'keep-alive', 'APITEST': '1', 'sign': 'ea7abda6ea186cd841e21858bc978c91', 'time': '1595580119946', 'authtoken': '1bb282a65fa4497fa1df9769f95b54bb'} 
 body=None 
 </msg>
<msg timestamp="20200724 16:42:00.900" level="INFO">GET Response : url=https://api1.fjdaily.com/app_if/regionleaderView?regionID=195&amp;siteId=1&amp;curVersions=1 
 status=200, reason= 
 body={"status":-1,"message":"Your server has down or target user not exist !","data":{}} 
 </msg>
<msg timestamp="20200724 16:42:00.901" level="INFO">JSON string is : {</msg>
<msg timestamp="20200724 16:42:00.901" level="INFO">  "status": -1,</msg>
<msg timestamp="20200724 16:42:00.901" level="INFO">  "message": "Your server has down or target user not exist !",</msg>
<msg timestamp="20200724 16:42:00.901" level="INFO">  "data": {}</msg>
<msg timestamp="20200724 16:42:00.901" level="INFO">}</msg>
<status status="PASS" starttime="20200724 16:42:00.586" endtime="20200724 16:42:00.901"></status>
</kw>
<kw name="Fapi Data To Object" library="FATL.FapiKeywords">
<doc>Convert Fapi response content to python object</doc>
<assign>
<var>${data}</var>
</assign>
<msg timestamp="20200724 16:42:00.901" level="INFO">${data} = &lt;FATL.Json2Object.Dict2Object object at 0x034BB928&gt;</msg>
<status status="PASS" starttime="20200724 16:42:00.901" endtime="20200724 16:42:00.901"></status>
</kw>
<kw name="Set Suite Variable" library="BuiltIn">
<doc>Makes a variable available everywhere within the scope of the current suite.</doc>
<arguments>
<arg>${response_data}</arg>
<arg>${data}</arg>
</arguments>
<msg timestamp="20200724 16:42:00.903" level="INFO">${response_data} = &lt;FATL.Json2Object.Dict2Object object at 0x034BB928&gt;</msg>
<status status="PASS" starttime="20200724 16:42:00.902" endtime="20200724 16:42:00.903"></status>
</kw>
<status status="PASS" starttime="20200724 16:41:59.946" endtime="20200724 16:42:00.903"></status>
</kw>
<kw name="Should Be Equal As Strings" library="BuiltIn">
<doc>Fails if objects are unequal after converting them to strings.</doc>
<arguments>
<arg>${response_data[0].name}</arg>
<arg>${RESULT}</arg>
</arguments>
<msg timestamp="20200724 16:42:00.904" level="FAIL">Resolving variable '${response_data[0].name}' failed: TypeError: 'Dict2Object' object is not subscriptable</msg>
<status status="FAIL" starttime="20200724 16:42:00.903" endtime="20200724 16:42:00.904"></status>
</kw>
<tags>
<tag>作者：张鹏</tag>
<tag>冒烟集-新福建App</tag>
<tag>地区人物列表/人物（张进）</tag>
</tags>
<status status="FAIL" starttime="20200724 16:41:59.943" endtime="20200724 16:42:00.905" critical="yes">Resolving variable '${response_data[0].name}' failed: TypeError: 'Dict2Object' object is not subscriptable</status>
</test>
<test id="s1-s5-t2" name="地区分类下无人物信息,接口返回为空状态码为-1">
<kw name="Region Leader View" library="LeaderCommon">
<doc>地区人物列表</doc>
<arguments>
<arg>${REGIONID1}</arg>
</arguments>
<kw name="Sign" library="authen">
<assign>
<var>${secretinfo}</var>
</assign>
<msg timestamp="20200724 16:42:02.666" level="INFO">${secretinfo} = {'authtoken': '96c9eefc525241f1a580c41613c4771c', 'time': '1595580120910', 'sign': '590bf7851125ddf24ec2e2d165840f92'}</msg>
<status status="PASS" starttime="20200724 16:42:00.910" endtime="20200724 16:42:02.666"></status>
</kw>
<kw name="Set Variable" library="BuiltIn">
<doc>Returns the given values which can then be assigned to a variables.</doc>
<arguments>
<arg>${secretinfo}[authtoken]</arg>
</arguments>
<assign>
<var>${authtoken}</var>
</assign>
<msg timestamp="20200724 16:42:02.666" level="INFO">${authtoken} = 96c9eefc525241f1a580c41613c4771c</msg>
<status status="PASS" starttime="20200724 16:42:02.666" endtime="20200724 16:42:02.666"></status>
</kw>
<kw name="Set Variable" library="BuiltIn">
<doc>Returns the given values which can then be assigned to a variables.</doc>
<arguments>
<arg>${secretinfo}[time]</arg>
</arguments>
<assign>
<var>${time}</var>
</assign>
<msg timestamp="20200724 16:42:02.667" level="INFO">${time} = 1595580120910</msg>
<status status="PASS" starttime="20200724 16:42:02.667" endtime="20200724 16:42:02.667"></status>
</kw>
<kw name="Set Variable" library="BuiltIn">
<doc>Returns the given values which can then be assigned to a variables.</doc>
<arguments>
<arg>${secretinfo}[sign]</arg>
</arguments>
<assign>
<var>${sign}</var>
</assign>
<msg timestamp="20200724 16:42:02.667" level="INFO">${sign} = 590bf7851125ddf24ec2e2d165840f92</msg>
<status status="PASS" starttime="20200724 16:42:02.667" endtime="20200724 16:42:02.667"></status>
</kw>
<kw name="Fapi Headers Set" library="FATL.FapiKeywords">
<doc>Adds the given ``key_value_pairs`` and ``items`` to HTTP request headers.</doc>
<arguments>
<arg>sign</arg>
<arg>${sign}</arg>
<arg>time</arg>
<arg>${time}</arg>
<arg>authtoken</arg>
<arg>${authtoken}</arg>
</arguments>
<status status="PASS" starttime="20200724 16:42:02.667" endtime="20200724 16:42:02.668"></status>
</kw>
<kw name="Fapi Params Set" library="FATL.FapiKeywords">
<doc>Adds the given ``key_value_pairs`` and ``items`` to HTTP request parameters.</doc>
<arguments>
<arg>regionID</arg>
<arg>${regionid}</arg>
<arg>siteId</arg>
<arg>${siteid}</arg>
<arg>curVersions</arg>
<arg>${CURVERSIONS}</arg>
</arguments>
<status status="PASS" starttime="20200724 16:42:02.668" endtime="20200724 16:42:02.668"></status>
</kw>
<kw name="Fapi Get" library="FATL.FapiKeywords">
<doc>Send a GET request on the session object found using the
given `alias`</doc>
<arguments>
<arg>${APPIF_ALIAS}</arg>
<arg>${REGIONLEADERVIEW_URI}</arg>
</arguments>
<msg timestamp="20200724 16:42:02.735" level="INFO">GET Request : url=https://api1.fjdaily.com/app_if/regionleaderView?regionID=281&amp;siteId=1&amp;curVersions=1 
 path_url=/app_if/regionleaderView?regionID=281&amp;siteId=1&amp;curVersions=1 
 headers={'User-Agent': 'python-requests/2.23.0', 'Accept-Encoding': 'gzip, deflate', 'Accept': '*/*', 'Connection': 'keep-alive', 'APITEST': '1', 'sign': '590bf7851125ddf24ec2e2d165840f92', 'time': '1595580120910', 'authtoken': '96c9eefc525241f1a580c41613c4771c', 'Cookie': 'HWWAFSESID=b18d973a41b6a84da1; HWWAFSESTIME=1595580121646'} 
 body=None 
 </msg>
<msg timestamp="20200724 16:42:02.735" level="INFO">GET Response : url=https://api1.fjdaily.com/app_if/regionleaderView?regionID=281&amp;siteId=1&amp;curVersions=1 
 status=200, reason= 
 body={"status":-1,"message":"Your server has down or target user not exist !","data":{}} 
 </msg>
<msg timestamp="20200724 16:42:02.735" level="INFO">JSON string is : {</msg>
<msg timestamp="20200724 16:42:02.735" level="INFO">  "status": -1,</msg>
<msg timestamp="20200724 16:42:02.735" level="INFO">  "message": "Your server has down or target user not exist !",</msg>
<msg timestamp="20200724 16:42:02.735" level="INFO">  "data": {}</msg>
<msg timestamp="20200724 16:42:02.736" level="INFO">}</msg>
<status status="PASS" starttime="20200724 16:42:02.668" endtime="20200724 16:42:02.736"></status>
</kw>
<kw name="Fapi Data To Object" library="FATL.FapiKeywords">
<doc>Convert Fapi response content to python object</doc>
<assign>
<var>${data}</var>
</assign>
<msg timestamp="20200724 16:42:02.736" level="INFO">${data} = &lt;FATL.Json2Object.Dict2Object object at 0x042C4898&gt;</msg>
<status status="PASS" starttime="20200724 16:42:02.736" endtime="20200724 16:42:02.736"></status>
</kw>
<kw name="Set Suite Variable" library="BuiltIn">
<doc>Makes a variable available everywhere within the scope of the current suite.</doc>
<arguments>
<arg>${response_data}</arg>
<arg>${data}</arg>
</arguments>
<msg timestamp="20200724 16:42:02.737" level="INFO">${response_data} = &lt;FATL.Json2Object.Dict2Object object at 0x042C4898&gt;</msg>
<status status="PASS" starttime="20200724 16:42:02.736" endtime="20200724 16:42:02.737"></status>
</kw>
<status status="PASS" starttime="20200724 16:42:00.910" endtime="20200724 16:42:02.737"></status>
</kw>
<kw name="Fapi Status Should Be" library="FATL.FapiKeywords">
<doc>Fapi response status code should be equal to the `expectedCode`</doc>
<arguments>
<arg>${STATUS}</arg>
</arguments>
<msg timestamp="20200724 16:42:02.737" level="INFO">Actual status code is: -1</msg>
<status status="PASS" starttime="20200724 16:42:02.737" endtime="20200724 16:42:02.737"></status>
</kw>
<tags>
<tag>作者：张鹏</tag>
<tag>冒烟集-新福建App</tag>
<tag>地区人物列表/人物（张进）</tag>
</tags>
<status status="PASS" starttime="20200724 16:42:00.906" endtime="20200724 16:42:02.738" critical="yes"></status>
</test>
<kw name="Fapi Delete All Sessions" library="FATL.FapiKeywords" type="teardown">
<doc>Removes all the session objects</doc>
<msg timestamp="20200724 16:42:02.739" level="INFO">Delete All Sessions</msg>
<status status="PASS" starttime="20200724 16:42:02.739" endtime="20200724 16:42:02.740"></status>
</kw>
<doc>地区人物列表</doc>
<status status="FAIL" starttime="20200724 16:41:59.914" endtime="20200724 16:42:02.740"></status>
</suite>
<status status="FAIL" starttime="20200724 16:41:48.810" endtime="20200724 16:42:02.743"></status>
</suite>
<statistics>
<total>
<stat pass="8" fail="1">Critical Tests</stat>
<stat pass="8" fail="1">All Tests</stat>
</total>
<tag>
<stat pass="2" fail="0">人物分类列表/人物（张进）</stat>
<stat pass="2" fail="0">人物详情/人物（张进）</stat>
<stat pass="8" fail="1">作者：张鹏</stat>
<stat pass="1" fail="0">全部人物列表/人物（张进）</stat>
<stat pass="8" fail="1">冒烟集-新福建App</stat>
<stat pass="2" fail="0">分类人物列表/人物（张进）</stat>
<stat pass="1" fail="1">地区人物列表/人物（张进）</stat>
</tag>
<suite>
<stat pass="8" fail="1" id="s1" name="App Leader">App Leader</stat>
<stat pass="2" fail="0" id="s1-s1" name="CatLeaderView">App Leader.CatLeaderView</stat>
<stat pass="2" fail="0" id="s1-s2" name="Leader">App Leader.Leader</stat>
<stat pass="2" fail="0" id="s1-s3" name="LeaderCats">App Leader.LeaderCats</stat>
<stat pass="1" fail="0" id="s1-s4" name="LeaderView">App Leader.LeaderView</stat>
<stat pass="1" fail="1" id="s1-s5" name="RegionLeaderView">App Leader.RegionLeaderView</stat>
</suite>
</statistics>
<errors>
<msg timestamp="20200724 16:41:48.859" level="ERROR">Error in file 'D:\jiangbm\XFJ\API\App_Leader\LeaderCommon.robot' on line 4: Setting 'Force Tags' is not allowed in resource file.</msg>
</errors>
</robot>
