<?xml version="1.0" encoding="UTF-8"?>
<robot generator="Robot 3.1.1 (Python 3.6.5 on win32)" generated="20200506 16:55:52.606" rpa="false">
<suite id="s1" name="RegionLeaderView" source="D:\XFJ\API\App_Leader\RegionLeaderView.robot">
<kw name="Create Session Common" library="Common" type="setup">
<kw name="Fapi Create Session" library="FATL">
<doc>Fapi Create Session: create a HTTP session to a server</doc>
<arguments>
<arg>${APPIF_ALIAS}</arg>
<arg>${APPIF_URL}</arg>
</arguments>
<msg timestamp="20200506 16:55:53.105" level="INFO">Creating Session using : alias=appif, url=https://api1.fjdaily.com/app_if, headers={'APITEST': '1'},                     cookies=None, auth=None, timeout=None, proxies=None, verify=False,                     debug=0 </msg>
<status status="PASS" starttime="20200506 16:55:53.105" endtime="20200506 16:55:53.106"></status>
</kw>
<status status="PASS" starttime="20200506 16:55:53.104" endtime="20200506 16:55:53.106"></status>
</kw>
<test id="s1-t1" name="地区分类下有人物信息,接口返回当前地区下的所有人物信息">
<kw name="Region Leader View" library="LeaderCommon">
<doc>地区人物列表</doc>
<arguments>
<arg>${REGIONID0}</arg>
</arguments>
<kw name="Fapi Params Set" library="FATL">
<doc>Adds the given ``key_value_pairs`` and ``items`` to HTTP request parameters.</doc>
<arguments>
<arg>regionID</arg>
<arg>${regionid}</arg>
<arg>siteId</arg>
<arg>${siteid}</arg>
<arg>curVersions</arg>
<arg>${CURVERSIONS}</arg>
</arguments>
<status status="PASS" starttime="20200506 16:55:53.112" endtime="20200506 16:55:53.112"></status>
</kw>
<kw name="Fapi Get" library="FATL">
<doc>Send a GET request on the session object found using the
given `alias`</doc>
<arguments>
<arg>${APPIF_ALIAS}</arg>
<arg>${REGIONLEADERVIEW_URI}</arg>
</arguments>
<msg timestamp="20200506 16:55:53.309" level="INFO">Get Request using : alias=appif, uri=/regionleaderView, headers={'APITEST': '1'} json=None</msg>
<msg timestamp="20200506 16:55:53.309" level="INFO">JSON string is : {</msg>
<msg timestamp="20200506 16:55:53.309" level="INFO">  "status": 0,</msg>
<msg timestamp="20200506 16:55:53.309" level="INFO">  "message": "success",</msg>
<msg timestamp="20200506 16:55:53.309" level="INFO">  "data": [</msg>
<msg timestamp="20200506 16:55:53.309" level="INFO">    {</msg>
<msg timestamp="20200506 16:55:53.309" level="INFO">      "id": 32,</msg>
<msg timestamp="20200506 16:55:53.309" level="INFO">      "name": "王宁",</msg>
<msg timestamp="20200506 16:55:53.309" level="INFO">      "url": "https://img1.fjdaily.com/app/resource/202004/03/ae3c346b-1391-4eeb-b84f-8e4cb0ad2e58.jpg",</msg>
<msg timestamp="20200506 16:55:53.309" level="INFO">      "duty": "福建省委副书记、福州市委书记",</msg>
<msg timestamp="20200506 16:55:53.310" level="INFO">      "description": "福建省委副书记、福州市委书记",</msg>
<msg timestamp="20200506 16:55:53.310" level="INFO">      "columnID": 127,</msg>
<msg timestamp="20200506 16:55:53.310" level="INFO">      "groupID": 0</msg>
<msg timestamp="20200506 16:55:53.310" level="INFO">    },</msg>
<msg timestamp="20200506 16:55:53.310" level="INFO">    {</msg>
<msg timestamp="20200506 16:55:53.310" level="INFO">      "id": 42,</msg>
<msg timestamp="20200506 16:55:53.310" level="INFO">      "name": "李德金",</msg>
<msg timestamp="20200506 16:55:53.310" level="INFO">      "url": "https://img1.fjdaily.com/app/resource/202004/09/fa1dff1b-e1bc-41fd-9621-49b3736a63e6.jpg",</msg>
<msg timestamp="20200506 16:55:53.310" level="INFO">      "duty": "省政府副省长、党组成员",</msg>
<msg timestamp="20200506 16:55:53.310" level="INFO">      "description": "省政府副省长、党组成员",</msg>
<msg timestamp="20200506 16:55:53.310" level="INFO">      "columnID": 0,</msg>
<msg timestamp="20200506 16:55:53.310" level="INFO">      "groupID": 0</msg>
<msg timestamp="20200506 16:55:53.310" level="INFO">    },</msg>
<msg timestamp="20200506 16:55:53.310" level="INFO">    {</msg>
<msg timestamp="20200506 16:55:53.310" level="INFO">      "id": 44,</msg>
<msg timestamp="20200506 16:55:53.310" level="INFO">      "name": "田湘利",</msg>
<msg timestamp="20200506 16:55:53.310" level="INFO">      "url": "https://img1.fjdaily.com/app/resource/202004/09/ca966da9-9a3c-48ac-8c6c-1cfd39e8c45e.jpg",</msg>
<msg timestamp="20200506 16:55:53.310" level="INFO">      "duty": "省政府副省长、党组成员，省公安厅党委书记、厅长",</msg>
<msg timestamp="20200506 16:55:53.310" level="INFO">      "description": "省政府副省长、党组成员，省公安厅党委书记、厅长",</msg>
<msg timestamp="20200506 16:55:53.310" level="INFO">      "columnID": 0,</msg>
<msg timestamp="20200506 16:55:53.310" level="INFO">      "groupID": 0</msg>
<msg timestamp="20200506 16:55:53.310" level="INFO">    },</msg>
<msg timestamp="20200506 16:55:53.311" level="INFO">    {</msg>
<msg timestamp="20200506 16:55:53.311" level="INFO">      "id": 45,</msg>
<msg timestamp="20200506 16:55:53.311" level="INFO">      "name": "郑建闽",</msg>
<msg timestamp="20200506 16:55:53.311" level="INFO">      "url": "https://img1.fjdaily.com/app/resource/202004/09/39638ef9-e401-486c-b7ff-026bf25bd43d.jpg",</msg>
<msg timestamp="20200506 16:55:53.311" level="INFO">      "duty": "十三届全国政协常委,台盟中央副主席、福建省委会主委，省政府副省长",</msg>
<msg timestamp="20200506 16:55:53.311" level="INFO">      "description": "十三届全国政协常委,台盟中央副主席、福建省委会主委，省政府副省长",</msg>
<msg timestamp="20200506 16:55:53.311" level="INFO">      "columnID": 0,</msg>
<msg timestamp="20200506 16:55:53.311" level="INFO">      "groupID": 0</msg>
<msg timestamp="20200506 16:55:53.311" level="INFO">    },</msg>
<msg timestamp="20200506 16:55:53.311" level="INFO">    {</msg>
<msg timestamp="20200506 16:55:53.311" level="INFO">      "id": 46,</msg>
<msg timestamp="20200506 16:55:53.311" level="INFO">      "name": "郭宁宁",</msg>
<msg timestamp="20200506 16:55:53.311" level="INFO">      "url": "https://img1.fjdaily.com/app/resource/202004/09/3db80f30-d751-4120-8373-f8e123639e8e.jpg",</msg>
<msg timestamp="20200506 16:55:53.311" level="INFO">      "duty": "省政府副省长、党组成员",</msg>
<msg timestamp="20200506 16:55:53.311" level="INFO">      "description": "省政府副省长、党组成员",</msg>
<msg timestamp="20200506 16:55:53.311" level="INFO">      "columnID": 78,</msg>
<msg timestamp="20200506 16:55:53.311" level="INFO">      "groupID": 0</msg>
<msg timestamp="20200506 16:55:53.311" level="INFO">    },</msg>
<msg timestamp="20200506 16:55:53.311" level="INFO">    {</msg>
<msg timestamp="20200506 16:55:53.311" level="INFO">      "id": 47,</msg>
<msg timestamp="20200506 16:55:53.311" level="INFO">      "name": "林宝金",</msg>
<msg timestamp="20200506 16:55:53.311" level="INFO">      "url": "https://img1.fjdaily.com/app/resource/202004/09/120586f4-ac74-46ea-b138-308b9b225922.jpg",</msg>
<msg timestamp="20200506 16:55:53.312" level="INFO">      "duty": "",</msg>
<msg timestamp="20200506 16:55:53.312" level="INFO">      "description": "",</msg>
<msg timestamp="20200506 16:55:53.312" level="INFO">      "columnID": 0,</msg>
<msg timestamp="20200506 16:55:53.312" level="INFO">      "groupID": 0</msg>
<msg timestamp="20200506 16:55:53.312" level="INFO">    },</msg>
<msg timestamp="20200506 16:55:53.312" level="INFO">    {</msg>
<msg timestamp="20200506 16:55:53.312" level="INFO">      "id": 19,</msg>
<msg timestamp="20200506 16:55:53.312" level="INFO">      "name": "尤猛军",</msg>
<msg timestamp="20200506 16:55:53.312" level="INFO">      "url": "https://img1.fjdaily.com/app/resource/202004/03/0403f8b7-9e3c-4cdb-994b-be321e3b6c7d.jpg",</msg>
<msg timestamp="20200506 16:55:53.312" level="INFO">      "duty": "福建省福州市委副书记、市长，福州新区管理委员会主任（兼）",</msg>
<msg timestamp="20200506 16:55:53.312" level="INFO">      "description": "福建省福州市委副书记、市长，福州新区管理委员会主任（兼）",</msg>
<msg timestamp="20200506 16:55:53.312" level="INFO">      "columnID": 128,</msg>
<msg timestamp="20200506 16:55:53.312" level="INFO">      "groupID": 0</msg>
<msg timestamp="20200506 16:55:53.312" level="INFO">    }</msg>
<msg timestamp="20200506 16:55:53.312" level="INFO">  ]</msg>
<msg timestamp="20200506 16:55:53.312" level="INFO">}</msg>
<msg timestamp="20200506 16:55:53.312" level="INFO">d:\python\lib\site-packages\urllib3\connectionpool.py:851: InsecureRequestWarning: Unverified HTTPS request is being made. Adding certificate verification is strongly advised. See: https://urllib3.readthedocs.io/en/latest/advanced-usage.html#ssl-warnings
  InsecureRequestWarning)</msg>
<status status="PASS" starttime="20200506 16:55:53.112" endtime="20200506 16:55:53.313"></status>
</kw>
<kw name="Fapi Data To Object" library="FATL">
<doc>Convert Fapi response content to python object</doc>
<assign>
<var>${data}</var>
</assign>
<msg timestamp="20200506 16:55:53.314" level="INFO">${data} = [&lt;FATL.Json2Object.Dict2Object object at 0x0000018A98A0DA58&gt;, &lt;FATL.Json2Object.Dict2Object object at 0x0000018A98A0D978&gt;, &lt;FATL.Json2Object.Dict2Object object at 0x0000018A98A0DA20&gt;, &lt;FATL.Json2Objec...</msg>
<status status="PASS" starttime="20200506 16:55:53.313" endtime="20200506 16:55:53.314"></status>
</kw>
<kw name="Set Suite Variable" library="BuiltIn">
<doc>Makes a variable available everywhere within the scope of the current suite.</doc>
<arguments>
<arg>${response_data}</arg>
<arg>${data}</arg>
</arguments>
<msg timestamp="20200506 16:55:53.315" level="INFO">${response_data} = [&lt;FATL.Json2Object.Dict2Object object at 0x0000018A98A0DA58&gt;, &lt;FATL.Json2Object.Dict2Object object at 0x0000018A98A0D978&gt;, &lt;FATL.Json2Object.Dict2Object object at 0x0000018A98A0DA20&gt;, &lt;FATL.Json2Objec...</msg>
<status status="PASS" starttime="20200506 16:55:53.314" endtime="20200506 16:55:53.315"></status>
</kw>
<status status="PASS" starttime="20200506 16:55:53.111" endtime="20200506 16:55:53.316"></status>
</kw>
<kw name="Should Be Equal As Strings" library="BuiltIn">
<doc>Fails if objects are unequal after converting them to strings.</doc>
<arguments>
<arg>${response_data[0].name}</arg>
<arg>${RESULT}</arg>
</arguments>
<status status="PASS" starttime="20200506 16:55:53.316" endtime="20200506 16:55:53.317"></status>
</kw>
<tags>
<tag>作者：张鹏</tag>
<tag>冒烟集-新福建App</tag>
<tag>地区人物列表/人物（张进）</tag>
</tags>
<status status="PASS" starttime="20200506 16:55:53.106" endtime="20200506 16:55:53.317" critical="yes"></status>
</test>
<test id="s1-t2" name="地区分类下无人物信息,接口返回为空状态码为-1">
<kw name="Region Leader View" library="LeaderCommon">
<doc>地区人物列表</doc>
<arguments>
<arg>${REGIONID1}</arg>
</arguments>
<kw name="Fapi Params Set" library="FATL">
<doc>Adds the given ``key_value_pairs`` and ``items`` to HTTP request parameters.</doc>
<arguments>
<arg>regionID</arg>
<arg>${regionid}</arg>
<arg>siteId</arg>
<arg>${siteid}</arg>
<arg>curVersions</arg>
<arg>${CURVERSIONS}</arg>
</arguments>
<status status="PASS" starttime="20200506 16:55:53.326" endtime="20200506 16:55:53.326"></status>
</kw>
<kw name="Fapi Get" library="FATL">
<doc>Send a GET request on the session object found using the
given `alias`</doc>
<arguments>
<arg>${APPIF_ALIAS}</arg>
<arg>${REGIONLEADERVIEW_URI}</arg>
</arguments>
<msg timestamp="20200506 16:55:53.400" level="INFO">Get Request using : alias=appif, uri=/regionleaderView, headers={'APITEST': '1'} json=None</msg>
<msg timestamp="20200506 16:55:53.400" level="INFO">JSON string is : {</msg>
<msg timestamp="20200506 16:55:53.400" level="INFO">  "status": -1,</msg>
<msg timestamp="20200506 16:55:53.400" level="INFO">  "message": "Your server has down or target user not exist !",</msg>
<msg timestamp="20200506 16:55:53.400" level="INFO">  "data": {}</msg>
<msg timestamp="20200506 16:55:53.400" level="INFO">}</msg>
<msg timestamp="20200506 16:55:53.401" level="INFO">d:\python\lib\site-packages\urllib3\connectionpool.py:851: InsecureRequestWarning: Unverified HTTPS request is being made. Adding certificate verification is strongly advised. See: https://urllib3.readthedocs.io/en/latest/advanced-usage.html#ssl-warnings
  InsecureRequestWarning)</msg>
<status status="PASS" starttime="20200506 16:55:53.327" endtime="20200506 16:55:53.401"></status>
</kw>
<kw name="Fapi Data To Object" library="FATL">
<doc>Convert Fapi response content to python object</doc>
<assign>
<var>${data}</var>
</assign>
<msg timestamp="20200506 16:55:53.402" level="INFO">${data} = &lt;FATL.Json2Object.Dict2Object object at 0x0000018A98A0D198&gt;</msg>
<status status="PASS" starttime="20200506 16:55:53.401" endtime="20200506 16:55:53.402"></status>
</kw>
<kw name="Set Suite Variable" library="BuiltIn">
<doc>Makes a variable available everywhere within the scope of the current suite.</doc>
<arguments>
<arg>${response_data}</arg>
<arg>${data}</arg>
</arguments>
<msg timestamp="20200506 16:55:53.403" level="INFO">${response_data} = &lt;FATL.Json2Object.Dict2Object object at 0x0000018A98A0D198&gt;</msg>
<status status="PASS" starttime="20200506 16:55:53.402" endtime="20200506 16:55:53.403"></status>
</kw>
<status status="PASS" starttime="20200506 16:55:53.325" endtime="20200506 16:55:53.403"></status>
</kw>
<kw name="Fapi Status Should Be" library="FATL">
<doc>Fapi response status code should be equal to the `expectedCode`</doc>
<arguments>
<arg>${STATUS}</arg>
</arguments>
<msg timestamp="20200506 16:55:53.404" level="INFO">Actual status code is: -1</msg>
<status status="PASS" starttime="20200506 16:55:53.404" endtime="20200506 16:55:53.404"></status>
</kw>
<tags>
<tag>作者：张鹏</tag>
<tag>冒烟集-新福建App</tag>
<tag>地区人物列表/人物（张进）</tag>
</tags>
<status status="PASS" starttime="20200506 16:55:53.320" endtime="20200506 16:55:53.405" critical="yes"></status>
</test>
<kw name="Fapi Delete All Sessions" library="FATL" type="teardown">
<doc>Removes all the session objects</doc>
<msg timestamp="20200506 16:55:53.408" level="INFO">Delete All Sessions</msg>
<status status="PASS" starttime="20200506 16:55:53.407" endtime="20200506 16:55:53.408"></status>
</kw>
<doc>地区人物列表</doc>
<status status="PASS" starttime="20200506 16:55:52.611" endtime="20200506 16:55:53.408"></status>
</suite>
<statistics>
<total>
<stat pass="2" fail="0">Critical Tests</stat>
<stat pass="2" fail="0">All Tests</stat>
</total>
<tag>
<stat pass="2" fail="0">作者：张鹏</stat>
<stat pass="2" fail="0">冒烟集-新福建App</stat>
<stat pass="2" fail="0">地区人物列表/人物（张进）</stat>
</tag>
<suite>
<stat pass="2" fail="0" id="s1" name="RegionLeaderView">RegionLeaderView</stat>
</suite>
</statistics>
<errors>
<msg timestamp="20200506 16:55:52.644" level="ERROR">Error in file 'D:\XFJ\API\App_Leader\LeaderCommon.robot': Non-existing setting 'Force Tags'.</msg>
<msg timestamp="20200506 16:55:52.645" level="ERROR">Error in file 'D:\XFJ\API\App_Leader\LeaderCommon.robot': Non-existing setting '...'.</msg>
</errors>
</robot>
