<?xml version="1.0" encoding="UTF-8"?>
<robot generator="Robot 3.1.1 (Python 3.6.5 on win32)" generated="20200414 16:12:43.493" rpa="false">
<suite id="s1" name="SearchAll" source="D:\XFJ\API\App_SearchAll\SearchAll.robot">
<kw name="Create Session Common" library="Common" type="setup">
<kw name="Fapi Create Session" library="FATL">
<doc>Fapi Create Session: create a HTTP session to a server</doc>
<arguments>
<arg>${APPIF_ALIAS}</arg>
<arg>${APPIF_URL}</arg>
</arguments>
<msg timestamp="20200414 16:12:44.361" level="INFO">Creating Session using : alias=appif, url=https://api1.fjdaily.com/app_if, headers={'APITEST': '1'},                     cookies=None, auth=None, timeout=None, proxies=None, verify=False,                     debug=0 </msg>
<status status="PASS" starttime="20200414 16:12:44.361" endtime="20200414 16:12:44.362"></status>
</kw>
<status status="PASS" starttime="20200414 16:12:44.360" endtime="20200414 16:12:44.362"></status>
</kw>
<test id="s1-t1" name="读取首页所有栏目数据,接口返回所有栏目查询结果">
<kw name="Get SearchAll" library="SearchAll_Common">
<doc>检索某栏目及其子孙栏目的稿件接口</doc>
<arguments>
<arg>${COLUMNID}</arg>
<arg>${KEY}</arg>
<arg>${START}</arg>
<arg>${COUNT}</arg>
</arguments>
<kw name="Fapi Params Set" library="FATL">
<doc>Adds the given ``key_value_pairs`` and ``items`` to HTTP request parameters.</doc>
<arguments>
<arg>columnId</arg>
<arg>${columnid}</arg>
<arg>key</arg>
<arg>${key}</arg>
<arg>start</arg>
<arg>${start}</arg>
<arg>count</arg>
<arg>${count}</arg>
<arg>siteid</arg>
<arg>${siteid}</arg>
<arg>articleType</arg>
<arg>${articletype}</arg>
<arg>curVersions</arg>
<arg>${CURVERSIONS}</arg>
</arguments>
<status status="PASS" starttime="20200414 16:12:44.395" endtime="20200414 16:12:44.396"></status>
</kw>
<kw name="Fapi Get" library="FATL">
<doc>Send a GET request on the session object found using the
given `alias`</doc>
<arguments>
<arg>${APPIF_ALIAS}</arg>
<arg>${GETSEARCHALL_URI}</arg>
</arguments>
<msg timestamp="20200414 16:12:48.369" level="INFO">Get Request using : alias=appif, uri=/searchAll, headers={'APITEST': '1'} json=None</msg>
<msg timestamp="20200414 16:12:48.377" level="INFO">JSON string is : {</msg>
<msg timestamp="20200414 16:12:48.377" level="INFO">  "status": 0,</msg>
<msg timestamp="20200414 16:12:48.377" level="INFO">  "message": "success",</msg>
<msg timestamp="20200414 16:12:48.377" level="INFO">  "data": [</msg>
<msg timestamp="20200414 16:12:48.378" level="INFO">    {</msg>
<msg timestamp="20200414 16:12:48.378" level="INFO">      "fileId": 1062,</msg>
<msg timestamp="20200414 16:12:48.378" level="INFO">      "markLocked": false,</msg>
<msg timestamp="20200414 16:12:48.378" level="INFO">      "version": 1585738348000,</msg>
<msg timestamp="20200414 16:12:48.378" level="INFO">      "isRel": 0,</msg>
<msg timestamp="20200414 16:12:48.378" level="INFO">      "realPubTime": "2020-04-01 18:52:28.0",</msg>
<msg timestamp="20200414 16:12:48.378" level="INFO">      "title": "测试\\\\",</msg>
<msg timestamp="20200414 16:12:48.378" level="INFO">      "textTitle": "测试\\\\",</msg>
<msg timestamp="20200414 16:12:48.378" level="INFO">      "attAbstract": "",</msg>
<msg timestamp="20200414 16:12:48.378" level="INFO">      "textAbstract": "",</msg>
<msg timestamp="20200414 16:12:48.378" level="INFO">      "arthorID": 24,</msg>
<msg timestamp="20200414 16:12:48.379" level="INFO">      "arthorName": "",</msg>
<msg timestamp="20200414 16:12:48.379" level="INFO">      "reporter": "",</msg>
<msg timestamp="20200414 16:12:48.379" level="INFO">      "publishtime": "2020-03-26 09:14:10.0",</msg>
<msg timestamp="20200414 16:12:48.379" level="INFO">      "articleType": 0,</msg>
<msg timestamp="20200414 16:12:48.379" level="INFO">      "tag": "",</msg>
<msg timestamp="20200414 16:12:48.379" level="INFO">      "trade": "",</msg>
<msg timestamp="20200414 16:12:48.379" level="INFO">      "tradeID": "",</msg>
<msg timestamp="20200414 16:12:48.379" level="INFO">      "colName": "首页~test栏目",</msg>
<msg timestamp="20200414 16:12:48.379" level="INFO">      "columnCasName": "首页~test栏目",</msg>
<msg timestamp="20200414 16:12:48.379" level="INFO">      "colID": 77,</msg>
<msg timestamp="20200414 16:12:48.380" level="INFO">      "colIcon": "",</msg>
<msg timestamp="20200414 16:12:48.380" level="INFO">      "mark": "",</msg>
<msg timestamp="20200414 16:12:48.380" level="INFO">      "source": "",</msg>
<msg timestamp="20200414 16:12:48.380" level="INFO">      "sourceUrl": "",</msg>
<msg timestamp="20200414 16:12:48.380" level="INFO">      "multimediaLink": "",</msg>
<msg timestamp="20200414 16:12:48.380" level="INFO">      "shareUrl": "https://img1.fjdaily.com/app/content/2020-03/26/content_1062.html",</msg>
<msg timestamp="20200414 16:12:48.380" level="INFO">      "url": "",</msg>
<msg timestamp="20200414 16:12:48.380" level="INFO">      "urlPad": "https://img1.fjdaily.com/app/content/2020-03/26/content_1062.html",</msg>
<msg timestamp="20200414 16:12:48.380" level="INFO">      "isBigPic": 0,</msg>
<msg timestamp="20200414 16:12:48.380" level="INFO">      "bigPic": 0,</msg>
<msg timestamp="20200414 16:12:48.380" level="INFO">      "isExclusive": 0,</msg>
<msg timestamp="20200414 16:12:48.381" level="INFO">      "contentUrl": "https://api1.fjdaily.com/app_if/getArticleContent?articleId=1062",</msg>
<msg timestamp="20200414 16:12:48.381" level="INFO">      "linkID": 0,</msg>
<msg timestamp="20200414 16:12:48.381" level="INFO">      "linkType": 0,</msg>
<msg timestamp="20200414 16:12:48.381" level="INFO">      "linkName": "",</msg>
<msg timestamp="20200414 16:12:48.381" level="INFO">      "countClick": 83,</msg>
<msg timestamp="20200414 16:12:48.381" level="INFO">      "countClickInitial": 0,</msg>
<msg timestamp="20200414 16:12:48.381" level="INFO">      "countClickReal": 1,</msg>
<msg timestamp="20200414 16:12:48.381" level="INFO">      "countClickFake": 82,</msg>
<msg timestamp="20200414 16:12:48.381" level="INFO">      "countShareClick": 0,</msg>
<msg timestamp="20200414 16:12:48.381" level="INFO">      "rssID": 0,</msg>
<msg timestamp="20200414 16:12:48.381" level="INFO">      "rss": "",</msg>
<msg timestamp="20200414 16:12:48.381" level="INFO">      "rssType": 0,</msg>
<msg timestamp="20200414 16:12:48.382" level="INFO">      "discussClosed": "0",</msg>
<msg timestamp="20200414 16:12:48.382" level="INFO">      "countDiscuss": 0,</msg>
<msg timestamp="20200414 16:12:48.382" level="INFO">      "countPraise": 0,</msg>
<msg timestamp="20200414 16:12:48.382" level="INFO">      "countShare": 0,</msg>
<msg timestamp="20200414 16:12:48.382" level="INFO">      "extGroupID": 0,</msg>
<msg timestamp="20200414 16:12:48.382" level="INFO">      "picType": 1,</msg>
<msg timestamp="20200414 16:12:48.382" level="INFO">      "listType": 0,</msg>
<msg timestamp="20200414 16:12:48.382" level="INFO">      "picFullScreen": 0,</msg>
<msg timestamp="20200414 16:12:48.382" level="INFO">      "titleDisplay": 0,</msg>
<msg timestamp="20200414 16:12:48.382" level="INFO">      "pubTimeDisplay": 0,</msg>
<msg timestamp="20200414 16:12:48.382" level="INFO">      "shareClosed": 0,</msg>
<msg timestamp="20200414 16:12:48.382" level="INFO">      "listTitle": "",</msg>
<msg timestamp="20200414 16:12:48.382" level="INFO">      "praiseType": 0,</msg>
<msg timestamp="20200414 16:12:48.382" level="INFO">      "isrecommend": 0,</msg>
<msg timestamp="20200414 16:12:48.382" level="INFO">      "subTitle": "",</msg>
<msg timestamp="20200414 16:12:48.382" level="INFO">      "leadTitle": "",</msg>
<msg timestamp="20200414 16:12:48.382" level="INFO">      "picurl": "图片存储;xy/202003/24/f0d38993-f5b9-42b7-ab37-87e3b67ad055.jpg",</msg>
<msg timestamp="20200414 16:12:48.382" level="INFO">      "ext_sharepic": "图片存储;xy/202003/24/f0d38993-f5b9-42b7-ab37-87e3b67ad055.jpg",</msg>
<msg timestamp="20200414 16:12:48.382" level="INFO">      "keylist": "",</msg>
<msg timestamp="20200414 16:12:48.383" level="INFO">      "sectionids": "77",</msg>
<msg timestamp="20200414 16:12:48.383" level="INFO">      "newstype": 0,</msg>
<msg timestamp="20200414 16:12:48.383" level="INFO">      "collectcount": 0,</msg>
<msg timestamp="20200414 16:12:48.383" level="INFO">      "edittername": "黄羽",</msg>
<msg timestamp="20200414 16:12:48.383" level="INFO">      "iorder": "-17820091.3001062000",</msg>
<msg timestamp="20200414 16:12:48.383" level="INFO">      "picauthor": "",</msg>
<msg timestamp="20200414 16:12:48.383" level="INFO">      "picauthorid": "",</msg>
<msg timestamp="20200414 16:12:48.383" level="INFO">      "videoauthor": "",</msg>
<msg timestamp="20200414 16:12:48.383" level="INFO">      "videoauthorid": "",</msg>
<msg timestamp="20200414 16:12:48.383" level="INFO">      "sharePicUrl": "",</msg>
<msg timestamp="20200414 16:12:48.383" level="INFO">      "shareTitle": "",</msg>
<msg timestamp="20200414 16:12:48.383" level="INFO">      "shareContent": "",</msg>
<msg timestamp="20200414 16:12:48.383" level="INFO">      "pic_list": [],</msg>
<msg timestamp="20200414 16:12:48.383" level="INFO">      "pic_list_title": [</msg>
<msg timestamp="20200414 16:12:48.383" level="INFO">        "https://img1.fjdaily.com/app/images/2020-03/26/f0d38993-f5b9-42b7-ab37-87e3b67ad055.jpg"</msg>
<msg timestamp="20200414 16:12:48.383" level="INFO">      ],</msg>
<msg timestamp="20200414 16:12:48.383" level="INFO">      "emojiID": "",</msg>
<msg timestamp="20200414 16:12:48.384" level="INFO">      "copyright": "0",</msg>
<msg timestamp="20200414 16:12:48.384" level="INFO">      "picBig": "https://img1.fjdaily.com/app/images/2020-03/26/f0d38993-f5b9-42b7-ab37-87e3b67ad055.jpg",</msg>
<msg timestamp="20200414 16:12:48.384" level="INFO">      "pic": [],</msg>
<msg timestamp="20200414 16:12:48.384" level="INFO">      "picCount": "0",</msg>
<msg timestamp="20200414 16:12:48.384" level="INFO">      "isTop": false,</msg>
<msg timestamp="20200414 16:12:48.384" level="INFO">      "position": 0</msg>
<msg timestamp="20200414 16:12:48.384" level="INFO">    },</msg>
<msg timestamp="20200414 16:12:48.384" level="INFO">    {</msg>
<msg timestamp="20200414 16:12:48.384" level="INFO">      "fileId": 1577,</msg>
<msg timestamp="20200414 16:12:48.384" level="INFO">      "markLocked": false,</msg>
<msg timestamp="20200414 16:12:48.384" level="INFO">      "version": 1585881084000,</msg>
<msg timestamp="20200414 16:12:48.384" level="INFO">      "isRel": 0,</msg>
<msg timestamp="20200414 16:12:48.384" level="INFO">      "realPubTime": "2020-04-03 10:31:24.0",</msg>
<msg timestamp="20200414 16:12:48.384" level="INFO">      "title": "写稿测试0001，测试稿件标题长一点写稿测试0001，测试稿件标题长一点写稿测试0001，测试稿件标题长一点写稿测试0001，测试稿件标题长一点写稿测试0001，测试稿件标题长一点",</msg>
<msg timestamp="20200414 16:12:48.384" level="INFO">      "textTitle": "写稿测试0001，测试稿件标题长一点写稿测试0001，测试稿件标题长一点写稿测试0001，测试稿件标题长一点写稿测试0001，测试稿件标题长一点写稿测试0001，测试稿件标题长一点",</msg>
<msg timestamp="20200414 16:12:48.384" level="INFO">      "attAbstract": "",</msg>
<msg timestamp="20200414 16:12:48.384" level="INFO">      "textAbstract": "",</msg>
<msg timestamp="20200414 16:12:48.384" level="INFO">      "arthorID": 32,</msg>
<msg timestamp="20200414 16:12:48.384" level="INFO">      "arthorName": "",</msg>
<msg timestamp="20200414 16:12:48.384" level="INFO">      "reporter": "",</msg>
<msg timestamp="20200414 16:12:48.384" level="INFO">      "publishtime": "2020-04-03 10:31:23.0",</msg>
<msg timestamp="20200414 16:12:48.385" level="INFO">      "articleType": 0,</msg>
<msg timestamp="20200414 16:12:48.385" level="INFO">      "tag": "",</msg>
<msg timestamp="20200414 16:12:48.385" level="INFO">      "trade": "",</msg>
<msg timestamp="20200414 16:12:48.385" level="INFO">      "tradeID": "",</msg>
<msg timestamp="20200414 16:12:48.385" level="INFO">      "colName": "首页~政情栏目~听政",</msg>
<msg timestamp="20200414 16:12:48.385" level="INFO">      "columnCasName": "首页~政情栏目~听政",</msg>
<msg timestamp="20200414 16:12:48.385" level="INFO">      "colID": 62,</msg>
<msg timestamp="20200414 16:12:48.385" level="INFO">      "colIcon": "",</msg>
<msg timestamp="20200414 16:12:48.385" level="INFO">      "mark": "",</msg>
<msg timestamp="20200414 16:12:48.385" level="INFO">      "source": "",</msg>
<msg timestamp="20200414 16:12:48.385" level="INFO">      "sourceUrl": "",</msg>
<msg timestamp="20200414 16:12:48.385" level="INFO">      "multimediaLink": "",</msg>
<msg timestamp="20200414 16:12:48.385" level="INFO">      "shareUrl": "https://img1.fjdaily.com/app/content/2020-04/03/content_1577.html",</msg>
<msg timestamp="20200414 16:12:48.386" level="INFO">      "url": "",</msg>
<msg timestamp="20200414 16:12:48.386" level="INFO">      "urlPad": "https://img1.fjdaily.com/app/content/2020-04/03/content_1577.html",</msg>
<msg timestamp="20200414 16:12:48.386" level="INFO">      "isBigPic": 1,</msg>
<msg timestamp="20200414 16:12:48.386" level="INFO">      "bigPic": 1,</msg>
<msg timestamp="20200414 16:12:48.386" level="INFO">      "picRatio": "",</msg>
<msg timestamp="20200414 16:12:48.386" level="INFO">      "isExclusive": 0,</msg>
<msg timestamp="20200414 16:12:48.386" level="INFO">      "contentUrl": "https://api1.fjdaily.com/app_if/getArticleContent?articleId=1577",</msg>
<msg timestamp="20200414 16:12:48.386" level="INFO">      "linkID": 0,</msg>
<msg timestamp="20200414 16:12:48.386" level="INFO">      "linkType": 0,</msg>
<msg timestamp="20200414 16:12:48.386" level="INFO">      "linkName": "",</msg>
<msg timestamp="20200414 16:12:48.386" level="INFO">      "countClick": 53,</msg>
<msg timestamp="20200414 16:12:48.386" level="INFO">      "countClickInitial": 0,</msg>
<msg timestamp="20200414 16:12:48.387" level="INFO">      "countClickReal": 0,</msg>
<msg timestamp="20200414 16:12:48.387" level="INFO">      "countClickFake": 53,</msg>
<msg timestamp="20200414 16:12:48.387" level="INFO">      "countShareClick": 0,</msg>
<msg timestamp="20200414 16:12:48.387" level="INFO">      "rssID": 0,</msg>
<msg timestamp="20200414 16:12:48.387" level="INFO">      "rss": "",</msg>
<msg timestamp="20200414 16:12:48.387" level="INFO">      "rssType": 0,</msg>
<msg timestamp="20200414 16:12:48.387" level="INFO">      "discussClosed": "0",</msg>
<msg timestamp="20200414 16:12:48.387" level="INFO">      "countDiscuss": 0,</msg>
<msg timestamp="20200414 16:12:48.387" level="INFO">      "countPraise": 0,</msg>
<msg timestamp="20200414 16:12:48.387" level="INFO">      "countShare": 0,</msg>
<msg timestamp="20200414 16:12:48.387" level="INFO">      "extGroupID": 0,</msg>
<msg timestamp="20200414 16:12:48.387" level="INFO">      "picType": 2,</msg>
<msg timestamp="20200414 16:12:48.388" level="INFO">      "listType": 0,</msg>
<msg timestamp="20200414 16:12:48.388" level="INFO">      "picFullScreen": 0,</msg>
<msg timestamp="20200414 16:12:48.388" level="INFO">      "titleDisplay": 0,</msg>
<msg timestamp="20200414 16:12:48.388" level="INFO">      "pubTimeDisplay": 0,</msg>
<msg timestamp="20200414 16:12:48.388" level="INFO">      "shareClosed": 0,</msg>
<msg timestamp="20200414 16:12:48.388" level="INFO">      "listTitle": "",</msg>
<msg timestamp="20200414 16:12:48.388" level="INFO">      "praiseType": 0,</msg>
<msg timestamp="20200414 16:12:48.388" level="INFO">      "isrecommend": 0,</msg>
<msg timestamp="20200414 16:12:48.388" level="INFO">      "subTitle": "",</msg>
<msg timestamp="20200414 16:12:48.388" level="INFO">      "leadTitle": "",</msg>
<msg timestamp="20200414 16:12:48.388" level="INFO">      "picurl": "",</msg>
<msg timestamp="20200414 16:12:48.388" level="INFO">      "ext_sharepic": "",</msg>
<msg timestamp="20200414 16:12:48.389" level="INFO">      "keylist": "",</msg>
<msg timestamp="20200414 16:12:48.389" level="INFO">      "sectionids": "62",</msg>
<msg timestamp="20200414 16:12:48.389" level="INFO">      "newstype": 0,</msg>
<msg timestamp="20200414 16:12:48.389" level="INFO">      "collectcount": 0,</msg>
<msg timestamp="20200414 16:12:48.389" level="INFO">      "edittername": "尹利利",</msg>
<msg timestamp="20200414 16:12:48.389" level="INFO">      "iorder": "-37140103.1001577000",</msg>
<msg timestamp="20200414 16:12:48.389" level="INFO">      "picauthor": "",</msg>
<msg timestamp="20200414 16:12:48.389" level="INFO">      "picauthorid": "",</msg>
<msg timestamp="20200414 16:12:48.389" level="INFO">      "videoauthor": "",</msg>
<msg timestamp="20200414 16:12:48.389" level="INFO">      "videoauthorid": "",</msg>
<msg timestamp="20200414 16:12:48.390" level="INFO">      "sharePicUrl": "",</msg>
<msg timestamp="20200414 16:12:48.390" level="INFO">      "shareTitle": "",</msg>
<msg timestamp="20200414 16:12:48.390" level="INFO">      "shareContent": "",</msg>
<msg timestamp="20200414 16:12:48.390" level="INFO">      "pic_list": [],</msg>
<msg timestamp="20200414 16:12:48.390" level="INFO">      "pic_list_title": [],</msg>
<msg timestamp="20200414 16:12:48.390" level="INFO">      "emojiID": "",</msg>
<msg timestamp="20200414 16:12:48.390" level="INFO">      "copyright": "0",</msg>
<msg timestamp="20200414 16:12:48.390" level="INFO">      "pic": [],</msg>
<msg timestamp="20200414 16:12:48.390" level="INFO">      "picCount": "0",</msg>
<msg timestamp="20200414 16:12:48.390" level="INFO">      "isTop": false,</msg>
<msg timestamp="20200414 16:12:48.390" level="INFO">      "position": 0</msg>
<msg timestamp="20200414 16:12:48.390" level="INFO">    },</msg>
<msg timestamp="20200414 16:12:48.391" level="INFO">    {</msg>
<msg timestamp="20200414 16:12:48.391" level="INFO">      "fileId": 1580,</msg>
<msg timestamp="20200414 16:12:48.391" level="INFO">      "markLocked": false,</msg>
<msg timestamp="20200414 16:12:48.391" level="INFO">      "version": 1585881084000,</msg>
<msg timestamp="20200414 16:12:48.391" level="INFO">      "isRel": 0,</msg>
<msg timestamp="20200414 16:12:48.391" level="INFO">      "realPubTime": "2020-04-03 10:31:24.0",</msg>
<msg timestamp="20200414 16:12:48.391" level="INFO">      "title": "测试稿件-图片（烟氲秋意，火起歌唤）---角标测试稿件-图片（烟氲秋意，火起歌唤）---角标测试稿件-图片（烟氲秋意，火起歌唤）---角标测试稿件-图片（烟氲秋意，火起歌唤）---角标稿件-图片（烟氲秋意，火起歌唤）---角标测试稿件-图片（烟氲秋意，火起歌唤）---角标稿件-图片（烟氲秋意，火起歌唤）---角标测试稿件-图片（烟氲秋意，火起歌唤）---角标稿件-图片（烟氲秋意，火起歌唤）---角标测试稿件-图片（烟氲秋意，火起歌唤）---角标稿件-图片（烟氲秋意，火起歌唤）---角标测试稿件-图片（烟氲秋意，火起歌唤）---角标稿件-图片（烟氲秋意，火起歌唤）---角标测试稿件-图片（烟氲秋意，火起歌唤）---角标稿件-图片（烟氲秋意，火起歌唤）---角标测试稿件-图片（烟氲秋意，火起歌唤）---角标",</msg>
<msg timestamp="20200414 16:12:48.391" level="INFO">      "textTitle": "测试稿件-图片（烟氲秋意，火起歌唤）---角标测试稿件-图片（烟氲秋意，火起歌唤）---角标测试稿件-图片（烟氲秋意，火起歌唤）---角标测试稿件-图片（烟氲秋意，火起歌唤）---角标稿件-图片（烟氲秋意，火起歌唤）---角标测试稿件-图片（烟氲秋意，火起歌唤）---角标稿件-图片（烟氲秋意，火起歌唤）---角标测试稿件-图片（烟氲秋意，火起歌唤）---角标稿件-图片（烟氲秋意，火起歌唤）---角标测试稿件-图片（烟氲秋意，火起歌唤）---角标稿件-图片（烟氲秋意，火起歌唤）---角标测试稿件-图片（烟氲秋意，火起歌唤）---角标稿件-图片（烟氲秋意，火起歌唤）---角标测试稿件-图片（烟氲秋意，火起歌唤）---角标稿件-图片（烟氲秋意，火起歌唤）---角标测试稿件-图片（烟氲秋意，火起歌唤）---角标",</msg>
<msg timestamp="20200414 16:12:48.391" level="INFO">      "attAbstract": "",</msg>
<msg timestamp="20200414 16:12:48.391" level="INFO">      "textAbstract": "",</msg>
<msg timestamp="20200414 16:12:48.391" level="INFO">      "arthorID": 32,</msg>
<msg timestamp="20200414 16:12:48.391" level="INFO">      "arthorName": "",</msg>
<msg timestamp="20200414 16:12:48.391" level="INFO">      "reporter": "",</msg>
<msg timestamp="20200414 16:12:48.391" level="INFO">      "publishtime": "2020-04-03 10:31:23.0",</msg>
<msg timestamp="20200414 16:12:48.391" level="INFO">      "articleType": 0,</msg>
<msg timestamp="20200414 16:12:48.392" level="INFO">      "tag": "",</msg>
<msg timestamp="20200414 16:12:48.392" level="INFO">      "trade": "",</msg>
<msg timestamp="20200414 16:12:48.392" level="INFO">      "tradeID": "",</msg>
<msg timestamp="20200414 16:12:48.392" level="INFO">      "colName": "首页~政情栏目~听政",</msg>
<msg timestamp="20200414 16:12:48.392" level="INFO">      "columnCasName": "首页~政情栏目~听政",</msg>
<msg timestamp="20200414 16:12:48.392" level="INFO">      "colID": 62,</msg>
<msg timestamp="20200414 16:12:48.392" level="INFO">      "colIcon": "",</msg>
<msg timestamp="20200414 16:12:48.392" level="INFO">      "mark": "测试角标",</msg>
<msg timestamp="20200414 16:12:48.392" level="INFO">      "source": "",</msg>
<msg timestamp="20200414 16:12:48.392" level="INFO">      "sourceUrl": "",</msg>
<msg timestamp="20200414 16:12:48.392" level="INFO">      "multimediaLink": "",</msg>
<msg timestamp="20200414 16:12:48.392" level="INFO">      "shareUrl": "https://img1.fjdaily.com/app/content/2020-04/03/content_1580.html",</msg>
<msg timestamp="20200414 16:12:48.392" level="INFO">      "url": "",</msg>
<msg timestamp="20200414 16:12:48.392" level="INFO">      "urlPad": "https://img1.fjdaily.com/app/content/2020-04/03/content_1580.html",</msg>
<msg timestamp="20200414 16:12:48.392" level="INFO">      "isBigPic": 0,</msg>
<msg timestamp="20200414 16:12:48.392" level="INFO">      "bigPic": 0,</msg>
<msg timestamp="20200414 16:12:48.392" level="INFO">      "isExclusive": 0,</msg>
<msg timestamp="20200414 16:12:48.392" level="INFO">      "contentUrl": "https://api1.fjdaily.com/app_if/getArticleContent?articleId=1580",</msg>
<msg timestamp="20200414 16:12:48.392" level="INFO">      "linkID": 0,</msg>
<msg timestamp="20200414 16:12:48.392" level="INFO">      "linkType": 0,</msg>
<msg timestamp="20200414 16:12:48.392" level="INFO">      "linkName": "",</msg>
<msg timestamp="20200414 16:12:48.392" level="INFO">      "countClick": 1,</msg>
<msg timestamp="20200414 16:12:48.393" level="INFO">      "countClickInitial": 1,</msg>
<msg timestamp="20200414 16:12:48.393" level="INFO">      "countClickReal": 0,</msg>
<msg timestamp="20200414 16:12:48.393" level="INFO">      "countClickFake": 0,</msg>
<msg timestamp="20200414 16:12:48.393" level="INFO">      "countShareClick": 0,</msg>
<msg timestamp="20200414 16:12:48.393" level="INFO">      "rssID": 0,</msg>
<msg timestamp="20200414 16:12:48.393" level="INFO">      "rss": "",</msg>
<msg timestamp="20200414 16:12:48.393" level="INFO">      "rssType": 0,</msg>
<msg timestamp="20200414 16:12:48.393" level="INFO">      "discussClosed": "0",</msg>
<msg timestamp="20200414 16:12:48.393" level="INFO">      "countDiscuss": 0,</msg>
<msg timestamp="20200414 16:12:48.393" level="INFO">      "countPraise": 0,</msg>
<msg timestamp="20200414 16:12:48.393" level="INFO">      "countShare": 0,</msg>
<msg timestamp="20200414 16:12:48.393" level="INFO">      "extGroupID": 0,</msg>
<msg timestamp="20200414 16:12:48.393" level="INFO">      "picType": 1,</msg>
<msg timestamp="20200414 16:12:48.393" level="INFO">      "listType": 0,</msg>
<msg timestamp="20200414 16:12:48.394" level="INFO">      "picFullScreen": 0,</msg>
<msg timestamp="20200414 16:12:48.394" level="INFO">      "titleDisplay": 0,</msg>
<msg timestamp="20200414 16:12:48.394" level="INFO">      "pubTimeDisplay": 0,</msg>
<msg timestamp="20200414 16:12:48.394" level="INFO">      "shareClosed": 0,</msg>
<msg timestamp="20200414 16:12:48.394" level="INFO">      "listTitle": "",</msg>
<msg timestamp="20200414 16:12:48.394" level="INFO">      "praiseType": 1,</msg>
<msg timestamp="20200414 16:12:48.394" level="INFO">      "isrecommend": 0,</msg>
<msg timestamp="20200414 16:12:48.394" level="INFO">      "subTitle": "",</msg>
<msg timestamp="20200414 16:12:48.394" level="INFO">      "leadTitle": "",</msg>
<msg timestamp="20200414 16:12:48.394" level="INFO">      "picurl": "图片存储;xy/202004/03/t1_(5X5X600X340)d496f66d-f702-4ae3-af0c-8fa67958eb6dcopy.jpg",</msg>
<msg timestamp="20200414 16:12:48.394" level="INFO">      "ext_sharepic": "图片存储;xy/202004/03/t1_(5X5X600X340)d496f66d-f702-4ae3-af0c-8fa67958eb6dcopy.jpg",</msg>
<msg timestamp="20200414 16:12:48.394" level="INFO">      "keylist": "",</msg>
<msg timestamp="20200414 16:12:48.394" level="INFO">      "sectionids": "62",</msg>
<msg timestamp="20200414 16:12:48.394" level="INFO">      "newstype": 0,</msg>
<msg timestamp="20200414 16:12:48.394" level="INFO">      "collectcount": 0,</msg>
<msg timestamp="20200414 16:12:48.394" level="INFO">      "edittername": "尹利利",</msg>
<msg timestamp="20200414 16:12:48.394" level="INFO">      "iorder": "-37140103.1001580000",</msg>
<msg timestamp="20200414 16:12:48.394" level="INFO">      "picauthor": "",</msg>
<msg timestamp="20200414 16:12:48.394" level="INFO">      "picauthorid": "",</msg>
<msg timestamp="20200414 16:12:48.394" level="INFO">      "videoauthor": "",</msg>
<msg timestamp="20200414 16:12:48.395" level="INFO">      "videoauthorid": "",</msg>
<msg timestamp="20200414 16:12:48.395" level="INFO">      "sharePicUrl": "",</msg>
<msg timestamp="20200414 16:12:48.395" level="INFO">      "shareTitle": "",</msg>
<msg timestamp="20200414 16:12:48.395" level="INFO">      "shareContent": "",</msg>
<msg timestamp="20200414 16:12:48.395" level="INFO">      "pic_list": [</msg>
<msg timestamp="20200414 16:12:48.395" level="INFO">        "https://img1.fjdaily.com/app/images/2020-04/03/af4cba11-18f5-4e01-929b-c608a0d56cb3copy.jpg",</msg>
<msg timestamp="20200414 16:12:48.395" level="INFO">        "https://img1.fjdaily.com/app/images/2020-04/03/8490705e-fffb-4a76-94f2-7e777cb57e84copy.jpg"</msg>
<msg timestamp="20200414 16:12:48.395" level="INFO">      ],</msg>
<msg timestamp="20200414 16:12:48.395" level="INFO">      "pic_list_title": [</msg>
<msg timestamp="20200414 16:12:48.395" level="INFO">        "https://img1.fjdaily.com/app/images/2020-04/03/t1_(5X5X600X340)d496f66d-f702-4ae3-af0c-8fa67958eb6dcopy.jpg",</msg>
<msg timestamp="20200414 16:12:48.395" level="INFO">        "https://img1.fjdaily.com/app/images/2020-04/03/t1_(4X4X600X339)e91961da-765d-4c64-9b62-bd4ab6d3be7ecopy.jpg"</msg>
<msg timestamp="20200414 16:12:48.395" level="INFO">      ],</msg>
<msg timestamp="20200414 16:12:48.395" level="INFO">      "emojiID": "",</msg>
<msg timestamp="20200414 16:12:48.395" level="INFO">      "copyright": "0",</msg>
<msg timestamp="20200414 16:12:48.395" level="INFO">      "pic0": "https://img1.fjdaily.com/app/images/2020-04/03/af4cba11-18f5-4e01-929b-c608a0d56cb3copy.jpg",</msg>
<msg timestamp="20200414 16:12:48.395" level="INFO">      "picBig": "https://img1.fjdaily.com/app/images/2020-04/03/t1_(5X5X600X340)d496f66d-f702-4ae3-af0c-8fa67958eb6dcopy.jpg",</msg>
<msg timestamp="20200414 16:12:48.395" level="INFO">      "picSmall": "https://img1.fjdaily.com/app/images/2020-04/03/t1_(4X4X600X339)e91961da-765d-4c64-9b62-bd4ab6d3be7ecopy.jpg",</msg>
<msg timestamp="20200414 16:12:48.395" level="INFO">      "pic1": "https://img1.fjdaily.com/app/images/2020-04/03/8490705e-fffb-4a76-94f2-7e777cb57e84copy.jpg",</msg>
<msg timestamp="20200414 16:12:48.395" level="INFO">      "pic": [],</msg>
<msg timestamp="20200414 16:12:48.395" level="INFO">      "picCount": "2",</msg>
<msg timestamp="20200414 16:12:48.395" level="INFO">      "isTop": false,</msg>
<msg timestamp="20200414 16:12:48.396" level="INFO">      "position": 0</msg>
<msg timestamp="20200414 16:12:48.396" level="INFO">    },</msg>
<msg timestamp="20200414 16:12:48.396" level="INFO">    {</msg>
<msg timestamp="20200414 16:12:48.396" level="INFO">      "fileId": 1578,</msg>
<msg timestamp="20200414 16:12:48.396" level="INFO">      "markLocked": false,</msg>
<msg timestamp="20200414 16:12:48.396" level="INFO">      "version": 1585881084000,</msg>
<msg timestamp="20200414 16:12:48.396" level="INFO">      "isRel": 0,</msg>
<msg timestamp="20200414 16:12:48.396" level="INFO">      "realPubTime": "2020-04-03 10:31:24.0",</msg>
<msg timestamp="20200414 16:12:48.396" level="INFO">      "title": "图文稿件测试",</msg>
<msg timestamp="20200414 16:12:48.396" level="INFO">      "textTitle": "图文稿件测试",</msg>
<msg timestamp="20200414 16:12:48.396" level="INFO">      "attAbstract": "",</msg>
<msg timestamp="20200414 16:12:48.396" level="INFO">      "textAbstract": "",</msg>
<msg timestamp="20200414 16:12:48.396" level="INFO">      "arthorID": 32,</msg>
<msg timestamp="20200414 16:12:48.396" level="INFO">      "arthorName": "",</msg>
<msg timestamp="20200414 16:12:48.396" level="INFO">      "reporter": "",</msg>
<msg timestamp="20200414 16:12:48.396" level="INFO">      "publishtime": "2020-04-03 10:31:23.0",</msg>
<msg timestamp="20200414 16:12:48.396" level="INFO">      "articleType": 0,</msg>
<msg timestamp="20200414 16:12:48.396" level="INFO">      "tag": "",</msg>
<msg timestamp="20200414 16:12:48.396" level="INFO">      "trade": "",</msg>
<msg timestamp="20200414 16:12:48.396" level="INFO">      "tradeID": "",</msg>
<msg timestamp="20200414 16:12:48.396" level="INFO">      "colName": "首页~政情栏目~听政",</msg>
<msg timestamp="20200414 16:12:48.397" level="INFO">      "columnCasName": "首页~政情栏目~听政",</msg>
<msg timestamp="20200414 16:12:48.397" level="INFO">      "colID": 62,</msg>
<msg timestamp="20200414 16:12:48.397" level="INFO">      "colIcon": "",</msg>
<msg timestamp="20200414 16:12:48.397" level="INFO">      "mark": "",</msg>
<msg timestamp="20200414 16:12:48.397" level="INFO">      "source": "",</msg>
<msg timestamp="20200414 16:12:48.397" level="INFO">      "sourceUrl": "",</msg>
<msg timestamp="20200414 16:12:48.397" level="INFO">      "multimediaLink": "",</msg>
<msg timestamp="20200414 16:12:48.397" level="INFO">      "shareUrl": "https://img1.fjdaily.com/app/content/2020-04/03/content_1578.html",</msg>
<msg timestamp="20200414 16:12:48.397" level="INFO">      "url": "",</msg>
<msg timestamp="20200414 16:12:48.397" level="INFO">      "urlPad": "https://img1.fjdaily.com/app/content/2020-04/03/content_1578.html",</msg>
<msg timestamp="20200414 16:12:48.397" level="INFO">      "isBigPic": 0,</msg>
<msg timestamp="20200414 16:12:48.397" level="INFO">      "bigPic": 0,</msg>
<msg timestamp="20200414 16:12:48.397" level="INFO">      "isExclusive": 0,</msg>
<msg timestamp="20200414 16:12:48.397" level="INFO">      "contentUrl": "https://api1.fjdaily.com/app_if/getArticleContent?articleId=1578",</msg>
<msg timestamp="20200414 16:12:48.398" level="INFO">      "linkID": 0,</msg>
<msg timestamp="20200414 16:12:48.398" level="INFO">      "linkType": 0,</msg>
<msg timestamp="20200414 16:12:48.398" level="INFO">      "linkName": "",</msg>
<msg timestamp="20200414 16:12:48.398" level="INFO">      "countClick": 64,</msg>
<msg timestamp="20200414 16:12:48.398" level="INFO">      "countClickInitial": 0,</msg>
<msg timestamp="20200414 16:12:48.398" level="INFO">      "countClickReal": 0,</msg>
<msg timestamp="20200414 16:12:48.398" level="INFO">      "countClickFake": 64,</msg>
<msg timestamp="20200414 16:12:48.398" level="INFO">      "countShareClick": 0,</msg>
<msg timestamp="20200414 16:12:48.398" level="INFO">      "rssID": 0,</msg>
<msg timestamp="20200414 16:12:48.398" level="INFO">      "rss": "",</msg>
<msg timestamp="20200414 16:12:48.398" level="INFO">      "rssType": 0,</msg>
<msg timestamp="20200414 16:12:48.398" level="INFO">      "discussClosed": "0",</msg>
<msg timestamp="20200414 16:12:48.398" level="INFO">      "countDiscuss": 0,</msg>
<msg timestamp="20200414 16:12:48.398" level="INFO">      "countPraise": 0,</msg>
<msg timestamp="20200414 16:12:48.398" level="INFO">      "countShare": 0,</msg>
<msg timestamp="20200414 16:12:48.399" level="INFO">      "extGroupID": 0,</msg>
<msg timestamp="20200414 16:12:48.399" level="INFO">      "picType": 1,</msg>
<msg timestamp="20200414 16:12:48.399" level="INFO">      "listType": 0,</msg>
<msg timestamp="20200414 16:12:48.399" level="INFO">      "picFullScreen": 0,</msg>
<msg timestamp="20200414 16:12:48.399" level="INFO">      "titleDisplay": 0,</msg>
<msg timestamp="20200414 16:12:48.399" level="INFO">      "pubTimeDisplay": 0,</msg>
<msg timestamp="20200414 16:12:48.399" level="INFO">      "shareClosed": 0,</msg>
<msg timestamp="20200414 16:12:48.399" level="INFO">      "listTitle": "",</msg>
<msg timestamp="20200414 16:12:48.400" level="INFO">      "praiseType": 0,</msg>
<msg timestamp="20200414 16:12:48.400" level="INFO">      "isrecommend": 0,</msg>
<msg timestamp="20200414 16:12:48.400" level="INFO">      "subTitle": "",</msg>
<msg timestamp="20200414 16:12:48.400" level="INFO">      "leadTitle": "",</msg>
<msg timestamp="20200414 16:12:48.400" level="INFO">      "picurl": "图片存储;xy/202004/03/t2_(1X70X434X359)4fff70e1-1028-49b8-9c48-12637e3c7f7fcopy.jpg",</msg>
<msg timestamp="20200414 16:12:48.400" level="INFO">      "ext_sharepic": "图片存储;xy/202004/03/t2_(1X70X434X359)4fff70e1-1028-49b8-9c48-12637e3c7f7fcopy.jpg",</msg>
<msg timestamp="20200414 16:12:48.400" level="INFO">      "keylist": "",</msg>
<msg timestamp="20200414 16:12:48.400" level="INFO">      "sectionids": "62",</msg>
<msg timestamp="20200414 16:12:48.400" level="INFO">      "newstype": 0,</msg>
<msg timestamp="20200414 16:12:48.400" level="INFO">      "collectcount": 0,</msg>
<msg timestamp="20200414 16:12:48.401" level="INFO">      "edittername": "尹利利",</msg>
<msg timestamp="20200414 16:12:48.401" level="INFO">      "iorder": "-37140103.1001578050",</msg>
<msg timestamp="20200414 16:12:48.401" level="INFO">      "picauthor": "",</msg>
<msg timestamp="20200414 16:12:48.401" level="INFO">      "picauthorid": "",</msg>
<msg timestamp="20200414 16:12:48.401" level="INFO">      "videoauthor": "",</msg>
<msg timestamp="20200414 16:12:48.401" level="INFO">      "videoauthorid": "",</msg>
<msg timestamp="20200414 16:12:48.401" level="INFO">      "sharePicUrl": "",</msg>
<msg timestamp="20200414 16:12:48.401" level="INFO">      "shareTitle": "",</msg>
<msg timestamp="20200414 16:12:48.401" level="INFO">      "shareContent": "",</msg>
<msg timestamp="20200414 16:12:48.401" level="INFO">      "pic_list": [</msg>
<msg timestamp="20200414 16:12:48.401" level="INFO">        "https://img1.fjdaily.com/app/images/2020-04/03/8490705e-fffb-4a76-94f2-7e777cb57e84copy.jpg",</msg>
<msg timestamp="20200414 16:12:48.402" level="INFO">        "https://img1.fjdaily.com/app/images/2020-04/03/7c64eb36-06bb-4da0-9d9b-34993c88eb10copy.jpg",</msg>
<msg timestamp="20200414 16:12:48.402" level="INFO">        "https://img1.fjdaily.com/app/images/2020-04/03/4fff70e1-1028-49b8-9c48-12637e3c7f7fcopy.jpg"</msg>
<msg timestamp="20200414 16:12:48.402" level="INFO">      ],</msg>
<msg timestamp="20200414 16:12:48.402" level="INFO">      "pic_list_title": [</msg>
<msg timestamp="20200414 16:12:48.402" level="INFO">        "https://img1.fjdaily.com/app/images/2020-04/03/t2_(1X70X434X359)4fff70e1-1028-49b8-9c48-12637e3c7f7fcopy.jpg"</msg>
<msg timestamp="20200414 16:12:48.402" level="INFO">      ],</msg>
<msg timestamp="20200414 16:12:48.402" level="INFO">      "emojiID": "",</msg>
<msg timestamp="20200414 16:12:48.402" level="INFO">      "copyright": "0",</msg>
<msg timestamp="20200414 16:12:48.402" level="INFO">      "pic0": "https://img1.fjdaily.com/app/images/2020-04/03/8490705e-fffb-4a76-94f2-7e777cb57e84copy.jpg",</msg>
<msg timestamp="20200414 16:12:48.402" level="INFO">      "picBig": "https://img1.fjdaily.com/app/images/2020-04/03/t2_(1X70X434X359)4fff70e1-1028-49b8-9c48-12637e3c7f7fcopy.jpg",</msg>
<msg timestamp="20200414 16:12:48.402" level="INFO">      "pic1": "https://img1.fjdaily.com/app/images/2020-04/03/7c64eb36-06bb-4da0-9d9b-34993c88eb10copy.jpg",</msg>
<msg timestamp="20200414 16:12:48.402" level="INFO">      "pic2": "https://img1.fjdaily.com/app/images/2020-04/03/4fff70e1-1028-49b8-9c48-12637e3c7f7fcopy.jpg",</msg>
<msg timestamp="20200414 16:12:48.403" level="INFO">      "pic": [],</msg>
<msg timestamp="20200414 16:12:48.403" level="INFO">      "picCount": "3",</msg>
<msg timestamp="20200414 16:12:48.403" level="INFO">      "isTop": false,</msg>
<msg timestamp="20200414 16:12:48.403" level="INFO">      "position": 0</msg>
<msg timestamp="20200414 16:12:48.403" level="INFO">    },</msg>
<msg timestamp="20200414 16:12:48.403" level="INFO">    {</msg>
<msg timestamp="20200414 16:12:48.403" level="INFO">      "fileId": 484,</msg>
<msg timestamp="20200414 16:12:48.403" level="INFO">      "markLocked": false,</msg>
<msg timestamp="20200414 16:12:48.403" level="INFO">      "version": 1585738354000,</msg>
<msg timestamp="20200414 16:12:48.403" level="INFO">      "isRel": 0,</msg>
<msg timestamp="20200414 16:12:48.403" level="INFO">      "realPubTime": "2020-04-01 18:52:34.0",</msg>
<msg timestamp="20200414 16:12:48.403" level="INFO">      "title": "组图稿件详情页",</msg>
<msg timestamp="20200414 16:12:48.403" level="INFO">      "textTitle": "组图稿件详情页",</msg>
<msg timestamp="20200414 16:12:48.403" level="INFO">      "attAbstract": "我是测试，嗯嗯嗯，好的，组图稿件测试详情页。",</msg>
<msg timestamp="20200414 16:12:48.404" level="INFO">      "textAbstract": "我是测试，嗯嗯嗯，好的，组图稿件测试详情页。",</msg>
<msg timestamp="20200414 16:12:48.404" level="INFO">      "arthorID": 20,</msg>
<msg timestamp="20200414 16:12:48.404" level="INFO">      "arthorName": "测试",</msg>
<msg timestamp="20200414 16:12:48.404" level="INFO">      "reporter": "",</msg>
<msg timestamp="20200414 16:12:48.404" level="INFO">      "publishtime": "2020-03-18 09:55:50.0",</msg>
<msg timestamp="20200414 16:12:48.404" level="INFO">      "articleType": 1,</msg>
<msg timestamp="20200414 16:12:48.404" level="INFO">      "tag": "第一个标签",</msg>
<msg timestamp="20200414 16:12:48.404" level="INFO">      "tags": [</msg>
<msg timestamp="20200414 16:12:48.404" level="INFO">        {</msg>
<msg timestamp="20200414 16:12:48.404" level="INFO">          "id": 1,</msg>
<msg timestamp="20200414 16:12:48.405" level="INFO">          "name": "第一个标签",</msg>
<msg timestamp="20200414 16:12:48.405" level="INFO">          "order": 1</msg>
<msg timestamp="20200414 16:12:48.405" level="INFO">        }</msg>
<msg timestamp="20200414 16:12:48.405" level="INFO">      ],</msg>
<msg timestamp="20200414 16:12:48.405" level="INFO">      "trade": "",</msg>
<msg timestamp="20200414 16:12:48.405" level="INFO">      "tradeID": "",</msg>
<msg timestamp="20200414 16:12:48.405" level="INFO">      "colName": "首页~头条",</msg>
<msg timestamp="20200414 16:12:48.405" level="INFO">      "columnCasName": "首页~头条",</msg>
<msg timestamp="20200414 16:12:48.405" level="INFO">      "colID": 5,</msg>
<msg timestamp="20200414 16:12:48.405" level="INFO">      "colIcon": "http://218.66.59.25:3083/app/resource/xy/202003/06/4fff70e1-1028-49b8-9c48-12637e3c7f7f.jpg",</msg>
<msg timestamp="20200414 16:12:48.406" level="INFO">      "mark": "角标",</msg>
<msg timestamp="20200414 16:12:48.406" level="INFO">      "source": "搜狐新闻",</msg>
<msg timestamp="20200414 16:12:48.406" level="INFO">      "sourceUrl": "",</msg>
<msg timestamp="20200414 16:12:48.406" level="INFO">      "multimediaLink": "",</msg>
<msg timestamp="20200414 16:12:48.406" level="INFO">      "shareUrl": "https://img1.fjdaily.com/app/content/2020-03/18/content_484.html",</msg>
<msg timestamp="20200414 16:12:48.406" level="INFO">      "url": "",</msg>
<msg timestamp="20200414 16:12:48.406" level="INFO">      "urlPad": "https://img1.fjdaily.com/app/content/2020-03/18/content_484.html",</msg>
<msg timestamp="20200414 16:12:48.406" level="INFO">      "isBigPic": 1,</msg>
<msg timestamp="20200414 16:12:48.406" level="INFO">      "bigPic": 1,</msg>
<msg timestamp="20200414 16:12:48.407" level="INFO">      "picRatio": "789:443",</msg>
<msg timestamp="20200414 16:12:48.407" level="INFO">      "isExclusive": 0,</msg>
<msg timestamp="20200414 16:12:48.407" level="INFO">      "contentUrl": "https://api1.fjdaily.com/app_if/getArticleContent?articleId=484",</msg>
<msg timestamp="20200414 16:12:48.407" level="INFO">      "linkID": 0,</msg>
<msg timestamp="20200414 16:12:48.407" level="INFO">      "linkType": 0,</msg>
<msg timestamp="20200414 16:12:48.407" level="INFO">      "linkName": "",</msg>
<msg timestamp="20200414 16:12:48.407" level="INFO">      "countClick": 297,</msg>
<msg timestamp="20200414 16:12:48.407" level="INFO">      "countClickInitial": 0,</msg>
<msg timestamp="20200414 16:12:48.407" level="INFO">      "countClickReal": 12,</msg>
<msg timestamp="20200414 16:12:48.407" level="INFO">      "countClickFake": 285,</msg>
<msg timestamp="20200414 16:12:48.407" level="INFO">      "countShareClick": 0,</msg>
<msg timestamp="20200414 16:12:48.408" level="INFO">      "rssID": 0,</msg>
<msg timestamp="20200414 16:12:48.408" level="INFO">      "rss": "",</msg>
<msg timestamp="20200414 16:12:48.408" level="INFO">      "rssType": 0,</msg>
<msg timestamp="20200414 16:12:48.408" level="INFO">      "discussClosed": "0",</msg>
<msg timestamp="20200414 16:12:48.408" level="INFO">      "countDiscuss": 2,</msg>
<msg timestamp="20200414 16:12:48.408" level="INFO">      "countPraise": 0,</msg>
<msg timestamp="20200414 16:12:48.408" level="INFO">      "countShare": 0,</msg>
<msg timestamp="20200414 16:12:48.408" level="INFO">      "extGroupID": 0,</msg>
<msg timestamp="20200414 16:12:48.408" level="INFO">      "picType": 2,</msg>
<msg timestamp="20200414 16:12:48.408" level="INFO">      "listType": 0,</msg>
<msg timestamp="20200414 16:12:48.408" level="INFO">      "picFullScreen": 0,</msg>
<msg timestamp="20200414 16:12:48.408" level="INFO">      "titleDisplay": 0,</msg>
<msg timestamp="20200414 16:12:48.408" level="INFO">      "pubTimeDisplay": 0,</msg>
<msg timestamp="20200414 16:12:48.408" level="INFO">      "shareClosed": 0,</msg>
<msg timestamp="20200414 16:12:48.408" level="INFO">      "listTitle": "",</msg>
<msg timestamp="20200414 16:12:48.409" level="INFO">      "praiseType": 0,</msg>
<msg timestamp="20200414 16:12:48.409" level="INFO">      "isrecommend": 0,</msg>
<msg timestamp="20200414 16:12:48.409" level="INFO">      "subTitle": "副题，我是副题",</msg>
<msg timestamp="20200414 16:12:48.409" level="INFO">      "leadTitle": "引题，我是引题",</msg>
<msg timestamp="20200414 16:12:48.409" level="INFO">      "picurl": "图片存储;xy/202003/18/t1_(5X5X597X338)49aa7273-883c-4fb7-8301-2f8d04a101fa.jpg",</msg>
<msg timestamp="20200414 16:12:48.409" level="INFO">      "ext_sharepic": "图片存储;xy/202003/18/t1_(5X5X597X338)49aa7273-883c-4fb7-8301-2f8d04a101fa.jpg",</msg>
<msg timestamp="20200414 16:12:48.409" level="INFO">      "keylist": "测试;稿件;嗯嗯;详情",</msg>
<msg timestamp="20200414 16:12:48.409" level="INFO">      "sectionids": "5;16",</msg>
<msg timestamp="20200414 16:12:48.409" level="INFO">      "newstype": 1,</msg>
<msg timestamp="20200414 16:12:48.409" level="INFO">      "collectcount": 0,</msg>
<msg timestamp="20200414 16:12:48.409" level="INFO">      "edittername": "张鹏",</msg>
<msg timestamp="20200414 16:12:48.409" level="INFO">      "iorder": "-17740095.2000484000",</msg>
<msg timestamp="20200414 16:12:48.409" level="INFO">      "picauthor": "",</msg>
<msg timestamp="20200414 16:12:48.409" level="INFO">      "picauthorid": "",</msg>
<msg timestamp="20200414 16:12:48.409" level="INFO">      "videoauthor": "",</msg>
<msg timestamp="20200414 16:12:48.409" level="INFO">      "videoauthorid": "",</msg>
<msg timestamp="20200414 16:12:48.409" level="INFO">      "sharePicUrl": "",</msg>
<msg timestamp="20200414 16:12:48.409" level="INFO">      "shareTitle": "",</msg>
<msg timestamp="20200414 16:12:48.409" level="INFO">      "shareContent": "",</msg>
<msg timestamp="20200414 16:12:48.409" level="INFO">      "pic_list": [</msg>
<msg timestamp="20200414 16:12:48.409" level="INFO">        "https://img1.fjdaily.com/app/images/2020-03/18/4a2adc86-b604-4bce-a41f-4e99253a3740.jpg",</msg>
<msg timestamp="20200414 16:12:48.409" level="INFO">        "https://img1.fjdaily.com/app/images/2020-03/18/f1761f9b-392d-4b40-a3ce-9e0cdda96170.jpg",</msg>
<msg timestamp="20200414 16:12:48.410" level="INFO">        "https://img1.fjdaily.com/app/images/2020-03/18/5d8fed28-94b3-4b21-8b84-7b72474a34ca.jpg",</msg>
<msg timestamp="20200414 16:12:48.410" level="INFO">        "https://img1.fjdaily.com/app/images/2020-03/18/666c2e58-fa2e-462a-9232-549e9682de0e.jpg",</msg>
<msg timestamp="20200414 16:12:48.410" level="INFO">        "https://img1.fjdaily.com/app/images/2020-03/18/2d57b7d8-7e6c-4e6e-bf76-98ab7fe29d89.jpg",</msg>
<msg timestamp="20200414 16:12:48.410" level="INFO">        "https://img1.fjdaily.com/app/images/2020-03/18/45dd78f6-2c0b-46ad-a463-14bab5b7bca5.jpg",</msg>
<msg timestamp="20200414 16:12:48.410" level="INFO">        "https://img1.fjdaily.com/app/images/2020-03/18/e2eb0641-9f1f-4e9a-9e84-0502b3e5e5d6.jpg",</msg>
<msg timestamp="20200414 16:12:48.410" level="INFO">        "https://img1.fjdaily.com/app/images/2020-03/18/723bf1bf-433b-4594-b141-9f104d04d110.jpg",</msg>
<msg timestamp="20200414 16:12:48.410" level="INFO">        "https://img1.fjdaily.com/app/images/2020-03/18/c6bd45b1-5867-49f3-aaf3-23a5593870e8.jpg"</msg>
<msg timestamp="20200414 16:12:48.410" level="INFO">      ],</msg>
<msg timestamp="20200414 16:12:48.410" level="INFO">      "pic_list_title": [</msg>
<msg timestamp="20200414 16:12:48.410" level="INFO">        "https://img1.fjdaily.com/app/images/2020-03/18/t1_(5X5X597X338)49aa7273-883c-4fb7-8301-2f8d04a101fa.jpg"</msg>
<msg timestamp="20200414 16:12:48.410" level="INFO">      ],</msg>
<msg timestamp="20200414 16:12:48.410" level="INFO">      "emojiID": "",</msg>
<msg timestamp="20200414 16:12:48.410" level="INFO">      "copyright": "0",</msg>
<msg timestamp="20200414 16:12:48.410" level="INFO">      "picBig": "https://img1.fjdaily.com/app/images/2020-03/18/t1_(5X5X597X338)49aa7273-883c-4fb7-8301-2f8d04a101fa.jpg",</msg>
<msg timestamp="20200414 16:12:48.410" level="INFO">      "pic0": "https://img1.fjdaily.com/app/images/2020-03/18/4a2adc86-b604-4bce-a41f-4e99253a3740.jpg",</msg>
<msg timestamp="20200414 16:12:48.410" level="INFO">      "pic1": "https://img1.fjdaily.com/app/images/2020-03/18/f1761f9b-392d-4b40-a3ce-9e0cdda96170.jpg",</msg>
<msg timestamp="20200414 16:12:48.410" level="INFO">      "pic2": "https://img1.fjdaily.com/app/images/2020-03/18/5d8fed28-94b3-4b21-8b84-7b72474a34ca.jpg",</msg>
<msg timestamp="20200414 16:12:48.410" level="INFO">      "pic": [],</msg>
<msg timestamp="20200414 16:12:48.410" level="INFO">      "picCount": "9",</msg>
<msg timestamp="20200414 16:12:48.410" level="INFO">      "isTop": false,</msg>
<msg timestamp="20200414 16:12:48.411" level="INFO">      "position": 0</msg>
<msg timestamp="20200414 16:12:48.411" level="INFO">    },</msg>
<msg timestamp="20200414 16:12:48.411" level="INFO">    {</msg>
<msg timestamp="20200414 16:12:48.411" level="INFO">      "fileId": 1692,</msg>
<msg timestamp="20200414 16:12:48.411" level="INFO">      "markLocked": false,</msg>
<msg timestamp="20200414 16:12:48.411" level="INFO">      "version": 1586766024000,</msg>
<msg timestamp="20200414 16:12:48.411" level="INFO">      "isRel": 0,</msg>
<msg timestamp="20200414 16:12:48.411" level="INFO">      "realPubTime": "2020-04-13 16:20:24.0",</msg>
<msg timestamp="20200414 16:12:48.411" level="INFO">      "title": "测试列表标题",</msg>
<msg timestamp="20200414 16:12:48.411" level="INFO">      "textTitle": "测试列表标题",</msg>
<msg timestamp="20200414 16:12:48.411" level="INFO">      "attAbstract": "",</msg>
<msg timestamp="20200414 16:12:48.411" level="INFO">      "textAbstract": "",</msg>
<msg timestamp="20200414 16:12:48.411" level="INFO">      "arthorID": 17,</msg>
<msg timestamp="20200414 16:12:48.411" level="INFO">      "arthorName": "作者",</msg>
<msg timestamp="20200414 16:12:48.442" level="INFO">      "reporter": "",</msg>
<msg timestamp="20200414 16:12:48.442" level="INFO">      "publishtime": "2020-04-07 15:14:01.0",</msg>
<msg timestamp="20200414 16:12:48.442" level="INFO">      "articleType": 0,</msg>
<msg timestamp="20200414 16:12:48.442" level="INFO">      "tag": "",</msg>
<msg timestamp="20200414 16:12:48.442" level="INFO">      "trade": "",</msg>
<msg timestamp="20200414 16:12:48.442" level="INFO">      "tradeID": "",</msg>
<msg timestamp="20200414 16:12:48.442" level="INFO">      "colName": "首页~头条",</msg>
<msg timestamp="20200414 16:12:48.442" level="INFO">      "columnCasName": "首页~头条",</msg>
<msg timestamp="20200414 16:12:48.442" level="INFO">      "colID": 5,</msg>
<msg timestamp="20200414 16:12:48.442" level="INFO">      "colIcon": "http://218.66.59.25:3083/app/resource/xy/202003/06/4fff70e1-1028-49b8-9c48-12637e3c7f7f.jpg",</msg>
<msg timestamp="20200414 16:12:48.442" level="INFO">      "mark": "",</msg>
<msg timestamp="20200414 16:12:48.442" level="INFO">      "source": "来源",</msg>
<msg timestamp="20200414 16:12:48.443" level="INFO">      "sourceUrl": "",</msg>
<msg timestamp="20200414 16:12:48.443" level="INFO">      "multimediaLink": "",</msg>
<msg timestamp="20200414 16:12:48.443" level="INFO">      "shareUrl": "https://img1.fjdaily.com/app/content/2020-04/07/content_1692.html",</msg>
<msg timestamp="20200414 16:12:48.443" level="INFO">      "url": "",</msg>
<msg timestamp="20200414 16:12:48.443" level="INFO">      "urlPad": "https://img1.fjdaily.com/app/content/2020-04/07/content_1692.html",</msg>
<msg timestamp="20200414 16:12:48.443" level="INFO">      "isBigPic": 0,</msg>
<msg timestamp="20200414 16:12:48.443" level="INFO">      "bigPic": 0,</msg>
<msg timestamp="20200414 16:12:48.443" level="INFO">      "isExclusive": 0,</msg>
<msg timestamp="20200414 16:12:48.443" level="INFO">      "contentUrl": "https://api1.fjdaily.com/app_if/getArticleContent?articleId=1692",</msg>
<msg timestamp="20200414 16:12:48.443" level="INFO">      "linkID": 0,</msg>
<msg timestamp="20200414 16:12:48.443" level="INFO">      "linkType": 0,</msg>
<msg timestamp="20200414 16:12:48.443" level="INFO">      "linkName": "",</msg>
<msg timestamp="20200414 16:12:48.443" level="INFO">      "countClick": 673,</msg>
<msg timestamp="20200414 16:12:48.443" level="INFO">      "countClickInitial": 0,</msg>
<msg timestamp="20200414 16:12:48.443" level="INFO">      "countClickReal": 24,</msg>
<msg timestamp="20200414 16:12:48.443" level="INFO">      "countClickFake": 649,</msg>
<msg timestamp="20200414 16:12:48.443" level="INFO">      "countShareClick": 0,</msg>
<msg timestamp="20200414 16:12:48.443" level="INFO">      "rssID": 0,</msg>
<msg timestamp="20200414 16:12:48.443" level="INFO">      "rss": "",</msg>
<msg timestamp="20200414 16:12:48.443" level="INFO">      "rssType": 0,</msg>
<msg timestamp="20200414 16:12:48.443" level="INFO">      "discussClosed": "0",</msg>
<msg timestamp="20200414 16:12:48.444" level="INFO">      "countDiscuss": 5,</msg>
<msg timestamp="20200414 16:12:48.444" level="INFO">      "countPraise": 5,</msg>
<msg timestamp="20200414 16:12:48.444" level="INFO">      "countShare": 0,</msg>
<msg timestamp="20200414 16:12:48.444" level="INFO">      "extGroupID": 0,</msg>
<msg timestamp="20200414 16:12:48.444" level="INFO">      "xyAccountID": 46,</msg>
<msg timestamp="20200414 16:12:48.444" level="INFO">      "xyAccount": "y1",</msg>
<msg timestamp="20200414 16:12:48.444" level="INFO">      "xyAccountIcon": "",</msg>
<msg timestamp="20200414 16:12:48.444" level="INFO">      "xyDescription": "",</msg>
<msg timestamp="20200414 16:12:48.444" level="INFO">      "picType": 1,</msg>
<msg timestamp="20200414 16:12:48.444" level="INFO">      "listType": 0,</msg>
<msg timestamp="20200414 16:12:48.444" level="INFO">      "picFullScreen": 0,</msg>
<msg timestamp="20200414 16:12:48.444" level="INFO">      "titleDisplay": 0,</msg>
<msg timestamp="20200414 16:12:48.444" level="INFO">      "pubTimeDisplay": 0,</msg>
<msg timestamp="20200414 16:12:48.444" level="INFO">      "shareClosed": 1,</msg>
<msg timestamp="20200414 16:12:48.444" level="INFO">      "listTitle": "新列表标题列表标题列表标题",</msg>
<msg timestamp="20200414 16:12:48.444" level="INFO">      "praiseType": 0,</msg>
<msg timestamp="20200414 16:12:48.444" level="INFO">      "isrecommend": 0,</msg>
<msg timestamp="20200414 16:12:48.444" level="INFO">      "subTitle": "",</msg>
<msg timestamp="20200414 16:12:48.444" level="INFO">      "leadTitle": "",</msg>
<msg timestamp="20200414 16:12:48.444" level="INFO">      "picurl": "图片存储;xy/202004/07/t0_(167X61X586X375)3bf91994-1fa0-4148-9a3f-07251ccc321e.jpg",</msg>
<msg timestamp="20200414 16:12:48.444" level="INFO">      "ext_sharepic": "图片存储;xy/202004/07/t0_(167X61X586X375)3bf91994-1fa0-4148-9a3f-07251ccc321e.jpg",</msg>
<msg timestamp="20200414 16:12:48.444" level="INFO">      "keylist": "",</msg>
<msg timestamp="20200414 16:12:48.445" level="INFO">      "sectionids": "5;77",</msg>
<msg timestamp="20200414 16:12:48.445" level="INFO">      "newstype": 0,</msg>
<msg timestamp="20200414 16:12:48.445" level="INFO">      "collectcount": 0,</msg>
<msg timestamp="20200414 16:12:48.445" level="INFO">      "edittername": "于钦",</msg>
<msg timestamp="20200414 16:12:48.445" level="INFO">      "iorder": "-37180151.2001692060",</msg>
<msg timestamp="20200414 16:12:48.445" level="INFO">      "picauthor": "",</msg>
<msg timestamp="20200414 16:12:48.445" level="INFO">      "picauthorid": "",</msg>
<msg timestamp="20200414 16:12:48.445" level="INFO">      "videoauthor": "",</msg>
<msg timestamp="20200414 16:12:48.445" level="INFO">      "videoauthorid": "",</msg>
<msg timestamp="20200414 16:12:48.445" level="INFO">      "sharePicUrl": "",</msg>
<msg timestamp="20200414 16:12:48.445" level="INFO">      "shareTitle": "",</msg>
<msg timestamp="20200414 16:12:48.445" level="INFO">      "shareContent": "",</msg>
<msg timestamp="20200414 16:12:48.445" level="INFO">      "pic_list": [],</msg>
<msg timestamp="20200414 16:12:48.445" level="INFO">      "pic_list_title": [</msg>
<msg timestamp="20200414 16:12:48.445" level="INFO">        "https://img1.fjdaily.com/app/images/2020-04/07/t0_(167X61X586X375)3bf91994-1fa0-4148-9a3f-07251ccc321e.jpg"</msg>
<msg timestamp="20200414 16:12:48.445" level="INFO">      ],</msg>
<msg timestamp="20200414 16:12:48.445" level="INFO">      "emojiID": "",</msg>
<msg timestamp="20200414 16:12:48.445" level="INFO">      "copyright": "0",</msg>
<msg timestamp="20200414 16:12:48.445" level="INFO">      "picBig": "https://img1.fjdaily.com/app/images/2020-04/07/t0_(167X61X586X375)3bf91994-1fa0-4148-9a3f-07251ccc321e.jpg",</msg>
<msg timestamp="20200414 16:12:48.446" level="INFO">      "pic": [],</msg>
<msg timestamp="20200414 16:12:48.446" level="INFO">      "picCount": "0",</msg>
<msg timestamp="20200414 16:12:48.446" level="INFO">      "isTop": false,</msg>
<msg timestamp="20200414 16:12:48.446" level="INFO">      "position": 0</msg>
<msg timestamp="20200414 16:12:48.446" level="INFO">    },</msg>
<msg timestamp="20200414 16:12:48.446" level="INFO">    {</msg>
<msg timestamp="20200414 16:12:48.446" level="INFO">      "fileId": 233,</msg>
<msg timestamp="20200414 16:12:48.446" level="INFO">      "markLocked": false,</msg>
<msg timestamp="20200414 16:12:48.446" level="INFO">      "version": 1585738337000,</msg>
<msg timestamp="20200414 16:12:48.446" level="INFO">      "isRel": 0,</msg>
<msg timestamp="20200414 16:12:48.446" level="INFO">      "realPubTime": "2020-04-01 18:52:17.0",</msg>
<msg timestamp="20200414 16:12:48.446" level="INFO">      "title": "【虎嗅早报】3700人滞留船上！又一邮轮现疑似病例；美联储降低基准利率至零",</msg>
<msg timestamp="20200414 16:12:48.446" level="INFO">      "textTitle": "【虎嗅早报】3700人滞留船上！又一邮轮现疑似病例；美联储降低基准利率至零",</msg>
<msg timestamp="20200414 16:12:48.446" level="INFO">      "attAbstract": "",</msg>
<msg timestamp="20200414 16:12:48.446" level="INFO">      "textAbstract": "",</msg>
<msg timestamp="20200414 16:12:48.446" level="INFO">      "arthorID": 20,</msg>
<msg timestamp="20200414 16:12:48.446" level="INFO">      "arthorName": "测试0001",</msg>
<msg timestamp="20200414 16:12:48.446" level="INFO">      "reporter": "",</msg>
<msg timestamp="20200414 16:12:48.447" level="INFO">      "publishtime": "2020-03-16 16:47:16.0",</msg>
<msg timestamp="20200414 16:12:48.447" level="INFO">      "articleType": 0,</msg>
<msg timestamp="20200414 16:12:48.447" level="INFO">      "tag": "",</msg>
<msg timestamp="20200414 16:12:48.447" level="INFO">      "trade": "",</msg>
<msg timestamp="20200414 16:12:48.447" level="INFO">      "tradeID": "",</msg>
<msg timestamp="20200414 16:12:48.447" level="INFO">      "colName": "首页~图文",</msg>
<msg timestamp="20200414 16:12:48.447" level="INFO">      "columnCasName": "首页~图文",</msg>
<msg timestamp="20200414 16:12:48.447" level="INFO">      "colID": 49,</msg>
<msg timestamp="20200414 16:12:48.447" level="INFO">      "colIcon": "",</msg>
<msg timestamp="20200414 16:12:48.447" level="INFO">      "mark": "新福建",</msg>
<msg timestamp="20200414 16:12:48.447" level="INFO">      "source": "百度新闻",</msg>
<msg timestamp="20200414 16:12:48.447" level="INFO">      "sourceUrl": "",</msg>
<msg timestamp="20200414 16:12:48.447" level="INFO">      "multimediaLink": "",</msg>
<msg timestamp="20200414 16:12:48.447" level="INFO">      "shareUrl": "https://img1.fjdaily.com/app/content/2020-03/16/content_233.html",</msg>
<msg timestamp="20200414 16:12:48.447" level="INFO">      "url": "",</msg>
<msg timestamp="20200414 16:12:48.447" level="INFO">      "urlPad": "https://img1.fjdaily.com/app/content/2020-03/16/content_233.html",</msg>
<msg timestamp="20200414 16:12:48.447" level="INFO">      "isBigPic": 0,</msg>
<msg timestamp="20200414 16:12:48.447" level="INFO">      "bigPic": 0,</msg>
<msg timestamp="20200414 16:12:48.447" level="INFO">      "isExclusive": 0,</msg>
<msg timestamp="20200414 16:12:48.447" level="INFO">      "contentUrl": "https://api1.fjdaily.com/app_if/getArticleContent?articleId=233",</msg>
<msg timestamp="20200414 16:12:48.447" level="INFO">      "linkID": 0,</msg>
<msg timestamp="20200414 16:12:48.448" level="INFO">      "linkType": 0,</msg>
<msg timestamp="20200414 16:12:48.448" level="INFO">      "linkName": "",</msg>
<msg timestamp="20200414 16:12:48.448" level="INFO">      "countClick": 0,</msg>
<msg timestamp="20200414 16:12:48.448" level="INFO">      "countClickInitial": 0,</msg>
<msg timestamp="20200414 16:12:48.448" level="INFO">      "countClickReal": 0,</msg>
<msg timestamp="20200414 16:12:48.448" level="INFO">      "countClickFake": 0,</msg>
<msg timestamp="20200414 16:12:48.448" level="INFO">      "countShareClick": 0,</msg>
<msg timestamp="20200414 16:12:48.448" level="INFO">      "rssID": 0,</msg>
<msg timestamp="20200414 16:12:48.448" level="INFO">      "rss": "",</msg>
<msg timestamp="20200414 16:12:48.448" level="INFO">      "rssType": 0,</msg>
<msg timestamp="20200414 16:12:48.449" level="INFO">      "discussClosed": "0",</msg>
<msg timestamp="20200414 16:12:48.449" level="INFO">      "countDiscuss": 0,</msg>
<msg timestamp="20200414 16:12:48.449" level="INFO">      "countPraise": 0,</msg>
<msg timestamp="20200414 16:12:48.449" level="INFO">      "countShare": 0,</msg>
<msg timestamp="20200414 16:12:48.449" level="INFO">      "extGroupID": 0,</msg>
<msg timestamp="20200414 16:12:48.449" level="INFO">      "picType": 1,</msg>
<msg timestamp="20200414 16:12:48.449" level="INFO">      "listType": 0,</msg>
<msg timestamp="20200414 16:12:48.449" level="INFO">      "picFullScreen": 0,</msg>
<msg timestamp="20200414 16:12:48.449" level="INFO">      "titleDisplay": 0,</msg>
<msg timestamp="20200414 16:12:48.449" level="INFO">      "pubTimeDisplay": 0,</msg>
<msg timestamp="20200414 16:12:48.449" level="INFO">      "shareClosed": 0,</msg>
<msg timestamp="20200414 16:12:48.449" level="INFO">      "listTitle": "",</msg>
<msg timestamp="20200414 16:12:48.450" level="INFO">      "praiseType": 0,</msg>
<msg timestamp="20200414 16:12:48.450" level="INFO">      "isrecommend": 0,</msg>
<msg timestamp="20200414 16:12:48.450" level="INFO">      "subTitle": "",</msg>
<msg timestamp="20200414 16:12:48.450" level="INFO">      "leadTitle": "",</msg>
<msg timestamp="20200414 16:12:48.450" level="INFO">      "picurl": "图片存储;xy/202003/16/t1_(3X7X440X253)8490705e-fffb-4a76-94f2-7e777cb57e84copy.jpg",</msg>
<msg timestamp="20200414 16:12:48.450" level="INFO">      "ext_sharepic": "图片存储;xy/202003/16/t1_(3X7X440X253)8490705e-fffb-4a76-94f2-7e777cb57e84copy.jpg",</msg>
<msg timestamp="20200414 16:12:48.450" level="INFO">      "keylist": "",</msg>
<msg timestamp="20200414 16:12:48.450" level="INFO">      "sectionids": "49",</msg>
<msg timestamp="20200414 16:12:48.450" level="INFO">      "newstype": 0,</msg>
<msg timestamp="20200414 16:12:48.450" level="INFO">      "collectcount": 0,</msg>
<msg timestamp="20200414 16:12:48.450" level="INFO">      "edittername": "张鹏",</msg>
<msg timestamp="20200414 16:12:48.450" level="INFO">      "iorder": "-17720164.7000233000",</msg>
<msg timestamp="20200414 16:12:48.450" level="INFO">      "picauthor": "",</msg>
<msg timestamp="20200414 16:12:48.451" level="INFO">      "picauthorid": "",</msg>
<msg timestamp="20200414 16:12:48.451" level="INFO">      "videoauthor": "",</msg>
<msg timestamp="20200414 16:12:48.451" level="INFO">      "videoauthorid": "",</msg>
<msg timestamp="20200414 16:12:48.451" level="INFO">      "sharePicUrl": "",</msg>
<msg timestamp="20200414 16:12:48.451" level="INFO">      "shareTitle": "",</msg>
<msg timestamp="20200414 16:12:48.451" level="INFO">      "shareContent": "",</msg>
<msg timestamp="20200414 16:12:48.451" level="INFO">      "pic_list": [</msg>
<msg timestamp="20200414 16:12:48.451" level="INFO">        "https://img1.fjdaily.com/app/images/2020-03/16/93bffc4e-13ab-4a30-ae1a-7f405390478fcopy.jpg"</msg>
<msg timestamp="20200414 16:12:48.451" level="INFO">      ],</msg>
<msg timestamp="20200414 16:12:48.451" level="INFO">      "pic_list_title": [</msg>
<msg timestamp="20200414 16:12:48.451" level="INFO">        "https://img1.fjdaily.com/app/images/2020-03/16/t1_(3X7X440X253)8490705e-fffb-4a76-94f2-7e777cb57e84copy.jpg"</msg>
<msg timestamp="20200414 16:12:48.451" level="INFO">      ],</msg>
<msg timestamp="20200414 16:12:48.452" level="INFO">      "emojiID": "",</msg>
<msg timestamp="20200414 16:12:48.452" level="INFO">      "copyright": "0",</msg>
<msg timestamp="20200414 16:12:48.452" level="INFO">      "pic0": "https://img1.fjdaily.com/app/images/2020-03/16/93bffc4e-13ab-4a30-ae1a-7f405390478fcopy.jpg",</msg>
<msg timestamp="20200414 16:12:48.452" level="INFO">      "picBig": "https://img1.fjdaily.com/app/images/2020-03/16/t1_(3X7X440X253)8490705e-fffb-4a76-94f2-7e777cb57e84copy.jpg",</msg>
<msg timestamp="20200414 16:12:48.452" level="INFO">      "pic": [],</msg>
<msg timestamp="20200414 16:12:48.452" level="INFO">      "picCount": "1",</msg>
<msg timestamp="20200414 16:12:48.452" level="INFO">      "isTop": false,</msg>
<msg timestamp="20200414 16:12:48.452" level="INFO">      "position": 0</msg>
<msg timestamp="20200414 16:12:48.452" level="INFO">    },</msg>
<msg timestamp="20200414 16:12:48.452" level="INFO">    {</msg>
<msg timestamp="20200414 16:12:48.452" level="INFO">      "fileId": 639,</msg>
<msg timestamp="20200414 16:12:48.452" level="INFO">      "markLocked": false,</msg>
<msg timestamp="20200414 16:12:48.452" level="INFO">      "version": 1585738342000,</msg>
<msg timestamp="20200414 16:12:48.452" level="INFO">      "isRel": 0,</msg>
<msg timestamp="20200414 16:12:48.453" level="INFO">      "realPubTime": "2020-04-01 18:52:22.0",</msg>
<msg timestamp="20200414 16:12:48.453" level="INFO">      "title": "测试稿件-设置角标内容",</msg>
<msg timestamp="20200414 16:12:48.453" level="INFO">      "textTitle": "测试稿件-设置角标内容",</msg>
<msg timestamp="20200414 16:12:48.453" level="INFO">      "attAbstract": "",</msg>
<msg timestamp="20200414 16:12:48.453" level="INFO">      "textAbstract": "",</msg>
<msg timestamp="20200414 16:12:48.453" level="INFO">      "arthorID": 32,</msg>
<msg timestamp="20200414 16:12:48.453" level="INFO">      "arthorName": "",</msg>
<msg timestamp="20200414 16:12:48.453" level="INFO">      "reporter": "",</msg>
<msg timestamp="20200414 16:12:48.453" level="INFO">      "publishtime": "2020-03-19 10:15:49.0",</msg>
<msg timestamp="20200414 16:12:48.453" level="INFO">      "articleType": 0,</msg>
<msg timestamp="20200414 16:12:48.453" level="INFO">      "tag": "",</msg>
<msg timestamp="20200414 16:12:48.453" level="INFO">      "trade": "",</msg>
<msg timestamp="20200414 16:12:48.453" level="INFO">      "tradeID": "",</msg>
<msg timestamp="20200414 16:12:48.453" level="INFO">      "colName": "首页~yll测试栏目",</msg>
<msg timestamp="20200414 16:12:48.454" level="INFO">      "columnCasName": "首页~yll测试栏目",</msg>
<msg timestamp="20200414 16:12:48.454" level="INFO">      "colID": 80,</msg>
<msg timestamp="20200414 16:12:48.454" level="INFO">      "colIcon": "",</msg>
<msg timestamp="20200414 16:12:48.454" level="INFO">      "mark": "图文稿件角标",</msg>
<msg timestamp="20200414 16:12:48.454" level="INFO">      "source": "",</msg>
<msg timestamp="20200414 16:12:48.454" level="INFO">      "sourceUrl": "",</msg>
<msg timestamp="20200414 16:12:48.454" level="INFO">      "multimediaLink": "",</msg>
<msg timestamp="20200414 16:12:48.454" level="INFO">      "shareUrl": "https://img1.fjdaily.com/app/content/2020-03/19/content_639.html",</msg>
<msg timestamp="20200414 16:12:48.454" level="INFO">      "url": "",</msg>
<msg timestamp="20200414 16:12:48.454" level="INFO">      "urlPad": "https://img1.fjdaily.com/app/content/2020-03/19/content_639.html",</msg>
<msg timestamp="20200414 16:12:48.454" level="INFO">      "isBigPic": 0,</msg>
<msg timestamp="20200414 16:12:48.454" level="INFO">      "bigPic": 0,</msg>
<msg timestamp="20200414 16:12:48.454" level="INFO">      "isExclusive": 0,</msg>
<msg timestamp="20200414 16:12:48.454" level="INFO">      "contentUrl": "https://api1.fjdaily.com/app_if/getArticleContent?articleId=639",</msg>
<msg timestamp="20200414 16:12:48.454" level="INFO">      "linkID": 0,</msg>
<msg timestamp="20200414 16:12:48.454" level="INFO">      "linkType": 0,</msg>
<msg timestamp="20200414 16:12:48.454" level="INFO">      "linkName": "",</msg>
<msg timestamp="20200414 16:12:48.454" level="INFO">      "countClick": 42,</msg>
<msg timestamp="20200414 16:12:48.454" level="INFO">      "countClickInitial": 0,</msg>
<msg timestamp="20200414 16:12:48.454" level="INFO">      "countClickReal": 2,</msg>
<msg timestamp="20200414 16:12:48.455" level="INFO">      "countClickFake": 40,</msg>
<msg timestamp="20200414 16:12:48.455" level="INFO">      "countShareClick": 0,</msg>
<msg timestamp="20200414 16:12:48.455" level="INFO">      "rssID": 0,</msg>
<msg timestamp="20200414 16:12:48.455" level="INFO">      "rss": "",</msg>
<msg timestamp="20200414 16:12:48.455" level="INFO">      "rssType": 0,</msg>
<msg timestamp="20200414 16:12:48.455" level="INFO">      "discussClosed": "1",</msg>
<msg timestamp="20200414 16:12:48.455" level="INFO">      "countDiscuss": 15,</msg>
<msg timestamp="20200414 16:12:48.455" level="INFO">      "countPraise": 4,</msg>
<msg timestamp="20200414 16:12:48.455" level="INFO">      "countShare": 0,</msg>
<msg timestamp="20200414 16:12:48.455" level="INFO">      "extGroupID": 0,</msg>
<msg timestamp="20200414 16:12:48.455" level="INFO">      "picType": 1,</msg>
<msg timestamp="20200414 16:12:48.455" level="INFO">      "listType": 0,</msg>
<msg timestamp="20200414 16:12:48.455" level="INFO">      "picFullScreen": 0,</msg>
<msg timestamp="20200414 16:12:48.455" level="INFO">      "titleDisplay": 0,</msg>
<msg timestamp="20200414 16:12:48.455" level="INFO">      "pubTimeDisplay": 0,</msg>
<msg timestamp="20200414 16:12:48.455" level="INFO">      "shareClosed": 0,</msg>
<msg timestamp="20200414 16:12:48.455" level="INFO">      "listTitle": "",</msg>
<msg timestamp="20200414 16:12:48.455" level="INFO">      "praiseType": 0,</msg>
<msg timestamp="20200414 16:12:48.455" level="INFO">      "isrecommend": 0,</msg>
<msg timestamp="20200414 16:12:48.455" level="INFO">      "subTitle": "",</msg>
<msg timestamp="20200414 16:12:48.455" level="INFO">      "leadTitle": "",</msg>
<msg timestamp="20200414 16:12:48.456" level="INFO">      "picurl": "图片存储;xy/202003/19/t2_(1X3X327X220)ca09efa7-7cba-49d1-a7cb-07796bcee968.jpg",</msg>
<msg timestamp="20200414 16:12:48.456" level="INFO">      "ext_sharepic": "图片存储;xy/202003/19/t2_(1X3X327X220)ca09efa7-7cba-49d1-a7cb-07796bcee968.jpg",</msg>
<msg timestamp="20200414 16:12:48.456" level="INFO">      "keylist": "",</msg>
<msg timestamp="20200414 16:12:48.456" level="INFO">      "sectionids": "80",</msg>
<msg timestamp="20200414 16:12:48.456" level="INFO">      "newstype": 0,</msg>
<msg timestamp="20200414 16:12:48.456" level="INFO">      "collectcount": 0,</msg>
<msg timestamp="20200414 16:12:48.456" level="INFO">      "edittername": "尹利利",</msg>
<msg timestamp="20200414 16:12:48.456" level="INFO">      "iorder": "-17750101.5000639000",</msg>
<msg timestamp="20200414 16:12:48.456" level="INFO">      "picauthor": "",</msg>
<msg timestamp="20200414 16:12:48.456" level="INFO">      "picauthorid": "",</msg>
<msg timestamp="20200414 16:12:48.456" level="INFO">      "videoauthor": "",</msg>
<msg timestamp="20200414 16:12:48.456" level="INFO">      "videoauthorid": "",</msg>
<msg timestamp="20200414 16:12:48.456" level="INFO">      "sharePicUrl": "",</msg>
<msg timestamp="20200414 16:12:48.456" level="INFO">      "shareTitle": "",</msg>
<msg timestamp="20200414 16:12:48.456" level="INFO">      "shareContent": "",</msg>
<msg timestamp="20200414 16:12:48.456" level="INFO">      "pic_list": [],</msg>
<msg timestamp="20200414 16:12:48.456" level="INFO">      "pic_list_title": [</msg>
<msg timestamp="20200414 16:12:48.456" level="INFO">        "https://img1.fjdaily.com/app/images/2020-03/19/t2_(1X3X327X220)ca09efa7-7cba-49d1-a7cb-07796bcee968.jpg"</msg>
<msg timestamp="20200414 16:12:48.456" level="INFO">      ],</msg>
<msg timestamp="20200414 16:12:48.456" level="INFO">      "emojiID": "",</msg>
<msg timestamp="20200414 16:12:48.456" level="INFO">      "copyright": "0",</msg>
<msg timestamp="20200414 16:12:48.457" level="INFO">      "picBig": "https://img1.fjdaily.com/app/images/2020-03/19/t2_(1X3X327X220)ca09efa7-7cba-49d1-a7cb-07796bcee968.jpg",</msg>
<msg timestamp="20200414 16:12:48.457" level="INFO">      "pic": [],</msg>
<msg timestamp="20200414 16:12:48.457" level="INFO">      "picCount": "0",</msg>
<msg timestamp="20200414 16:12:48.457" level="INFO">      "isTop": false,</msg>
<msg timestamp="20200414 16:12:48.457" level="INFO">      "position": 0</msg>
<msg timestamp="20200414 16:12:48.457" level="INFO">    },</msg>
<msg timestamp="20200414 16:12:48.457" level="INFO">    {</msg>
<msg timestamp="20200414 16:12:48.457" level="INFO">      "fileId": 827,</msg>
<msg timestamp="20200414 16:12:48.457" level="INFO">      "markLocked": false,</msg>
<msg timestamp="20200414 16:12:48.457" level="INFO">      "version": 1585738350000,</msg>
<msg timestamp="20200414 16:12:48.457" level="INFO">      "isRel": 0,</msg>
<msg timestamp="20200414 16:12:48.457" level="INFO">      "realPubTime": "2020-04-01 18:52:30.0",</msg>
<msg timestamp="20200414 16:12:48.457" level="INFO">      "title": "稿件插入图片",</msg>
<msg timestamp="20200414 16:12:48.457" level="INFO">      "textTitle": "稿件插入图片",</msg>
<msg timestamp="20200414 16:12:48.457" level="INFO">      "attAbstract": "",</msg>
<msg timestamp="20200414 16:12:48.457" level="INFO">      "textAbstract": "",</msg>
<msg timestamp="20200414 16:12:48.457" level="INFO">      "arthorID": 32,</msg>
<msg timestamp="20200414 16:12:48.457" level="INFO">      "arthorName": "",</msg>
<msg timestamp="20200414 16:12:48.457" level="INFO">      "reporter": "",</msg>
<msg timestamp="20200414 16:12:48.457" level="INFO">      "publishtime": "2020-03-20 17:25:00.0",</msg>
<msg timestamp="20200414 16:12:48.457" level="INFO">      "articleType": 0,</msg>
<msg timestamp="20200414 16:12:48.458" level="INFO">      "tag": "",</msg>
<msg timestamp="20200414 16:12:48.458" level="INFO">      "trade": "",</msg>
<msg timestamp="20200414 16:12:48.458" level="INFO">      "tradeID": "",</msg>
<msg timestamp="20200414 16:12:48.458" level="INFO">      "colName": "首页~yll测试栏目",</msg>
<msg timestamp="20200414 16:12:48.458" level="INFO">      "columnCasName": "首页~yll测试栏目",</msg>
<msg timestamp="20200414 16:12:48.458" level="INFO">      "colID": 80,</msg>
<msg timestamp="20200414 16:12:48.458" level="INFO">      "colIcon": "",</msg>
<msg timestamp="20200414 16:12:48.458" level="INFO">      "mark": "",</msg>
<msg timestamp="20200414 16:12:48.458" level="INFO">      "source": "",</msg>
<msg timestamp="20200414 16:12:48.458" level="INFO">      "sourceUrl": "",</msg>
<msg timestamp="20200414 16:12:48.458" level="INFO">      "multimediaLink": "",</msg>
<msg timestamp="20200414 16:12:48.458" level="INFO">      "shareUrl": "https://img1.fjdaily.com/app/content/2020-03/20/content_827.html",</msg>
<msg timestamp="20200414 16:12:48.458" level="INFO">      "url": "",</msg>
<msg timestamp="20200414 16:12:48.458" level="INFO">      "urlPad": "https://img1.fjdaily.com/app/content/2020-03/20/content_827.html",</msg>
<msg timestamp="20200414 16:12:48.458" level="INFO">      "isBigPic": 0,</msg>
<msg timestamp="20200414 16:12:48.458" level="INFO">      "bigPic": 0,</msg>
<msg timestamp="20200414 16:12:48.458" level="INFO">      "isExclusive": 0,</msg>
<msg timestamp="20200414 16:12:48.458" level="INFO">      "contentUrl": "https://api1.fjdaily.com/app_if/getArticleContent?articleId=827",</msg>
<msg timestamp="20200414 16:12:48.458" level="INFO">      "linkID": 0,</msg>
<msg timestamp="20200414 16:12:48.458" level="INFO">      "linkType": 0,</msg>
<msg timestamp="20200414 16:12:48.458" level="INFO">      "linkName": "",</msg>
<msg timestamp="20200414 16:12:48.459" level="INFO">      "countClick": 887,</msg>
<msg timestamp="20200414 16:12:48.459" level="INFO">      "countClickInitial": 0,</msg>
<msg timestamp="20200414 16:12:48.459" level="INFO">      "countClickReal": 19,</msg>
<msg timestamp="20200414 16:12:48.459" level="INFO">      "countClickFake": 868,</msg>
<msg timestamp="20200414 16:12:48.459" level="INFO">      "countShareClick": 0,</msg>
<msg timestamp="20200414 16:12:48.459" level="INFO">      "rssID": 0,</msg>
<msg timestamp="20200414 16:12:48.459" level="INFO">      "rss": "",</msg>
<msg timestamp="20200414 16:12:48.459" level="INFO">      "rssType": 0,</msg>
<msg timestamp="20200414 16:12:48.459" level="INFO">      "discussClosed": "0",</msg>
<msg timestamp="20200414 16:12:48.459" level="INFO">      "countDiscuss": 19,</msg>
<msg timestamp="20200414 16:12:48.459" level="INFO">      "countPraise": 3,</msg>
<msg timestamp="20200414 16:12:48.459" level="INFO">      "countShare": 0,</msg>
<msg timestamp="20200414 16:12:48.459" level="INFO">      "extGroupID": 0,</msg>
<msg timestamp="20200414 16:12:48.459" level="INFO">      "picType": 1,</msg>
<msg timestamp="20200414 16:12:48.459" level="INFO">      "listType": 0,</msg>
<msg timestamp="20200414 16:12:48.459" level="INFO">      "picFullScreen": 0,</msg>
<msg timestamp="20200414 16:12:48.459" level="INFO">      "titleDisplay": 0,</msg>
<msg timestamp="20200414 16:12:48.459" level="INFO">      "pubTimeDisplay": 0,</msg>
<msg timestamp="20200414 16:12:48.460" level="INFO">      "shareClosed": 0,</msg>
<msg timestamp="20200414 16:12:48.460" level="INFO">      "listTitle": "",</msg>
<msg timestamp="20200414 16:12:48.460" level="INFO">      "praiseType": 0,</msg>
<msg timestamp="20200414 16:12:48.460" level="INFO">      "isrecommend": 0,</msg>
<msg timestamp="20200414 16:12:48.460" level="INFO">      "subTitle": "",</msg>
<msg timestamp="20200414 16:12:48.460" level="INFO">      "leadTitle": "",</msg>
<msg timestamp="20200414 16:12:48.460" level="INFO">      "picurl": "图片存储;xy/202003/20/t1_(11X10X592X337)b53662ef-33f4-4cd3-98b5-1447fea8c2b4.jpg",</msg>
<msg timestamp="20200414 16:12:48.460" level="INFO">      "ext_sharepic": "图片存储;xy/202003/20/t1_(11X10X592X337)b53662ef-33f4-4cd3-98b5-1447fea8c2b4.jpg",</msg>
<msg timestamp="20200414 16:12:48.460" level="INFO">      "keylist": "",</msg>
<msg timestamp="20200414 16:12:48.460" level="INFO">      "sectionids": "80",</msg>
<msg timestamp="20200414 16:12:48.461" level="INFO">      "newstype": 0,</msg>
<msg timestamp="20200414 16:12:48.461" level="INFO">      "collectcount": 0,</msg>
<msg timestamp="20200414 16:12:48.461" level="INFO">      "edittername": "尹利利",</msg>
<msg timestamp="20200414 16:12:48.461" level="INFO">      "iorder": "-17760151.9000827000",</msg>
<msg timestamp="20200414 16:12:48.461" level="INFO">      "picauthor": "",</msg>
<msg timestamp="20200414 16:12:48.461" level="INFO">      "picauthorid": "",</msg>
<msg timestamp="20200414 16:12:48.461" level="INFO">      "videoauthor": "",</msg>
<msg timestamp="20200414 16:12:48.461" level="INFO">      "videoauthorid": "",</msg>
<msg timestamp="20200414 16:12:48.461" level="INFO">      "sharePicUrl": "",</msg>
<msg timestamp="20200414 16:12:48.461" level="INFO">      "shareTitle": "",</msg>
<msg timestamp="20200414 16:12:48.461" level="INFO">      "shareContent": "",</msg>
<msg timestamp="20200414 16:12:48.462" level="INFO">      "pic_list": [</msg>
<msg timestamp="20200414 16:12:48.462" level="INFO">        "https://img1.fjdaily.com/app/images/2020-03/20/ae76d301-cde4-4ffa-977e-4f3d7e79c507.jpg",</msg>
<msg timestamp="20200414 16:12:48.462" level="INFO">        "https://img1.fjdaily.com/app/images/2020-03/20/b860d4f0-7b17-4632-8bde-898e7615dccf.jpg",</msg>
<msg timestamp="20200414 16:12:48.462" level="INFO">        "https://img1.fjdaily.com/app/images/2020-03/20/8490705e-fffb-4a76-94f2-7e777cb57e84.jpg",</msg>
<msg timestamp="20200414 16:12:48.462" level="INFO">        "https://img1.fjdaily.com/app/images/2020-03/20/4fff70e1-1028-49b8-9c48-12637e3c7f7f.jpg"</msg>
<msg timestamp="20200414 16:12:48.462" level="INFO">      ],</msg>
<msg timestamp="20200414 16:12:48.462" level="INFO">      "pic_list_title": [</msg>
<msg timestamp="20200414 16:12:48.462" level="INFO">        "https://img1.fjdaily.com/app/images/2020-03/20/t1_(11X10X592X337)b53662ef-33f4-4cd3-98b5-1447fea8c2b4.jpg"</msg>
<msg timestamp="20200414 16:12:48.462" level="INFO">      ],</msg>
<msg timestamp="20200414 16:12:48.462" level="INFO">      "emojiID": "",</msg>
<msg timestamp="20200414 16:12:48.462" level="INFO">      "copyright": "0",</msg>
<msg timestamp="20200414 16:12:48.462" level="INFO">      "picBig": "https://img1.fjdaily.com/app/images/2020-03/20/t1_(11X10X592X337)b53662ef-33f4-4cd3-98b5-1447fea8c2b4.jpg",</msg>
<msg timestamp="20200414 16:12:48.462" level="INFO">      "videoUrl": "https://junshi-cloud-clip-oss.oss-cn-hangzhou.aliyuncs.com/common/custom/20200216/3837bc7e-31d9-42f1-8b63-2215d378c8da.mp3",</msg>
<msg timestamp="20200414 16:12:48.462" level="INFO">      "duration": 0,</msg>
<msg timestamp="20200414 16:12:48.462" level="INFO">      "size": 0,</msg>
<msg timestamp="20200414 16:12:48.462" level="INFO">      "videoStyle": 0,</msg>
<msg timestamp="20200414 16:12:48.462" level="INFO">      "pic0": "https://img1.fjdaily.com/app/images/2020-03/20/8490705e-fffb-4a76-94f2-7e777cb57e84.jpg",</msg>
<msg timestamp="20200414 16:12:48.462" level="INFO">      "pic1": "https://img1.fjdaily.com/app/images/2020-03/20/4fff70e1-1028-49b8-9c48-12637e3c7f7f.jpg",</msg>
<msg timestamp="20200414 16:12:48.463" level="INFO">      "pic2": "https://img1.fjdaily.com/app/images/2020-03/20/ae76d301-cde4-4ffa-977e-4f3d7e79c507.jpg",</msg>
<msg timestamp="20200414 16:12:48.463" level="INFO">      "pic": [],</msg>
<msg timestamp="20200414 16:12:48.463" level="INFO">      "picCount": "4",</msg>
<msg timestamp="20200414 16:12:48.463" level="INFO">      "isTop": false,</msg>
<msg timestamp="20200414 16:12:48.463" level="INFO">      "position": 0</msg>
<msg timestamp="20200414 16:12:48.463" level="INFO">    },</msg>
<msg timestamp="20200414 16:12:48.463" level="INFO">    {</msg>
<msg timestamp="20200414 16:12:48.463" level="INFO">      "fileId": 1268,</msg>
<msg timestamp="20200414 16:12:48.463" level="INFO">      "markLocked": false,</msg>
<msg timestamp="20200414 16:12:48.463" level="INFO">      "version": 1585738361000,</msg>
<msg timestamp="20200414 16:12:48.463" level="INFO">      "isRel": 0,</msg>
<msg timestamp="20200414 16:12:48.463" level="INFO">      "realPubTime": "2020-04-01 18:52:41.0",</msg>
<msg timestamp="20200414 16:12:48.463" level="INFO">      "title": "测试音频",</msg>
<msg timestamp="20200414 16:12:48.463" level="INFO">      "textTitle": "测试音频",</msg>
<msg timestamp="20200414 16:12:48.463" level="INFO">      "attAbstract": "",</msg>
<msg timestamp="20200414 16:12:48.463" level="INFO">      "textAbstract": "",</msg>
<msg timestamp="20200414 16:12:48.463" level="INFO">      "arthorID": 32,</msg>
<msg timestamp="20200414 16:12:48.463" level="INFO">      "arthorName": "",</msg>
<msg timestamp="20200414 16:12:48.464" level="INFO">      "reporter": "",</msg>
<msg timestamp="20200414 16:12:48.464" level="INFO">      "publishtime": "2020-03-31 13:55:58.0",</msg>
[...]
<msg timestamp="20200414 16:12:49.313" level="INFO">      "colID": 81,</msg>
<msg timestamp="20200414 16:12:49.314" level="INFO">      "colIcon": "",</msg>
<msg timestamp="20200414 16:12:49.314" level="INFO">      "mark": "",</msg>
<msg timestamp="20200414 16:12:49.314" level="INFO">      "source": "",</msg>
<msg timestamp="20200414 16:12:49.314" level="INFO">      "sourceUrl": "",</msg>
<msg timestamp="20200414 16:12:49.314" level="INFO">      "multimediaLink": "",</msg>
<msg timestamp="20200414 16:12:49.314" level="INFO">      "shareUrl": "https://img1.fjdaily.com/app/content/2020-04/14/content_1973.html",</msg>
<msg timestamp="20200414 16:12:49.314" level="INFO">      "url": "",</msg>
<msg timestamp="20200414 16:12:49.314" level="INFO">      "urlPad": "https://img1.fjdaily.com/app/content/2020-04/14/content_1973.html",</msg>
<msg timestamp="20200414 16:12:49.314" level="INFO">      "isBigPic": 1,</msg>
<msg timestamp="20200414 16:12:49.314" level="INFO">      "bigPic": 1,</msg>
<msg timestamp="20200414 16:12:49.314" level="INFO">      "picRatio": "654:369",</msg>
<msg timestamp="20200414 16:12:49.314" level="INFO">      "isExclusive": 0,</msg>
<msg timestamp="20200414 16:12:49.314" level="INFO">      "contentUrl": "https://api1.fjdaily.com/app_if/getArticleContent?articleId=1973",</msg>
<msg timestamp="20200414 16:12:49.314" level="INFO">      "linkID": 0,</msg>
<msg timestamp="20200414 16:12:49.314" level="INFO">      "linkType": 0,</msg>
<msg timestamp="20200414 16:12:49.314" level="INFO">      "linkName": "",</msg>
<msg timestamp="20200414 16:12:49.314" level="INFO">      "countClick": 96,</msg>
<msg timestamp="20200414 16:12:49.314" level="INFO">      "countClickInitial": 0,</msg>
<msg timestamp="20200414 16:12:49.315" level="INFO">      "countClickReal": 2,</msg>
<msg timestamp="20200414 16:12:49.315" level="INFO">      "countClickFake": 94,</msg>
<msg timestamp="20200414 16:12:49.315" level="INFO">      "countShareClick": 0,</msg>
<msg timestamp="20200414 16:12:49.315" level="INFO">      "rssID": 0,</msg>
<msg timestamp="20200414 16:12:49.315" level="INFO">      "rss": "",</msg>
<msg timestamp="20200414 16:12:49.315" level="INFO">      "rssType": 0,</msg>
<msg timestamp="20200414 16:12:49.315" level="INFO">      "discussClosed": "0",</msg>
<msg timestamp="20200414 16:12:49.315" level="INFO">      "countDiscuss": 0,</msg>
<msg timestamp="20200414 16:12:49.315" level="INFO">      "countPraise": 0,</msg>
<msg timestamp="20200414 16:12:49.315" level="INFO">      "countShare": 0,</msg>
<msg timestamp="20200414 16:12:49.315" level="INFO">      "extGroupID": 0,</msg>
<msg timestamp="20200414 16:12:49.315" level="INFO">      "xyAccountID": 8,</msg>
<msg timestamp="20200414 16:12:49.315" level="INFO">      "xyAccount": "娱乐",</msg>
<msg timestamp="20200414 16:12:49.315" level="INFO">      "xyAccountIcon": "https://img1.fjdaily.com/app/resource/xy/202003/20/3ff26388-a794-4b5c-b62d-15b68f8e55f8.jpg",</msg>
<msg timestamp="20200414 16:12:49.315" level="INFO">      "xyDescription": "福建号的简介~~~福建号的简介~~~福建号的简介~~~福建号的简介~~~福建号的简介~~~福建号的简介~~~福建号的简介~~~福建号的简介~~~福建号的简介~~~福建号的简介~~~福建号的简介~~~福建号的简介~~~福建号的简介~~~福建号的简介~~~福建号的简介~~~福建号的简介~~~福建号的简介~~~福建号的简介~~~",</msg>
<msg timestamp="20200414 16:12:49.315" level="INFO">      "picType": 2,</msg>
<msg timestamp="20200414 16:12:49.315" level="INFO">      "listType": 0,</msg>
<msg timestamp="20200414 16:12:49.315" level="INFO">      "picFullScreen": 0,</msg>
<msg timestamp="20200414 16:12:49.316" level="INFO">      "titleDisplay": 0,</msg>
<msg timestamp="20200414 16:12:49.316" level="INFO">      "pubTimeDisplay": 0,</msg>
<msg timestamp="20200414 16:12:49.316" level="INFO">      "shareClosed": 0,</msg>
<msg timestamp="20200414 16:12:49.316" level="INFO">      "listTitle": "",</msg>
<msg timestamp="20200414 16:12:49.316" level="INFO">      "praiseType": 0,</msg>
<msg timestamp="20200414 16:12:49.316" level="INFO">      "isrecommend": 0,</msg>
<msg timestamp="20200414 16:12:49.316" level="INFO">      "subTitle": "",</msg>
<msg timestamp="20200414 16:12:49.316" level="INFO">      "leadTitle": "",</msg>
<msg timestamp="20200414 16:12:49.316" level="INFO">      "picurl": "图片存储;xy/202003/06/t1_(23X23X441X258)1aaf029f-825e-4375-be21-f89a26f77168.jpg",</msg>
<msg timestamp="20200414 16:12:49.316" level="INFO">      "ext_sharepic": "图片存储;xy/202003/06/t1_(23X23X441X258)1aaf029f-825e-4375-be21-f89a26f77168.jpg",</msg>
<msg timestamp="20200414 16:12:49.316" level="INFO">      "keylist": "",</msg>
<msg timestamp="20200414 16:12:49.316" level="INFO">      "sectionids": "81",</msg>
<msg timestamp="20200414 16:12:49.316" level="INFO">      "newstype": 0,</msg>
<msg timestamp="20200414 16:12:49.316" level="INFO">      "collectcount": 0,</msg>
<msg timestamp="20200414 16:12:49.316" level="INFO">      "edittername": "尹利利",</msg>
<msg timestamp="20200414 16:12:49.316" level="INFO">      "iorder": "-37250093.1001973000",</msg>
<msg timestamp="20200414 16:12:49.316" level="INFO">      "picauthor": "",</msg>
<msg timestamp="20200414 16:12:49.316" level="INFO">      "picauthorid": "",</msg>
<msg timestamp="20200414 16:12:49.316" level="INFO">      "videoauthor": "",</msg>
<msg timestamp="20200414 16:12:49.317" level="INFO">      "videoauthorid": "",</msg>
<msg timestamp="20200414 16:12:49.317" level="INFO">      "sharePicUrl": "",</msg>
<msg timestamp="20200414 16:12:49.317" level="INFO">      "shareTitle": "",</msg>
<msg timestamp="20200414 16:12:49.317" level="INFO">      "shareContent": "",</msg>
<msg timestamp="20200414 16:12:49.317" level="INFO">      "pic_list": [],</msg>
<msg timestamp="20200414 16:12:49.317" level="INFO">      "pic_list_title": [</msg>
<msg timestamp="20200414 16:12:49.317" level="INFO">        "https://img1.fjdaily.com/app/images/2020-04/14/t1_(23X23X441X258)1aaf029f-825e-4375-be21-f89a26f77168.jpg",</msg>
<msg timestamp="20200414 16:12:49.317" level="INFO">        "https://img1.fjdaily.com/app/images/2020-04/14/t0_(31X16X440X323)67661a73-c376-45a9-8e44-73006b45141d.jpg",</msg>
<msg timestamp="20200414 16:12:49.317" level="INFO">        "https://img1.fjdaily.com/app/images/2020-04/14/t2_(5X138X434X281)0629a475-399c-4493-aa47-e6f1ba550c10.jpg"</msg>
<msg timestamp="20200414 16:12:49.317" level="INFO">      ],</msg>
<msg timestamp="20200414 16:12:49.317" level="INFO">      "emojiID": "",</msg>
<msg timestamp="20200414 16:12:49.317" level="INFO">      "copyright": "0",</msg>
<msg timestamp="20200414 16:12:49.317" level="INFO">      "picBig": "https://img1.fjdaily.com/app/images/2020-04/14/t1_(23X23X441X258)1aaf029f-825e-4375-be21-f89a26f77168.jpg",</msg>
<msg timestamp="20200414 16:12:49.317" level="INFO">      "picMiddle": "https://img1.fjdaily.com/app/images/2020-04/14/t0_(31X16X440X323)67661a73-c376-45a9-8e44-73006b45141d.jpg",</msg>
<msg timestamp="20200414 16:12:49.317" level="INFO">      "picSmall": "https://img1.fjdaily.com/app/images/2020-04/14/t2_(5X138X434X281)0629a475-399c-4493-aa47-e6f1ba550c10.jpg",</msg>
<msg timestamp="20200414 16:12:49.317" level="INFO">      "pic": [],</msg>
<msg timestamp="20200414 16:12:49.317" level="INFO">      "picCount": "0",</msg>
<msg timestamp="20200414 16:12:49.317" level="INFO">      "isTop": false,</msg>
<msg timestamp="20200414 16:12:49.317" level="INFO">      "position": 0</msg>
<msg timestamp="20200414 16:12:49.318" level="INFO">    },</msg>
<msg timestamp="20200414 16:12:49.318" level="INFO">    {</msg>
<msg timestamp="20200414 16:12:49.318" level="INFO">      "fileId": 1971,</msg>
<msg timestamp="20200414 16:12:49.318" level="INFO">      "markLocked": false,</msg>
<msg timestamp="20200414 16:12:49.318" level="INFO">      "version": 1586832463000,</msg>
<msg timestamp="20200414 16:12:49.318" level="INFO">      "isRel": 0,</msg>
<msg timestamp="20200414 16:12:49.318" level="INFO">      "realPubTime": "2020-04-14 10:47:43.0",</msg>
<msg timestamp="20200414 16:12:49.318" level="INFO">      "title": "图文稿件-大图（1,3）图文稿件-大图图文稿件-大图图文稿件-大图图文稿件-大图图文稿件-大图图文稿件-大图图文稿件-大图图文稿件-大图图文稿件-大图图文稿件-大图图文稿件-大图图文稿件-大图图文稿件-大图图文稿件-大图图文稿件-大图图文稿件-大图图文稿件-大图图文稿件-大图图文稿件-大图图文稿件-大图图文稿件-大图图文稿件-大图图文稿件-大图图文稿件-大图图文稿件-大图图文稿件-大图图文稿件-大图图文稿件-大图",</msg>
<msg timestamp="20200414 16:12:49.318" level="INFO">      "textTitle": "图文稿件-大图（1,3）图文稿件-大图图文稿件-大图图文稿件-大图图文稿件-大图图文稿件-大图图文稿件-大图图文稿件-大图图文稿件-大图图文稿件-大图图文稿件-大图图文稿件-大图图文稿件-大图图文稿件-大图图文稿件-大图图文稿件-大图图文稿件-大图图文稿件-大图图文稿件-大图图文稿件-大图图文稿件-大图图文稿件-大图图文稿件-大图图文稿件-大图图文稿件-大图图文稿件-大图图文稿件-大图图文稿件-大图图文稿件-大图",</msg>
<msg timestamp="20200414 16:12:49.318" level="INFO">      "attAbstract": "",</msg>
<msg timestamp="20200414 16:12:49.318" level="INFO">      "textAbstract": "",</msg>
<msg timestamp="20200414 16:12:49.318" level="INFO">      "arthorID": 32,</msg>
<msg timestamp="20200414 16:12:49.318" level="INFO">      "arthorName": "",</msg>
<msg timestamp="20200414 16:12:49.318" level="INFO">      "reporter": "",</msg>
<msg timestamp="20200414 16:12:49.318" level="INFO">      "publishtime": "2020-04-14 09:30:52.0",</msg>
<msg timestamp="20200414 16:12:49.318" level="INFO">      "articleType": 0,</msg>
<msg timestamp="20200414 16:12:49.318" level="INFO">      "tag": "",</msg>
<msg timestamp="20200414 16:12:49.318" level="INFO">      "trade": "",</msg>
<msg timestamp="20200414 16:12:49.318" level="INFO">      "tradeID": "",</msg>
<msg timestamp="20200414 16:12:49.319" level="INFO">      "colName": "首页~测试1",</msg>
<msg timestamp="20200414 16:12:49.319" level="INFO">      "columnCasName": "首页~测试1",</msg>
<msg timestamp="20200414 16:12:49.319" level="INFO">      "colID": 81,</msg>
<msg timestamp="20200414 16:12:49.319" level="INFO">      "colIcon": "",</msg>
<msg timestamp="20200414 16:12:49.319" level="INFO">      "mark": "",</msg>
<msg timestamp="20200414 16:12:49.319" level="INFO">      "source": "",</msg>
<msg timestamp="20200414 16:12:49.319" level="INFO">      "sourceUrl": "",</msg>
<msg timestamp="20200414 16:12:49.319" level="INFO">      "multimediaLink": "",</msg>
<msg timestamp="20200414 16:12:49.319" level="INFO">      "shareUrl": "https://img1.fjdaily.com/app/content/2020-04/14/content_1971.html",</msg>
<msg timestamp="20200414 16:12:49.319" level="INFO">      "url": "",</msg>
<msg timestamp="20200414 16:12:49.319" level="INFO">      "urlPad": "https://img1.fjdaily.com/app/content/2020-04/14/content_1971.html",</msg>
<msg timestamp="20200414 16:12:49.319" level="INFO">      "isBigPic": 1,</msg>
<msg timestamp="20200414 16:12:49.319" level="INFO">      "bigPic": 1,</msg>
<msg timestamp="20200414 16:12:49.319" level="INFO">      "picRatio": "674:505",</msg>
<msg timestamp="20200414 16:12:49.320" level="INFO">      "isExclusive": 0,</msg>
<msg timestamp="20200414 16:12:49.320" level="INFO">      "contentUrl": "https://api1.fjdaily.com/app_if/getArticleContent?articleId=1971",</msg>
<msg timestamp="20200414 16:12:49.320" level="INFO">      "linkID": 0,</msg>
<msg timestamp="20200414 16:12:49.320" level="INFO">      "linkType": 0,</msg>
<msg timestamp="20200414 16:12:49.320" level="INFO">      "linkName": "",</msg>
<msg timestamp="20200414 16:12:49.320" level="INFO">      "countClick": 0,</msg>
<msg timestamp="20200414 16:12:49.320" level="INFO">      "countClickInitial": 0,</msg>
<msg timestamp="20200414 16:12:49.320" level="INFO">      "countClickReal": 0,</msg>
<msg timestamp="20200414 16:12:49.320" level="INFO">      "countClickFake": 0,</msg>
<msg timestamp="20200414 16:12:49.320" level="INFO">      "countShareClick": 0,</msg>
<msg timestamp="20200414 16:12:49.320" level="INFO">      "rssID": 0,</msg>
<msg timestamp="20200414 16:12:49.320" level="INFO">      "rss": "",</msg>
<msg timestamp="20200414 16:12:49.320" level="INFO">      "rssType": 0,</msg>
<msg timestamp="20200414 16:12:49.320" level="INFO">      "discussClosed": "0",</msg>
<msg timestamp="20200414 16:12:49.320" level="INFO">      "countDiscuss": 0,</msg>
<msg timestamp="20200414 16:12:49.320" level="INFO">      "countPraise": 0,</msg>
<msg timestamp="20200414 16:12:49.320" level="INFO">      "countShare": 0,</msg>
<msg timestamp="20200414 16:12:49.320" level="INFO">      "extGroupID": 0,</msg>
<msg timestamp="20200414 16:12:49.320" level="INFO">      "xyAccountID": 8,</msg>
<msg timestamp="20200414 16:12:49.320" level="INFO">      "xyAccount": "娱乐",</msg>
<msg timestamp="20200414 16:12:49.320" level="INFO">      "xyAccountIcon": "https://img1.fjdaily.com/app/resource/xy/202003/20/3ff26388-a794-4b5c-b62d-15b68f8e55f8.jpg",</msg>
<msg timestamp="20200414 16:12:49.321" level="INFO">      "xyDescription": "福建号的简介~~~福建号的简介~~~福建号的简介~~~福建号的简介~~~福建号的简介~~~福建号的简介~~~福建号的简介~~~福建号的简介~~~福建号的简介~~~福建号的简介~~~福建号的简介~~~福建号的简介~~~福建号的简介~~~福建号的简介~~~福建号的简介~~~福建号的简介~~~福建号的简介~~~福建号的简介~~~",</msg>
<msg timestamp="20200414 16:12:49.321" level="INFO">      "picType": 2,</msg>
<msg timestamp="20200414 16:12:49.321" level="INFO">      "listType": 0,</msg>
<msg timestamp="20200414 16:12:49.321" level="INFO">      "picFullScreen": 0,</msg>
<msg timestamp="20200414 16:12:49.321" level="INFO">      "titleDisplay": 0,</msg>
<msg timestamp="20200414 16:12:49.321" level="INFO">      "pubTimeDisplay": 0,</msg>
<msg timestamp="20200414 16:12:49.321" level="INFO">      "shareClosed": 0,</msg>
<msg timestamp="20200414 16:12:49.321" level="INFO">      "listTitle": "",</msg>
<msg timestamp="20200414 16:12:49.321" level="INFO">      "praiseType": 0,</msg>
<msg timestamp="20200414 16:12:49.321" level="INFO">      "isrecommend": 0,</msg>
<msg timestamp="20200414 16:12:49.321" level="INFO">      "subTitle": "",</msg>
<msg timestamp="20200414 16:12:49.321" level="INFO">      "leadTitle": "",</msg>
<msg timestamp="20200414 16:12:49.321" level="INFO">      "picurl": "图片存储;xy/202004/14/t0_(5X223X294X440)26320515-a150-426d-b652-21f8d8406ffc.jpg",</msg>
<msg timestamp="20200414 16:12:49.321" level="INFO">      "ext_sharepic": "图片存储;xy/202004/14/t0_(5X223X294X440)26320515-a150-426d-b652-21f8d8406ffc.jpg",</msg>
<msg timestamp="20200414 16:12:49.321" level="INFO">      "keylist": "",</msg>
<msg timestamp="20200414 16:12:49.321" level="INFO">      "sectionids": "81",</msg>
<msg timestamp="20200414 16:12:49.321" level="INFO">      "newstype": 0,</msg>
<msg timestamp="20200414 16:12:49.321" level="INFO">      "collectcount": 0,</msg>
<msg timestamp="20200414 16:12:49.321" level="INFO">      "edittername": "尹利利",</msg>
<msg timestamp="20200414 16:12:49.321" level="INFO">      "iorder": "-37250093.0001971000",</msg>
<msg timestamp="20200414 16:12:49.321" level="INFO">      "picauthor": "",</msg>
<msg timestamp="20200414 16:12:49.322" level="INFO">      "picauthorid": "",</msg>
<msg timestamp="20200414 16:12:49.322" level="INFO">      "videoauthor": "",</msg>
<msg timestamp="20200414 16:12:49.322" level="INFO">      "videoauthorid": "",</msg>
<msg timestamp="20200414 16:12:49.322" level="INFO">      "sharePicUrl": "",</msg>
<msg timestamp="20200414 16:12:49.322" level="INFO">      "shareTitle": "",</msg>
<msg timestamp="20200414 16:12:49.322" level="INFO">      "shareContent": "",</msg>
<msg timestamp="20200414 16:12:49.322" level="INFO">      "pic_list": [],</msg>
<msg timestamp="20200414 16:12:49.322" level="INFO">      "pic_list_title": [</msg>
<msg timestamp="20200414 16:12:49.322" level="INFO">        "https://img1.fjdaily.com/app/images/2020-04/14/t0_(5X223X294X440)26320515-a150-426d-b652-21f8d8406ffc.jpg",</msg>
<msg timestamp="20200414 16:12:49.322" level="INFO">        "https://img1.fjdaily.com/app/images/2020-04/14/t1_(9X9X440X251)8490705e-fffb-4a76-94f2-7e777cb57e84.jpg"</msg>
<msg timestamp="20200414 16:12:49.323" level="INFO">      ],</msg>
<msg timestamp="20200414 16:12:49.323" level="INFO">      "emojiID": "",</msg>
<msg timestamp="20200414 16:12:49.324" level="INFO">      "copyright": "0",</msg>
<msg timestamp="20200414 16:12:49.324" level="INFO">      "picBig": "https://img1.fjdaily.com/app/images/2020-04/14/t0_(5X223X294X440)26320515-a150-426d-b652-21f8d8406ffc.jpg",</msg>
<msg timestamp="20200414 16:12:49.325" level="INFO">      "picSmall": "https://img1.fjdaily.com/app/images/2020-04/14/t1_(9X9X440X251)8490705e-fffb-4a76-94f2-7e777cb57e84.jpg",</msg>
<msg timestamp="20200414 16:12:49.325" level="INFO">      "pic": [],</msg>
<msg timestamp="20200414 16:12:49.325" level="INFO">      "picCount": "0",</msg>
<msg timestamp="20200414 16:12:49.325" level="INFO">      "isTop": false,</msg>
<msg timestamp="20200414 16:12:49.325" level="INFO">      "position": 0</msg>
<msg timestamp="20200414 16:12:49.325" level="INFO">    }</msg>
<msg timestamp="20200414 16:12:49.326" level="INFO">  ]</msg>
<msg timestamp="20200414 16:12:49.326" level="INFO">}</msg>
<msg timestamp="20200414 16:12:49.326" level="INFO">d:\python\lib\site-packages\urllib3\connectionpool.py:851: InsecureRequestWarning: Unverified HTTPS request is being made. Adding certificate verification is strongly advised. See: https://urllib3.readthedocs.io/en/latest/advanced-usage.html#ssl-warnings
  InsecureRequestWarning)</msg>
<status status="PASS" starttime="20200414 16:12:48.708" endtime="20200414 16:12:49.327"></status>
</kw>
<kw name="Fapi Data To Object" library="FATL">
<doc>Convert Fapi response content to python object</doc>
<assign>
<var>${data}</var>
</assign>
<msg timestamp="20200414 16:12:49.331" level="INFO">${data} = [&lt;FATL.Json2Object.Dict2Object object at 0x000002ABFB90ABE0&gt;, &lt;FATL.Json2Object.Dict2Object object at 0x000002ABFB90AC88&gt;, &lt;FATL.Json2Object.Dict2Object object at 0x000002ABFB90ACF8&gt;, &lt;FATL.Json2Objec...</msg>
<status status="PASS" starttime="20200414 16:12:49.328" endtime="20200414 16:12:49.331"></status>
</kw>
<kw name="Set Suite Variable" library="BuiltIn">
<doc>Makes a variable available everywhere within the scope of the current suite.</doc>
<arguments>
<arg>${response_data}</arg>
<arg>${data}</arg>
</arguments>
<msg timestamp="20200414 16:12:49.332" level="INFO">${response_data} = [&lt;FATL.Json2Object.Dict2Object object at 0x000002ABFB90ABE0&gt;, &lt;FATL.Json2Object.Dict2Object object at 0x000002ABFB90AC88&gt;, &lt;FATL.Json2Object.Dict2Object object at 0x000002ABFB90ACF8&gt;, &lt;FATL.Json2Objec...</msg>
<status status="PASS" starttime="20200414 16:12:49.331" endtime="20200414 16:12:49.332"></status>
</kw>
<status status="PASS" starttime="20200414 16:12:48.705" endtime="20200414 16:12:49.333"></status>
</kw>
<kw name="Get Length" library="BuiltIn">
<doc>Returns and logs the length of the given item as an integer.</doc>
<arguments>
<arg>${response_data}</arg>
</arguments>
<assign>
<var>${len}</var>
</assign>
<msg timestamp="20200414 16:12:49.334" level="INFO">Length is 19</msg>
<msg timestamp="20200414 16:12:49.334" level="INFO">${len} = 19</msg>
<status status="PASS" starttime="20200414 16:12:49.333" endtime="20200414 16:12:49.334"></status>
</kw>
<kw name="Should Be True" library="BuiltIn">
<doc>Fails if the given condition is not true.</doc>
<arguments>
<arg>${len}&gt;${RESULT}</arg>
</arguments>
<status status="PASS" starttime="20200414 16:12:49.334" endtime="20200414 16:12:49.335"></status>
</kw>
<tags>
<tag>作者：黄羽</tag>
<tag>冒烟集-新福建APP</tag>
<tag>搜索接口/检索某栏目及其子孙栏目的稿件</tag>
</tags>
<status status="PASS" starttime="20200414 16:12:48.699" endtime="20200414 16:12:49.335" critical="yes"></status>
</test>
<kw name="Fapi Delete All Sessions" library="FATL" type="teardown">
<doc>Removes all the session objects</doc>
<msg timestamp="20200414 16:12:49.339" level="INFO">Delete All Sessions</msg>
<status status="PASS" starttime="20200414 16:12:49.339" endtime="20200414 16:12:49.339"></status>
</kw>
<doc>该文档是检索某栏目及其子孙栏目的稿件接口用例文档</doc>
<status status="PASS" starttime="20200414 16:12:43.497" endtime="20200414 16:12:49.339"></status>
</suite>
<statistics>
<total>
<stat pass="4" fail="0">Critical Tests</stat>
<stat pass="4" fail="0">All Tests</stat>
</total>
<tag>
<stat pass="4" fail="0">作者：黄羽</stat>
<stat pass="4" fail="0">冒烟集-新福建APP</stat>
<stat pass="4" fail="0">搜索接口/检索某栏目及其子孙栏目的稿件</stat>
</tag>
<suite>
<stat pass="4" fail="0" id="s1" name="SearchAll">SearchAll</stat>
</suite>
</statistics>
<errors>
</errors>
</robot>
