<?xml version="1.0" encoding="UTF-8"?>
<robot generator="Robot 3.1.1 (Python 3.6.5 on win32)" generated="20200506 16:54:19.012" rpa="false">
<suite id="s1" name="MyFav" source="D:\XFJ\API\App_Interact\MyFav.robot">
<kw name="Create Session Common" library="Common" type="setup">
<kw name="Fapi Create Session" library="FATL">
<doc>Fapi Create Session: create a HTTP session to a server</doc>
<arguments>
<arg>${APPIF_ALIAS}</arg>
<arg>${APPIF_URL}</arg>
</arguments>
<msg timestamp="20200506 16:54:19.515" level="INFO">Creating Session using : alias=appif, url=https://api1.fjdaily.com/app_if, headers={'APITEST': '1'},                     cookies=None, auth=None, timeout=None, proxies=None, verify=False,                     debug=0 </msg>
<status status="PASS" starttime="20200506 16:54:19.515" endtime="20200506 16:54:19.515"></status>
</kw>
<status status="PASS" starttime="20200506 16:54:19.514" endtime="20200506 16:54:19.516"></status>
</kw>
<test id="s1-t1" name="输入已收藏数据的USERID,接口返回第一页收藏数据">
<kw name="My Fav" library="InteractCommon">
<doc>获取我的收藏</doc>
<arguments>
<arg>${USERID}</arg>
<arg>${PAGE}</arg>
</arguments>
<kw name="Fapi Headers Set" library="FATL">
<doc>Adds the given ``key_value_pairs`` and ``items`` to HTTP request headers.</doc>
<arguments>
<arg>Content-Type</arg>
<arg>application/x-www-form-urlencoded</arg>
</arguments>
<status status="PASS" starttime="20200506 16:54:19.520" endtime="20200506 16:54:19.520"></status>
</kw>
<kw name="Fapi Params Set" library="FATL">
<doc>Adds the given ``key_value_pairs`` and ``items`` to HTTP request parameters.</doc>
<arguments>
<arg>curVersions</arg>
<arg>${CURVERSIONS}</arg>
</arguments>
<status status="PASS" starttime="20200506 16:54:19.520" endtime="20200506 16:54:19.520"></status>
</kw>
<kw name="Create Dictionary" library="BuiltIn">
<doc>Creates and returns a dictionary based on the given ``items``.</doc>
<arguments>
<arg>userID</arg>
<arg>${userid}</arg>
<arg>siteID</arg>
<arg>${siteid}</arg>
<arg>page</arg>
<arg>${page}</arg>
</arguments>
<assign>
<var>${bodyData}</var>
</assign>
<msg timestamp="20200506 16:54:19.522" level="INFO">${bodyData} = {'userID': '494', 'siteID': '1', 'page': '0'}</msg>
<status status="PASS" starttime="20200506 16:54:19.521" endtime="20200506 16:54:19.522"></status>
</kw>
<kw name="Fapi Post" library="FATL">
<doc>Send a POST request on the session object found using the
given `alias`</doc>
<arguments>
<arg>${APPIF_ALIAS}</arg>
<arg>${MYFAV_URI}</arg>
<arg>data=${bodyData}</arg>
</arguments>
<msg timestamp="20200506 16:54:20.076" level="INFO">Post Request using : alias=appif, uri=/myFav, data=userID=494&amp;siteID=1&amp;page=0, headers={'APITEST': '1', 'Content-Type': 'application/x-www-form-urlencoded'}, files=None, allow_redirects=True </msg>
<msg timestamp="20200506 16:54:20.080" level="INFO">JSON string is : {</msg>
<msg timestamp="20200506 16:54:20.080" level="INFO">  "status": 0,</msg>
<msg timestamp="20200506 16:54:20.080" level="INFO">  "message": "success",</msg>
<msg timestamp="20200506 16:54:20.080" level="INFO">  "data": {</msg>
<msg timestamp="20200506 16:54:20.080" level="INFO">    "list": [</msg>
<msg timestamp="20200506 16:54:20.080" level="INFO">      {</msg>
<msg timestamp="20200506 16:54:20.080" level="INFO">        "siteID": 1,</msg>
<msg timestamp="20200506 16:54:20.080" level="INFO">        "type": 0,</msg>
<msg timestamp="20200506 16:54:20.080" level="INFO">        "channel": 2,</msg>
<msg timestamp="20200506 16:54:20.080" level="INFO">        "articleID": 4229,</msg>
<msg timestamp="20200506 16:54:20.080" level="INFO">        "title": "权威发布|公安部交通管理局部署开展“一盔一带”安全守护行动",</msg>
<msg timestamp="20200506 16:54:20.080" level="INFO">        "articleType": 0,</msg>
<msg timestamp="20200506 16:54:20.080" level="INFO">        "column": "首页~头条",</msg>
<msg timestamp="20200506 16:54:20.080" level="INFO">        "time": "2020-04-30 09:29:19.0",</msg>
<msg timestamp="20200506 16:54:20.080" level="INFO">        "url": "",</msg>
<msg timestamp="20200506 16:54:20.080" level="INFO">        "urlPad": "https://img1.fjdaily.com/app/content/2020-04/30/content_4229.html",</msg>
<msg timestamp="20200506 16:54:20.080" level="INFO">        "imgUrl": "",</msg>
<msg timestamp="20200506 16:54:20.080" level="INFO">        "linkID": 0,</msg>
<msg timestamp="20200506 16:54:20.080" level="INFO">        "columnID": 0,</msg>
<msg timestamp="20200506 16:54:20.080" level="INFO">        "columnCasName": "首页~头条",</msg>
<msg timestamp="20200506 16:54:20.081" level="INFO">        "article": {</msg>
<msg timestamp="20200506 16:54:20.081" level="INFO">          "fileId": 4229,</msg>
<msg timestamp="20200506 16:54:20.081" level="INFO">          "markLocked": false,</msg>
<msg timestamp="20200506 16:54:20.081" level="INFO">          "version": 1588210159000,</msg>
<msg timestamp="20200506 16:54:20.081" level="INFO">          "isRel": 0,</msg>
<msg timestamp="20200506 16:54:20.081" level="INFO">          "realPubTime": "2020-04-30 09:29:19.0",</msg>
<msg timestamp="20200506 16:54:20.081" level="INFO">          "title": "权威发布 | 公安部交通管理局部署开展“一盔一带”安全守护行动",</msg>
<msg timestamp="20200506 16:54:20.081" level="INFO">          "textTitle": "权威发布 | 公安部交通管理局部署开展“一盔一带”安全守护行动",</msg>
<msg timestamp="20200506 16:54:20.081" level="INFO">          "attAbstract": "",</msg>
<msg timestamp="20200506 16:54:20.081" level="INFO">          "textAbstract": "",</msg>
<msg timestamp="20200506 16:54:20.081" level="INFO">          "arthorID": 24,</msg>
<msg timestamp="20200506 16:54:20.081" level="INFO">          "arthorName": "",</msg>
<msg timestamp="20200506 16:54:20.081" level="INFO">          "reporter": "",</msg>
<msg timestamp="20200506 16:54:20.081" level="INFO">          "publishtime": "2020-04-30 09:29:19.0",</msg>
<msg timestamp="20200506 16:54:20.081" level="INFO">          "articleType": 0,</msg>
<msg timestamp="20200506 16:54:20.081" level="INFO">          "tag": "",</msg>
<msg timestamp="20200506 16:54:20.081" level="INFO">          "trade": "",</msg>
<msg timestamp="20200506 16:54:20.081" level="INFO">          "tradeID": "",</msg>
<msg timestamp="20200506 16:54:20.081" level="INFO">          "colName": "首页~头条",</msg>
<msg timestamp="20200506 16:54:20.081" level="INFO">          "columnCasName": "首页~头条",</msg>
<msg timestamp="20200506 16:54:20.081" level="INFO">          "colID": 5,</msg>
<msg timestamp="20200506 16:54:20.081" level="INFO">          "colIcon": "https://img1.fjdaily.com/app/resource/xy/202004/15/t2_(44X201X440X333)93576ac3-9f23-4784-9404-bac8c1fe2511.jpg",</msg>
<msg timestamp="20200506 16:54:20.082" level="INFO">          "mark": "",</msg>
<msg timestamp="20200506 16:54:20.082" level="INFO">          "source": "",</msg>
<msg timestamp="20200506 16:54:20.082" level="INFO">          "sourceUrl": "",</msg>
<msg timestamp="20200506 16:54:20.082" level="INFO">          "multimediaLink": "",</msg>
<msg timestamp="20200506 16:54:20.082" level="INFO">          "shareUrl": "https://img1.fjdaily.com/app/content/2020-04/30/content_4229.html",</msg>
<msg timestamp="20200506 16:54:20.082" level="INFO">          "url": "",</msg>
<msg timestamp="20200506 16:54:20.082" level="INFO">          "urlPad": "https://img1.fjdaily.com/app/content/2020-04/30/content_4229.html",</msg>
<msg timestamp="20200506 16:54:20.082" level="INFO">          "isBigPic": 0,</msg>
<msg timestamp="20200506 16:54:20.082" level="INFO">          "bigPic": 0,</msg>
<msg timestamp="20200506 16:54:20.082" level="INFO">          "isExclusive": 0,</msg>
<msg timestamp="20200506 16:54:20.082" level="INFO">          "contentUrl": "https://api1.fjdaily.com/app_if/getArticleContent?articleId=4229",</msg>
<msg timestamp="20200506 16:54:20.082" level="INFO">          "linkID": 0,</msg>
<msg timestamp="20200506 16:54:20.082" level="INFO">          "linkType": 0,</msg>
<msg timestamp="20200506 16:54:20.082" level="INFO">          "linkName": "",</msg>
<msg timestamp="20200506 16:54:20.082" level="INFO">          "countClick": 841,</msg>
<msg timestamp="20200506 16:54:20.082" level="INFO">          "countClickInitial": 0,</msg>
<msg timestamp="20200506 16:54:20.082" level="INFO">          "countClickReal": 11,</msg>
<msg timestamp="20200506 16:54:20.082" level="INFO">          "countClickFake": 830,</msg>
<msg timestamp="20200506 16:54:20.082" level="INFO">          "countShareClick": 0,</msg>
<msg timestamp="20200506 16:54:20.083" level="INFO">          "rssID": 0,</msg>
<msg timestamp="20200506 16:54:20.083" level="INFO">          "rss": "",</msg>
<msg timestamp="20200506 16:54:20.083" level="INFO">          "rssType": 0,</msg>
<msg timestamp="20200506 16:54:20.083" level="INFO">          "discussClosed": "0",</msg>
<msg timestamp="20200506 16:54:20.083" level="INFO">          "countDiscuss": 0,</msg>
<msg timestamp="20200506 16:54:20.083" level="INFO">          "countPraise": 1,</msg>
<msg timestamp="20200506 16:54:20.083" level="INFO">          "countShare": 1,</msg>
<msg timestamp="20200506 16:54:20.083" level="INFO">          "extGroupID": 0,</msg>
<msg timestamp="20200506 16:54:20.083" level="INFO">          "xyAccountID": 63,</msg>
<msg timestamp="20200506 16:54:20.083" level="INFO">          "xyAccount": "自媒体测试",</msg>
<msg timestamp="20200506 16:54:20.083" level="INFO">          "xyAccountIcon": "",</msg>
<msg timestamp="20200506 16:54:20.083" level="INFO">          "xyDescription": "自媒体测试",</msg>
<msg timestamp="20200506 16:54:20.083" level="INFO">          "picType": 1,</msg>
<msg timestamp="20200506 16:54:20.083" level="INFO">          "listType": 0,</msg>
<msg timestamp="20200506 16:54:20.083" level="INFO">          "picFullScreen": 0,</msg>
<msg timestamp="20200506 16:54:20.083" level="INFO">          "titleDisplay": 0,</msg>
<msg timestamp="20200506 16:54:20.083" level="INFO">          "pubTimeDisplay": 0,</msg>
<msg timestamp="20200506 16:54:20.083" level="INFO">          "shareClosed": 0,</msg>
<msg timestamp="20200506 16:54:20.083" level="INFO">          "listTitle": "",</msg>
<msg timestamp="20200506 16:54:20.083" level="INFO">          "praiseType": 0,</msg>
<msg timestamp="20200506 16:54:20.084" level="INFO">          "isrecommend": 0,</msg>
<msg timestamp="20200506 16:54:20.084" level="INFO">          "subTitle": "",</msg>
<msg timestamp="20200506 16:54:20.084" level="INFO">          "leadTitle": "",</msg>
<msg timestamp="20200506 16:54:20.084" level="INFO">          "picurl": "图片存储;xy/202003/06/6b92e52c-a4a7-41fe-ab2e-d51a6b26a290.jpg",</msg>
<msg timestamp="20200506 16:54:20.084" level="INFO">          "ext_sharepic": "图片存储;xy/202003/06/6b92e52c-a4a7-41fe-ab2e-d51a6b26a290.jpg",</msg>
<msg timestamp="20200506 16:54:20.084" level="INFO">          "keylist": "",</msg>
<msg timestamp="20200506 16:54:20.084" level="INFO">          "sectionids": "5",</msg>
<msg timestamp="20200506 16:54:20.084" level="INFO">          "newstype": 0,</msg>
<msg timestamp="20200506 16:54:20.084" level="INFO">          "collectcount": 0,</msg>
<msg timestamp="20200506 16:54:20.084" level="INFO">          "edittername": "黄羽",</msg>
<msg timestamp="20200506 16:54:20.084" level="INFO">          "iorder": "-37410092.9004229000",</msg>
<msg timestamp="20200506 16:54:20.084" level="INFO">          "picauthor": "",</msg>
<msg timestamp="20200506 16:54:20.084" level="INFO">          "picauthorid": "",</msg>
<msg timestamp="20200506 16:54:20.084" level="INFO">          "videoauthor": "",</msg>
<msg timestamp="20200506 16:54:20.084" level="INFO">          "videoauthorid": "",</msg>
<msg timestamp="20200506 16:54:20.084" level="INFO">          "sharePicUrl": "",</msg>
<msg timestamp="20200506 16:54:20.084" level="INFO">          "shareTitle": "",</msg>
<msg timestamp="20200506 16:54:20.084" level="INFO">          "shareContent": "",</msg>
<msg timestamp="20200506 16:54:20.084" level="INFO">          "pic_list": [],</msg>
<msg timestamp="20200506 16:54:20.084" level="INFO">          "pic_list_title": [</msg>
<msg timestamp="20200506 16:54:20.084" level="INFO">            "https://img1.fjdaily.com/app/images/2020-04/30/6b92e52c-a4a7-41fe-ab2e-d51a6b26a290.jpg"</msg>
<msg timestamp="20200506 16:54:20.084" level="INFO">          ],</msg>
<msg timestamp="20200506 16:54:20.085" level="INFO">          "emojiID": "",</msg>
<msg timestamp="20200506 16:54:20.085" level="INFO">          "copyright": "0",</msg>
<msg timestamp="20200506 16:54:20.085" level="INFO">          "picBig": "https://img1.fjdaily.com/app/images/2020-04/30/6b92e52c-a4a7-41fe-ab2e-d51a6b26a290.jpg",</msg>
<msg timestamp="20200506 16:54:20.085" level="INFO">          "pic": [],</msg>
<msg timestamp="20200506 16:54:20.085" level="INFO">          "picCount": "0"</msg>
<msg timestamp="20200506 16:54:20.085" level="INFO">        },</msg>
<msg timestamp="20200506 16:54:20.085" level="INFO">        "contentUrl": "https://api1.fjdaily.com/app_if/getArticleContent?articleId=4229",</msg>
<msg timestamp="20200506 16:54:20.085" level="INFO">        "countClick": 883,</msg>
<msg timestamp="20200506 16:54:20.085" level="INFO">        "countPraise": 1,</msg>
<msg timestamp="20200506 16:54:20.085" level="INFO">        "countDiscuss": 2</msg>
<msg timestamp="20200506 16:54:20.085" level="INFO">      },</msg>
<msg timestamp="20200506 16:54:20.085" level="INFO">      {</msg>
<msg timestamp="20200506 16:54:20.085" level="INFO">        "siteID": 1,</msg>
<msg timestamp="20200506 16:54:20.085" level="INFO">        "type": 0,</msg>
<msg timestamp="20200506 16:54:20.085" level="INFO">        "channel": 2,</msg>
<msg timestamp="20200506 16:54:20.085" level="INFO">        "articleID": 4220,</msg>
<msg timestamp="20200506 16:54:20.085" level="INFO">        "title": "今年“两会”召开时间——定了！",</msg>
<msg timestamp="20200506 16:54:20.085" level="INFO">        "articleType": 0,</msg>
<msg timestamp="20200506 16:54:20.085" level="INFO">        "column": "首页~测试栏目（请在此栏目中测试）",</msg>
<msg timestamp="20200506 16:54:20.085" level="INFO">        "time": "2020-04-29 16:24:22.0",</msg>
<msg timestamp="20200506 16:54:20.085" level="INFO">        "url": "",</msg>
<msg timestamp="20200506 16:54:20.085" level="INFO">        "urlPad": "https://img1.fjdaily.com/app/content/2020-04/29/content_4220.html",</msg>
<msg timestamp="20200506 16:54:20.086" level="INFO">        "imgUrl": "",</msg>
<msg timestamp="20200506 16:54:20.086" level="INFO">        "linkID": 0,</msg>
<msg timestamp="20200506 16:54:20.086" level="INFO">        "columnID": 0,</msg>
<msg timestamp="20200506 16:54:20.086" level="INFO">        "columnCasName": "首页~测试栏目（请在此栏目中测试）",</msg>
<msg timestamp="20200506 16:54:20.086" level="INFO">        "article": {</msg>
<msg timestamp="20200506 16:54:20.086" level="INFO">          "fileId": 4220,</msg>
<msg timestamp="20200506 16:54:20.086" level="INFO">          "markLocked": false,</msg>
<msg timestamp="20200506 16:54:20.086" level="INFO">          "version": 1588148662000,</msg>
<msg timestamp="20200506 16:54:20.086" level="INFO">          "isRel": 0,</msg>
<msg timestamp="20200506 16:54:20.086" level="INFO">          "realPubTime": "2020-04-29 16:24:22.0",</msg>
<msg timestamp="20200506 16:54:20.086" level="INFO">          "title": "今年“两会”召开时间——定了！",</msg>
<msg timestamp="20200506 16:54:20.086" level="INFO">          "textTitle": "今年“两会”召开时间——定了！",</msg>
<msg timestamp="20200506 16:54:20.086" level="INFO">          "attAbstract": "",</msg>
<msg timestamp="20200506 16:54:20.086" level="INFO">          "textAbstract": "",</msg>
<msg timestamp="20200506 16:54:20.086" level="INFO">          "arthorID": 24,</msg>
<msg timestamp="20200506 16:54:20.086" level="INFO">          "arthorName": "",</msg>
<msg timestamp="20200506 16:54:20.086" level="INFO">          "reporter": "",</msg>
<msg timestamp="20200506 16:54:20.086" level="INFO">          "publishtime": "2020-04-29 16:24:22.0",</msg>
<msg timestamp="20200506 16:54:20.086" level="INFO">          "articleType": 0,</msg>
<msg timestamp="20200506 16:54:20.086" level="INFO">          "tag": "",</msg>
<msg timestamp="20200506 16:54:20.087" level="INFO">          "trade": "",</msg>
<msg timestamp="20200506 16:54:20.087" level="INFO">          "tradeID": "",</msg>
<msg timestamp="20200506 16:54:20.087" level="INFO">          "colName": "首页~测试栏目（请在此栏目中测试）",</msg>
<msg timestamp="20200506 16:54:20.087" level="INFO">          "columnCasName": "首页~测试栏目（请在此栏目中测试）",</msg>
<msg timestamp="20200506 16:54:20.087" level="INFO">          "colID": 123,</msg>
<msg timestamp="20200506 16:54:20.087" level="INFO">          "colIcon": "",</msg>
<msg timestamp="20200506 16:54:20.087" level="INFO">          "mark": "",</msg>
<msg timestamp="20200506 16:54:20.087" level="INFO">          "source": "",</msg>
<msg timestamp="20200506 16:54:20.087" level="INFO">          "sourceUrl": "",</msg>
<msg timestamp="20200506 16:54:20.087" level="INFO">          "multimediaLink": "",</msg>
<msg timestamp="20200506 16:54:20.087" level="INFO">          "shareUrl": "https://img1.fjdaily.com/app/content/2020-04/29/content_4220.html",</msg>
<msg timestamp="20200506 16:54:20.087" level="INFO">          "url": "",</msg>
<msg timestamp="20200506 16:54:20.087" level="INFO">          "urlPad": "https://img1.fjdaily.com/app/content/2020-04/29/content_4220.html",</msg>
<msg timestamp="20200506 16:54:20.087" level="INFO">          "isBigPic": 0,</msg>
<msg timestamp="20200506 16:54:20.087" level="INFO">          "bigPic": 0,</msg>
<msg timestamp="20200506 16:54:20.087" level="INFO">          "isExclusive": 0,</msg>
<msg timestamp="20200506 16:54:20.087" level="INFO">          "contentUrl": "https://api1.fjdaily.com/app_if/getArticleContent?articleId=4220",</msg>
<msg timestamp="20200506 16:54:20.087" level="INFO">          "linkID": 0,</msg>
<msg timestamp="20200506 16:54:20.087" level="INFO">          "linkType": 0,</msg>
<msg timestamp="20200506 16:54:20.087" level="INFO">          "linkName": "",</msg>
<msg timestamp="20200506 16:54:20.087" level="INFO">          "countClick": 241,</msg>
<msg timestamp="20200506 16:54:20.087" level="INFO">          "countClickInitial": 0,</msg>
<msg timestamp="20200506 16:54:20.088" level="INFO">          "countClickReal": 4,</msg>
<msg timestamp="20200506 16:54:20.088" level="INFO">          "countClickFake": 237,</msg>
<msg timestamp="20200506 16:54:20.088" level="INFO">          "countShareClick": 0,</msg>
<msg timestamp="20200506 16:54:20.088" level="INFO">          "rssID": 0,</msg>
<msg timestamp="20200506 16:54:20.088" level="INFO">          "rss": "",</msg>
<msg timestamp="20200506 16:54:20.088" level="INFO">          "rssType": 0,</msg>
<msg timestamp="20200506 16:54:20.088" level="INFO">          "discussClosed": "0",</msg>
<msg timestamp="20200506 16:54:20.088" level="INFO">          "countDiscuss": 0,</msg>
<msg timestamp="20200506 16:54:20.088" level="INFO">          "countPraise": 0,</msg>
<msg timestamp="20200506 16:54:20.088" level="INFO">          "countShare": 0,</msg>
<msg timestamp="20200506 16:54:20.088" level="INFO">          "extGroupID": 0,</msg>
<msg timestamp="20200506 16:54:20.088" level="INFO">          "xyAccountID": 67,</msg>
<msg timestamp="20200506 16:54:20.088" level="INFO">          "xyAccount": "订阅号测试",</msg>
<msg timestamp="20200506 16:54:20.088" level="INFO">          "xyAccountIcon": "https://img1.fjdaily.com/app/resource/xy/202004/27/832d2696-bbbb-4721-863c-ea845145232d.jpg",</msg>
<msg timestamp="20200506 16:54:20.088" level="INFO">          "xyDescription": "订阅号测试",</msg>
<msg timestamp="20200506 16:54:20.088" level="INFO">          "picType": 1,</msg>
<msg timestamp="20200506 16:54:20.088" level="INFO">          "listType": 0,</msg>
<msg timestamp="20200506 16:54:20.088" level="INFO">          "picFullScreen": 0,</msg>
<msg timestamp="20200506 16:54:20.088" level="INFO">          "titleDisplay": 0,</msg>
<msg timestamp="20200506 16:54:20.088" level="INFO">          "pubTimeDisplay": 0,</msg>
<msg timestamp="20200506 16:54:20.088" level="INFO">          "shareClosed": 0,</msg>
<msg timestamp="20200506 16:54:20.088" level="INFO">          "listTitle": "",</msg>
<msg timestamp="20200506 16:54:20.088" level="INFO">          "praiseType": 0,</msg>
<msg timestamp="20200506 16:54:20.089" level="INFO">          "isrecommend": 0,</msg>
<msg timestamp="20200506 16:54:20.089" level="INFO">          "subTitle": "",</msg>
<msg timestamp="20200506 16:54:20.089" level="INFO">          "leadTitle": "",</msg>
<msg timestamp="20200506 16:54:20.089" level="INFO">          "picurl": "图片存储;xy/202004/29/0a3449c4-bee6-4439-a0e4-54f5538e5990.jpg",</msg>
<msg timestamp="20200506 16:54:20.089" level="INFO">          "ext_sharepic": "图片存储;xy/202004/29/0a3449c4-bee6-4439-a0e4-54f5538e5990.jpg",</msg>
<msg timestamp="20200506 16:54:20.089" level="INFO">          "keylist": "",</msg>
<msg timestamp="20200506 16:54:20.089" level="INFO">          "sectionids": "123",</msg>
<msg timestamp="20200506 16:54:20.089" level="INFO">          "newstype": 0,</msg>
<msg timestamp="20200506 16:54:20.089" level="INFO">          "collectcount": 0,</msg>
<msg timestamp="20200506 16:54:20.089" level="INFO">          "edittername": "黄羽",</msg>
<msg timestamp="20200506 16:54:20.089" level="INFO">          "iorder": "-37400162.4004220000",</msg>
<msg timestamp="20200506 16:54:20.089" level="INFO">          "picauthor": "",</msg>
<msg timestamp="20200506 16:54:20.089" level="INFO">          "picauthorid": "",</msg>
<msg timestamp="20200506 16:54:20.089" level="INFO">          "videoauthor": "",</msg>
<msg timestamp="20200506 16:54:20.089" level="INFO">          "videoauthorid": "",</msg>
<msg timestamp="20200506 16:54:20.089" level="INFO">          "sharePicUrl": "",</msg>
<msg timestamp="20200506 16:54:20.089" level="INFO">          "shareTitle": "",</msg>
<msg timestamp="20200506 16:54:20.089" level="INFO">          "shareContent": "",</msg>
<msg timestamp="20200506 16:54:20.089" level="INFO">          "pic_list": [</msg>
<msg timestamp="20200506 16:54:20.089" level="INFO">            "https://img1.fjdaily.com/app/images/2020-04/29/8e060b5a-6376-41bc-845b-6819a78654d7.jpg",</msg>
<msg timestamp="20200506 16:54:20.089" level="INFO">            "https://img1.fjdaily.com/app/images/2020-04/29/b0580404-f447-4c7c-85ea-69c8430fd295.jpg"</msg>
<msg timestamp="20200506 16:54:20.089" level="INFO">          ],</msg>
<msg timestamp="20200506 16:54:20.090" level="INFO">          "pic_list_title": [</msg>
<msg timestamp="20200506 16:54:20.090" level="INFO">            "https://img1.fjdaily.com/app/images/2020-04/29/0a3449c4-bee6-4439-a0e4-54f5538e5990.jpg"</msg>
<msg timestamp="20200506 16:54:20.090" level="INFO">          ],</msg>
<msg timestamp="20200506 16:54:20.090" level="INFO">          "emojiID": "",</msg>
<msg timestamp="20200506 16:54:20.090" level="INFO">          "copyright": "0",</msg>
<msg timestamp="20200506 16:54:20.090" level="INFO">          "picBig": "https://img1.fjdaily.com/app/images/2020-04/29/0a3449c4-bee6-4439-a0e4-54f5538e5990.jpg",</msg>
<msg timestamp="20200506 16:54:20.090" level="INFO">          "pic0": "https://img1.fjdaily.com/app/images/2020-04/29/8e060b5a-6376-41bc-845b-6819a78654d7.jpg",</msg>
<msg timestamp="20200506 16:54:20.090" level="INFO">          "pic1": "https://img1.fjdaily.com/app/images/2020-04/29/b0580404-f447-4c7c-85ea-69c8430fd295.jpg",</msg>
<msg timestamp="20200506 16:54:20.090" level="INFO">          "pic": [],</msg>
<msg timestamp="20200506 16:54:20.090" level="INFO">          "picCount": "2"</msg>
<msg timestamp="20200506 16:54:20.090" level="INFO">        },</msg>
<msg timestamp="20200506 16:54:20.090" level="INFO">        "contentUrl": "https://api1.fjdaily.com/app_if/getArticleContent?articleId=4220",</msg>
<msg timestamp="20200506 16:54:20.090" level="INFO">        "countClick": 23,</msg>
<msg timestamp="20200506 16:54:20.090" level="INFO">        "countPraise": 0,</msg>
<msg timestamp="20200506 16:54:20.090" level="INFO">        "countDiscuss": 0</msg>
<msg timestamp="20200506 16:54:20.090" level="INFO">      },</msg>
<msg timestamp="20200506 16:54:20.090" level="INFO">      {</msg>
<msg timestamp="20200506 16:54:20.090" level="INFO">        "siteID": 1,</msg>
<msg timestamp="20200506 16:54:20.090" level="INFO">        "type": 3,</msg>
<msg timestamp="20200506 16:54:20.090" level="INFO">        "channel": 2,</msg>
<msg timestamp="20200506 16:54:20.091" level="INFO">        "articleID": 125,</msg>
<msg timestamp="20200506 16:54:20.091" level="INFO">        "title": "治病根，拔穷根",</msg>
<msg timestamp="20200506 16:54:20.091" level="INFO">        "articleType": 0,</msg>
<msg timestamp="20200506 16:54:20.091" level="INFO">        "column": "01",</msg>
<msg timestamp="20200506 16:54:20.091" level="INFO">        "time": "2020-03-22 00:00:00.0",</msg>
<msg timestamp="20200506 16:54:20.091" level="INFO">        "url": "https://img1.fjdaily.com/fjrb/pc/con/202003/22/content_125.html",</msg>
<msg timestamp="20200506 16:54:20.091" level="INFO">        "urlPad": "https://img1.fjdaily.com/fjrb/pad/con/202003/22/content_125.html",</msg>
<msg timestamp="20200506 16:54:20.091" level="INFO">        "imgUrl": "",</msg>
<msg timestamp="20200506 16:54:20.091" level="INFO">        "linkID": 0,</msg>
<msg timestamp="20200506 16:54:20.091" level="INFO">        "columnID": 0,</msg>
<msg timestamp="20200506 16:54:20.091" level="INFO">        "columnCasName": "首页~翔宇号挂接栏目",</msg>
<msg timestamp="20200506 16:54:20.091" level="INFO">        "contentUrl": "https://api1.fjdaily.com/app_if/getPaperArticle?id=125",</msg>
<msg timestamp="20200506 16:54:20.091" level="INFO">        "countClick": 12,</msg>
<msg timestamp="20200506 16:54:20.091" level="INFO">        "countPraise": 1,</msg>
<msg timestamp="20200506 16:54:20.091" level="INFO">        "countDiscuss": 2</msg>
<msg timestamp="20200506 16:54:20.091" level="INFO">      },</msg>
<msg timestamp="20200506 16:54:20.091" level="INFO">      {</msg>
<msg timestamp="20200506 16:54:20.091" level="INFO">        "siteID": 1,</msg>
<msg timestamp="20200506 16:54:20.091" level="INFO">        "type": 3,</msg>
<msg timestamp="20200506 16:54:20.091" level="INFO">        "channel": 2,</msg>
<msg timestamp="20200506 16:54:20.091" level="INFO">        "articleID": 616,</msg>
<msg timestamp="20200506 16:54:20.091" level="INFO">        "title": "朝鲜最高领导人金正恩\n向习近平致亲署信表示慰问",</msg>
<msg timestamp="20200506 16:54:20.092" level="INFO">        "articleType": 0,</msg>
<msg timestamp="20200506 16:54:20.092" level="INFO">        "column": "01",</msg>
<msg timestamp="20200506 16:54:20.092" level="INFO">        "time": "2020-02-02 00:00:00.0",</msg>
<msg timestamp="20200506 16:54:20.092" level="INFO">        "url": "https://img1.fjdaily.com/fjrb/pc/con/202002/02/content_616.html",</msg>
<msg timestamp="20200506 16:54:20.092" level="INFO">        "urlPad": "https://img1.fjdaily.com/fjrb/pad/con/202002/02/content_616.html",</msg>
<msg timestamp="20200506 16:54:20.092" level="INFO">        "imgUrl": "",</msg>
<msg timestamp="20200506 16:54:20.092" level="INFO">        "linkID": 0,</msg>
<msg timestamp="20200506 16:54:20.092" level="INFO">        "columnID": 0,</msg>
<msg timestamp="20200506 16:54:20.092" level="INFO">        "columnCasName": "首页~地方栏目",</msg>
<msg timestamp="20200506 16:54:20.092" level="INFO">        "contentUrl": "https://api1.fjdaily.com/app_if/getPaperArticle?id=616",</msg>
<msg timestamp="20200506 16:54:20.092" level="INFO">        "countClick": 2,</msg>
<msg timestamp="20200506 16:54:20.092" level="INFO">        "countPraise": 1,</msg>
<msg timestamp="20200506 16:54:20.092" level="INFO">        "countDiscuss": 1</msg>
<msg timestamp="20200506 16:54:20.092" level="INFO">      },</msg>
<msg timestamp="20200506 16:54:20.092" level="INFO">      {</msg>
<msg timestamp="20200506 16:54:20.092" level="INFO">        "siteID": 1,</msg>
<msg timestamp="20200506 16:54:20.092" level="INFO">        "type": 0,</msg>
<msg timestamp="20200506 16:54:20.092" level="INFO">        "channel": 2,</msg>
<msg timestamp="20200506 16:54:20.092" level="INFO">        "articleID": 3734,</msg>
<msg timestamp="20200506 16:54:20.092" level="INFO">        "title": "直播稿件0421",</msg>
<msg timestamp="20200506 16:54:20.092" level="INFO">        "articleType": 6,</msg>
<msg timestamp="20200506 16:54:20.092" level="INFO">        "column": "首页~头条",</msg>
<msg timestamp="20200506 16:54:20.092" level="INFO">        "time": "2020-04-21 14:40:44.0",</msg>
<msg timestamp="20200506 16:54:20.093" level="INFO">        "url": "https://img1.fjdaily.com/amucsite/web/index.html#/detailLive/3734/280",</msg>
<msg timestamp="20200506 16:54:20.093" level="INFO">        "urlPad": "https://img1.fjdaily.com/amucsite/pad/index.html#/detailLive/3734/280",</msg>
<msg timestamp="20200506 16:54:20.093" level="INFO">        "imgUrl": "",</msg>
<msg timestamp="20200506 16:54:20.093" level="INFO">        "linkID": 280,</msg>
<msg timestamp="20200506 16:54:20.093" level="INFO">        "columnID": 0,</msg>
<msg timestamp="20200506 16:54:20.093" level="INFO">        "columnCasName": "首页~头条",</msg>
<msg timestamp="20200506 16:54:20.093" level="INFO">        "article": {</msg>
<msg timestamp="20200506 16:54:20.093" level="INFO">          "fileId": 3734,</msg>
<msg timestamp="20200506 16:54:20.093" level="INFO">          "markLocked": false,</msg>
<msg timestamp="20200506 16:54:20.093" level="INFO">          "version": 1587893537000,</msg>
<msg timestamp="20200506 16:54:20.093" level="INFO">          "isRel": 0,</msg>
<msg timestamp="20200506 16:54:20.093" level="INFO">          "realPubTime": "2020-04-26 17:32:17.0",</msg>
<msg timestamp="20200506 16:54:20.093" level="INFO">          "title": "直播稿件0421",</msg>
<msg timestamp="20200506 16:54:20.093" level="INFO">          "textTitle": "直播稿件0421",</msg>
<msg timestamp="20200506 16:54:20.093" level="INFO">          "attAbstract": "测试直播稿件12",</msg>
<msg timestamp="20200506 16:54:20.093" level="INFO">          "textAbstract": "测试直播稿件12",</msg>
<msg timestamp="20200506 16:54:20.093" level="INFO">          "arthorID": 32,</msg>
<msg timestamp="20200506 16:54:20.093" level="INFO">          "arthorName": "",</msg>
<msg timestamp="20200506 16:54:20.093" level="INFO">          "reporter": "",</msg>
<msg timestamp="20200506 16:54:20.093" level="INFO">          "publishtime": "2020-04-21 14:40:44.0",</msg>
<msg timestamp="20200506 16:54:20.093" level="INFO">          "articleType": 6,</msg>
<msg timestamp="20200506 16:54:20.093" level="INFO">          "tag": "",</msg>
<msg timestamp="20200506 16:54:20.094" level="INFO">          "trade": "",</msg>
<msg timestamp="20200506 16:54:20.094" level="INFO">          "tradeID": "",</msg>
<msg timestamp="20200506 16:54:20.094" level="INFO">          "colName": "首页~头条",</msg>
<msg timestamp="20200506 16:54:20.094" level="INFO">          "columnCasName": "首页~头条",</msg>
<msg timestamp="20200506 16:54:20.094" level="INFO">          "colID": 5,</msg>
<msg timestamp="20200506 16:54:20.094" level="INFO">          "colIcon": "https://img1.fjdaily.com/app/resource/xy/202004/15/t2_(44X201X440X333)93576ac3-9f23-4784-9404-bac8c1fe2511.jpg",</msg>
<msg timestamp="20200506 16:54:20.094" level="INFO">          "mark": "",</msg>
<msg timestamp="20200506 16:54:20.094" level="INFO">          "source": "",</msg>
<msg timestamp="20200506 16:54:20.094" level="INFO">          "sourceUrl": "",</msg>
<msg timestamp="20200506 16:54:20.094" level="INFO">          "multimediaLink": "",</msg>
<msg timestamp="20200506 16:54:20.094" level="INFO">          "shareUrl": "https://img1.fjdaily.com/amucsite/pad/index.html#/detailLive/3734/280",</msg>
<msg timestamp="20200506 16:54:20.094" level="INFO">          "url": "https://img1.fjdaily.com/amucsite/web/index.html#/detailLive/3734/280",</msg>
<msg timestamp="20200506 16:54:20.094" level="INFO">          "urlPad": "https://img1.fjdaily.com/amucsite/pad/index.html#/detailLive/3734/280",</msg>
<msg timestamp="20200506 16:54:20.094" level="INFO">          "isBigPic": 0,</msg>
<msg timestamp="20200506 16:54:20.094" level="INFO">          "bigPic": 0,</msg>
<msg timestamp="20200506 16:54:20.094" level="INFO">          "isExclusive": 0,</msg>
<msg timestamp="20200506 16:54:20.094" level="INFO">          "contentUrl": "https://img1.fjdaily.com/amucsite/pad/index.html#/detailLive/3734/280",</msg>
<msg timestamp="20200506 16:54:20.094" level="INFO">          "linkID": 280,</msg>
<msg timestamp="20200506 16:54:20.094" level="INFO">          "linkType": 0,</msg>
<msg timestamp="20200506 16:54:20.094" level="INFO">          "linkName": "视频直播中0421",</msg>
<msg timestamp="20200506 16:54:20.095" level="INFO">          "countClick": 316,</msg>
<msg timestamp="20200506 16:54:20.095" level="INFO">          "countClickInitial": 0,</msg>
<msg timestamp="20200506 16:54:20.095" level="INFO">          "countClickReal": 45,</msg>
<msg timestamp="20200506 16:54:20.095" level="INFO">          "countClickFake": 271,</msg>
<msg timestamp="20200506 16:54:20.095" level="INFO">          "countShareClick": 0,</msg>
<msg timestamp="20200506 16:54:20.095" level="INFO">          "rssID": 0,</msg>
<msg timestamp="20200506 16:54:20.095" level="INFO">          "rss": "",</msg>
<msg timestamp="20200506 16:54:20.095" level="INFO">          "rssType": 0,</msg>
<msg timestamp="20200506 16:54:20.095" level="INFO">          "discussClosed": "0",</msg>
<msg timestamp="20200506 16:54:20.095" level="INFO">          "countDiscuss": 1,</msg>
<msg timestamp="20200506 16:54:20.095" level="INFO">          "countPraise": 2,</msg>
<msg timestamp="20200506 16:54:20.095" level="INFO">          "countShare": 0,</msg>
<msg timestamp="20200506 16:54:20.095" level="INFO">          "extGroupID": 0,</msg>
<msg timestamp="20200506 16:54:20.095" level="INFO">          "xyAccountID": 46,</msg>
<msg timestamp="20200506 16:54:20.095" level="INFO">          "xyAccount": "y1",</msg>
<msg timestamp="20200506 16:54:20.096" level="INFO">          "xyAccountIcon": "",</msg>
<msg timestamp="20200506 16:54:20.096" level="INFO">          "xyDescription": "",</msg>
<msg timestamp="20200506 16:54:20.096" level="INFO">          "picType": 1,</msg>
<msg timestamp="20200506 16:54:20.096" level="INFO">          "listType": 0,</msg>
<msg timestamp="20200506 16:54:20.096" level="INFO">          "picFullScreen": 0,</msg>
<msg timestamp="20200506 16:54:20.096" level="INFO">          "titleDisplay": 0,</msg>
<msg timestamp="20200506 16:54:20.096" level="INFO">          "pubTimeDisplay": 0,</msg>
<msg timestamp="20200506 16:54:20.096" level="INFO">          "shareClosed": 0,</msg>
<msg timestamp="20200506 16:54:20.096" level="INFO">          "listTitle": "列表标题--直播稿件",</msg>
<msg timestamp="20200506 16:54:20.096" level="INFO">          "praiseType": 0,</msg>
<msg timestamp="20200506 16:54:20.096" level="INFO">          "isrecommend": 0,</msg>
<msg timestamp="20200506 16:54:20.096" level="INFO">          "liveType": 1,</msg>
<msg timestamp="20200506 16:54:20.096" level="INFO">          "liveStatus": 1,</msg>
<msg timestamp="20200506 16:54:20.096" level="INFO">          "config": {</msg>
<msg timestamp="20200506 16:54:20.096" level="INFO">            "videos": [</msg>
<msg timestamp="20200506 16:54:20.096" level="INFO">              {</msg>
<msg timestamp="20200506 16:54:20.096" level="INFO">                "webLiveUrl": "http://ivi.bupt.edu.cn/hls/cctv1hd.m3u8",</msg>
<msg timestamp="20200506 16:54:20.096" level="INFO">                "appLiveUrl": "http://ivi.bupt.edu.cn/hls/cctv1hd.m3u8",</msg>
<msg timestamp="20200506 16:54:20.096" level="INFO">                "status": "1",</msg>
<msg timestamp="20200506 16:54:20.096" level="INFO">                "appPlaybackUrl": "",</msg>
<msg timestamp="20200506 16:54:20.096" level="INFO">                "webPlaybackUrl": "",</msg>
<msg timestamp="20200506 16:54:20.096" level="INFO">                "line": "1",</msg>
<msg timestamp="20200506 16:54:20.097" level="INFO">                "lineName": "直播中",</msg>
<msg timestamp="20200506 16:54:20.097" level="INFO">                "type": 1,</msg>
<msg timestamp="20200506 16:54:20.097" level="INFO">                "streamID": "",</msg>
<msg timestamp="20200506 16:54:20.097" level="INFO">                "webBanner": "",</msg>
<msg timestamp="20200506 16:54:20.097" level="INFO">                "appBanner": ""</msg>
<msg timestamp="20200506 16:54:20.097" level="INFO">              }</msg>
<msg timestamp="20200506 16:54:20.097" level="INFO">            ],</msg>
<msg timestamp="20200506 16:54:20.097" level="INFO">            "users": []</msg>
<msg timestamp="20200506 16:54:20.097" level="INFO">          },</msg>
<msg timestamp="20200506 16:54:20.097" level="INFO">          "liveContent": "测试直播中",</msg>
<msg timestamp="20200506 16:54:20.097" level="INFO">          "liveStartTime": "2020-04-21 10:44:00.0",</msg>
<msg timestamp="20200506 16:54:20.097" level="INFO">          "subTitle": "",</msg>
<msg timestamp="20200506 16:54:20.097" level="INFO">          "leadTitle": "",</msg>
<msg timestamp="20200506 16:54:20.097" level="INFO">          "picurl": "图片存储;xy/202004/21/t1_(27X34X600X356)8b5d81c5-751b-49d0-8ae2-6d2ba7a121a3.jpg",</msg>
<msg timestamp="20200506 16:54:20.097" level="INFO">          "ext_sharepic": "图片存储;xy/202004/21/t1_(27X34X600X356)8b5d81c5-751b-49d0-8ae2-6d2ba7a121a3.jpg",</msg>
<msg timestamp="20200506 16:54:20.097" level="INFO">          "keylist": "",</msg>
<msg timestamp="20200506 16:54:20.097" level="INFO">          "sectionids": "5;77;136",</msg>
<msg timestamp="20200506 16:54:20.097" level="INFO">          "newstype": 6,</msg>
<msg timestamp="20200506 16:54:20.097" level="INFO">          "collectcount": 0,</msg>
<msg timestamp="20200506 16:54:20.097" level="INFO">          "edittername": "尹利利",</msg>
<msg timestamp="20200506 16:54:20.097" level="INFO">          "iorder": "-37320143.9003734000",</msg>
<msg timestamp="20200506 16:54:20.097" level="INFO">          "picauthor": "",</msg>
<msg timestamp="20200506 16:54:20.097" level="INFO">          "picauthorid": "",</msg>
<msg timestamp="20200506 16:54:20.098" level="INFO">          "videoauthor": "",</msg>
<msg timestamp="20200506 16:54:20.098" level="INFO">          "videoauthorid": "",</msg>
<msg timestamp="20200506 16:54:20.098" level="INFO">          "sharePicUrl": "",</msg>
<msg timestamp="20200506 16:54:20.098" level="INFO">          "shareTitle": "",</msg>
<msg timestamp="20200506 16:54:20.098" level="INFO">          "shareContent": "",</msg>
<msg timestamp="20200506 16:54:20.098" level="INFO">          "pic_list": [],</msg>
<msg timestamp="20200506 16:54:20.098" level="INFO">          "pic_list_title": [</msg>
<msg timestamp="20200506 16:54:20.098" level="INFO">            "https://img1.fjdaily.com/app/images/2020-04/21/t1_(27X34X600X356)8b5d81c5-751b-49d0-8ae2-6d2ba7a121a3.jpg"</msg>
<msg timestamp="20200506 16:54:20.098" level="INFO">          ],</msg>
<msg timestamp="20200506 16:54:20.098" level="INFO">          "emojiID": "",</msg>
<msg timestamp="20200506 16:54:20.098" level="INFO">          "copyright": "0",</msg>
<msg timestamp="20200506 16:54:20.098" level="INFO">          "picBig": "https://img1.fjdaily.com/app/images/2020-04/21/t1_(27X34X600X356)8b5d81c5-751b-49d0-8ae2-6d2ba7a121a3.jpg",</msg>
<msg timestamp="20200506 16:54:20.098" level="INFO">          "pic": [],</msg>
<msg timestamp="20200506 16:54:20.098" level="INFO">          "picCount": "0"</msg>
<msg timestamp="20200506 16:54:20.098" level="INFO">        },</msg>
<msg timestamp="20200506 16:54:20.098" level="INFO">        "contentUrl": "https://api1.fjdaily.com/app_if/getArticleContent?articleId=3734",</msg>
<msg timestamp="20200506 16:54:20.098" level="INFO">        "countClick": 51,</msg>
<msg timestamp="20200506 16:54:20.098" level="INFO">        "countPraise": 2,</msg>
<msg timestamp="20200506 16:54:20.098" level="INFO">        "countDiscuss": 1</msg>
<msg timestamp="20200506 16:54:20.098" level="INFO">      },</msg>
<msg timestamp="20200506 16:54:20.098" level="INFO">      {</msg>
<msg timestamp="20200506 16:54:20.099" level="INFO">        "siteID": 1,</msg>
<msg timestamp="20200506 16:54:20.099" level="INFO">        "type": 0,</msg>
<msg timestamp="20200506 16:54:20.099" level="INFO">        "channel": 2,</msg>
<msg timestamp="20200506 16:54:20.099" level="INFO">        "articleID": 346,</msg>
<msg timestamp="20200506 16:54:20.099" level="INFO">        "title": "风吹那个榔梨",</msg>
<msg timestamp="20200506 16:54:20.099" level="INFO">        "articleType": 0,</msg>
<msg timestamp="20200506 16:54:20.099" level="INFO">        "column": "首页~头条",</msg>
<msg timestamp="20200506 16:54:20.099" level="INFO">        "time": "2020-03-17 14:40:53.0",</msg>
<msg timestamp="20200506 16:54:20.099" level="INFO">        "url": "",</msg>
<msg timestamp="20200506 16:54:20.099" level="INFO">        "urlPad": "https://img1.fjdaily.com/app/content/2020-03/17/content_346.html",</msg>
<msg timestamp="20200506 16:54:20.099" level="INFO">        "imgUrl": "https://img1.fjdaily.com/app/resource/xy/202004/15/t2_(44X201X440X333)93576ac3-9f23-4784-9404-bac8c1fe2511.jpg",</msg>
<msg timestamp="20200506 16:54:20.099" level="INFO">        "linkID": 0,</msg>
<msg timestamp="20200506 16:54:20.099" level="INFO">        "columnID": 0,</msg>
<msg timestamp="20200506 16:54:20.099" level="INFO">        "columnCasName": "首页~头条",</msg>
<msg timestamp="20200506 16:54:20.099" level="INFO">        "article": {</msg>
<msg timestamp="20200506 16:54:20.099" level="INFO">          "fileId": 346,</msg>
<msg timestamp="20200506 16:54:20.099" level="INFO">          "markLocked": false,</msg>
<msg timestamp="20200506 16:54:20.099" level="INFO">          "version": 1587095225000,</msg>
<msg timestamp="20200506 16:54:20.099" level="INFO">          "isRel": 0,</msg>
<msg timestamp="20200506 16:54:20.099" level="INFO">          "realPubTime": "2020-04-17 11:47:05.0",</msg>
<msg timestamp="20200506 16:54:20.099" level="INFO">          "title": "风吹那个榔梨",</msg>
<msg timestamp="20200506 16:54:20.099" level="INFO">          "textTitle": "风吹那个榔梨",</msg>
<msg timestamp="20200506 16:54:20.099" level="INFO">          "attAbstract": "摘要摘要摘要摘要摘要摘要摘要摘要摘要摘要摘要摘要摘要摘要摘要摘要摘要摘要摘要摘要摘要摘要摘要摘要摘要摘要摘要摘要摘要摘要摘要摘要摘要摘要摘要摘要摘要摘要摘要摘要摘要摘要摘要摘要摘要摘要摘要摘要摘要摘要摘要摘要摘要摘要摘要摘要摘要摘要摘要摘要摘要摘要摘要摘要摘要摘要摘要摘要摘要摘要摘要摘要",</msg>
<msg timestamp="20200506 16:54:20.100" level="INFO">          "textAbstract": "摘要摘要摘要摘要摘要摘要摘要摘要摘要摘要摘要摘要摘要摘要摘要摘要摘要摘要摘要摘要摘要摘要摘要摘要摘要摘要摘要摘要摘要摘要摘要摘要摘要摘要摘要摘要摘要摘要摘要摘要摘要摘要摘要摘要摘要摘要摘要摘要摘要摘要摘要摘要摘要摘要摘要摘要摘要摘要摘要摘要摘要摘要摘要摘要摘要摘要摘要摘要摘要摘要摘要摘要",</msg>
<msg timestamp="20200506 16:54:20.100" level="INFO">          "arthorID": 20,</msg>
<msg timestamp="20200506 16:54:20.100" level="INFO">          "arthorName": "vidi",</msg>
<msg timestamp="20200506 16:54:20.100" level="INFO">          "reporter": "",</msg>
<msg timestamp="20200506 16:54:20.100" level="INFO">          "publishtime": "2020-03-17 14:40:53.0",</msg>
<msg timestamp="20200506 16:54:20.100" level="INFO">          "articleType": 0,</msg>
<msg timestamp="20200506 16:54:20.100" level="INFO">          "tag": "嗯嗯；于测试标签1",</msg>
<msg timestamp="20200506 16:54:20.100" level="INFO">          "tags": [</msg>
<msg timestamp="20200506 16:54:20.100" level="INFO">            {</msg>
<msg timestamp="20200506 16:54:20.100" level="INFO">              "id": 2,</msg>
<msg timestamp="20200506 16:54:20.100" level="INFO">              "name": "嗯嗯",</msg>
<msg timestamp="20200506 16:54:20.100" level="INFO">              "order": 1</msg>
<msg timestamp="20200506 16:54:20.100" level="INFO">            },</msg>
<msg timestamp="20200506 16:54:20.100" level="INFO">            {</msg>
<msg timestamp="20200506 16:54:20.100" level="INFO">              "id": 5,</msg>
<msg timestamp="20200506 16:54:20.100" level="INFO">              "name": "于测试标签1",</msg>
<msg timestamp="20200506 16:54:20.100" level="INFO">              "order": 2</msg>
<msg timestamp="20200506 16:54:20.100" level="INFO">            }</msg>
<msg timestamp="20200506 16:54:20.100" level="INFO">          ],</msg>
<msg timestamp="20200506 16:54:20.100" level="INFO">          "trade": "",</msg>
<msg timestamp="20200506 16:54:20.100" level="INFO">          "tradeID": "",</msg>
<msg timestamp="20200506 16:54:20.101" level="INFO">          "colName": "首页~头条",</msg>
<msg timestamp="20200506 16:54:20.101" level="INFO">          "columnCasName": "首页~头条",</msg>
<msg timestamp="20200506 16:54:20.101" level="INFO">          "colID": 5,</msg>
<msg timestamp="20200506 16:54:20.101" level="INFO">          "colIcon": "https://img1.fjdaily.com/app/resource/xy/202004/15/t2_(44X201X440X333)93576ac3-9f23-4784-9404-bac8c1fe2511.jpg",</msg>
<msg timestamp="20200506 16:54:20.101" level="INFO">          "mark": "沙拉的时间",</msg>
<msg timestamp="20200506 16:54:20.101" level="INFO">          "source": "搜狐新闻",</msg>
<msg timestamp="20200506 16:54:20.101" level="INFO">          "sourceUrl": "",</msg>
<msg timestamp="20200506 16:54:20.101" level="INFO">          "multimediaLink": "",</msg>
<msg timestamp="20200506 16:54:20.101" level="INFO">          "shareUrl": "https://img1.fjdaily.com/app/content/2020-03/17/content_346.html",</msg>
<msg timestamp="20200506 16:54:20.101" level="INFO">          "url": "",</msg>
<msg timestamp="20200506 16:54:20.101" level="INFO">          "urlPad": "https://img1.fjdaily.com/app/content/2020-03/17/content_346.html",</msg>
<msg timestamp="20200506 16:54:20.101" level="INFO">          "isBigPic": 0,</msg>
<msg timestamp="20200506 16:54:20.101" level="INFO">          "bigPic": 0,</msg>
<msg timestamp="20200506 16:54:20.101" level="INFO">          "isExclusive": 0,</msg>
<msg timestamp="20200506 16:54:20.101" level="INFO">          "contentUrl": "https://api1.fjdaily.com/app_if/getArticleContent?articleId=346",</msg>
<msg timestamp="20200506 16:54:20.101" level="INFO">          "linkID": 0,</msg>
<msg timestamp="20200506 16:54:20.101" level="INFO">          "linkType": 0,</msg>
<msg timestamp="20200506 16:54:20.101" level="INFO">          "linkName": "",</msg>
<msg timestamp="20200506 16:54:20.101" level="INFO">          "countClick": 6198,</msg>
<msg timestamp="20200506 16:54:20.101" level="INFO">          "countClickInitial": 200,</msg>
<msg timestamp="20200506 16:54:20.101" level="INFO">          "countClickReal": 448,</msg>
<msg timestamp="20200506 16:54:20.101" level="INFO">          "countClickFake": 5550,</msg>
<msg timestamp="20200506 16:54:20.102" level="INFO">          "countShareClick": 0,</msg>
<msg timestamp="20200506 16:54:20.102" level="INFO">          "rssID": 0,</msg>
<msg timestamp="20200506 16:54:20.102" level="INFO">          "rss": "",</msg>
<msg timestamp="20200506 16:54:20.102" level="INFO">          "rssType": 0,</msg>
<msg timestamp="20200506 16:54:20.102" level="INFO">          "discussClosed": "0",</msg>
<msg timestamp="20200506 16:54:20.102" level="INFO">          "countDiscuss": 69,</msg>
<msg timestamp="20200506 16:54:20.102" level="INFO">          "countPraise": 52,</msg>
<msg timestamp="20200506 16:54:20.102" level="INFO">          "countShare": 16,</msg>
<msg timestamp="20200506 16:54:20.102" level="INFO">          "extGroupID": 0,</msg>
<msg timestamp="20200506 16:54:20.102" level="INFO">          "picType": 1,</msg>
<msg timestamp="20200506 16:54:20.102" level="INFO">          "listType": 0,</msg>
<msg timestamp="20200506 16:54:20.102" level="INFO">          "picFullScreen": 0,</msg>
<msg timestamp="20200506 16:54:20.102" level="INFO">          "titleDisplay": 0,</msg>
<msg timestamp="20200506 16:54:20.102" level="INFO">          "pubTimeDisplay": 0,</msg>
<msg timestamp="20200506 16:54:20.102" level="INFO">          "shareClosed": 0,</msg>
<msg timestamp="20200506 16:54:20.102" level="INFO">          "listTitle": "88888",</msg>
<msg timestamp="20200506 16:54:20.102" level="INFO">          "praiseType": 0,</msg>
<msg timestamp="20200506 16:54:20.102" level="INFO">          "isrecommend": 0,</msg>
<msg timestamp="20200506 16:54:20.103" level="INFO">          "subTitle": "",</msg>
<msg timestamp="20200506 16:54:20.103" level="INFO">          "leadTitle": "",</msg>
<msg timestamp="20200506 16:54:20.103" level="INFO">          "picurl": "图片存储;xy/202003/06/7c64eb36-06bb-4da0-9d9b-34993c88eb10.jpg",</msg>
<msg timestamp="20200506 16:54:20.103" level="INFO">          "ext_sharepic": "图片存储;xy/202003/06/7c64eb36-06bb-4da0-9d9b-34993c88eb10.jpg",</msg>
<msg timestamp="20200506 16:54:20.103" level="INFO">          "keylist": "",</msg>
<msg timestamp="20200506 16:54:20.103" level="INFO">          "sectionids": "5;16",</msg>
<msg timestamp="20200506 16:54:20.103" level="INFO">          "newstype": 0,</msg>
<msg timestamp="20200506 16:54:20.103" level="INFO">          "collectcount": 0,</msg>
<msg timestamp="20200506 16:54:20.103" level="INFO">          "edittername": "张鹏",</msg>
<msg timestamp="20200506 16:54:20.103" level="INFO">          "iorder": "-17730144.0000346000",</msg>
<msg timestamp="20200506 16:54:20.103" level="INFO">          "picauthor": "",</msg>
<msg timestamp="20200506 16:54:20.103" level="INFO">          "picauthorid": "",</msg>
<msg timestamp="20200506 16:54:20.103" level="INFO">          "videoauthor": "",</msg>
<msg timestamp="20200506 16:54:20.103" level="INFO">          "videoauthorid": "",</msg>
<msg timestamp="20200506 16:54:20.103" level="INFO">          "sharePicUrl": "https://img1.fjdaily.com/app/images/2020-03/17/t2_(75X112X403X440)4fff70e1-1028-49b8-9c48-12637e3c7f7f.jpg",</msg>
<msg timestamp="20200506 16:54:20.103" level="INFO">          "shareTitle": "分享看看标题",</msg>
<msg timestamp="20200506 16:54:20.103" level="INFO">          "shareContent": "呵呵呵呵",</msg>
<msg timestamp="20200506 16:54:20.103" level="INFO">          "pic_list": [</msg>
<msg timestamp="20200506 16:54:20.103" level="INFO">            "https://img1.fjdaily.com/app/images/2020-03/17/32af0e02-b109-4c47-9e50-900a8ef7eba1.jpeg",</msg>
<msg timestamp="20200506 16:54:20.103" level="INFO">            "https://img1.fjdaily.com/app/images/2020-03/17/8f3cc754-f132-4f91-87cf-4c7011544ffb.jpg",</msg>
<msg timestamp="20200506 16:54:20.103" level="INFO">            "https://img1.fjdaily.com/app/images/2020-03/17/3c822172-8d7b-429c-96a8-475329c4752c.gif",</msg>
<msg timestamp="20200506 16:54:20.103" level="INFO">            "https://img1.fjdaily.com/app/images/2020-03/17/38c0d335-a5d1-44af-a0ae-fb2345136d35.png"</msg>
<msg timestamp="20200506 16:54:20.104" level="INFO">          ],</msg>
<msg timestamp="20200506 16:54:20.104" level="INFO">          "pic_list_title": [</msg>
<msg timestamp="20200506 16:54:20.104" level="INFO">            "https://img1.fjdaily.com/app/images/2020-03/17/7c64eb36-06bb-4da0-9d9b-34993c88eb10.jpg"</msg>
<msg timestamp="20200506 16:54:20.104" level="INFO">          ],</msg>
<msg timestamp="20200506 16:54:20.104" level="INFO">          "emojiID": "",</msg>
<msg timestamp="20200506 16:54:20.104" level="INFO">          "copyright": "0",</msg>
<msg timestamp="20200506 16:54:20.104" level="INFO">          "picBig": "https://img1.fjdaily.com/app/images/2020-03/17/7c64eb36-06bb-4da0-9d9b-34993c88eb10.jpg",</msg>
<msg timestamp="20200506 16:54:20.104" level="INFO">          "pic0": "https://img1.fjdaily.com/app/images/2020-03/17/32af0e02-b109-4c47-9e50-900a8ef7eba1.jpeg",</msg>
<msg timestamp="20200506 16:54:20.104" level="INFO">          "pic1": "https://img1.fjdaily.com/app/images/2020-03/17/8f3cc754-f132-4f91-87cf-4c7011544ffb.jpg",</msg>
<msg timestamp="20200506 16:54:20.104" level="INFO">          "pic2": "https://img1.fjdaily.com/app/images/2020-03/17/3c822172-8d7b-429c-96a8-475329c4752c.gif",</msg>
<msg timestamp="20200506 16:54:20.104" level="INFO">          "pic": [],</msg>
<msg timestamp="20200506 16:54:20.104" level="INFO">          "picCount": "4"</msg>
<msg timestamp="20200506 16:54:20.104" level="INFO">        },</msg>
<msg timestamp="20200506 16:54:20.104" level="INFO">        "contentUrl": "https://api1.fjdaily.com/app_if/getArticleContent?articleId=346",</msg>
<msg timestamp="20200506 16:54:20.104" level="INFO">        "countClick": 494,</msg>
<msg timestamp="20200506 16:54:20.104" level="INFO">        "countPraise": 56,</msg>
<msg timestamp="20200506 16:54:20.104" level="INFO">        "countDiscuss": 79</msg>
<msg timestamp="20200506 16:54:20.104" level="INFO">      },</msg>
<msg timestamp="20200506 16:54:20.104" level="INFO">      {</msg>
<msg timestamp="20200506 16:54:20.104" level="INFO">        "siteID": 1,</msg>
<msg timestamp="20200506 16:54:20.104" level="INFO">        "type": 6,</msg>
<msg timestamp="20200506 16:54:20.104" level="INFO">        "channel": 2,</msg>
<msg timestamp="20200506 16:54:20.105" level="INFO">        "articleID": 321,</msg>
<msg timestamp="20200506 16:54:20.105" level="INFO">        "title": "活动上传图片测试",</msg>
<msg timestamp="20200506 16:54:20.105" level="INFO">        "articleType": 0,</msg>
<msg timestamp="20200506 16:54:20.105" level="INFO">        "column": "",</msg>
<msg timestamp="20200506 16:54:20.105" level="INFO">        "time": "2020-05-01 00:00:00.0",</msg>
<msg timestamp="20200506 16:54:20.105" level="INFO">        "url": "",</msg>
<msg timestamp="20200506 16:54:20.105" level="INFO">        "urlPad": "",</msg>
<msg timestamp="20200506 16:54:20.105" level="INFO">        "imgUrl": "",</msg>
<msg timestamp="20200506 16:54:20.105" level="INFO">        "linkID": 0,</msg>
<msg timestamp="20200506 16:54:20.105" level="INFO">        "columnID": 0,</msg>
<msg timestamp="20200506 16:54:20.105" level="INFO">        "article": {</msg>
<msg timestamp="20200506 16:54:20.105" level="INFO">          "fileId": "321",</msg>
<msg timestamp="20200506 16:54:20.105" level="INFO">          "version": 1587104264000,</msg>
<msg timestamp="20200506 16:54:20.105" level="INFO">          "title": "活动上传图片测试",</msg>
<msg timestamp="20200506 16:54:20.105" level="INFO">          "attAbstract": "",</msg>
<msg timestamp="20200506 16:54:20.105" level="INFO">          "startTime": "2020-05-01 00:00:00.0",</msg>
<msg timestamp="20200506 16:54:20.105" level="INFO">          "endTime": "2020-05-03 00:00:00.0",</msg>
<msg timestamp="20200506 16:54:20.106" level="INFO">          "publishtime": "2020-04-17 14:17:35.0",</msg>
<msg timestamp="20200506 16:54:20.106" level="INFO">          "author": "尹利利",</msg>
<msg timestamp="20200506 16:54:20.106" level="INFO">          "discussClosed": 0,</msg>
<msg timestamp="20200506 16:54:20.106" level="INFO">          "statusEntry": 0,</msg>
<msg timestamp="20200506 16:54:20.106" level="INFO">          "activityStatus": 1,</msg>
<msg timestamp="20200506 16:54:20.106" level="INFO">          "ac_entryStatus": "2",</msg>
<msg timestamp="20200506 16:54:20.106" level="INFO">          "position": "",</msg>
<msg timestamp="20200506 16:54:20.106" level="INFO">          "locationType": "0",</msg>
<msg timestamp="20200506 16:54:20.106" level="INFO">          "organizer": "",</msg>
<msg timestamp="20200506 16:54:20.106" level="INFO">          "participatorNum": 10,</msg>
<msg timestamp="20200506 16:54:20.106" level="INFO">          "targetNum": "10",</msg>
<msg timestamp="20200506 16:54:20.106" level="INFO">          "picBig": "https://img1.fjdaily.com/nis-pic/xy/202004/17/t1_(71X53X491X289)1933db43-5dea-4e7f-bfa7-8d3a1298b128.jpg",</msg>
<msg timestamp="20200506 16:54:20.106" level="INFO">          "picMiddle": "",</msg>
<msg timestamp="20200506 16:54:20.106" level="INFO">          "picSmall": "",</msg>
<msg timestamp="20200506 16:54:20.106" level="INFO">          "attachments": "",</msg>
<msg timestamp="20200506 16:54:20.106" level="INFO">          "costType": 0,</msg>
<msg timestamp="20200506 16:54:20.106" level="INFO">          "participationType": 0,</msg>
<msg timestamp="20200506 16:54:20.106" level="INFO">          "limitShop": 0,</msg>
<msg timestamp="20200506 16:54:20.106" level="INFO">          "startSignTime": "2020-04-17 14:17:00.0",</msg>
<msg timestamp="20200506 16:54:20.106" level="INFO">          "endSignTime": "2020-04-30 00:00:00.0",</msg>
<msg timestamp="20200506 16:54:20.106" level="INFO">          "topPic": [</msg>
<msg timestamp="20200506 16:54:20.107" level="INFO">            "https://api1.fjdaily.com/app_if//getImage?path=图片存储;xy/202004/17/b79c8ee6-0fa7-4ac8-a4e2-aabe5c77a862.jpg"</msg>
<msg timestamp="20200506 16:54:20.107" level="INFO">          ],</msg>
<msg timestamp="20200506 16:54:20.107" level="INFO">          "linkUrl": "",</msg>
<msg timestamp="20200506 16:54:20.107" level="INFO">          "signup": 1,</msg>
<msg timestamp="20200506 16:54:20.107" level="INFO">          "signForm": [</msg>
<msg timestamp="20200506 16:54:20.107" level="INFO">            {</msg>
<msg timestamp="20200506 16:54:20.107" level="INFO">              "id": "entry_phone",</msg>
<msg timestamp="20200506 16:54:20.107" level="INFO">              "code": "手机号",</msg>
<msg timestamp="20200506 16:54:20.107" level="INFO">              "type": "0",</msg>
<msg timestamp="20200506 16:54:20.107" level="INFO">              "tipMessage": "",</msg>
<msg timestamp="20200506 16:54:20.107" level="INFO">              "isneed": 0,</msg>
<msg timestamp="20200506 16:54:20.107" level="INFO">              "order": 0,</msg>
<msg timestamp="20200506 16:54:20.107" level="INFO">              "option": []</msg>
<msg timestamp="20200506 16:54:20.107" level="INFO">            },</msg>
<msg timestamp="20200506 16:54:20.107" level="INFO">            {</msg>
<msg timestamp="20200506 16:54:20.107" level="INFO">              "id": "entry_realName",</msg>
<msg timestamp="20200506 16:54:20.107" level="INFO">              "code": "姓名",</msg>
<msg timestamp="20200506 16:54:20.107" level="INFO">              "type": "0",</msg>
<msg timestamp="20200506 16:54:20.107" level="INFO">              "tipMessage": "",</msg>
<msg timestamp="20200506 16:54:20.107" level="INFO">              "isneed": 0,</msg>
<msg timestamp="20200506 16:54:20.107" level="INFO">              "order": 0,</msg>
<msg timestamp="20200506 16:54:20.107" level="INFO">              "option": []</msg>
<msg timestamp="20200506 16:54:20.108" level="INFO">            },</msg>
<msg timestamp="20200506 16:54:20.108" level="INFO">            {</msg>
<msg timestamp="20200506 16:54:20.108" level="INFO">              "id": "entry_upload",</msg>
<msg timestamp="20200506 16:54:20.108" level="INFO">              "code": "上传",</msg>
<msg timestamp="20200506 16:54:20.108" level="INFO">              "type": "0",</msg>
<msg timestamp="20200506 16:54:20.108" level="INFO">              "tipMessage": "",</msg>
<msg timestamp="20200506 16:54:20.108" level="INFO">              "isneed": 0,</msg>
<msg timestamp="20200506 16:54:20.108" level="INFO">              "order": 0,</msg>
<msg timestamp="20200506 16:54:20.108" level="INFO">              "option": []</msg>
<msg timestamp="20200506 16:54:20.108" level="INFO">            }</msg>
<msg timestamp="20200506 16:54:20.108" level="INFO">          ],</msg>
<msg timestamp="20200506 16:54:20.108" level="INFO">          "cost": 0,</msg>
<msg timestamp="20200506 16:54:20.108" level="INFO">          "deposit": 0,</msg>
<msg timestamp="20200506 16:54:20.108" level="INFO">          "wxPay": 0,</msg>
<msg timestamp="20200506 16:54:20.108" level="INFO">          "alipay": 0,</msg>
<msg timestamp="20200506 16:54:20.108" level="INFO">          "activityOpt": 0,</msg>
<msg timestamp="20200506 16:54:20.108" level="INFO">          "linkattr": -2147483648,</msg>
<msg timestamp="20200506 16:54:20.108" level="INFO">          "score": 0,</msg>
<msg timestamp="20200506 16:54:20.108" level="INFO">          "imageUrl": "https://img1.fjdaily.com/nis-pic/xy/202004/17/t1_(71X53X491X289)1933db43-5dea-4e7f-bfa7-8d3a1298b128.jpg.0",</msg>
<msg timestamp="20200506 16:54:20.108" level="INFO">          "content": "&lt;html&gt;\n &lt;head&gt;&lt;/head&gt;\n &lt;body&gt;\n  &lt;p&gt;&lt;br&gt;&lt;/p&gt;\n &lt;/body&gt;\n&lt;/html&gt;"</msg>
<msg timestamp="20200506 16:54:20.108" level="INFO">        },</msg>
<msg timestamp="20200506 16:54:20.108" level="INFO">        "contentUrl": "https://api1.fjdaily.com/app_if/activityDetail?siteID=1&amp;fileId=321",</msg>
<msg timestamp="20200506 16:54:20.108" level="INFO">        "countClick": 155,</msg>
<msg timestamp="20200506 16:54:20.109" level="INFO">        "countPraise": 6,</msg>
<msg timestamp="20200506 16:54:20.109" level="INFO">        "countDiscuss": 0</msg>
<msg timestamp="20200506 16:54:20.109" level="INFO">      },</msg>
<msg timestamp="20200506 16:54:20.109" level="INFO">      {</msg>
<msg timestamp="20200506 16:54:20.109" level="INFO">        "articleID": 335,</msg>
<msg timestamp="20200506 16:54:20.109" level="INFO">        "type": 6,</msg>
<msg timestamp="20200506 16:54:20.109" level="INFO">        "siteID": 1,</msg>
<msg timestamp="20200506 16:54:20.109" level="INFO">        "channel": 2,</msg>
<msg timestamp="20200506 16:54:20.109" level="INFO">        "url": "",</msg>
<msg timestamp="20200506 16:54:20.109" level="INFO">        "urlPad": "https://img1.fjdaily.com/app/content/2020-04/10/content_1858.html",</msg>
<msg timestamp="20200506 16:54:20.109" level="INFO">        "title": "活动主题长度超长活动主题长度活动主题长度活动主题长度活动主题长度活动主题长度活动主题长度活动主题长度活动主题长度活动主题长度活动主题长度活动主题长度活动主题长度活动主题长度活动主题长度活动主题长度活动主题长度活动主题长度活动主题长度活动主题长度活动主题长度活动主题长度活动主题长度活动主题长度活动主题长度活动主题长度活动主题长度活动主题长度活动主题长度活动主题长度活动主题长度活动主题长度活动主题长度活动主题长度活动主题长度活动主题长度活动主题长度活动主题长度活动主题长度活动主题长度活动主题长度活动主题长度活动主题长度活动主题长度活动主题长度活动主题长度活动主题长度活动主题长度活动主题长度活动主题",</msg>
<msg timestamp="20200506 16:54:20.109" level="INFO">        "column": "",</msg>
<msg timestamp="20200506 16:54:20.109" level="INFO">        "columnID": "0",</msg>
<msg timestamp="20200506 16:54:20.109" level="INFO">        "articleType": 0,</msg>
<msg timestamp="20200506 16:54:20.109" level="INFO">        "time": "2020-04-20 15:45:00.0",</msg>
<msg timestamp="20200506 16:54:20.109" level="INFO">        "imgUrl": "",</msg>
<msg timestamp="20200506 16:54:20.109" level="INFO">        "linkID": 0,</msg>
<msg timestamp="20200506 16:54:20.109" level="INFO">        "columnCasName": "首页~yll测试栏目",</msg>
<msg timestamp="20200506 16:54:20.109" level="INFO">        "contentUrl": "https://api1.fjdaily.com/app_if/activityDetail?siteID=1&amp;fileId=335",</msg>
<msg timestamp="20200506 16:54:20.109" level="INFO">        "article": {</msg>
<msg timestamp="20200506 16:54:20.109" level="INFO">          "fileId": "335",</msg>
<msg timestamp="20200506 16:54:20.109" level="INFO">          "version": 1587369775000,</msg>
<msg timestamp="20200506 16:54:20.110" level="INFO">          "title": "活动主题长度超长活动主题长度活动主题长度活动主题长度活动主题长度活动主题长度活动主题长度活动主题长度活动主题长度活动主题长度活动主题长度活动主题长度活动主题长度活动主题长度活动主题长度活动主题长度活动主题长度活动主题长度活动主题长度活动主题长度活动主题长度活动主题长度活动主题长度活动主题长度活动主题长度活动主题长度活动主题长度活动主题长度活动主题长度活动主题长度活动主题长度活动主题长度活动主题长度活动主题长度活动主题长度活动主题长度活动主题长度活动主题长度活动主题长度活动主题长度活动主题长度活动主题长度活动主题长度活动主题长度活动主题长度活动主题长度活动主题长度活动主题长度活动主题长度活动主题",</msg>
<msg timestamp="20200506 16:54:20.110" level="INFO">          "attAbstract": "1、活动规则2、要提高网络综合治理能力，形成党委领导、政府管理、企业履责、社会监督、网民自律等多主体参与，经济、法律、技术等多种手段相结合的综合治网格局。\r\n2、没有网络安全就没有国家安全，就没有经济社会稳定运行，广大人民群众利益也难以得到保障。3、核心技术是国之重器。要下定决心、保持恒心、找准重心，加速推动信息领域核心技术突破。4、要推动产业数字化，利用互联网新技术新应用对传统产业进行全方位、全角度、全链条的改造，提高全要素生产率，释放数字对经济发展的放大、叠加、倍增作用。5、网信事业代表着新的生产力和新的发展方向，应该在践行新发展理念上先行一步，围绕建设现代化经济体系、实现高质量发展，加快信息化发展，整体带动和提升新型工业化、城镇化、农业现代化发展。6、要发展数字经济，加快推动数字产业化，依靠信息技术创新驱动，不断催生新产业新业态新模式，用新动能推动新发展。1、活动规则2、要提高网络综合治理能力，形成党委领导、政府管理、企业履责、社会监督、网民自律等多主体参与，经济、法律、技术等多种手段相结合的综合治网格局。2、没有网络安全就没有国家安全，就没有经济社会稳定运行，广大人民群众利益也难以得到保障。3、核心技术是国之重器。要下定决心、保持恒心、找准重心，加速推动信息领域核心技术突破。4、要推动产业数字化，利用互联网新技术新应用对传统产业进行全方位、全角度、全链条的改造，提高全要素生产率，释放数字对经济发展的放大、叠加、倍增作用。5、网信事业代表着新的生产力和新的发展方向，应该在践行新发展理念上先行一步，围绕建设现代化经济体系、实现高质量发展，加快信息化发展，整体带动和提升新型工业化、城镇化、农业现代化发展。6、要发展数字经济，加快推动数字产业化，依靠信息技术创新驱动，不断催生新产业新业态新模式，用新动能推动新发展。1、活动规则2、要提高网络综合治理能力，形成党委领导、政府管理、企业履责、社会监督、网民自律等多主体参与，经济、法律、技术等多种手段相结合的综合治网格局。2、没有网络安全就没有国家安全，就没有经济社会稳定运行，广大人民群众利益也难以得到保障。3、核心技术是国之重器。要下定决心、保持恒心、找准重心，加速推动信息领域核心技术突破。4、要推动产业数字化，利用互联网新技术新应用对传统产业进行全方位、全角度、全链条的改造，提高全要素生产率，释放数字对经济发展的放大、叠加、倍增作用。5、网信事业代表着新的生产力和新的发展方向，应该在践行新发展理念上先行一步，围绕建设现代化经济体系、实现高质量发展，加快信息化发展，整体带动和提升新型工业化、城镇化、农业现代化发展。6、要发展数字经济，加快推动数字产业化，依靠信息技术创新驱动，不断催生新产业新业态新模式，用新动能推动新发展。1、活动规则2、要提高网络综合治理能力，形成党委领导、政府管理、企业履责、社会监督、网民自律等多主体参与，经济、法律、技术等多种手段相结合的综合治网格局。2、没有网络安全就没有国家安全，就没有经济社会稳定运行，广大人民群众利益也难以得到保障。3、核心技术是国之重器。要下定决心、保持恒心、找准重心，加速推动信息领域核心技术突破。4、要推动产业数字化，利用互联网新技术新应用对传统产业进行全方位、全角度、全链条的改造，提高全要素生产率，释放数字对经济发展的放大、叠加、倍增作用。5、网信事业代表着新的生产力和新的发展方向，应该在践行新发展理念上先行一步，围绕建设现代化经济体系、实现高质量发展，加快信息化发展，整体带动和提升新型工业化、城镇化、农业现代化发展。6、要发展数字经济，加快推动数字产业化，依靠信息技术创新驱动，不断催生新产业新业态新模式，用新动能推动新发展。1、活动规则2、要提高网络综合治理能力，形成党委领导、政府管理、企业履责、社会监督、网民自律等多主体参与，经济、法律、技术等多种手段相结合的综合治网格局。2、没有网络安全就没有国家安全，就没有经济社会稳定运行，广大人民群众利益也难以得到保障。3、核心技术是国之重器。要下定决心、保持恒心、找准重心，加速推动信息领域核心技术突破。4、要推动产业数字化，利用互联网新技术新应用对传统产业进行全方位、全角度、全链条的改造，提高全要素生产率，释放数字对经济发展的放大、叠加、倍增作用。5、网信事业代表着新的生产力和新的发展方向，应该在践行新发展理念上先行一步，围绕建设现代化经济体系、实现高质量发展，加快信息化发展，整体带动和提升新型工业化、城镇化、农业现代化发展。6、要发展数字经济，加快推动数字产业化，依靠信息技术创新驱动，不断催生新产业新业态新模式，用新动能推动新发展。1、活动规则2、要提高网络综合治理能力，形成党委领导、政府管理、企业履责、社会监督、网民自律等多主体参与，经济、法律、技术等多种手段相结合的综合治网格局。",</msg>
<msg timestamp="20200506 16:54:20.110" level="INFO">          "startTime": "2020-04-20 15:45:00.0",</msg>
<msg timestamp="20200506 16:54:20.110" level="INFO">          "endTime": "2020-04-20 16:46:00.0",</msg>
<msg timestamp="20200506 16:54:20.110" level="INFO">          "publishtime": "2020-04-20 15:29:34.0",</msg>
<msg timestamp="20200506 16:54:20.110" level="INFO">          "author": "黄羽",</msg>
<msg timestamp="20200506 16:54:20.110" level="INFO">          "discussClosed": 0,</msg>
<msg timestamp="20200506 16:54:20.110" level="INFO">          "statusEntry": 0,</msg>
<msg timestamp="20200506 16:54:20.110" level="INFO">          "activityStatus": 0,</msg>
<msg timestamp="20200506 16:54:20.110" level="INFO">          "ac_entryStatus": "4",</msg>
<msg timestamp="20200506 16:54:20.110" level="INFO">          "position": "福州鼓楼美国多地政府呼吁民众留家下，多地干道车流量急降。一队飙车者日前趁无人之际，进行「炮弹飞车」（The Cannonball Run）挑战，从东岸纽约市横跨至西岸洛杉矶，仅耗时26小时38分，打破原有纪录。多地干道车流量急降。一队飙车者日前趁无人之际，进行「炮弹飞车」（The Cannonball Run）挑战，从东岸纽约市横跨至西岸洛杉矶，仅耗时26小时38分，打破原有纪录。",</msg>
<msg timestamp="20200506 16:54:20.110" level="INFO">          "locationType": "0",</msg>
<msg timestamp="20200506 16:54:20.110" level="INFO">          "organizer": "主办方2、要提展。用新动能推动新发展。用新动能推动新发展。用新动能推动新发展。112313424325353动能推动新发展。主办方主办方主办方主办方主办方主办方",</msg>
<msg timestamp="20200506 16:54:20.110" level="INFO">          "participatorNum": 7,</msg>
<msg timestamp="20200506 16:54:20.110" level="INFO">          "targetNum": "10",</msg>
<msg timestamp="20200506 16:54:20.110" level="INFO">          "picBig": "https://img1.fjdaily.com/nis-pic/xy/202004/20/fcc86746-1839-4fff-aaea-00124c0f2fe6.jpeg",</msg>
<msg timestamp="20200506 16:54:20.110" level="INFO">          "picMiddle": "",</msg>
<msg timestamp="20200506 16:54:20.110" level="INFO">          "picSmall": "",</msg>
<msg timestamp="20200506 16:54:20.111" level="INFO">          "attachments": "",</msg>
<msg timestamp="20200506 16:54:20.111" level="INFO">          "costType": 0,</msg>
<msg timestamp="20200506 16:54:20.111" level="INFO">          "participationType": 0,</msg>
<msg timestamp="20200506 16:54:20.111" level="INFO">          "limitShop": 0,</msg>
<msg timestamp="20200506 16:54:20.111" level="INFO">          "startSignTime": "2020-04-20 15:23:00.0",</msg>
<msg timestamp="20200506 16:54:20.111" level="INFO">          "endSignTime": "2020-04-20 16:16:00.0",</msg>
<msg timestamp="20200506 16:54:20.111" level="INFO">          "topPic": [</msg>
<msg timestamp="20200506 16:54:20.111" level="INFO">            "https://api1.fjdaily.com/app_if//getImage?path=图片存储;xy/202004/20/a1ae9ba9-58b5-42e6-8176-665d1242a866.jpg"</msg>
<msg timestamp="20200506 16:54:20.111" level="INFO">          ],</msg>
<msg timestamp="20200506 16:54:20.111" level="INFO">          "linkUrl": "",</msg>
<msg timestamp="20200506 16:54:20.111" level="INFO">          "signup": 1,</msg>
<msg timestamp="20200506 16:54:20.111" level="INFO">          "signForm": [</msg>
<msg timestamp="20200506 16:54:20.111" level="INFO">            {</msg>
<msg timestamp="20200506 16:54:20.111" level="INFO">              "id": "entry_remark",</msg>
<msg timestamp="20200506 16:54:20.111" level="INFO">              "code": "备注",</msg>
<msg timestamp="20200506 16:54:20.111" level="INFO">              "type": "1",</msg>
<msg timestamp="20200506 16:54:20.111" level="INFO">              "tipMessage": "",</msg>
<msg timestamp="20200506 16:54:20.111" level="INFO">              "isneed": 1,</msg>
<msg timestamp="20200506 16:54:20.111" level="INFO">              "order": "1",</msg>
<msg timestamp="20200506 16:54:20.111" level="INFO">              "option": []</msg>
<msg timestamp="20200506 16:54:20.111" level="INFO">            },</msg>
<msg timestamp="20200506 16:54:20.111" level="INFO">            {</msg>
<msg timestamp="20200506 16:54:20.111" level="INFO">              "id": "entry_phone",</msg>
<msg timestamp="20200506 16:54:20.112" level="INFO">              "code": "手机号",</msg>
<msg timestamp="20200506 16:54:20.112" level="INFO">              "type": "0",</msg>
<msg timestamp="20200506 16:54:20.112" level="INFO">              "tipMessage": "请填写手机号码",</msg>
<msg timestamp="20200506 16:54:20.112" level="INFO">              "isneed": 0,</msg>
<msg timestamp="20200506 16:54:20.112" level="INFO">              "order": "2",</msg>
<msg timestamp="20200506 16:54:20.112" level="INFO">              "option": []</msg>
<msg timestamp="20200506 16:54:20.112" level="INFO">            },</msg>
<msg timestamp="20200506 16:54:20.112" level="INFO">            {</msg>
<msg timestamp="20200506 16:54:20.112" level="INFO">              "id": "entry_realName",</msg>
<msg timestamp="20200506 16:54:20.112" level="INFO">              "code": "姓名",</msg>
<msg timestamp="20200506 16:54:20.112" level="INFO">              "type": "0",</msg>
<msg timestamp="20200506 16:54:20.112" level="INFO">              "tipMessage": "",</msg>
<msg timestamp="20200506 16:54:20.112" level="INFO">              "isneed": 0,</msg>
<msg timestamp="20200506 16:54:20.112" level="INFO">              "order": "3",</msg>
<msg timestamp="20200506 16:54:20.112" level="INFO">              "option": []</msg>
<msg timestamp="20200506 16:54:20.112" level="INFO">            },</msg>
<msg timestamp="20200506 16:54:20.112" level="INFO">            {</msg>
<msg timestamp="20200506 16:54:20.112" level="INFO">              "id": "entry_upload",</msg>
<msg timestamp="20200506 16:54:20.112" level="INFO">              "code": "上传",</msg>
<msg timestamp="20200506 16:54:20.112" level="INFO">              "type": "0",</msg>
<msg timestamp="20200506 16:54:20.112" level="INFO">              "tipMessage": "",</msg>
<msg timestamp="20200506 16:54:20.112" level="INFO">              "isneed": 0,</msg>
<msg timestamp="20200506 16:54:20.113" level="INFO">              "order": "4",</msg>
<msg timestamp="20200506 16:54:20.113" level="INFO">              "option": []</msg>
<msg timestamp="20200506 16:54:20.113" level="INFO">            }</msg>
<msg timestamp="20200506 16:54:20.113" level="INFO">          ],</msg>
<msg timestamp="20200506 16:54:20.113" level="INFO">          "cost": 0,</msg>
<msg timestamp="20200506 16:54:20.113" level="INFO">          "deposit": 0,</msg>
<msg timestamp="20200506 16:54:20.113" level="INFO">          "wxPay": 0,</msg>
<msg timestamp="20200506 16:54:20.113" level="INFO">          "alipay": 0,</msg>
<msg timestamp="20200506 16:54:20.113" level="INFO">          "activityOpt": 0,</msg>
<msg timestamp="20200506 16:54:20.113" level="INFO">          "linkattr": -2147483648,</msg>
<msg timestamp="20200506 16:54:20.113" level="INFO">          "score": 0,</msg>
<msg timestamp="20200506 16:54:20.113" level="INFO">          "images": [</msg>
<msg timestamp="20200506 16:54:20.113" level="INFO">            {</msg>
<msg timestamp="20200506 16:54:20.113" level="INFO">              "ref": "&lt;!--IMAGES#1--&gt;",</msg>
<msg timestamp="20200506 16:54:20.113" level="INFO">              "imagearray": [</msg>
<msg timestamp="20200506 16:54:20.113" level="INFO">                {</msg>
<msg timestamp="20200506 16:54:20.113" level="INFO">                  "ref": "&lt;!--IMAGEARRAY#0--&gt;",</msg>
<msg timestamp="20200506 16:54:20.113" level="INFO">                  "picType": 1,</msg>
<msg timestamp="20200506 16:54:20.113" level="INFO">                  "summary": "",</msg>
<msg timestamp="20200506 16:54:20.113" level="INFO">                  "imageUrl": "https://img1.fjdaily.com/nis-pic/xy/202004/20/2012049a-051f-40b3-881f-e713edd3516f.png"</msg>
<msg timestamp="20200506 16:54:20.113" level="INFO">                },</msg>
<msg timestamp="20200506 16:54:20.113" level="INFO">                {</msg>
<msg timestamp="20200506 16:54:20.113" level="INFO">                  "ref": "&lt;!--IMAGEARRAY#1--&gt;",</msg>
<msg timestamp="20200506 16:54:20.114" level="INFO">                  "picType": 1,</msg>
<msg timestamp="20200506 16:54:20.114" level="INFO">                  "summary": "",</msg>
<msg timestamp="20200506 16:54:20.114" level="INFO">                  "imageUrl": "https://img1.fjdaily.com/nis-pic/xy/202004/20/88d1e672-8b6e-462d-b610-29e792af90c8.jpg"</msg>
<msg timestamp="20200506 16:54:20.114" level="INFO">                },</msg>
<msg timestamp="20200506 16:54:20.114" level="INFO">                {</msg>
<msg timestamp="20200506 16:54:20.114" level="INFO">                  "ref": "&lt;!--IMAGEARRAY#2--&gt;",</msg>
<msg timestamp="20200506 16:54:20.114" level="INFO">                  "picType": 1,</msg>
<msg timestamp="20200506 16:54:20.114" level="INFO">                  "summary": "",</msg>
<msg timestamp="20200506 16:54:20.114" level="INFO">                  "imageUrl": "https://img1.fjdaily.com/nis-pic/xy/202004/20/771f34af-a241-478f-b3e2-ede0d29f22fb.png"</msg>
<msg timestamp="20200506 16:54:20.114" level="INFO">                },</msg>
<msg timestamp="20200506 16:54:20.114" level="INFO">                {</msg>
<msg timestamp="20200506 16:54:20.114" level="INFO">                  "ref": "&lt;!--IMAGEARRAY#3--&gt;",</msg>
<msg timestamp="20200506 16:54:20.114" level="INFO">                  "picType": 1,</msg>
<msg timestamp="20200506 16:54:20.114" level="INFO">                  "summary": "",</msg>
<msg timestamp="20200506 16:54:20.114" level="INFO">                  "imageUrl": "https://img1.fjdaily.com/nis-pic/xy/202004/20/f57aeafa-ea81-47c7-8f55-61ddfbcda7d6.jpeg"</msg>
<msg timestamp="20200506 16:54:20.114" level="INFO">                }</msg>
<msg timestamp="20200506 16:54:20.114" level="INFO">              ]</msg>
<msg timestamp="20200506 16:54:20.114" level="INFO">            }</msg>
<msg timestamp="20200506 16:54:20.114" level="INFO">          ],</msg>
<msg timestamp="20200506 16:54:20.114" level="INFO">          "imageUrl": "https://img1.fjdaily.com/nis-pic/xy/202004/20/fcc86746-1839-4fff-aaea-00124c0f2fe6.jpeg.0",</msg>
<msg timestamp="20200506 16:54:20.114" level="INFO">          "content": "&lt;html&gt;\n &lt;head&gt;&lt;/head&gt;\n &lt;body&gt;\n  &lt;p&gt;活动详情&amp;nbsp; &amp;nbsp;&lt;/p&gt;\n  &lt;p&gt;&lt;span style=\"font-size: 56px;\"&gt;活动详情&lt;a href=\"http://www.baidu.com\" target=\"_self\" title=\"跳\"&gt;111111&lt;/a&gt;&lt;/span&gt;&lt;/p&gt;\n  &lt;p&gt;\n   &lt;!--IMAGEARRAY#0--&gt;&lt;/p&gt;\n  &lt;p&gt;\n   &lt;!--IMAGEARRAY#1--&gt;&lt;/p&gt;\n  &lt;p&gt;\n   &lt;!--IMAGEARRAY#2--&gt;&lt;/p&gt;\n  &lt;p&gt;\n   &lt;!--IMAGEARRAY#3--&gt;&lt;/p&gt;\n  &lt;p&gt;&lt;br&gt;&lt;/p&gt;\n &lt;/body&gt;\n&lt;/html&gt;"</msg>
<msg timestamp="20200506 16:54:20.115" level="INFO">        },</msg>
<msg timestamp="20200506 16:54:20.115" level="INFO">        "countClick": 10159,</msg>
<msg timestamp="20200506 16:54:20.115" level="INFO">        "countPraise": 4,</msg>
<msg timestamp="20200506 16:54:20.115" level="INFO">        "countDiscuss": 2</msg>
<msg timestamp="20200506 16:54:20.115" level="INFO">      },</msg>
<msg timestamp="20200506 16:54:20.115" level="INFO">      {</msg>
<msg timestamp="20200506 16:54:20.115" level="INFO">        "articleID": 251,</msg>
<msg timestamp="20200506 16:54:20.115" level="INFO">        "type": 6,</msg>
<msg timestamp="20200506 16:54:20.115" level="INFO">        "siteID": 1,</msg>
<msg timestamp="20200506 16:54:20.115" level="INFO">        "channel": 2,</msg>
<msg timestamp="20200506 16:54:20.115" level="INFO">        "url": "",</msg>
<msg timestamp="20200506 16:54:20.115" level="INFO">        "urlPad": "https://img1.fjdaily.com/app/content/2020-04/10/content_1858.html",</msg>
<msg timestamp="20200506 16:54:20.115" level="INFO">        "title": "报名活动 未开始",</msg>
<msg timestamp="20200506 16:54:20.115" level="INFO">        "column": "",</msg>
<msg timestamp="20200506 16:54:20.115" level="INFO">        "columnID": "0",</msg>
<msg timestamp="20200506 16:54:20.115" level="INFO">        "articleType": 0,</msg>
<msg timestamp="20200506 16:54:20.115" level="INFO">        "time": "2020-04-15 14:38:00.0",</msg>
<msg timestamp="20200506 16:54:20.115" level="INFO">        "imgUrl": "",</msg>
<msg timestamp="20200506 16:54:20.115" level="INFO">        "linkID": 0,</msg>
<msg timestamp="20200506 16:54:20.115" level="INFO">        "columnCasName": "首页~yll测试栏目",</msg>
<msg timestamp="20200506 16:54:20.115" level="INFO">        "contentUrl": "https://api1.fjdaily.com/app_if/activityDetail?siteID=1&amp;fileId=251",</msg>
<msg timestamp="20200506 16:54:20.115" level="INFO">        "countClick": 128,</msg>
<msg timestamp="20200506 16:54:20.116" level="INFO">        "countPraise": 2,</msg>
<msg timestamp="20200506 16:54:20.116" level="INFO">        "countDiscuss": 2</msg>
<msg timestamp="20200506 16:54:20.116" level="INFO">      },</msg>
<msg timestamp="20200506 16:54:20.116" level="INFO">      {</msg>
<msg timestamp="20200506 16:54:20.116" level="INFO">        "articleID": 1858,</msg>
<msg timestamp="20200506 16:54:20.116" level="INFO">        "type": 0,</msg>
<msg timestamp="20200506 16:54:20.116" level="INFO">        "siteID": 1,</msg>
<msg timestamp="20200506 16:54:20.116" level="INFO">        "channel": 2,</msg>
<msg timestamp="20200506 16:54:20.116" level="INFO">        "url": "",</msg>
<msg timestamp="20200506 16:54:20.116" level="INFO">        "urlPad": "https://img1.fjdaily.com/app/content/2020-04/10/content_1858.html",</msg>
<msg timestamp="20200506 16:54:20.116" level="INFO">        "title": "测试0003",</msg>
<msg timestamp="20200506 16:54:20.116" level="INFO">        "column": "首页~yll测试栏目",</msg>
<msg timestamp="20200506 16:54:20.116" level="INFO">        "columnID": "0",</msg>
<msg timestamp="20200506 16:54:20.116" level="INFO">        "articleType": 0,</msg>
<msg timestamp="20200506 16:54:20.116" level="INFO">        "time": "2020-04-10 15:50:49.0",</msg>
<msg timestamp="20200506 16:54:20.116" level="INFO">        "imgUrl": "",</msg>
<msg timestamp="20200506 16:54:20.116" level="INFO">        "linkID": 0,</msg>
<msg timestamp="20200506 16:54:20.116" level="INFO">        "columnCasName": "首页~yll测试栏目",</msg>
<msg timestamp="20200506 16:54:20.116" level="INFO">        "contentUrl": "https://api1.fjdaily.com/app_if/getArticleContent?articleId=1858",</msg>
<msg timestamp="20200506 16:54:20.116" level="INFO">        "countClick": 7,</msg>
<msg timestamp="20200506 16:54:20.116" level="INFO">        "countPraise": 1,</msg>
<msg timestamp="20200506 16:54:20.116" level="INFO">        "countDiscuss": 0</msg>
<msg timestamp="20200506 16:54:20.117" level="INFO">      },</msg>
<msg timestamp="20200506 16:54:20.117" level="INFO">      {</msg>
<msg timestamp="20200506 16:54:20.117" level="INFO">        "articleID": 1861,</msg>
<msg timestamp="20200506 16:54:20.117" level="INFO">        "type": 0,</msg>
<msg timestamp="20200506 16:54:20.117" level="INFO">        "siteID": 1,</msg>
<msg timestamp="20200506 16:54:20.117" level="INFO">        "channel": 2,</msg>
<msg timestamp="20200506 16:54:20.117" level="INFO">        "url": "",</msg>
<msg timestamp="20200506 16:54:20.117" level="INFO">        "urlPad": "https://img1.fjdaily.com/app/content/2020-04/10/content_1861.html",</msg>
<msg timestamp="20200506 16:54:20.117" level="INFO">        "title": "视频稿件-测试评论",</msg>
<msg timestamp="20200506 16:54:20.117" level="INFO">        "column": "首页~V视",</msg>
<msg timestamp="20200506 16:54:20.117" level="INFO">        "columnID": "0",</msg>
[...]
<msg timestamp="20200506 16:54:23.640" level="INFO">          "articleType": 0,</msg>
<msg timestamp="20200506 16:54:23.640" level="INFO">          "tag": "",</msg>
<msg timestamp="20200506 16:54:23.640" level="INFO">          "trade": "",</msg>
<msg timestamp="20200506 16:54:23.640" level="INFO">          "tradeID": "",</msg>
<msg timestamp="20200506 16:54:23.640" level="INFO">          "colName": "首页~头条",</msg>
<msg timestamp="20200506 16:54:23.640" level="INFO">          "columnCasName": "首页~头条",</msg>
<msg timestamp="20200506 16:54:23.640" level="INFO">          "colID": 5,</msg>
<msg timestamp="20200506 16:54:23.640" level="INFO">          "colIcon": "https://img1.fjdaily.com/app/resource/xy/202004/15/t2_(44X201X440X333)93576ac3-9f23-4784-9404-bac8c1fe2511.jpg",</msg>
<msg timestamp="20200506 16:54:23.640" level="INFO">          "mark": "",</msg>
<msg timestamp="20200506 16:54:23.641" level="INFO">          "source": "",</msg>
<msg timestamp="20200506 16:54:23.641" level="INFO">          "sourceUrl": "",</msg>
<msg timestamp="20200506 16:54:23.641" level="INFO">          "multimediaLink": "",</msg>
<msg timestamp="20200506 16:54:23.641" level="INFO">          "shareUrl": "https://img1.fjdaily.com/app/content/2020-03/17/content_353.html",</msg>
<msg timestamp="20200506 16:54:23.641" level="INFO">          "url": "",</msg>
<msg timestamp="20200506 16:54:23.641" level="INFO">          "urlPad": "https://img1.fjdaily.com/app/content/2020-03/17/content_353.html",</msg>
<msg timestamp="20200506 16:54:23.641" level="INFO">          "isBigPic": 0,</msg>
<msg timestamp="20200506 16:54:23.641" level="INFO">          "bigPic": 0,</msg>
<msg timestamp="20200506 16:54:23.641" level="INFO">          "isExclusive": 0,</msg>
<msg timestamp="20200506 16:54:23.641" level="INFO">          "contentUrl": "https://api1.fjdaily.com/app_if/getArticleContent?articleId=353",</msg>
<msg timestamp="20200506 16:54:23.641" level="INFO">          "linkID": 0,</msg>
<msg timestamp="20200506 16:54:23.641" level="INFO">          "linkType": 0,</msg>
<msg timestamp="20200506 16:54:23.641" level="INFO">          "linkName": "",</msg>
<msg timestamp="20200506 16:54:23.641" level="INFO">          "countClick": 55,</msg>
<msg timestamp="20200506 16:54:23.641" level="INFO">          "countClickInitial": 0,</msg>
<msg timestamp="20200506 16:54:23.641" level="INFO">          "countClickReal": 30,</msg>
<msg timestamp="20200506 16:54:23.641" level="INFO">          "countClickFake": 25,</msg>
<msg timestamp="20200506 16:54:23.641" level="INFO">          "countShareClick": 0,</msg>
<msg timestamp="20200506 16:54:23.641" level="INFO">          "rssID": 0,</msg>
<msg timestamp="20200506 16:54:23.641" level="INFO">          "rss": "",</msg>
<msg timestamp="20200506 16:54:23.641" level="INFO">          "rssType": 0,</msg>
<msg timestamp="20200506 16:54:23.641" level="INFO">          "discussClosed": "0",</msg>
<msg timestamp="20200506 16:54:23.641" level="INFO">          "countDiscuss": 19,</msg>
<msg timestamp="20200506 16:54:23.642" level="INFO">          "countPraise": 3,</msg>
<msg timestamp="20200506 16:54:23.642" level="INFO">          "countShare": 0,</msg>
<msg timestamp="20200506 16:54:23.642" level="INFO">          "extGroupID": 0,</msg>
<msg timestamp="20200506 16:54:23.642" level="INFO">          "picType": 1,</msg>
<msg timestamp="20200506 16:54:23.642" level="INFO">          "listType": 0,</msg>
<msg timestamp="20200506 16:54:23.642" level="INFO">          "picFullScreen": 0,</msg>
<msg timestamp="20200506 16:54:23.642" level="INFO">          "titleDisplay": 0,</msg>
<msg timestamp="20200506 16:54:23.642" level="INFO">          "pubTimeDisplay": 0,</msg>
<msg timestamp="20200506 16:54:23.642" level="INFO">          "shareClosed": 0,</msg>
<msg timestamp="20200506 16:54:23.642" level="INFO">          "listTitle": "",</msg>
<msg timestamp="20200506 16:54:23.642" level="INFO">          "praiseType": 0,</msg>
<msg timestamp="20200506 16:54:23.642" level="INFO">          "isrecommend": 0,</msg>
<msg timestamp="20200506 16:54:23.642" level="INFO">          "subTitle": "图文稿件无图",</msg>
<msg timestamp="20200506 16:54:23.642" level="INFO">          "leadTitle": "图文稿件无图",</msg>
<msg timestamp="20200506 16:54:23.642" level="INFO">          "picurl": "",</msg>
<msg timestamp="20200506 16:54:23.642" level="INFO">          "ext_sharepic": "",</msg>
<msg timestamp="20200506 16:54:23.642" level="INFO">          "keylist": "",</msg>
<msg timestamp="20200506 16:54:23.642" level="INFO">          "sectionids": "5",</msg>
<msg timestamp="20200506 16:54:23.642" level="INFO">          "newstype": 0,</msg>
<msg timestamp="20200506 16:54:23.642" level="INFO">          "collectcount": 0,</msg>
<msg timestamp="20200506 16:54:23.642" level="INFO">          "edittername": "温怡春",</msg>
<msg timestamp="20200506 16:54:23.642" level="INFO">          "iorder": "-17730145.7000353000",</msg>
<msg timestamp="20200506 16:54:23.643" level="INFO">          "picauthor": "",</msg>
<msg timestamp="20200506 16:54:23.643" level="INFO">          "picauthorid": "",</msg>
<msg timestamp="20200506 16:54:23.643" level="INFO">          "videoauthor": "",</msg>
<msg timestamp="20200506 16:54:23.643" level="INFO">          "videoauthorid": "",</msg>
<msg timestamp="20200506 16:54:23.643" level="INFO">          "sharePicUrl": "",</msg>
<msg timestamp="20200506 16:54:23.643" level="INFO">          "shareTitle": "",</msg>
<msg timestamp="20200506 16:54:23.643" level="INFO">          "shareContent": "",</msg>
<msg timestamp="20200506 16:54:23.643" level="INFO">          "pic_list": [],</msg>
<msg timestamp="20200506 16:54:23.643" level="INFO">          "pic_list_title": [],</msg>
<msg timestamp="20200506 16:54:23.643" level="INFO">          "emojiID": "",</msg>
<msg timestamp="20200506 16:54:23.643" level="INFO">          "copyright": "0",</msg>
<msg timestamp="20200506 16:54:23.643" level="INFO">          "pic": [],</msg>
<msg timestamp="20200506 16:54:23.643" level="INFO">          "picCount": "0"</msg>
<msg timestamp="20200506 16:54:23.643" level="INFO">        },</msg>
<msg timestamp="20200506 16:54:23.643" level="INFO">        "contentUrl": "https://api1.fjdaily.com/app_if/getArticleContent?articleId=353",</msg>
<msg timestamp="20200506 16:54:23.643" level="INFO">        "countClick": 36,</msg>
<msg timestamp="20200506 16:54:23.643" level="INFO">        "countPraise": 3,</msg>
<msg timestamp="20200506 16:54:23.643" level="INFO">        "countDiscuss": 19</msg>
<msg timestamp="20200506 16:54:23.643" level="INFO">      }</msg>
<msg timestamp="20200506 16:54:23.643" level="INFO">    ]</msg>
<msg timestamp="20200506 16:54:23.643" level="INFO">  }</msg>
<msg timestamp="20200506 16:54:23.643" level="INFO">}</msg>
<msg timestamp="20200506 16:54:23.644" level="INFO">d:\python\lib\site-packages\urllib3\connectionpool.py:851: InsecureRequestWarning: Unverified HTTPS request is being made. Adding certificate verification is strongly advised. See: https://urllib3.readthedocs.io/en/latest/advanced-usage.html#ssl-warnings
  InsecureRequestWarning)</msg>
<status status="PASS" starttime="20200506 16:54:23.179" endtime="20200506 16:54:23.644"></status>
</kw>
<kw name="Fapi Data To Object" library="FATL">
<doc>Convert Fapi response content to python object</doc>
<assign>
<var>${data}</var>
</assign>
<msg timestamp="20200506 16:54:23.645" level="INFO">${data} = &lt;FATL.Json2Object.Dict2Object object at 0x00000250AF4CB198&gt;</msg>
<status status="PASS" starttime="20200506 16:54:23.644" endtime="20200506 16:54:23.645"></status>
</kw>
<kw name="Set Suite Variable" library="BuiltIn">
<doc>Makes a variable available everywhere within the scope of the current suite.</doc>
<arguments>
<arg>${response_data}</arg>
<arg>${data}</arg>
</arguments>
<msg timestamp="20200506 16:54:23.646" level="INFO">${response_data} = &lt;FATL.Json2Object.Dict2Object object at 0x00000250AF4CB198&gt;</msg>
<status status="PASS" starttime="20200506 16:54:23.645" endtime="20200506 16:54:23.646"></status>
</kw>
<status status="PASS" starttime="20200506 16:54:23.177" endtime="20200506 16:54:23.646"></status>
</kw>
<kw name="Fapi Status Should Be Succeed" library="FATL">
<doc>Fapi response status code should be 0 (means success)</doc>
<status status="PASS" starttime="20200506 16:54:23.647" endtime="20200506 16:54:23.648"></status>
</kw>
<tags>
<tag>作者：黄羽</tag>
<tag>冒烟集-新福建APP</tag>
<tag>我的收藏（张进）</tag>
</tags>
<status status="PASS" starttime="20200506 16:54:19.516" endtime="20200506 16:54:23.648" critical="yes"></status>
</test>
<test id="s1-t2" name="输入已收藏数据的USERID,翻页数不存在接口返回数据为空">
<kw name="My Fav" library="InteractCommon">
<doc>获取我的收藏</doc>
<arguments>
<arg>${USERID}</arg>
<arg>${PAGE1}</arg>
</arguments>
<kw name="Fapi Headers Set" library="FATL">
<doc>Adds the given ``key_value_pairs`` and ``items`` to HTTP request headers.</doc>
<arguments>
<arg>Content-Type</arg>
<arg>application/x-www-form-urlencoded</arg>
</arguments>
<status status="PASS" starttime="20200506 16:54:23.655" endtime="20200506 16:54:23.655"></status>
</kw>
<kw name="Fapi Params Set" library="FATL">
<doc>Adds the given ``key_value_pairs`` and ``items`` to HTTP request parameters.</doc>
<arguments>
<arg>curVersions</arg>
<arg>${CURVERSIONS}</arg>
</arguments>
<status status="PASS" starttime="20200506 16:54:23.655" endtime="20200506 16:54:23.656"></status>
</kw>
<kw name="Create Dictionary" library="BuiltIn">
<doc>Creates and returns a dictionary based on the given ``items``.</doc>
<arguments>
<arg>userID</arg>
<arg>${userid}</arg>
<arg>siteID</arg>
<arg>${siteid}</arg>
<arg>page</arg>
<arg>${page}</arg>
</arguments>
<assign>
<var>${bodyData}</var>
</assign>
<msg timestamp="20200506 16:54:23.656" level="INFO">${bodyData} = {'userID': '494', 'siteID': '1', 'page': '666'}</msg>
<status status="PASS" starttime="20200506 16:54:23.656" endtime="20200506 16:54:23.656"></status>
</kw>
<kw name="Fapi Post" library="FATL">
<doc>Send a POST request on the session object found using the
given `alias`</doc>
<arguments>
<arg>${APPIF_ALIAS}</arg>
<arg>${MYFAV_URI}</arg>
<arg>data=${bodyData}</arg>
</arguments>
<msg timestamp="20200506 16:54:23.692" level="INFO">Post Request using : alias=appif, uri=/myFav, data=userID=494&amp;siteID=1&amp;page=666, headers={'APITEST': '1', 'Content-Type': 'application/x-www-form-urlencoded'}, files=None, allow_redirects=True </msg>
<msg timestamp="20200506 16:54:23.692" level="INFO">JSON string is : {</msg>
<msg timestamp="20200506 16:54:23.693" level="INFO">  "status": 0,</msg>
<msg timestamp="20200506 16:54:23.693" level="INFO">  "message": "success",</msg>
<msg timestamp="20200506 16:54:23.693" level="INFO">  "data": {</msg>
<msg timestamp="20200506 16:54:23.693" level="INFO">    "list": []</msg>
<msg timestamp="20200506 16:54:23.693" level="INFO">  }</msg>
<msg timestamp="20200506 16:54:23.693" level="INFO">}</msg>
<msg timestamp="20200506 16:54:23.693" level="INFO">d:\python\lib\site-packages\urllib3\connectionpool.py:851: InsecureRequestWarning: Unverified HTTPS request is being made. Adding certificate verification is strongly advised. See: https://urllib3.readthedocs.io/en/latest/advanced-usage.html#ssl-warnings
  InsecureRequestWarning)</msg>
<status status="PASS" starttime="20200506 16:54:23.657" endtime="20200506 16:54:23.693"></status>
</kw>
<kw name="Fapi Data To Object" library="FATL">
<doc>Convert Fapi response content to python object</doc>
<assign>
<var>${data}</var>
</assign>
<msg timestamp="20200506 16:54:23.694" level="INFO">${data} = &lt;FATL.Json2Object.Dict2Object object at 0x00000250AF4B1908&gt;</msg>
<status status="PASS" starttime="20200506 16:54:23.693" endtime="20200506 16:54:23.694"></status>
</kw>
<kw name="Set Suite Variable" library="BuiltIn">
<doc>Makes a variable available everywhere within the scope of the current suite.</doc>
<arguments>
<arg>${response_data}</arg>
<arg>${data}</arg>
</arguments>
<msg timestamp="20200506 16:54:23.695" level="INFO">${response_data} = &lt;FATL.Json2Object.Dict2Object object at 0x00000250AF4B1908&gt;</msg>
<status status="PASS" starttime="20200506 16:54:23.694" endtime="20200506 16:54:23.695"></status>
</kw>
<status status="PASS" starttime="20200506 16:54:23.654" endtime="20200506 16:54:23.695"></status>
</kw>
<kw name="Fapi Status Should Be Succeed" library="FATL">
<doc>Fapi response status code should be 0 (means success)</doc>
<status status="PASS" starttime="20200506 16:54:23.695" endtime="20200506 16:54:23.696"></status>
</kw>
<kw name="Fapi Data Field Count Should Be" library="FATL">
<doc>Element count specified by object pointer should be equal to the given `expectedValue`</doc>
<arguments>
<arg>${response_data.list}</arg>
<arg>${RESULT}</arg>
</arguments>
<msg timestamp="20200506 16:54:23.697" level="INFO">Actual value is: 0</msg>
<status status="PASS" starttime="20200506 16:54:23.696" endtime="20200506 16:54:23.697"></status>
</kw>
<kw name="Should Be Equal As Strings" library="BuiltIn">
<doc>Fails if objects are unequal after converting them to strings.</doc>
<arguments>
<arg>${response_data.list}</arg>
<arg>${RESULT1}</arg>
</arguments>
<msg timestamp="20200506 16:54:23.698" level="INFO">Argument types are:
&lt;class 'list'&gt;
&lt;type 'unicode'&gt;</msg>
<status status="PASS" starttime="20200506 16:54:23.698" endtime="20200506 16:54:23.698"></status>
</kw>
<tags>
<tag>作者：黄羽</tag>
<tag>冒烟集-新福建APP</tag>
<tag>我的收藏（张进）</tag>
</tags>
<status status="PASS" starttime="20200506 16:54:23.650" endtime="20200506 16:54:23.698" critical="yes"></status>
</test>
<test id="s1-t3" name="输入未收藏数据的USERID，接口返回数据为空">
<kw name="My Fav" library="InteractCommon">
<doc>获取我的收藏</doc>
<arguments>
<arg>${USERID1}</arg>
<arg>${PAGE}</arg>
</arguments>
<kw name="Fapi Headers Set" library="FATL">
<doc>Adds the given ``key_value_pairs`` and ``items`` to HTTP request headers.</doc>
<arguments>
<arg>Content-Type</arg>
<arg>application/x-www-form-urlencoded</arg>
</arguments>
<status status="PASS" starttime="20200506 16:54:23.704" endtime="20200506 16:54:23.704"></status>
</kw>
<kw name="Fapi Params Set" library="FATL">
<doc>Adds the given ``key_value_pairs`` and ``items`` to HTTP request parameters.</doc>
<arguments>
<arg>curVersions</arg>
<arg>${CURVERSIONS}</arg>
</arguments>
<status status="PASS" starttime="20200506 16:54:23.704" endtime="20200506 16:54:23.704"></status>
</kw>
<kw name="Create Dictionary" library="BuiltIn">
<doc>Creates and returns a dictionary based on the given ``items``.</doc>
<arguments>
<arg>userID</arg>
<arg>${userid}</arg>
<arg>siteID</arg>
<arg>${siteid}</arg>
<arg>page</arg>
<arg>${page}</arg>
</arguments>
<assign>
<var>${bodyData}</var>
</assign>
<msg timestamp="20200506 16:54:23.705" level="INFO">${bodyData} = {'userID': '583', 'siteID': '1', 'page': '0'}</msg>
<status status="PASS" starttime="20200506 16:54:23.704" endtime="20200506 16:54:23.705"></status>
</kw>
<kw name="Fapi Post" library="FATL">
<doc>Send a POST request on the session object found using the
given `alias`</doc>
<arguments>
<arg>${APPIF_ALIAS}</arg>
<arg>${MYFAV_URI}</arg>
<arg>data=${bodyData}</arg>
</arguments>
<msg timestamp="20200506 16:54:23.737" level="INFO">Post Request using : alias=appif, uri=/myFav, data=userID=583&amp;siteID=1&amp;page=0, headers={'APITEST': '1', 'Content-Type': 'application/x-www-form-urlencoded'}, files=None, allow_redirects=True </msg>
<msg timestamp="20200506 16:54:23.737" level="INFO">JSON string is : {</msg>
<msg timestamp="20200506 16:54:23.737" level="INFO">  "status": 0,</msg>
<msg timestamp="20200506 16:54:23.737" level="INFO">  "message": "success",</msg>
<msg timestamp="20200506 16:54:23.737" level="INFO">  "data": {</msg>
<msg timestamp="20200506 16:54:23.737" level="INFO">    "list": []</msg>
<msg timestamp="20200506 16:54:23.737" level="INFO">  }</msg>
<msg timestamp="20200506 16:54:23.737" level="INFO">}</msg>
<msg timestamp="20200506 16:54:23.737" level="INFO">d:\python\lib\site-packages\urllib3\connectionpool.py:851: InsecureRequestWarning: Unverified HTTPS request is being made. Adding certificate verification is strongly advised. See: https://urllib3.readthedocs.io/en/latest/advanced-usage.html#ssl-warnings
  InsecureRequestWarning)</msg>
<status status="PASS" starttime="20200506 16:54:23.705" endtime="20200506 16:54:23.738"></status>
</kw>
<kw name="Fapi Data To Object" library="FATL">
<doc>Convert Fapi response content to python object</doc>
<assign>
<var>${data}</var>
</assign>
<msg timestamp="20200506 16:54:23.738" level="INFO">${data} = &lt;FATL.Json2Object.Dict2Object object at 0x00000250AF4B14E0&gt;</msg>
<status status="PASS" starttime="20200506 16:54:23.738" endtime="20200506 16:54:23.738"></status>
</kw>
<kw name="Set Suite Variable" library="BuiltIn">
<doc>Makes a variable available everywhere within the scope of the current suite.</doc>
<arguments>
<arg>${response_data}</arg>
<arg>${data}</arg>
</arguments>
<msg timestamp="20200506 16:54:23.739" level="INFO">${response_data} = &lt;FATL.Json2Object.Dict2Object object at 0x00000250AF4B14E0&gt;</msg>
<status status="PASS" starttime="20200506 16:54:23.738" endtime="20200506 16:54:23.739"></status>
</kw>
<status status="PASS" starttime="20200506 16:54:23.703" endtime="20200506 16:54:23.739"></status>
</kw>
<kw name="Fapi Status Should Be Succeed" library="FATL">
<doc>Fapi response status code should be 0 (means success)</doc>
<status status="PASS" starttime="20200506 16:54:23.740" endtime="20200506 16:54:23.740"></status>
</kw>
<kw name="Fapi Data Field Count Should Be" library="FATL">
<doc>Element count specified by object pointer should be equal to the given `expectedValue`</doc>
<arguments>
<arg>${response_data.list}</arg>
<arg>${RESULT}</arg>
</arguments>
<msg timestamp="20200506 16:54:23.741" level="INFO">Actual value is: 0</msg>
<status status="PASS" starttime="20200506 16:54:23.741" endtime="20200506 16:54:23.741"></status>
</kw>
<kw name="Should Be Equal As Strings" library="BuiltIn">
<doc>Fails if objects are unequal after converting them to strings.</doc>
<arguments>
<arg>${response_data.list}</arg>
<arg>${RESULT1}</arg>
</arguments>
<msg timestamp="20200506 16:54:23.742" level="INFO">Argument types are:
&lt;class 'list'&gt;
&lt;type 'unicode'&gt;</msg>
<status status="PASS" starttime="20200506 16:54:23.742" endtime="20200506 16:54:23.742"></status>
</kw>
<tags>
<tag>作者：黄羽</tag>
<tag>冒烟集-新福建APP</tag>
<tag>我的收藏（张进）</tag>
</tags>
<status status="PASS" starttime="20200506 16:54:23.700" endtime="20200506 16:54:23.742" critical="yes"></status>
</test>
<kw name="Fapi Delete All Sessions" library="FATL" type="teardown">
<doc>Removes all the session objects</doc>
<msg timestamp="20200506 16:54:23.745" level="INFO">Delete All Sessions</msg>
<status status="PASS" starttime="20200506 16:54:23.745" endtime="20200506 16:54:23.745"></status>
</kw>
<doc>该文档是获取我的收藏接口用例文档</doc>
<status status="PASS" starttime="20200506 16:54:19.016" endtime="20200506 16:54:23.745"></status>
</suite>
<statistics>
<total>
<stat pass="3" fail="0">Critical Tests</stat>
<stat pass="3" fail="0">All Tests</stat>
</total>
<tag>
<stat pass="3" fail="0">作者：黄羽</stat>
<stat pass="3" fail="0">冒烟集-新福建APP</stat>
<stat pass="3" fail="0">我的收藏（张进）</stat>
</tag>
<suite>
<stat pass="3" fail="0" id="s1" name="MyFav">MyFav</stat>
</suite>
</statistics>
<errors>
<msg timestamp="20200506 16:54:19.046" level="ERROR">Error in file 'D:\XFJ\API\App_Interact\InteractCommon.robot': Non-existing setting 'Force Tags'.</msg>
<msg timestamp="20200506 16:54:19.047" level="ERROR">Error in file 'D:\XFJ\API\App_Interact\InteractCommon.robot': Non-existing setting '...'.</msg>
<msg timestamp="20200506 16:54:19.503" level="ERROR">Error in file 'D:\XFJ\API\App_ArticleContent\FavCommon.robot': Non-existing setting 'Force Tags'.</msg>
<msg timestamp="20200506 16:54:19.504" level="ERROR">Error in file 'D:\XFJ\API\App_ArticleContent\FavCommon.robot': Non-existing setting '...'.</msg>
</errors>
</robot>
