<?xml version="1.0" encoding="UTF-8"?>
<robot generator="Robot 3.2.1 (Python 3.8.3 on win32)" generated="20200706 16:29:50.122" rpa="false">
<suite id="s1" name="LoginByPhone" source="D:\jiangbm\XFJ\API\App_Sso\LoginByPhone.robot">
<kw name="Create Sso Session Common" library="Common" type="setup">
<kw name="Create Session" library="RequestsLibrary">
<doc>Create Session: create a HTTP session to a server</doc>
<arguments>
<arg>${SSO_ALIAS}</arg>
<arg>${SSO_URL}</arg>
</arguments>
<msg timestamp="20200706 16:29:50.683" level="INFO">Creating Session using : alias=sso, url=https://api1.fjdaily.com:18443/sso-app, headers={},                     cookies={}, auth=None, timeout=None, proxies=None, verify=False,                     debug=0 </msg>
<status status="PASS" starttime="20200706 16:29:50.683" endtime="20200706 16:29:50.683"></status>
</kw>
<status status="PASS" starttime="20200706 16:29:50.682" endtime="20200706 16:29:50.683"></status>
</kw>
<test id="s1-t1" name="输入正确的手机号进行快捷登录，登录成功接口返回账号相关数据">
<kw name="Login By Phone" library="Sso_Common">
<doc>手机号快捷登录接口</doc>
<arguments>
<arg>${PHONE}</arg>
</arguments>
<kw name="Random" library="Random_Time">
<assign>
<var>${random}</var>
</assign>
<kw name="Evaluate" library="BuiltIn">
<doc>Evaluates the given expression in Python and returns the result.</doc>
<arguments>
<arg>random.randint(0,10000000000)</arg>
<arg>random</arg>
</arguments>
<assign>
<var>${random}</var>
</assign>
<msg timestamp="20200706 16:29:50.688" level="INFO">${random} = 839971041</msg>
<status status="PASS" starttime="20200706 16:29:50.688" endtime="20200706 16:29:50.688"></status>
</kw>
<kw name="Evaluate" library="BuiltIn">
<doc>Evaluates the given expression in Python and returns the result.</doc>
<arguments>
<arg>str(${random})</arg>
</arguments>
<assign>
<var>${typerandom}</var>
</assign>
<msg timestamp="20200706 16:29:50.688" level="INFO">${typerandom} = 839971041</msg>
<status status="PASS" starttime="20200706 16:29:50.688" endtime="20200706 16:29:50.688"></status>
</kw>
<msg timestamp="20200706 16:29:50.689" level="INFO">${random} = 839971041</msg>
<status status="PASS" starttime="20200706 16:29:50.687" endtime="20200706 16:29:50.689"></status>
</kw>
<kw name="Time" library="Random_Time">
<assign>
<var>${timestamp}</var>
</assign>
<kw name="Evaluate" library="BuiltIn">
<doc>Evaluates the given expression in Python and returns the result.</doc>
<arguments>
<arg>int(time.time()*1000)</arg>
<arg>time</arg>
</arguments>
<assign>
<var>${time}</var>
</assign>
<msg timestamp="20200706 16:29:50.689" level="INFO">${time} = 1594024190689</msg>
<status status="PASS" starttime="20200706 16:29:50.689" endtime="20200706 16:29:50.689"></status>
</kw>
<kw name="Evaluate" library="BuiltIn">
<doc>Evaluates the given expression in Python and returns the result.</doc>
<arguments>
<arg>str(${time})</arg>
</arguments>
<assign>
<var>${typetime}</var>
</assign>
<msg timestamp="20200706 16:29:50.690" level="INFO">${typetime} = 1594024190689</msg>
<status status="PASS" starttime="20200706 16:29:50.689" endtime="20200706 16:29:50.690"></status>
</kw>
<msg timestamp="20200706 16:29:50.690" level="INFO">${timestamp} = 1594024190689</msg>
<status status="PASS" starttime="20200706 16:29:50.689" endtime="20200706 16:29:50.690"></status>
</kw>
<kw name="sign">
<assign>
<var>${secretinfo} =</var>
</assign>
<msg timestamp="20200706 16:29:50.695" level="FAIL">No keyword with name 'sign' found.</msg>
<status status="FAIL" starttime="20200706 16:29:50.695" endtime="20200706 16:29:50.695"></status>
</kw>
<status status="FAIL" starttime="20200706 16:29:50.687" endtime="20200706 16:29:50.695"></status>
</kw>
<tags>
<tag>sso-app接口/手机号快捷登录（孙安）</tag>
<tag>作者：张鹏</tag>
<tag>冒烟集-新福建APP</tag>
</tags>
<status status="FAIL" starttime="20200706 16:29:50.684" endtime="20200706 16:29:50.696" critical="yes">No keyword with name 'sign' found.</status>
</test>
<test id="s1-t2" name="输入不存在的手机号进行快捷登录，接口返回手机号格式不正确">
<kw name="Login By Phone" library="Sso_Common">
<doc>手机号快捷登录接口</doc>
<arguments>
<arg>${PHONE0}</arg>
</arguments>
<kw name="Random" library="Random_Time">
<assign>
<var>${random}</var>
</assign>
<kw name="Evaluate" library="BuiltIn">
<doc>Evaluates the given expression in Python and returns the result.</doc>
<arguments>
<arg>random.randint(0,10000000000)</arg>
<arg>random</arg>
</arguments>
<assign>
<var>${random}</var>
</assign>
<msg timestamp="20200706 16:29:50.700" level="INFO">${random} = 4961568632</msg>
<status status="PASS" starttime="20200706 16:29:50.700" endtime="20200706 16:29:50.700"></status>
</kw>
<kw name="Evaluate" library="BuiltIn">
<doc>Evaluates the given expression in Python and returns the result.</doc>
<arguments>
<arg>str(${random})</arg>
</arguments>
<assign>
<var>${typerandom}</var>
</assign>
<msg timestamp="20200706 16:29:50.701" level="INFO">${typerandom} = 4961568632</msg>
<status status="PASS" starttime="20200706 16:29:50.700" endtime="20200706 16:29:50.701"></status>
</kw>
<msg timestamp="20200706 16:29:50.701" level="INFO">${random} = 4961568632</msg>
<status status="PASS" starttime="20200706 16:29:50.700" endtime="20200706 16:29:50.701"></status>
</kw>
<kw name="Time" library="Random_Time">
<assign>
<var>${timestamp}</var>
</assign>
<kw name="Evaluate" library="BuiltIn">
<doc>Evaluates the given expression in Python and returns the result.</doc>
<arguments>
<arg>int(time.time()*1000)</arg>
<arg>time</arg>
</arguments>
<assign>
<var>${time}</var>
</assign>
<msg timestamp="20200706 16:29:50.702" level="INFO">${time} = 1594024190702</msg>
<status status="PASS" starttime="20200706 16:29:50.701" endtime="20200706 16:29:50.702"></status>
</kw>
<kw name="Evaluate" library="BuiltIn">
<doc>Evaluates the given expression in Python and returns the result.</doc>
<arguments>
<arg>str(${time})</arg>
</arguments>
<assign>
<var>${typetime}</var>
</assign>
<msg timestamp="20200706 16:29:50.702" level="INFO">${typetime} = 1594024190702</msg>
<status status="PASS" starttime="20200706 16:29:50.702" endtime="20200706 16:29:50.702"></status>
</kw>
<msg timestamp="20200706 16:29:50.702" level="INFO">${timestamp} = 1594024190702</msg>
<status status="PASS" starttime="20200706 16:29:50.701" endtime="20200706 16:29:50.702"></status>
</kw>
<kw name="sign">
<assign>
<var>${secretinfo} =</var>
</assign>
<msg timestamp="20200706 16:29:50.708" level="FAIL">No keyword with name 'sign' found.</msg>
<status status="FAIL" starttime="20200706 16:29:50.708" endtime="20200706 16:29:50.708"></status>
</kw>
<status status="FAIL" starttime="20200706 16:29:50.699" endtime="20200706 16:29:50.708"></status>
</kw>
<tags>
<tag>sso-app接口/手机号快捷登录（孙安）</tag>
<tag>作者：张鹏</tag>
<tag>冒烟集-新福建APP</tag>
</tags>
<status status="FAIL" starttime="20200706 16:29:50.696" endtime="20200706 16:29:50.709" critical="yes">No keyword with name 'sign' found.</status>
</test>
<test id="s1-t3" name="输入字符进行快捷登录，接口返回手机号格式不正确">
<kw name="Login By Phone" library="Sso_Common">
<doc>手机号快捷登录接口</doc>
<arguments>
<arg>${PHONE1}</arg>
</arguments>
<kw name="Random" library="Random_Time">
<assign>
<var>${random}</var>
</assign>
<kw name="Evaluate" library="BuiltIn">
<doc>Evaluates the given expression in Python and returns the result.</doc>
<arguments>
<arg>random.randint(0,10000000000)</arg>
<arg>random</arg>
</arguments>
<assign>
<var>${random}</var>
</assign>
<msg timestamp="20200706 16:29:50.713" level="INFO">${random} = 512867651</msg>
<status status="PASS" starttime="20200706 16:29:50.712" endtime="20200706 16:29:50.713"></status>
</kw>
<kw name="Evaluate" library="BuiltIn">
<doc>Evaluates the given expression in Python and returns the result.</doc>
<arguments>
<arg>str(${random})</arg>
</arguments>
<assign>
<var>${typerandom}</var>
</assign>
<msg timestamp="20200706 16:29:50.713" level="INFO">${typerandom} = 512867651</msg>
<status status="PASS" starttime="20200706 16:29:50.713" endtime="20200706 16:29:50.713"></status>
</kw>
<msg timestamp="20200706 16:29:50.713" level="INFO">${random} = 512867651</msg>
<status status="PASS" starttime="20200706 16:29:50.712" endtime="20200706 16:29:50.714"></status>
</kw>
<kw name="Time" library="Random_Time">
<assign>
<var>${timestamp}</var>
</assign>
<kw name="Evaluate" library="BuiltIn">
<doc>Evaluates the given expression in Python and returns the result.</doc>
<arguments>
<arg>int(time.time()*1000)</arg>
<arg>time</arg>
</arguments>
<assign>
<var>${time}</var>
</assign>
<msg timestamp="20200706 16:29:50.714" level="INFO">${time} = 1594024190714</msg>
<status status="PASS" starttime="20200706 16:29:50.714" endtime="20200706 16:29:50.714"></status>
</kw>
<kw name="Evaluate" library="BuiltIn">
<doc>Evaluates the given expression in Python and returns the result.</doc>
<arguments>
<arg>str(${time})</arg>
</arguments>
<assign>
<var>${typetime}</var>
</assign>
<msg timestamp="20200706 16:29:50.715" level="INFO">${typetime} = 1594024190714</msg>
<status status="PASS" starttime="20200706 16:29:50.714" endtime="20200706 16:29:50.715"></status>
</kw>
<msg timestamp="20200706 16:29:50.715" level="INFO">${timestamp} = 1594024190714</msg>
<status status="PASS" starttime="20200706 16:29:50.714" endtime="20200706 16:29:50.715"></status>
</kw>
<kw name="sign">
<assign>
<var>${secretinfo} =</var>
</assign>
<msg timestamp="20200706 16:29:50.720" level="FAIL">No keyword with name 'sign' found.</msg>
<status status="FAIL" starttime="20200706 16:29:50.720" endtime="20200706 16:29:50.720"></status>
</kw>
<status status="FAIL" starttime="20200706 16:29:50.712" endtime="20200706 16:29:50.720"></status>
</kw>
<tags>
<tag>sso-app接口/手机号快捷登录（孙安）</tag>
<tag>作者：张鹏</tag>
<tag>冒烟集-新福建APP</tag>
</tags>
<status status="FAIL" starttime="20200706 16:29:50.709" endtime="20200706 16:29:50.720" critical="yes">No keyword with name 'sign' found.</status>
</test>
<kw name="Delete All Sessions" library="RequestsLibrary" type="teardown">
<doc>Removes all the session objects</doc>
<msg timestamp="20200706 16:29:50.721" level="INFO">Delete All Sessions</msg>
<status status="PASS" starttime="20200706 16:29:50.721" endtime="20200706 16:29:50.721"></status>
</kw>
<doc>该文档是获取App配置模块接口用例文档</doc>
<status status="FAIL" starttime="20200706 16:29:50.124" endtime="20200706 16:29:50.721"></status>
</suite>
<statistics>
<total>
<stat pass="0" fail="3">Critical Tests</stat>
<stat pass="0" fail="3">All Tests</stat>
</total>
<tag>
<stat pass="0" fail="3">sso-app接口/手机号快捷登录（孙安）</stat>
<stat pass="0" fail="3">作者：张鹏</stat>
<stat pass="0" fail="3">冒烟集-新福建APP</stat>
</tag>
<suite>
<stat pass="0" fail="3" id="s1" name="LoginByPhone">LoginByPhone</stat>
</suite>
</statistics>
<errors>
<msg timestamp="20200706 16:29:50.162" level="ERROR">Error in file 'D:\jiangbm\XFJ\API\App_Sso\Sso_Common.robot' on line 9: Setting 'Force Tags' is not allowed in resource file.</msg>
<msg timestamp="20200706 16:29:50.172" level="ERROR">Error in file 'D:\jiangbm\XFJ\API\Common\Common.robot' on line 3: Importing test library 'FATL.FapiKeywords' failed: ModuleNotFoundError: No module named 'FATL'
Traceback (most recent call last):
  None
PYTHONPATH:
  D:\jiangbm\pycharm\API\Scripts\robot.exe
  D:\Python38-32\python38.zip
  D:\Python38-32\DLLs
  D:\Python38-32\lib
  D:\Python38-32
  d:\jiangbm\pycharm\api
  d:\jiangbm\pycharm\api\lib\site-packages
  D:\Python38-32\lib\site-packages</msg>
<msg timestamp="20200706 16:29:50.534" level="ERROR">Error in file 'D:\jiangbm\XFJ\API\App_Sso\Random_Time.robot' on line 2: Importing test library 'MyLib' failed: ModuleNotFoundError: No module named 'MyLib'
Traceback (most recent call last):
  None
PYTHONPATH:
  D:\jiangbm\pycharm\API\Scripts\robot.exe
  D:\Python38-32\python38.zip
  D:\Python38-32\DLLs
  D:\Python38-32\lib
  D:\Python38-32
  d:\jiangbm\pycharm\api
  d:\jiangbm\pycharm\api\lib\site-packages
  D:\Python38-32\lib\site-packages</msg>
<msg timestamp="20200706 16:29:50.679" level="ERROR">Error in file 'D:\jiangbm\XFJ\API\App_Sso\Sso_Common.robot' on line 8: Importing test library 'D:\jiangbm\XFJ\API\Secret\authen.py' failed: ModuleNotFoundError: No module named 'Secret'
Traceback (most recent call last):
  File "D:\jiangbm\XFJ\API\Secret\authen.py", line 3, in &lt;module&gt;
    from Secret import XFJ_Des
PYTHONPATH:
  D:\jiangbm\pycharm\API\Scripts\robot.exe
  D:\Python38-32\python38.zip
  D:\Python38-32\DLLs
  D:\Python38-32\lib
  D:\Python38-32
  d:\jiangbm\pycharm\api
  d:\jiangbm\pycharm\api\lib\site-packages
  D:\Python38-32\lib\site-packages</msg>
</errors>
</robot>
