<?xml version="1.0" encoding="UTF-8"?>
<robot generator="Robot 3.1.1 (Python 3.6.5 on win32)" generated="20200416 18:17:04.652" rpa="false">
<suite id="s1" name="OauthLogin" source="D:\XFJ\API\App_Sso\OauthLogin.robot">
<kw name="Create Sso Session Common" library="Common" type="setup">
<kw name="Fapi Create Session" library="FATL">
<doc>Fapi Create Session: create a HTTP session to a server</doc>
<arguments>
<arg>${SSO_ALIAS}</arg>
<arg>${SSO_URL}</arg>
</arguments>
<msg timestamp="20200416 18:17:05.432" level="INFO">Creating Session using : alias=sso, url=https://api1.fjdaily.com:18443/sso-app, headers={'APITEST': '1'},                     cookies=None, auth=None, timeout=None, proxies=None, verify=False,                     debug=0 </msg>
<status status="PASS" starttime="20200416 18:17:05.431" endtime="20200416 18:17:05.432"></status>
</kw>
<status status="PASS" starttime="20200416 18:17:05.431" endtime="20200416 18:17:05.433"></status>
</kw>
<test id="s1-t1" name="第三方QQ登录，登录成功后接口返回账号相关数据">
<kw name="SSO Oauth Login" library="Sso_Common">
<doc>第三方登录接口</doc>
<arguments>
<arg>${QQ.provider}</arg>
<arg>${QQ.oid}</arg>
<arg>${QQ.nickname}</arg>
</arguments>
<kw name="Random" library="Random_Time">
<assign>
<var>${random}</var>
</assign>
<kw name="Evaluate" library="BuiltIn">
<doc>Evaluates the given expression in Python and returns the results.</doc>
<arguments>
<arg>random.randint(0,10000000000)</arg>
<arg>random</arg>
</arguments>
<assign>
<var>${random}</var>
</assign>
<msg timestamp="20200416 18:17:05.438" level="INFO">${random} = 5992252786</msg>
<status status="PASS" starttime="20200416 18:17:05.438" endtime="20200416 18:17:05.438"></status>
</kw>
<kw name="Evaluate" library="BuiltIn">
<doc>Evaluates the given expression in Python and returns the results.</doc>
<arguments>
<arg>str(${random})</arg>
</arguments>
<assign>
<var>${typerandom}</var>
</assign>
<msg timestamp="20200416 18:17:05.439" level="INFO">${typerandom} = 5992252786</msg>
<status status="PASS" starttime="20200416 18:17:05.439" endtime="20200416 18:17:05.439"></status>
</kw>
<msg timestamp="20200416 18:17:05.439" level="INFO">${random} = 5992252786</msg>
<status status="PASS" starttime="20200416 18:17:05.438" endtime="20200416 18:17:05.439"></status>
</kw>
<kw name="Time" library="Random_Time">
<assign>
<var>${timestamp}</var>
</assign>
<kw name="Evaluate" library="BuiltIn">
<doc>Evaluates the given expression in Python and returns the results.</doc>
<arguments>
<arg>int(time.time()*1000)</arg>
<arg>time</arg>
</arguments>
<assign>
<var>${time}</var>
</assign>
<msg timestamp="20200416 18:17:05.440" level="INFO">${time} = 1587032225439</msg>
<status status="PASS" starttime="20200416 18:17:05.440" endtime="20200416 18:17:05.440"></status>
</kw>
<kw name="Evaluate" library="BuiltIn">
<doc>Evaluates the given expression in Python and returns the results.</doc>
<arguments>
<arg>str(${time})</arg>
</arguments>
<assign>
<var>${typetime}</var>
</assign>
<msg timestamp="20200416 18:17:05.440" level="INFO">${typetime} = 1587032225439</msg>
<status status="PASS" starttime="20200416 18:17:05.440" endtime="20200416 18:17:05.440"></status>
</kw>
<msg timestamp="20200416 18:17:05.441" level="INFO">${timestamp} = 1587032225439</msg>
<status status="PASS" starttime="20200416 18:17:05.439" endtime="20200416 18:17:05.441"></status>
</kw>
<kw name="Md 5" library="Secret">
<arguments>
<arg>devid=${devid}&amp;random=${random}&amp;timestamp=${timestamp}&amp;token=${TOKEN1}&amp;version=${VERSION1}</arg>
</arguments>
<assign>
<var>${secret}</var>
</assign>
<msg timestamp="20200416 18:17:05.442" level="INFO">${secret} = 86c9737b499d0f25128599a7428d6c6b</msg>
<status status="PASS" starttime="20200416 18:17:05.441" endtime="20200416 18:17:05.442"></status>
</kw>
<kw name="Fapi Params Set" library="FATL">
<doc>Adds the given ``key_value_pairs`` and ``items`` to HTTP request parameters.</doc>
<arguments>
<arg>provider</arg>
<arg>${provider}</arg>
<arg>oid</arg>
<arg>${oid}</arg>
<arg>nickname</arg>
<arg>${nickname}</arg>
<arg>devid</arg>
<arg>${devid}</arg>
<arg>siteid</arg>
<arg>${siteid}</arg>
<arg>random</arg>
<arg>${random}</arg>
<arg>timestamp</arg>
<arg>${timestamp}</arg>
<arg>version</arg>
<arg>${VERSION1}</arg>
<arg>token</arg>
<arg>${TOKEN1}</arg>
<arg>curVersions</arg>
<arg>${CURVERSIONS}</arg>
</arguments>
<status status="PASS" starttime="20200416 18:17:05.442" endtime="20200416 18:17:05.443"></status>
</kw>
<kw name="Md 5" library="Secret">
<arguments>
<arg>devid=${devid}&amp;random=${random}&amp;timestamp=${timestamp}&amp;token=${TOKEN1}&amp;version=${VERSION1}&amp;secret=${secret}</arg>
</arguments>
<assign>
<var>${program_sign}</var>
</assign>
<msg timestamp="20200416 18:17:05.444" level="INFO">${program_sign} = a5615d47e8d52e938361d06ce2e866cc</msg>
<status status="PASS" starttime="20200416 18:17:05.443" endtime="20200416 18:17:05.444"></status>
</kw>
<kw name="Set Variable" library="BuiltIn">
<doc>Returns the given values which can then be assigned to a variables.</doc>
<arguments>
<arg>devid,random,timestamp,token,version</arg>
</arguments>
<assign>
<var>${proParams}</var>
</assign>
<msg timestamp="20200416 18:17:05.446" level="INFO">${proParams} = devid,random,timestamp,token,version</msg>
<status status="PASS" starttime="20200416 18:17:05.445" endtime="20200416 18:17:05.446"></status>
</kw>
<kw name="Fapi Headers Set" library="FATL">
<doc>Adds the given ``key_value_pairs`` and ``items`` to HTTP request headers.</doc>
<arguments>
<arg>program-sign</arg>
<arg>${program_sign}</arg>
<arg>devid</arg>
<arg>${devid}</arg>
<arg>random</arg>
<arg>${random}</arg>
<arg>timestamp</arg>
<arg>${timestamp}</arg>
<arg>token</arg>
<arg>${TOKEN1}</arg>
<arg>version</arg>
<arg>${VERSION1}</arg>
<arg>Content-Type</arg>
<arg>application/x-www-form-urlencoded</arg>
<arg>program-params</arg>
<arg>${proParams}</arg>
</arguments>
<status status="PASS" starttime="20200416 18:17:05.446" endtime="20200416 18:17:05.448"></status>
</kw>
<kw name="Fapi Post" library="FATL">
<doc>Send a POST request on the session object found using the
given `alias`</doc>
<arguments>
<arg>${SSO_ALIAS}</arg>
<arg>${OAUTHLOGIN_URI}</arg>
</arguments>
<msg timestamp="20200416 18:17:06.862" level="INFO">Post Request using : alias=sso, uri=/api/oauthLogin, data=&lt;empty&gt;, headers={'APITEST': '1', 'program-sign': 'a5615d47e8d52e938361d06ce2e866cc', 'devid': '123456', 'random': '5992252786', 'timestamp': '1587032225439', 'token': '1', 'version': '1', 'Content-Type': 'application/x-www-form-urlencoded', 'program-params': 'devid,random,timestamp,token,version'}, files=None, allow_redirects=True </msg>
<msg timestamp="20200416 18:17:06.862" level="INFO">JSON string is : {</msg>
<msg timestamp="20200416 18:17:06.862" level="INFO">  "code": 0,</msg>
<msg timestamp="20200416 18:17:06.862" level="INFO">  "msg": "process exception",</msg>
<msg timestamp="20200416 18:17:06.862" level="INFO">  "value": {},</msg>
<msg timestamp="20200416 18:17:06.862" level="INFO">  "status": -1,</msg>
<msg timestamp="20200416 18:17:06.862" level="INFO">  "message": "Illegal base64 character 22",</msg>
<msg timestamp="20200416 18:17:06.862" level="INFO">  "data": {},</msg>
<msg timestamp="20200416 18:17:06.862" level="INFO">  "path": "/sso-app/api/oauthLogin",</msg>
<msg timestamp="20200416 18:17:06.863" level="INFO">  "error": "Illegal base64 character 22",</msg>
<msg timestamp="20200416 18:17:06.863" level="INFO">  "timestamp": 1587032225302</msg>
<msg timestamp="20200416 18:17:06.863" level="INFO">}</msg>
<msg timestamp="20200416 18:17:06.863" level="INFO">d:\python\lib\site-packages\urllib3\connectionpool.py:851: InsecureRequestWarning: Unverified HTTPS request is being made. Adding certificate verification is strongly advised. See: https://urllib3.readthedocs.io/en/latest/advanced-usage.html#ssl-warnings
  InsecureRequestWarning)</msg>
<status status="PASS" starttime="20200416 18:17:05.448" endtime="20200416 18:17:06.863"></status>
</kw>
<kw name="Fapi Data To Object" library="FATL">
<doc>Convert Fapi response content to python object</doc>
<assign>
<var>${data}</var>
</assign>
<msg timestamp="20200416 18:17:06.864" level="INFO">${data} = &lt;FATL.Json2Object.Dict2Object object at 0x000002B6851181D0&gt;</msg>
<status status="PASS" starttime="20200416 18:17:06.864" endtime="20200416 18:17:06.864"></status>
</kw>
<kw name="Set Suite Variable" library="BuiltIn">
<doc>Makes a variable available everywhere within the scope of the current suite.</doc>
<arguments>
<arg>${response_data}</arg>
<arg>${data}</arg>
</arguments>
<msg timestamp="20200416 18:17:06.866" level="INFO">${response_data} = &lt;FATL.Json2Object.Dict2Object object at 0x000002B6851181D0&gt;</msg>
<status status="PASS" starttime="20200416 18:17:06.864" endtime="20200416 18:17:06.866"></status>
</kw>
<status status="PASS" starttime="20200416 18:17:05.437" endtime="20200416 18:17:06.866"></status>
</kw>
<kw name="Fapi Request Should Be Succeed" library="FATL">
<doc>Fapi HTTP response code should be 200 (means success)</doc>
<msg timestamp="20200416 18:17:06.867" level="INFO">HTTP response code is 200</msg>
<status status="PASS" starttime="20200416 18:17:06.867" endtime="20200416 18:17:06.867"></status>
</kw>
<kw name="Fapi Status Should Be Succeed" library="FATL">
<doc>Fapi response status code should be 0 (means success)</doc>
<msg timestamp="20200416 18:17:06.869" level="FAIL">AssertionError</msg>
<status status="FAIL" starttime="20200416 18:17:06.868" endtime="20200416 18:17:06.869"></status>
</kw>
<tags>
<tag>sso-app接口/第三方登录（孙安）</tag>
<tag>作者：江宝敏</tag>
<tag>冒烟集-新福建APP</tag>
</tags>
<status status="FAIL" starttime="20200416 18:17:05.433" endtime="20200416 18:17:06.869" critical="yes">AssertionError</status>
</test>
<test id="s1-t2" name="第三方微博登录，登录成功后接口返回账号相关数据">
<kw name="SSO Oauth Login" library="Sso_Common">
<doc>第三方登录接口</doc>
<arguments>
<arg>${WEIBO.provider}</arg>
<arg>${WEIBO.oid}</arg>
<arg>${WEIBO.nickname}</arg>
</arguments>
<kw name="Random" library="Random_Time">
<assign>
<var>${random}</var>
</assign>
<kw name="Evaluate" library="BuiltIn">
<doc>Evaluates the given expression in Python and returns the results.</doc>
<arguments>
<arg>random.randint(0,10000000000)</arg>
<arg>random</arg>
</arguments>
<assign>
<var>${random}</var>
</assign>
<msg timestamp="20200416 18:17:06.879" level="INFO">${random} = 8424594011</msg>
<status status="PASS" starttime="20200416 18:17:06.878" endtime="20200416 18:17:06.879"></status>
</kw>
<kw name="Evaluate" library="BuiltIn">
<doc>Evaluates the given expression in Python and returns the results.</doc>
<arguments>
<arg>str(${random})</arg>
</arguments>
<assign>
<var>${typerandom}</var>
</assign>
<msg timestamp="20200416 18:17:06.879" level="INFO">${typerandom} = 8424594011</msg>
<status status="PASS" starttime="20200416 18:17:06.879" endtime="20200416 18:17:06.879"></status>
</kw>
<msg timestamp="20200416 18:17:06.879" level="INFO">${random} = 8424594011</msg>
<status status="PASS" starttime="20200416 18:17:06.878" endtime="20200416 18:17:06.879"></status>
</kw>
<kw name="Time" library="Random_Time">
<assign>
<var>${timestamp}</var>
</assign>
<kw name="Evaluate" library="BuiltIn">
<doc>Evaluates the given expression in Python and returns the results.</doc>
<arguments>
<arg>int(time.time()*1000)</arg>
<arg>time</arg>
</arguments>
<assign>
<var>${time}</var>
</assign>
<msg timestamp="20200416 18:17:06.880" level="INFO">${time} = 1587032226879</msg>
<status status="PASS" starttime="20200416 18:17:06.880" endtime="20200416 18:17:06.880"></status>
</kw>
<kw name="Evaluate" library="BuiltIn">
<doc>Evaluates the given expression in Python and returns the results.</doc>
<arguments>
<arg>str(${time})</arg>
</arguments>
<assign>
<var>${typetime}</var>
</assign>
<msg timestamp="20200416 18:17:06.881" level="INFO">${typetime} = 1587032226879</msg>
<status status="PASS" starttime="20200416 18:17:06.880" endtime="20200416 18:17:06.881"></status>
</kw>
<msg timestamp="20200416 18:17:06.881" level="INFO">${timestamp} = 1587032226879</msg>
<status status="PASS" starttime="20200416 18:17:06.880" endtime="20200416 18:17:06.881"></status>
</kw>
<kw name="Md 5" library="Secret">
<arguments>
<arg>devid=${devid}&amp;random=${random}&amp;timestamp=${timestamp}&amp;token=${TOKEN1}&amp;version=${VERSION1}</arg>
</arguments>
<assign>
<var>${secret}</var>
</assign>
<msg timestamp="20200416 18:17:06.882" level="INFO">${secret} = 774d9493c8a8fa1356401cfcbb03d229</msg>
<status status="PASS" starttime="20200416 18:17:06.881" endtime="20200416 18:17:06.882"></status>
</kw>
<kw name="Fapi Params Set" library="FATL">
<doc>Adds the given ``key_value_pairs`` and ``items`` to HTTP request parameters.</doc>
<arguments>
<arg>provider</arg>
<arg>${provider}</arg>
<arg>oid</arg>
<arg>${oid}</arg>
<arg>nickname</arg>
<arg>${nickname}</arg>
<arg>devid</arg>
<arg>${devid}</arg>
<arg>siteid</arg>
<arg>${siteid}</arg>
<arg>random</arg>
<arg>${random}</arg>
<arg>timestamp</arg>
<arg>${timestamp}</arg>
<arg>version</arg>
<arg>${VERSION1}</arg>
<arg>token</arg>
<arg>${TOKEN1}</arg>
<arg>curVersions</arg>
<arg>${CURVERSIONS}</arg>
</arguments>
<status status="PASS" starttime="20200416 18:17:06.882" endtime="20200416 18:17:06.882"></status>
</kw>
<kw name="Md 5" library="Secret">
<arguments>
<arg>devid=${devid}&amp;random=${random}&amp;timestamp=${timestamp}&amp;token=${TOKEN1}&amp;version=${VERSION1}&amp;secret=${secret}</arg>
</arguments>
<assign>
<var>${program_sign}</var>
</assign>
<msg timestamp="20200416 18:17:06.883" level="INFO">${program_sign} = beda92ce21008044cb75606143e34345</msg>
<status status="PASS" starttime="20200416 18:17:06.883" endtime="20200416 18:17:06.883"></status>
</kw>
<kw name="Set Variable" library="BuiltIn">
<doc>Returns the given values which can then be assigned to a variables.</doc>
<arguments>
<arg>devid,random,timestamp,token,version</arg>
</arguments>
<assign>
<var>${proParams}</var>
</assign>
<msg timestamp="20200416 18:17:06.883" level="INFO">${proParams} = devid,random,timestamp,token,version</msg>
<status status="PASS" starttime="20200416 18:17:06.883" endtime="20200416 18:17:06.884"></status>
</kw>
<kw name="Fapi Headers Set" library="FATL">
<doc>Adds the given ``key_value_pairs`` and ``items`` to HTTP request headers.</doc>
<arguments>
<arg>program-sign</arg>
<arg>${program_sign}</arg>
<arg>devid</arg>
<arg>${devid}</arg>
<arg>random</arg>
<arg>${random}</arg>
<arg>timestamp</arg>
<arg>${timestamp}</arg>
<arg>token</arg>
<arg>${TOKEN1}</arg>
<arg>version</arg>
<arg>${VERSION1}</arg>
<arg>Content-Type</arg>
<arg>application/x-www-form-urlencoded</arg>
<arg>program-params</arg>
<arg>${proParams}</arg>
</arguments>
<status status="PASS" starttime="20200416 18:17:06.884" endtime="20200416 18:17:06.884"></status>
</kw>
<kw name="Fapi Post" library="FATL">
<doc>Send a POST request on the session object found using the
given `alias`</doc>
<arguments>
<arg>${SSO_ALIAS}</arg>
<arg>${OAUTHLOGIN_URI}</arg>
</arguments>
<msg timestamp="20200416 18:17:06.947" level="INFO">Post Request using : alias=sso, uri=/api/oauthLogin, data=&lt;empty&gt;, headers={'APITEST': '1', 'program-sign': 'beda92ce21008044cb75606143e34345', 'devid': '123456', 'random': '8424594011', 'timestamp': '1587032226879', 'token': '1', 'version': '1', 'Content-Type': 'application/x-www-form-urlencoded', 'program-params': 'devid,random,timestamp,token,version'}, files=None, allow_redirects=True </msg>
<msg timestamp="20200416 18:17:06.947" level="INFO">JSON string is : {</msg>
<msg timestamp="20200416 18:17:06.947" level="INFO">  "code": 0,</msg>
<msg timestamp="20200416 18:17:06.947" level="INFO">  "msg": "process exception",</msg>
<msg timestamp="20200416 18:17:06.947" level="INFO">  "value": {},</msg>
<msg timestamp="20200416 18:17:06.948" level="INFO">  "status": -1,</msg>
<msg timestamp="20200416 18:17:06.948" level="INFO">  "message": "Illegal base64 character 22",</msg>
<msg timestamp="20200416 18:17:06.948" level="INFO">  "data": {},</msg>
<msg timestamp="20200416 18:17:06.948" level="INFO">  "path": "/sso-app/api/oauthLogin",</msg>
<msg timestamp="20200416 18:17:06.948" level="INFO">  "error": "Illegal base64 character 22",</msg>
<msg timestamp="20200416 18:17:06.948" level="INFO">  "timestamp": 1587032225425</msg>
<msg timestamp="20200416 18:17:06.948" level="INFO">}</msg>
<msg timestamp="20200416 18:17:06.948" level="INFO">d:\python\lib\site-packages\urllib3\connectionpool.py:851: InsecureRequestWarning: Unverified HTTPS request is being made. Adding certificate verification is strongly advised. See: https://urllib3.readthedocs.io/en/latest/advanced-usage.html#ssl-warnings
  InsecureRequestWarning)</msg>
<status status="PASS" starttime="20200416 18:17:06.884" endtime="20200416 18:17:06.948"></status>
</kw>
<kw name="Fapi Data To Object" library="FATL">
<doc>Convert Fapi response content to python object</doc>
<assign>
<var>${data}</var>
</assign>
<msg timestamp="20200416 18:17:06.949" level="INFO">${data} = &lt;FATL.Json2Object.Dict2Object object at 0x000002B68512B9E8&gt;</msg>
<status status="PASS" starttime="20200416 18:17:06.949" endtime="20200416 18:17:06.949"></status>
</kw>
<kw name="Set Suite Variable" library="BuiltIn">
<doc>Makes a variable available everywhere within the scope of the current suite.</doc>
<arguments>
<arg>${response_data}</arg>
<arg>${data}</arg>
</arguments>
<msg timestamp="20200416 18:17:06.950" level="INFO">${response_data} = &lt;FATL.Json2Object.Dict2Object object at 0x000002B68512B9E8&gt;</msg>
<status status="PASS" starttime="20200416 18:17:06.949" endtime="20200416 18:17:06.950"></status>
</kw>
<status status="PASS" starttime="20200416 18:17:06.877" endtime="20200416 18:17:06.950"></status>
</kw>
<kw name="Fapi Request Should Be Succeed" library="FATL">
<doc>Fapi HTTP response code should be 200 (means success)</doc>
<msg timestamp="20200416 18:17:06.950" level="INFO">HTTP response code is 200</msg>
<status status="PASS" starttime="20200416 18:17:06.950" endtime="20200416 18:17:06.951"></status>
</kw>
<kw name="Fapi Status Should Be Succeed" library="FATL">
<doc>Fapi response status code should be 0 (means success)</doc>
<msg timestamp="20200416 18:17:06.952" level="FAIL">AssertionError</msg>
<status status="FAIL" starttime="20200416 18:17:06.952" endtime="20200416 18:17:06.952"></status>
</kw>
<tags>
<tag>sso-app接口/第三方登录（孙安）</tag>
<tag>作者：江宝敏</tag>
<tag>冒烟集-新福建APP</tag>
</tags>
<status status="FAIL" starttime="20200416 18:17:06.872" endtime="20200416 18:17:06.953" critical="yes">AssertionError</status>
</test>
<test id="s1-t3" name="第三方微信登录，登录成功后接口返回账号相关数据">
<kw name="SSO Oauth Login" library="Sso_Common">
<doc>第三方登录接口</doc>
<arguments>
<arg>${WECHAT.provider}</arg>
<arg>${WECHAT.oid}</arg>
<arg>${WECHAT.nickname}</arg>
</arguments>
<kw name="Random" library="Random_Time">
<assign>
<var>${random}</var>
</assign>
<kw name="Evaluate" library="BuiltIn">
<doc>Evaluates the given expression in Python and returns the results.</doc>
<arguments>
<arg>random.randint(0,10000000000)</arg>
<arg>random</arg>
</arguments>
<assign>
<var>${random}</var>
</assign>
<msg timestamp="20200416 18:17:06.959" level="INFO">${random} = 5690037492</msg>
<status status="PASS" starttime="20200416 18:17:06.959" endtime="20200416 18:17:06.959"></status>
</kw>
<kw name="Evaluate" library="BuiltIn">
<doc>Evaluates the given expression in Python and returns the results.</doc>
<arguments>
<arg>str(${random})</arg>
</arguments>
<assign>
<var>${typerandom}</var>
</assign>
<msg timestamp="20200416 18:17:06.960" level="INFO">${typerandom} = 5690037492</msg>
<status status="PASS" starttime="20200416 18:17:06.960" endtime="20200416 18:17:06.960"></status>
</kw>
<msg timestamp="20200416 18:17:06.960" level="INFO">${random} = 5690037492</msg>
<status status="PASS" starttime="20200416 18:17:06.959" endtime="20200416 18:17:06.960"></status>
</kw>
<kw name="Time" library="Random_Time">
<assign>
<var>${timestamp}</var>
</assign>
<kw name="Evaluate" library="BuiltIn">
<doc>Evaluates the given expression in Python and returns the results.</doc>
<arguments>
<arg>int(time.time()*1000)</arg>
<arg>time</arg>
</arguments>
<assign>
<var>${time}</var>
</assign>
<msg timestamp="20200416 18:17:06.961" level="INFO">${time} = 1587032226960</msg>
<status status="PASS" starttime="20200416 18:17:06.961" endtime="20200416 18:17:06.961"></status>
</kw>
<kw name="Evaluate" library="BuiltIn">
<doc>Evaluates the given expression in Python and returns the results.</doc>
<arguments>
<arg>str(${time})</arg>
</arguments>
<assign>
<var>${typetime}</var>
</assign>
<msg timestamp="20200416 18:17:06.961" level="INFO">${typetime} = 1587032226960</msg>
<status status="PASS" starttime="20200416 18:17:06.961" endtime="20200416 18:17:06.961"></status>
</kw>
<msg timestamp="20200416 18:17:06.962" level="INFO">${timestamp} = 1587032226960</msg>
<status status="PASS" starttime="20200416 18:17:06.960" endtime="20200416 18:17:06.962"></status>
</kw>
<kw name="Md 5" library="Secret">
<arguments>
<arg>devid=${devid}&amp;random=${random}&amp;timestamp=${timestamp}&amp;token=${TOKEN1}&amp;version=${VERSION1}</arg>
</arguments>
<assign>
<var>${secret}</var>
</assign>
<msg timestamp="20200416 18:17:06.962" level="INFO">${secret} = 62b975d23bdd8f16d237ae7c8235f2bc</msg>
<status status="PASS" starttime="20200416 18:17:06.962" endtime="20200416 18:17:06.962"></status>
</kw>
<kw name="Fapi Params Set" library="FATL">
<doc>Adds the given ``key_value_pairs`` and ``items`` to HTTP request parameters.</doc>
<arguments>
<arg>provider</arg>
<arg>${provider}</arg>
<arg>oid</arg>
<arg>${oid}</arg>
<arg>nickname</arg>
<arg>${nickname}</arg>
<arg>devid</arg>
<arg>${devid}</arg>
<arg>siteid</arg>
<arg>${siteid}</arg>
<arg>random</arg>
<arg>${random}</arg>
<arg>timestamp</arg>
<arg>${timestamp}</arg>
<arg>version</arg>
<arg>${VERSION1}</arg>
<arg>token</arg>
<arg>${TOKEN1}</arg>
<arg>curVersions</arg>
<arg>${CURVERSIONS}</arg>
</arguments>
<status status="PASS" starttime="20200416 18:17:06.962" endtime="20200416 18:17:06.963"></status>
</kw>
<kw name="Md 5" library="Secret">
<arguments>
<arg>devid=${devid}&amp;random=${random}&amp;timestamp=${timestamp}&amp;token=${TOKEN1}&amp;version=${VERSION1}&amp;secret=${secret}</arg>
</arguments>
<assign>
<var>${program_sign}</var>
</assign>
<msg timestamp="20200416 18:17:06.964" level="INFO">${program_sign} = 2efbd03e165d010a1628569b7505f8a6</msg>
<status status="PASS" starttime="20200416 18:17:06.963" endtime="20200416 18:17:06.964"></status>
</kw>
<kw name="Set Variable" library="BuiltIn">
<doc>Returns the given values which can then be assigned to a variables.</doc>
<arguments>
<arg>devid,random,timestamp,token,version</arg>
</arguments>
<assign>
<var>${proParams}</var>
</assign>
<msg timestamp="20200416 18:17:06.964" level="INFO">${proParams} = devid,random,timestamp,token,version</msg>
<status status="PASS" starttime="20200416 18:17:06.964" endtime="20200416 18:17:06.964"></status>
</kw>
<kw name="Fapi Headers Set" library="FATL">
<doc>Adds the given ``key_value_pairs`` and ``items`` to HTTP request headers.</doc>
<arguments>
<arg>program-sign</arg>
<arg>${program_sign}</arg>
<arg>devid</arg>
<arg>${devid}</arg>
<arg>random</arg>
<arg>${random}</arg>
<arg>timestamp</arg>
<arg>${timestamp}</arg>
<arg>token</arg>
<arg>${TOKEN1}</arg>
<arg>version</arg>
<arg>${VERSION1}</arg>
<arg>Content-Type</arg>
<arg>application/x-www-form-urlencoded</arg>
<arg>program-params</arg>
<arg>${proParams}</arg>
</arguments>
<status status="PASS" starttime="20200416 18:17:06.964" endtime="20200416 18:17:06.965"></status>
</kw>
<kw name="Fapi Post" library="FATL">
<doc>Send a POST request on the session object found using the
given `alias`</doc>
<arguments>
<arg>${SSO_ALIAS}</arg>
<arg>${OAUTHLOGIN_URI}</arg>
</arguments>
<msg timestamp="20200416 18:17:07.022" level="INFO">Post Request using : alias=sso, uri=/api/oauthLogin, data=&lt;empty&gt;, headers={'APITEST': '1', 'program-sign': '2efbd03e165d010a1628569b7505f8a6', 'devid': '123456', 'random': '5690037492', 'timestamp': '1587032226960', 'token': '1', 'version': '1', 'Content-Type': 'application/x-www-form-urlencoded', 'program-params': 'devid,random,timestamp,token,version'}, files=None, allow_redirects=True </msg>
<msg timestamp="20200416 18:17:07.022" level="INFO">JSON string is : {</msg>
<msg timestamp="20200416 18:17:07.022" level="INFO">  "code": 0,</msg>
<msg timestamp="20200416 18:17:07.022" level="INFO">  "msg": "process exception",</msg>
<msg timestamp="20200416 18:17:07.022" level="INFO">  "value": {},</msg>
<msg timestamp="20200416 18:17:07.022" level="INFO">  "status": -1,</msg>
<msg timestamp="20200416 18:17:07.022" level="INFO">  "message": "Illegal base64 character 22",</msg>
<msg timestamp="20200416 18:17:07.022" level="INFO">  "data": {},</msg>
<msg timestamp="20200416 18:17:07.022" level="INFO">  "path": "/sso-app/api/oauthLogin",</msg>
<msg timestamp="20200416 18:17:07.022" level="INFO">  "error": "Illegal base64 character 22",</msg>
<msg timestamp="20200416 18:17:07.022" level="INFO">  "timestamp": 1587032225499</msg>
<msg timestamp="20200416 18:17:07.022" level="INFO">}</msg>
<msg timestamp="20200416 18:17:07.022" level="INFO">d:\python\lib\site-packages\urllib3\connectionpool.py:851: InsecureRequestWarning: Unverified HTTPS request is being made. Adding certificate verification is strongly advised. See: https://urllib3.readthedocs.io/en/latest/advanced-usage.html#ssl-warnings
  InsecureRequestWarning)</msg>
<status status="PASS" starttime="20200416 18:17:06.965" endtime="20200416 18:17:07.023"></status>
</kw>
<kw name="Fapi Data To Object" library="FATL">
<doc>Convert Fapi response content to python object</doc>
<assign>
<var>${data}</var>
</assign>
<msg timestamp="20200416 18:17:07.023" level="INFO">${data} = &lt;FATL.Json2Object.Dict2Object object at 0x000002B6865D0A58&gt;</msg>
<status status="PASS" starttime="20200416 18:17:07.023" endtime="20200416 18:17:07.024"></status>
</kw>
<kw name="Set Suite Variable" library="BuiltIn">
<doc>Makes a variable available everywhere within the scope of the current suite.</doc>
<arguments>
<arg>${response_data}</arg>
<arg>${data}</arg>
</arguments>
<msg timestamp="20200416 18:17:07.024" level="INFO">${response_data} = &lt;FATL.Json2Object.Dict2Object object at 0x000002B6865D0A58&gt;</msg>
<status status="PASS" starttime="20200416 18:17:07.024" endtime="20200416 18:17:07.024"></status>
</kw>
<status status="PASS" starttime="20200416 18:17:06.958" endtime="20200416 18:17:07.024"></status>
</kw>
<kw name="Fapi Request Should Be Succeed" library="FATL">
<doc>Fapi HTTP response code should be 200 (means success)</doc>
<msg timestamp="20200416 18:17:07.025" level="INFO">HTTP response code is 200</msg>
<status status="PASS" starttime="20200416 18:17:07.025" endtime="20200416 18:17:07.025"></status>
</kw>
<kw name="Fapi Status Should Be Succeed" library="FATL">
<doc>Fapi response status code should be 0 (means success)</doc>
<msg timestamp="20200416 18:17:07.027" level="FAIL">AssertionError</msg>
<status status="FAIL" starttime="20200416 18:17:07.026" endtime="20200416 18:17:07.027"></status>
</kw>
<tags>
<tag>sso-app接口/第三方登录（孙安）</tag>
<tag>作者：江宝敏</tag>
<tag>冒烟集-新福建APP</tag>
</tags>
<status status="FAIL" starttime="20200416 18:17:06.954" endtime="20200416 18:17:07.027" critical="yes">AssertionError</status>
</test>
<test id="s1-t4" name="第三方APPLE ID登录，登录成功后接口返回账号相关数据">
<kw name="SSO Oauth Login" library="Sso_Common">
<doc>第三方登录接口</doc>
<arguments>
<arg>${APPLE.provider}</arg>
<arg>${APPLE.oid}</arg>
<arg>${APPLE.nickname}</arg>
</arguments>
<kw name="Random" library="Random_Time">
<assign>
<var>${random}</var>
</assign>
<kw name="Evaluate" library="BuiltIn">
<doc>Evaluates the given expression in Python and returns the results.</doc>
<arguments>
<arg>random.randint(0,10000000000)</arg>
<arg>random</arg>
</arguments>
<assign>
<var>${random}</var>
</assign>
<msg timestamp="20200416 18:17:07.037" level="INFO">${random} = 6503791222</msg>
<status status="PASS" starttime="20200416 18:17:07.037" endtime="20200416 18:17:07.037"></status>
</kw>
<kw name="Evaluate" library="BuiltIn">
<doc>Evaluates the given expression in Python and returns the results.</doc>
<arguments>
<arg>str(${random})</arg>
</arguments>
<assign>
<var>${typerandom}</var>
</assign>
<msg timestamp="20200416 18:17:07.038" level="INFO">${typerandom} = 6503791222</msg>
<status status="PASS" starttime="20200416 18:17:07.037" endtime="20200416 18:17:07.038"></status>
</kw>
<msg timestamp="20200416 18:17:07.038" level="INFO">${random} = 6503791222</msg>
<status status="PASS" starttime="20200416 18:17:07.037" endtime="20200416 18:17:07.038"></status>
</kw>
<kw name="Time" library="Random_Time">
<assign>
<var>${timestamp}</var>
</assign>
<kw name="Evaluate" library="BuiltIn">
<doc>Evaluates the given expression in Python and returns the results.</doc>
<arguments>
<arg>int(time.time()*1000)</arg>
<arg>time</arg>
</arguments>
<assign>
<var>${time}</var>
</assign>
<msg timestamp="20200416 18:17:07.039" level="INFO">${time} = 1587032227038</msg>
<status status="PASS" starttime="20200416 18:17:07.038" endtime="20200416 18:17:07.039"></status>
</kw>
<kw name="Evaluate" library="BuiltIn">
<doc>Evaluates the given expression in Python and returns the results.</doc>
<arguments>
<arg>str(${time})</arg>
</arguments>
<assign>
<var>${typetime}</var>
</assign>
<msg timestamp="20200416 18:17:07.039" level="INFO">${typetime} = 1587032227038</msg>
<status status="PASS" starttime="20200416 18:17:07.039" endtime="20200416 18:17:07.039"></status>
</kw>
<msg timestamp="20200416 18:17:07.039" level="INFO">${timestamp} = 1587032227038</msg>
<status status="PASS" starttime="20200416 18:17:07.038" endtime="20200416 18:17:07.039"></status>
</kw>
<kw name="Md 5" library="Secret">
<arguments>
<arg>devid=${devid}&amp;random=${random}&amp;timestamp=${timestamp}&amp;token=${TOKEN1}&amp;version=${VERSION1}</arg>
</arguments>
<assign>
<var>${secret}</var>
</assign>
<msg timestamp="20200416 18:17:07.040" level="INFO">${secret} = a69cabc66c56349a5c97a925599b7d46</msg>
<status status="PASS" starttime="20200416 18:17:07.040" endtime="20200416 18:17:07.040"></status>
</kw>
<kw name="Fapi Params Set" library="FATL">
<doc>Adds the given ``key_value_pairs`` and ``items`` to HTTP request parameters.</doc>
<arguments>
<arg>provider</arg>
<arg>${provider}</arg>
<arg>oid</arg>
<arg>${oid}</arg>
<arg>nickname</arg>
<arg>${nickname}</arg>
<arg>devid</arg>
<arg>${devid}</arg>
<arg>siteid</arg>
<arg>${siteid}</arg>
<arg>random</arg>
<arg>${random}</arg>
<arg>timestamp</arg>
<arg>${timestamp}</arg>
<arg>version</arg>
<arg>${VERSION1}</arg>
<arg>token</arg>
<arg>${TOKEN1}</arg>
<arg>curVersions</arg>
<arg>${CURVERSIONS}</arg>
</arguments>
<status status="PASS" starttime="20200416 18:17:07.040" endtime="20200416 18:17:07.041"></status>
</kw>
<kw name="Md 5" library="Secret">
<arguments>
<arg>devid=${devid}&amp;random=${random}&amp;timestamp=${timestamp}&amp;token=${TOKEN1}&amp;version=${VERSION1}&amp;secret=${secret}</arg>
</arguments>
<assign>
<var>${program_sign}</var>
</assign>
<msg timestamp="20200416 18:17:07.041" level="INFO">${program_sign} = a264dd43a0de5ed384438bbd16cd0076</msg>
<status status="PASS" starttime="20200416 18:17:07.041" endtime="20200416 18:17:07.041"></status>
</kw>
<kw name="Set Variable" library="BuiltIn">
<doc>Returns the given values which can then be assigned to a variables.</doc>
<arguments>
<arg>devid,random,timestamp,token,version</arg>
</arguments>
<assign>
<var>${proParams}</var>
</assign>
<msg timestamp="20200416 18:17:07.042" level="INFO">${proParams} = devid,random,timestamp,token,version</msg>
<status status="PASS" starttime="20200416 18:17:07.042" endtime="20200416 18:17:07.042"></status>
</kw>
<kw name="Fapi Headers Set" library="FATL">
<doc>Adds the given ``key_value_pairs`` and ``items`` to HTTP request headers.</doc>
<arguments>
<arg>program-sign</arg>
<arg>${program_sign}</arg>
<arg>devid</arg>
<arg>${devid}</arg>
<arg>random</arg>
<arg>${random}</arg>
<arg>timestamp</arg>
<arg>${timestamp}</arg>
<arg>token</arg>
<arg>${TOKEN1}</arg>
<arg>version</arg>
<arg>${VERSION1}</arg>
<arg>Content-Type</arg>
<arg>application/x-www-form-urlencoded</arg>
<arg>program-params</arg>
<arg>${proParams}</arg>
</arguments>
<status status="PASS" starttime="20200416 18:17:07.042" endtime="20200416 18:17:07.043"></status>
</kw>
<kw name="Fapi Post" library="FATL">
<doc>Send a POST request on the session object found using the
given `alias`</doc>
<arguments>
<arg>${SSO_ALIAS}</arg>
<arg>${OAUTHLOGIN_URI}</arg>
</arguments>
<msg timestamp="20200416 18:17:07.099" level="INFO">Post Request using : alias=sso, uri=/api/oauthLogin, data=&lt;empty&gt;, headers={'APITEST': '1', 'program-sign': 'a264dd43a0de5ed384438bbd16cd0076', 'devid': '123456', 'random': '6503791222', 'timestamp': '1587032227038', 'token': '1', 'version': '1', 'Content-Type': 'application/x-www-form-urlencoded', 'program-params': 'devid,random,timestamp,token,version'}, files=None, allow_redirects=True </msg>
<msg timestamp="20200416 18:17:07.099" level="INFO">JSON string is : {</msg>
<msg timestamp="20200416 18:17:07.099" level="INFO">  "code": 0,</msg>
<msg timestamp="20200416 18:17:07.099" level="INFO">  "msg": "process exception",</msg>
<msg timestamp="20200416 18:17:07.099" level="INFO">  "value": {},</msg>
<msg timestamp="20200416 18:17:07.099" level="INFO">  "status": -1,</msg>
<msg timestamp="20200416 18:17:07.100" level="INFO">  "message": "Illegal base64 character 22",</msg>
<msg timestamp="20200416 18:17:07.100" level="INFO">  "data": {},</msg>
<msg timestamp="20200416 18:17:07.100" level="INFO">  "path": "/sso-app/api/oauthLogin",</msg>
<msg timestamp="20200416 18:17:07.100" level="INFO">  "error": "Illegal base64 character 22",</msg>
<msg timestamp="20200416 18:17:07.100" level="INFO">  "timestamp": 1587032225576</msg>
<msg timestamp="20200416 18:17:07.100" level="INFO">}</msg>
<msg timestamp="20200416 18:17:07.100" level="INFO">d:\python\lib\site-packages\urllib3\connectionpool.py:851: InsecureRequestWarning: Unverified HTTPS request is being made. Adding certificate verification is strongly advised. See: https://urllib3.readthedocs.io/en/latest/advanced-usage.html#ssl-warnings
  InsecureRequestWarning)</msg>
<status status="PASS" starttime="20200416 18:17:07.043" endtime="20200416 18:17:07.100"></status>
</kw>
<kw name="Fapi Data To Object" library="FATL">
<doc>Convert Fapi response content to python object</doc>
<assign>
<var>${data}</var>
</assign>
<msg timestamp="20200416 18:17:07.101" level="INFO">${data} = &lt;FATL.Json2Object.Dict2Object object at 0x000002B68652A588&gt;</msg>
<status status="PASS" starttime="20200416 18:17:07.100" endtime="20200416 18:17:07.101"></status>
</kw>
<kw name="Set Suite Variable" library="BuiltIn">
<doc>Makes a variable available everywhere within the scope of the current suite.</doc>
<arguments>
<arg>${response_data}</arg>
<arg>${data}</arg>
</arguments>
<msg timestamp="20200416 18:17:07.102" level="INFO">${response_data} = &lt;FATL.Json2Object.Dict2Object object at 0x000002B68652A588&gt;</msg>
<status status="PASS" starttime="20200416 18:17:07.101" endtime="20200416 18:17:07.102"></status>
</kw>
<status status="PASS" starttime="20200416 18:17:07.036" endtime="20200416 18:17:07.102"></status>
</kw>
<kw name="Fapi Request Should Be Succeed" library="FATL">
<doc>Fapi HTTP response code should be 200 (means success)</doc>
<msg timestamp="20200416 18:17:07.103" level="INFO">HTTP response code is 200</msg>
<status status="PASS" starttime="20200416 18:17:07.103" endtime="20200416 18:17:07.103"></status>
</kw>
<kw name="Fapi Status Should Be Succeed" library="FATL">
<doc>Fapi response status code should be 0 (means success)</doc>
<msg timestamp="20200416 18:17:07.104" level="FAIL">AssertionError</msg>
<status status="FAIL" starttime="20200416 18:17:07.104" endtime="20200416 18:17:07.104"></status>
</kw>
<tags>
<tag>sso-app接口/第三方登录（孙安）</tag>
<tag>作者：江宝敏</tag>
<tag>冒烟集-新福建APP</tag>
</tags>
<status status="FAIL" starttime="20200416 18:17:07.030" endtime="20200416 18:17:07.105" critical="yes">AssertionError</status>
</test>
<kw name="Fapi Delete All Sessions" library="FATL" type="teardown">
<doc>Removes all the session objects</doc>
<msg timestamp="20200416 18:17:07.108" level="INFO">Delete All Sessions</msg>
<status status="PASS" starttime="20200416 18:17:07.107" endtime="20200416 18:17:07.108"></status>
</kw>
<doc>登录</doc>
<status status="FAIL" starttime="20200416 18:17:04.655" endtime="20200416 18:17:07.108"></status>
</suite>
<statistics>
<total>
<stat pass="0" fail="4">Critical Tests</stat>
<stat pass="0" fail="4">All Tests</stat>
</total>
<tag>
<stat pass="0" fail="4">sso-app接口/第三方登录（孙安）</stat>
<stat pass="0" fail="4">作者：江宝敏</stat>
<stat pass="0" fail="4">冒烟集-新福建APP</stat>
</tag>
<suite>
<stat pass="0" fail="4" id="s1" name="OauthLogin">OauthLogin</stat>
</suite>
</statistics>
<errors>
<msg timestamp="20200416 18:17:04.773" level="ERROR">Error in file 'D:\XFJ\API\App_Sso\Sso_Common.robot': Non-existing setting 'Force Tags'.</msg>
<msg timestamp="20200416 18:17:04.774" level="ERROR">Error in file 'D:\XFJ\API\App_Sso\Sso_Common.robot': Non-existing setting '...'.</msg>
<msg timestamp="20200416 18:17:05.423" level="ERROR">Error in file 'D:\XFJ\API\App_Sso\Random_Time.robot': Importing test library 'MyLib' failed: ModuleNotFoundError: No module named 'MyLib'
Traceback (most recent call last):
  None
PYTHONPATH:
  D:\python\Scripts\robot.exe
  d:\python\python36.zip
  d:\python\DLLs
  d:\python\lib
  d:\python
  d:\python\lib\site-packages
  d:\python\lib\site-packages\win32
  d:\python\lib\site-packages\win32\lib
  d:\python\lib\site-packages\Pythonwin</msg>
</errors>
</robot>
