<?xml version="1.0" encoding="UTF-8"?>
<robot generator="Robot 3.1.1 (Python 3.6.5 on win32)" generated="20200506 16:51:59.350" rpa="false">
<suite id="s1" name="SearchXyRank" source="D:\XFJ\API\App_FJHSubcribe\SearchXyRank.robot">
<kw name="Create Session Common" library="Common" type="setup">
<kw name="Fapi Create Session" library="FATL">
<doc>Fapi Create Session: create a HTTP session to a server</doc>
<arguments>
<arg>${APPIF_ALIAS}</arg>
<arg>${APPIF_URL}</arg>
</arguments>
<msg timestamp="20200506 16:51:59.843" level="INFO">Creating Session using : alias=appif, url=https://api1.fjdaily.com/app_if, headers={'APITEST': '1'},                     cookies=None, auth=None, timeout=None, proxies=None, verify=False,                     debug=0 </msg>
<status status="PASS" starttime="20200506 16:51:59.842" endtime="20200506 16:51:59.843"></status>
</kw>
<status status="PASS" starttime="20200506 16:51:59.842" endtime="20200506 16:51:59.843"></status>
</kw>
<test id="s1-t1" name="输入的关键字（模糊匹配）匹配到数据时，接口返回相关的翔宇号信息">
<kw name="Search Xy Rank" library="SubcribeCommon">
<doc>翔宇号排名搜索</doc>
<arguments>
<arg>${KEY0}</arg>
</arguments>
<kw name="Fapi Params Set" library="FATL">
<doc>Adds the given ``key_value_pairs`` and ``items`` to HTTP request parameters.</doc>
<arguments>
<arg>userID</arg>
<arg>${userid}</arg>
<arg>siteID</arg>
<arg>${siteid}</arg>
<arg>device</arg>
<arg>${device}</arg>
<arg>key</arg>
<arg>${key}</arg>
<arg>curVersions</arg>
<arg>${CURVERSIONS}</arg>
</arguments>
<status status="PASS" starttime="20200506 16:51:59.851" endtime="20200506 16:51:59.851"></status>
</kw>
<kw name="Fapi Get" library="FATL">
<doc>Send a GET request on the session object found using the
given `alias`</doc>
<arguments>
<arg>${APPIF_ALIAS}</arg>
<arg>${SEARCHXYRANK_URI}</arg>
</arguments>
<msg timestamp="20200506 16:52:00.060" level="INFO">Get Request using : alias=appif, uri=/searchXyRank, headers={'APITEST': '1'} json=None</msg>
<msg timestamp="20200506 16:52:00.061" level="INFO">JSON string is : {</msg>
<msg timestamp="20200506 16:52:00.061" level="INFO">  "status": 0,</msg>
<msg timestamp="20200506 16:52:00.061" level="INFO">  "message": "操作成功",</msg>
<msg timestamp="20200506 16:52:00.061" level="INFO">  "data": [</msg>
<msg timestamp="20200506 16:52:00.061" level="INFO">    {</msg>
<msg timestamp="20200506 16:52:00.061" level="INFO">      "id": 72,</msg>
<msg timestamp="20200506 16:52:00.062" level="INFO">      "icon": "https://img1.fjdaily.com/app/resource/xy/202004/28/7a4a25da-6342-48c0-82a5-e669d21828e6.jpg",</msg>
<msg timestamp="20200506 16:52:00.062" level="INFO">      "topic": "福建日报莆田观察",</msg>
<msg timestamp="20200506 16:52:00.062" level="INFO">      "influence": 16,</msg>
<msg timestamp="20200506 16:52:00.062" level="INFO">      "rank": 6,</msg>
<msg timestamp="20200506 16:52:00.062" level="INFO">      "canHit": 1,</msg>
<msg timestamp="20200506 16:52:00.062" level="INFO">      "isFollow": 0</msg>
<msg timestamp="20200506 16:52:00.062" level="INFO">    },</msg>
<msg timestamp="20200506 16:52:00.062" level="INFO">    {</msg>
<msg timestamp="20200506 16:52:00.062" level="INFO">      "id": 79,</msg>
<msg timestamp="20200506 16:52:00.062" level="INFO">      "icon": "https://img1.fjdaily.com/app/resource/xy/202004/29/a3f356aa-1f86-443e-97b7-21149e9df9ef.jpg",</msg>
<msg timestamp="20200506 16:52:00.062" level="INFO">      "topic": "福建自然资源",</msg>
<msg timestamp="20200506 16:52:00.062" level="INFO">      "influence": 16,</msg>
<msg timestamp="20200506 16:52:00.063" level="INFO">      "rank": 5,</msg>
<msg timestamp="20200506 16:52:00.063" level="INFO">      "canHit": 1,</msg>
<msg timestamp="20200506 16:52:00.063" level="INFO">      "isFollow": 0</msg>
<msg timestamp="20200506 16:52:00.063" level="INFO">    },</msg>
<msg timestamp="20200506 16:52:00.063" level="INFO">    {</msg>
<msg timestamp="20200506 16:52:00.063" level="INFO">      "id": 80,</msg>
<msg timestamp="20200506 16:52:00.063" level="INFO">      "icon": "https://img1.fjdaily.com/app/resource/xy/202004/29/4daabbd5-05c4-46da-83d8-5a2760b9eb67.jpg",</msg>
<msg timestamp="20200506 16:52:00.063" level="INFO">      "topic": "福建应急管理",</msg>
<msg timestamp="20200506 16:52:00.063" level="INFO">      "influence": 12,</msg>
<msg timestamp="20200506 16:52:00.063" level="INFO">      "rank": 8,</msg>
<msg timestamp="20200506 16:52:00.063" level="INFO">      "canHit": 1,</msg>
<msg timestamp="20200506 16:52:00.063" level="INFO">      "isFollow": 0</msg>
<msg timestamp="20200506 16:52:00.064" level="INFO">    },</msg>
<msg timestamp="20200506 16:52:00.064" level="INFO">    {</msg>
<msg timestamp="20200506 16:52:00.064" level="INFO">      "id": 78,</msg>
<msg timestamp="20200506 16:52:00.064" level="INFO">      "icon": "https://img1.fjdaily.com/app/resource/xy/202004/29/fd4b35a3-a0e5-4d87-8016-dec0fa04b51a.jpg",</msg>
<msg timestamp="20200506 16:52:00.064" level="INFO">      "topic": "福建交警",</msg>
<msg timestamp="20200506 16:52:00.064" level="INFO">      "influence": 8,</msg>
<msg timestamp="20200506 16:52:00.064" level="INFO">      "rank": 11,</msg>
<msg timestamp="20200506 16:52:00.064" level="INFO">      "canHit": 1,</msg>
<msg timestamp="20200506 16:52:00.064" level="INFO">      "isFollow": 0</msg>
<msg timestamp="20200506 16:52:00.064" level="INFO">    },</msg>
<msg timestamp="20200506 16:52:00.064" level="INFO">    {</msg>
<msg timestamp="20200506 16:52:00.064" level="INFO">      "id": 82,</msg>
<msg timestamp="20200506 16:52:00.064" level="INFO">      "icon": "https://img1.fjdaily.com/app/resource/xy/202004/29/d54b70bd-9433-4ef8-a961-9efb485b0cf7.jpg",</msg>
<msg timestamp="20200506 16:52:00.064" level="INFO">      "topic": "福建文物",</msg>
<msg timestamp="20200506 16:52:00.064" level="INFO">      "influence": 0,</msg>
<msg timestamp="20200506 16:52:00.064" level="INFO">      "canHit": 1,</msg>
<msg timestamp="20200506 16:52:00.064" level="INFO">      "isFollow": 0</msg>
<msg timestamp="20200506 16:52:00.064" level="INFO">    },</msg>
<msg timestamp="20200506 16:52:00.064" level="INFO">    {</msg>
<msg timestamp="20200506 16:52:00.064" level="INFO">      "id": 86,</msg>
<msg timestamp="20200506 16:52:00.065" level="INFO">      "icon": "",</msg>
<msg timestamp="20200506 16:52:00.065" level="INFO">      "topic": "福建号数据同步",</msg>
<msg timestamp="20200506 16:52:00.065" level="INFO">      "influence": 0,</msg>
<msg timestamp="20200506 16:52:00.065" level="INFO">      "canHit": 1,</msg>
<msg timestamp="20200506 16:52:00.065" level="INFO">      "isFollow": 0</msg>
<msg timestamp="20200506 16:52:00.065" level="INFO">    },</msg>
<msg timestamp="20200506 16:52:00.065" level="INFO">    {</msg>
<msg timestamp="20200506 16:52:00.065" level="INFO">      "id": 81,</msg>
<msg timestamp="20200506 16:52:00.065" level="INFO">      "icon": "https://img1.fjdaily.com/app/resource/xy/202004/29/4d6d3ae4-108a-43ee-b00b-4f8dc84723c1.jpg",</msg>
<msg timestamp="20200506 16:52:00.065" level="INFO">      "topic": "福建体育",</msg>
<msg timestamp="20200506 16:52:00.065" level="INFO">      "influence": 0,</msg>
<msg timestamp="20200506 16:52:00.065" level="INFO">      "canHit": 1,</msg>
<msg timestamp="20200506 16:52:00.065" level="INFO">      "isFollow": 0</msg>
<msg timestamp="20200506 16:52:00.065" level="INFO">    }</msg>
<msg timestamp="20200506 16:52:00.065" level="INFO">  ]</msg>
<msg timestamp="20200506 16:52:00.065" level="INFO">}</msg>
<msg timestamp="20200506 16:52:00.065" level="INFO">d:\python\lib\site-packages\urllib3\connectionpool.py:851: InsecureRequestWarning: Unverified HTTPS request is being made. Adding certificate verification is strongly advised. See: https://urllib3.readthedocs.io/en/latest/advanced-usage.html#ssl-warnings
  InsecureRequestWarning)</msg>
<status status="PASS" starttime="20200506 16:51:59.851" endtime="20200506 16:52:00.066"></status>
</kw>
<kw name="Fapi Data To Object" library="FATL">
<doc>Convert Fapi response content to python object</doc>
<assign>
<var>${data}</var>
</assign>
<msg timestamp="20200506 16:52:00.067" level="INFO">${data} = [&lt;FATL.Json2Object.Dict2Object object at 0x000001C14BB15D30&gt;, &lt;FATL.Json2Object.Dict2Object object at 0x000001C14BB159B0&gt;, &lt;FATL.Json2Object.Dict2Object object at 0x000001C14A82DF60&gt;, &lt;FATL.Json2Objec...</msg>
<status status="PASS" starttime="20200506 16:52:00.066" endtime="20200506 16:52:00.067"></status>
</kw>
<kw name="Set Suite Variable" library="BuiltIn">
<doc>Makes a variable available everywhere within the scope of the current suite.</doc>
<arguments>
<arg>${response_data}</arg>
<arg>${data}</arg>
</arguments>
<msg timestamp="20200506 16:52:00.069" level="INFO">${response_data} = [&lt;FATL.Json2Object.Dict2Object object at 0x000001C14BB15D30&gt;, &lt;FATL.Json2Object.Dict2Object object at 0x000001C14BB159B0&gt;, &lt;FATL.Json2Object.Dict2Object object at 0x000001C14A82DF60&gt;, &lt;FATL.Json2Objec...</msg>
<status status="PASS" starttime="20200506 16:52:00.067" endtime="20200506 16:52:00.069"></status>
</kw>
<status status="PASS" starttime="20200506 16:51:59.850" endtime="20200506 16:52:00.070"></status>
</kw>
<kw name="Should Be Equal As Strings" library="BuiltIn">
<doc>Fails if objects are unequal after converting them to strings.</doc>
<arguments>
<arg>${response_data[0].topic}</arg>
<arg>${RESULT}</arg>
</arguments>
<status status="PASS" starttime="20200506 16:52:00.070" endtime="20200506 16:52:00.070"></status>
</kw>
<tags>
<tag>作者：张鹏</tag>
<tag>冒烟集-新福建App</tag>
<tag>翔宇号排名搜索/翔宇号（林升）</tag>
</tags>
<status status="PASS" starttime="20200506 16:51:59.843" endtime="20200506 16:52:00.071" critical="yes"></status>
</test>
<test id="s1-t2" name="输入的关键字未匹配到数据时，接口返回为空">
<kw name="Search Xy Rank" library="SubcribeCommon">
<doc>翔宇号排名搜索</doc>
<arguments>
<arg>${KEY1}</arg>
</arguments>
<kw name="Fapi Params Set" library="FATL">
<doc>Adds the given ``key_value_pairs`` and ``items`` to HTTP request parameters.</doc>
<arguments>
<arg>userID</arg>
<arg>${userid}</arg>
<arg>siteID</arg>
<arg>${siteid}</arg>
<arg>device</arg>
<arg>${device}</arg>
<arg>key</arg>
<arg>${key}</arg>
<arg>curVersions</arg>
<arg>${CURVERSIONS}</arg>
</arguments>
<status status="PASS" starttime="20200506 16:52:00.082" endtime="20200506 16:52:00.082"></status>
</kw>
<kw name="Fapi Get" library="FATL">
<doc>Send a GET request on the session object found using the
given `alias`</doc>
<arguments>
<arg>${APPIF_ALIAS}</arg>
<arg>${SEARCHXYRANK_URI}</arg>
</arguments>
<msg timestamp="20200506 16:52:00.124" level="INFO">Get Request using : alias=appif, uri=/searchXyRank, headers={'APITEST': '1'} json=None</msg>
<msg timestamp="20200506 16:52:00.124" level="INFO">JSON string is : {</msg>
<msg timestamp="20200506 16:52:00.124" level="INFO">  "status": 0,</msg>
<msg timestamp="20200506 16:52:00.124" level="INFO">  "message": "操作成功",</msg>
<msg timestamp="20200506 16:52:00.124" level="INFO">  "data": []</msg>
<msg timestamp="20200506 16:52:00.124" level="INFO">}</msg>
<msg timestamp="20200506 16:52:00.125" level="INFO">d:\python\lib\site-packages\urllib3\connectionpool.py:851: InsecureRequestWarning: Unverified HTTPS request is being made. Adding certificate verification is strongly advised. See: https://urllib3.readthedocs.io/en/latest/advanced-usage.html#ssl-warnings
  InsecureRequestWarning)</msg>
<status status="PASS" starttime="20200506 16:52:00.082" endtime="20200506 16:52:00.125"></status>
</kw>
<kw name="Fapi Data To Object" library="FATL">
<doc>Convert Fapi response content to python object</doc>
<assign>
<var>${data}</var>
</assign>
<msg timestamp="20200506 16:52:00.126" level="INFO">${data} = []</msg>
<status status="PASS" starttime="20200506 16:52:00.125" endtime="20200506 16:52:00.126"></status>
</kw>
<kw name="Set Suite Variable" library="BuiltIn">
<doc>Makes a variable available everywhere within the scope of the current suite.</doc>
<arguments>
<arg>${response_data}</arg>
<arg>${data}</arg>
</arguments>
<msg timestamp="20200506 16:52:00.126" level="INFO">${response_data} = []</msg>
<status status="PASS" starttime="20200506 16:52:00.126" endtime="20200506 16:52:00.127"></status>
</kw>
<status status="PASS" starttime="20200506 16:52:00.081" endtime="20200506 16:52:00.127"></status>
</kw>
<kw name="Fapi Data Field Count Should Be" library="FATL">
<doc>Element count specified by object pointer should be equal to the given `expectedValue`</doc>
<arguments>
<arg>${response_data}</arg>
<arg>${LIST}</arg>
</arguments>
<msg timestamp="20200506 16:52:00.128" level="INFO">Actual value is: 0</msg>
<status status="PASS" starttime="20200506 16:52:00.127" endtime="20200506 16:52:00.128"></status>
</kw>
<tags>
<tag>作者：张鹏</tag>
<tag>冒烟集-新福建App</tag>
<tag>翔宇号排名搜索/翔宇号（林升）</tag>
</tags>
<status status="PASS" starttime="20200506 16:52:00.073" endtime="20200506 16:52:00.128" critical="yes"></status>
</test>
<test id="s1-t3" name="输入的关键字（精准匹配）匹配到数据时，接口返回相关的翔宇号信息">
<kw name="Search Xy Rank" library="SubcribeCommon">
<doc>翔宇号排名搜索</doc>
<arguments>
<arg>${KEY2}</arg>
</arguments>
<kw name="Fapi Params Set" library="FATL">
<doc>Adds the given ``key_value_pairs`` and ``items`` to HTTP request parameters.</doc>
<arguments>
<arg>userID</arg>
<arg>${userid}</arg>
<arg>siteID</arg>
<arg>${siteid}</arg>
<arg>device</arg>
<arg>${device}</arg>
<arg>key</arg>
<arg>${key}</arg>
<arg>curVersions</arg>
<arg>${CURVERSIONS}</arg>
</arguments>
<status status="PASS" starttime="20200506 16:52:00.136" endtime="20200506 16:52:00.136"></status>
</kw>
<kw name="Fapi Get" library="FATL">
<doc>Send a GET request on the session object found using the
given `alias`</doc>
<arguments>
<arg>${APPIF_ALIAS}</arg>
<arg>${SEARCHXYRANK_URI}</arg>
</arguments>
<msg timestamp="20200506 16:52:00.215" level="INFO">Get Request using : alias=appif, uri=/searchXyRank, headers={'APITEST': '1'} json=None</msg>
<msg timestamp="20200506 16:52:00.215" level="INFO">JSON string is : {</msg>
<msg timestamp="20200506 16:52:00.215" level="INFO">  "status": 0,</msg>
<msg timestamp="20200506 16:52:00.215" level="INFO">  "message": "操作成功",</msg>
<msg timestamp="20200506 16:52:00.215" level="INFO">  "data": [</msg>
<msg timestamp="20200506 16:52:00.215" level="INFO">    {</msg>
<msg timestamp="20200506 16:52:00.215" level="INFO">      "id": 78,</msg>
<msg timestamp="20200506 16:52:00.215" level="INFO">      "icon": "https://img1.fjdaily.com/app/resource/xy/202004/29/fd4b35a3-a0e5-4d87-8016-dec0fa04b51a.jpg",</msg>
<msg timestamp="20200506 16:52:00.215" level="INFO">      "topic": "福建交警",</msg>
<msg timestamp="20200506 16:52:00.215" level="INFO">      "influence": 8,</msg>
<msg timestamp="20200506 16:52:00.215" level="INFO">      "rank": 11,</msg>
<msg timestamp="20200506 16:52:00.215" level="INFO">      "canHit": 1,</msg>
<msg timestamp="20200506 16:52:00.215" level="INFO">      "isFollow": 0</msg>
<msg timestamp="20200506 16:52:00.215" level="INFO">    }</msg>
<msg timestamp="20200506 16:52:00.215" level="INFO">  ]</msg>
<msg timestamp="20200506 16:52:00.215" level="INFO">}</msg>
<msg timestamp="20200506 16:52:00.216" level="INFO">d:\python\lib\site-packages\urllib3\connectionpool.py:851: InsecureRequestWarning: Unverified HTTPS request is being made. Adding certificate verification is strongly advised. See: https://urllib3.readthedocs.io/en/latest/advanced-usage.html#ssl-warnings
  InsecureRequestWarning)</msg>
<status status="PASS" starttime="20200506 16:52:00.136" endtime="20200506 16:52:00.216"></status>
</kw>
<kw name="Fapi Data To Object" library="FATL">
<doc>Convert Fapi response content to python object</doc>
<assign>
<var>${data}</var>
</assign>
<msg timestamp="20200506 16:52:00.217" level="INFO">${data} = [&lt;FATL.Json2Object.Dict2Object object at 0x000001C14BBA59E8&gt;]</msg>
<status status="PASS" starttime="20200506 16:52:00.216" endtime="20200506 16:52:00.217"></status>
</kw>
<kw name="Set Suite Variable" library="BuiltIn">
<doc>Makes a variable available everywhere within the scope of the current suite.</doc>
<arguments>
<arg>${response_data}</arg>
<arg>${data}</arg>
</arguments>
<msg timestamp="20200506 16:52:00.218" level="INFO">${response_data} = [&lt;FATL.Json2Object.Dict2Object object at 0x000001C14BBA59E8&gt;]</msg>
<status status="PASS" starttime="20200506 16:52:00.217" endtime="20200506 16:52:00.218"></status>
</kw>
<status status="PASS" starttime="20200506 16:52:00.135" endtime="20200506 16:52:00.218"></status>
</kw>
<kw name="Should Be Equal As Strings" library="BuiltIn">
<doc>Fails if objects are unequal after converting them to strings.</doc>
<arguments>
<arg>${response_data[0].topic}</arg>
<arg>${KEY2}</arg>
</arguments>
<status status="PASS" starttime="20200506 16:52:00.219" endtime="20200506 16:52:00.219"></status>
</kw>
<tags>
<tag>作者：张鹏</tag>
<tag>冒烟集-新福建App</tag>
<tag>翔宇号排名搜索/翔宇号（林升）</tag>
</tags>
<status status="PASS" starttime="20200506 16:52:00.130" endtime="20200506 16:52:00.220" critical="yes"></status>
</test>
<kw name="Fapi Delete All Sessions" library="FATL" type="teardown">
<doc>Removes all the session objects</doc>
<msg timestamp="20200506 16:52:00.222" level="INFO">Delete All Sessions</msg>
<status status="PASS" starttime="20200506 16:52:00.222" endtime="20200506 16:52:00.222"></status>
</kw>
<doc>翔宇号排名搜索</doc>
<status status="PASS" starttime="20200506 16:51:59.354" endtime="20200506 16:52:00.222"></status>
</suite>
<statistics>
<total>
<stat pass="3" fail="0">Critical Tests</stat>
<stat pass="3" fail="0">All Tests</stat>
</total>
<tag>
<stat pass="3" fail="0">作者：张鹏</stat>
<stat pass="3" fail="0">冒烟集-新福建App</stat>
<stat pass="3" fail="0">翔宇号排名搜索/翔宇号（林升）</stat>
</tag>
<suite>
<stat pass="3" fail="0" id="s1" name="SearchXyRank">SearchXyRank</stat>
</suite>
</statistics>
<errors>
<msg timestamp="20200506 16:51:59.383" level="ERROR">Error in file 'D:\XFJ\API\App_FJHSubcribe\SubcribeCommon.robot': Non-existing setting 'Force Tags'.</msg>
<msg timestamp="20200506 16:51:59.384" level="ERROR">Error in file 'D:\XFJ\API\App_FJHSubcribe\SubcribeCommon.robot': Non-existing setting '...'.</msg>
</errors>
</robot>
